[ 2016-05-03T21:39:34+08:00 ] 127.0.0.1 /test/
INFO: [ app_init ] --START--
INFO: Run Behavior\BuildLiteBehavior [ RunTime:0.000046s ]
INFO: [ app_init ] --END-- [ RunTime:0.001602s ]
INFO: [ app_begin ] --START--
INFO: Run Behavior\ReadHtmlCacheBehavior [ RunTime:0.001580s ]
INFO: [ app_begin ] --END-- [ RunTime:0.001809s ]
INFO: [ view_parse ] --START--
INFO: [ template_filter ] --START--
INFO: Run Behavior\ContentReplaceBehavior [ RunTime:0.000121s ]
INFO: [ template_filter ] --END-- [ RunTime:0.000327s ]
INFO: Run Behavior\ParseTemplateBehavior [ RunTime:0.079910s ]
INFO: [ view_parse ] --END-- [ RunTime:0.080125s ]
INFO: [ view_filter ] --START--
INFO: Run Behavior\WriteHtmlCacheBehavior [ RunTime:0.019157s ]
INFO: [ view_filter ] --END-- [ RunTime:0.019361s ]
INFO: [ app_end ] --START--
INFO: Run Behavior\ShowPageTraceBehavior [ RunTime:0.001950s ]
INFO: [ app_end ] --END-- [ RunTime:0.002139s ]

[ 2016-05-03T21:39:35+08:00 ] 127.0.0.1 /test/index.php/Home/Index/verify
INFO: [ app_init ] --START--
INFO: Run Behavior\BuildLiteBehavior [ RunTime:0.000040s ]
INFO: [ app_init ] --END-- [ RunTime:0.000859s ]
INFO: [ app_begin ] --START--
INFO: Run Behavior\ReadHtmlCacheBehavior [ RunTime:0.001309s ]
INFO: [ app_begin ] --END-- [ RunTime:0.001507s ]
INFO: [ app_end ] --START--
INFO: Run Behavior\ShowPageTraceBehavior [ RunTime:0.002461s ]
INFO: [ app_end ] --END-- [ RunTime:0.002872s ]

[ 2016-05-03T21:39:36+08:00 ] 127.0.0.1 /test/index.php/Home/Index/verify2
INFO: [ app_init ] --START--
INFO: Run Behavior\BuildLiteBehavior [ RunTime:0.000069s ]
INFO: [ app_init ] --END-- [ RunTime:0.001409s ]
INFO: [ app_begin ] --START--
INFO: Run Behavior\ReadHtmlCacheBehavior [ RunTime:0.001727s ]
INFO: [ app_begin ] --END-- [ RunTime:0.002180s ]
INFO: [ app_end ] --START--
INFO: Run Behavior\ShowPageTraceBehavior [ RunTime:0.003013s ]
INFO: [ app_end ] --END-- [ RunTime:0.003513s ]

[ 2016-05-03T21:39:36+08:00 ] 127.0.0.1 /test/index.php/Home/Index/verify1
INFO: [ app_init ] --START--
INFO: Run Behavior\BuildLiteBehavior [ RunTime:0.000073s ]
INFO: [ app_init ] --END-- [ RunTime:0.002176s ]
INFO: [ app_begin ] --START--
INFO: Run Behavior\ReadHtmlCacheBehavior [ RunTime:0.001176s ]
INFO: [ app_begin ] --END-- [ RunTime:0.001376s ]
INFO: [ app_end ] --START--
INFO: Run Behavior\ShowPageTraceBehavior [ RunTime:0.001849s ]
INFO: [ app_end ] --END-- [ RunTime:0.002145s ]

[ 2016-05-03T21:40:26+08:00 ] 127.0.0.1 /test/Home/index/insert
INFO: [ app_init ] --START--
INFO: Run Behavior\BuildLiteBehavior [ RunTime:0.000065s ]
INFO: [ app_init ] --END-- [ RunTime:0.001265s ]
INFO: [ app_begin ] --START--
INFO: Run Behavior\ReadHtmlCacheBehavior [ RunTime:0.001818s ]
INFO: [ app_begin ] --END-- [ RunTime:0.002181s ]
ERR: SQLSTATE[28000] [1045] Access denied for user 'root'@'localhost' (using password: YES)

[ 2016-05-03T21:40:57+08:00 ] 127.0.0.1 /test/Home/index/fy
INFO: [ app_init ] --START--
INFO: Run Behavior\BuildLiteBehavior [ RunTime:0.000041s ]
INFO: [ app_init ] --END-- [ RunTime:0.000873s ]
INFO: [ app_begin ] --START--
INFO: Run Behavior\ReadHtmlCacheBehavior [ RunTime:0.001114s ]
INFO: [ app_begin ] --END-- [ RunTime:0.001306s ]
ERR: SQLSTATE[28000] [1045] Access denied for user 'root'@'localhost' (using password: YES)

[ 2016-05-03T21:42:27+08:00 ] 127.0.0.1 /test/Home/index/fy
INFO: [ app_init ] --START--
INFO: Run Behavior\BuildLiteBehavior [ RunTime:0.000041s ]
INFO: [ app_init ] --END-- [ RunTime:0.000916s ]
INFO: [ app_begin ] --START--
INFO: Run Behavior\ReadHtmlCacheBehavior [ RunTime:0.001191s ]
INFO: [ app_begin ] --END-- [ RunTime:0.001397s ]
ERR: SQLSTATE[28000] [1045] Access denied for user 'root'@'localhost' (using password: YES)

[ 2016-05-03T21:42:29+08:00 ] 127.0.0.1 /test/Home/index/fy
INFO: [ app_init ] --START--
INFO: Run Behavior\BuildLiteBehavior [ RunTime:0.000073s ]
INFO: [ app_init ] --END-- [ RunTime:0.001096s ]
INFO: [ app_begin ] --START--
INFO: Run Behavior\ReadHtmlCacheBehavior [ RunTime:0.001065s ]
INFO: [ app_begin ] --END-- [ RunTime:0.001260s ]
ERR: SQLSTATE[28000] [1045] Access denied for user 'root'@'localhost' (using password: YES)

[ 2016-05-03T21:43:21+08:00 ] 127.0.0.1 /test/Home/index/fy
INFO: [ app_init ] --START--
INFO: Run Behavior\BuildLiteBehavior [ RunTime:0.000044s ]
INFO: [ app_init ] --END-- [ RunTime:0.000968s ]
INFO: [ app_begin ] --START--
INFO: Run Behavior\ReadHtmlCacheBehavior [ RunTime:0.001105s ]
INFO: [ app_begin ] --END-- [ RunTime:0.001364s ]
SQL: SHOW COLUMNS FROM `activity` [ RunTime:0.0075s ]
SQL: SELECT COUNT(*) AS tp_count FROM `activity` LIMIT 1   [ RunTime:0.0005s ]
ERR: SQLSTATE[42S22]: Column not found: 1054 Unknown column 'id' in 'order clause'

[ 2016-05-03T21:43:38+08:00 ] 127.0.0.1 /test/Home/index/fy
INFO: [ app_init ] --START--
INFO: Run Behavior\BuildLiteBehavior [ RunTime:0.000041s ]
INFO: [ app_init ] --END-- [ RunTime:0.001035s ]
INFO: [ app_begin ] --START--
INFO: Run Behavior\ReadHtmlCacheBehavior [ RunTime:0.001215s ]
INFO: [ app_begin ] --END-- [ RunTime:0.001410s ]
SQL: SHOW COLUMNS FROM `activity` [ RunTime:0.0054s ]
SQL: SELECT COUNT(*) AS tp_count FROM `activity` LIMIT 1   [ RunTime:0.0004s ]
SQL: SELECT * FROM `activity` ORDER BY `act_id` asc LIMIT 0,15   [ RunTime:0.0006s ]
INFO: [ view_parse ] --START--
INFO: [ template_filter ] --START--
INFO: Run Behavior\ContentReplaceBehavior [ RunTime:0.000109s ]
INFO: [ template_filter ] --END-- [ RunTime:0.000308s ]
NOTIC: [8] Undefined index: id D:\wamp\www\test\Application\Runtime\Cache\Home\e1ca4bd7f852fcdf52df80e53b758319.php 第 38 行.
NOTIC: [8] Undefined index: message D:\wamp\www\test\Application\Runtime\Cache\Home\e1ca4bd7f852fcdf52df80e53b758319.php 第 38 行.
NOTIC: [8] Undefined index: id D:\wamp\www\test\Application\Runtime\Cache\Home\e1ca4bd7f852fcdf52df80e53b758319.php 第 38 行.
NOTIC: [8] Undefined index: message D:\wamp\www\test\Application\Runtime\Cache\Home\e1ca4bd7f852fcdf52df80e53b758319.php 第 38 行.
NOTIC: [8] Undefined index: id D:\wamp\www\test\Application\Runtime\Cache\Home\e1ca4bd7f852fcdf52df80e53b758319.php 第 38 行.
NOTIC: [8] Undefined index: message D:\wamp\www\test\Application\Runtime\Cache\Home\e1ca4bd7f852fcdf52df80e53b758319.php 第 38 行.
NOTIC: [8] Undefined index: id D:\wamp\www\test\Application\Runtime\Cache\Home\e1ca4bd7f852fcdf52df80e53b758319.php 第 38 行.
NOTIC: [8] Undefined index: message D:\wamp\www\test\Application\Runtime\Cache\Home\e1ca4bd7f852fcdf52df80e53b758319.php 第 38 行.
NOTIC: [8] Undefined index: id D:\wamp\www\test\Application\Runtime\Cache\Home\e1ca4bd7f852fcdf52df80e53b758319.php 第 38 行.
NOTIC: [8] Undefined index: message D:\wamp\www\test\Application\Runtime\Cache\Home\e1ca4bd7f852fcdf52df80e53b758319.php 第 38 行.
NOTIC: [8] Undefined index: id D:\wamp\www\test\Application\Runtime\Cache\Home\e1ca4bd7f852fcdf52df80e53b758319.php 第 38 行.
NOTIC: [8] Undefined index: message D:\wamp\www\test\Application\Runtime\Cache\Home\e1ca4bd7f852fcdf52df80e53b758319.php 第 38 行.
NOTIC: [8] Undefined index: id D:\wamp\www\test\Application\Runtime\Cache\Home\e1ca4bd7f852fcdf52df80e53b758319.php 第 38 行.
NOTIC: [8] Undefined index: message D:\wamp\www\test\Application\Runtime\Cache\Home\e1ca4bd7f852fcdf52df80e53b758319.php 第 38 行.
INFO: Run Behavior\ParseTemplateBehavior [ RunTime:0.181926s ]
INFO: [ view_parse ] --END-- [ RunTime:0.182267s ]
INFO: [ view_filter ] --START--
INFO: Run Behavior\WriteHtmlCacheBehavior [ RunTime:0.000954s ]
INFO: [ view_filter ] --END-- [ RunTime:0.001140s ]
INFO: [ app_end ] --START--
INFO: Run Behavior\ShowPageTraceBehavior [ RunTime:0.001292s ]
INFO: [ app_end ] --END-- [ RunTime:0.001485s ]

[ 2016-05-03T22:47:49+08:00 ] 127.0.0.1 /test/Home/index/
INFO: [ app_init ] --START--
INFO: Run Behavior\BuildLiteBehavior [ RunTime:0.000044s ]
INFO: [ app_init ] --END-- [ RunTime:0.000928s ]
INFO: [ app_begin ] --START--
INFO: Run Behavior\ReadHtmlCacheBehavior [ RunTime:0.001640s ]
INFO: [ app_begin ] --END-- [ RunTime:0.001940s ]
INFO: [ view_parse ] --START--
INFO: [ template_filter ] --START--
INFO: Run Behavior\ContentReplaceBehavior [ RunTime:0.000119s ]
INFO: [ template_filter ] --END-- [ RunTime:0.000318s ]
INFO: Run Behavior\ParseTemplateBehavior [ RunTime:0.014521s ]
INFO: [ view_parse ] --END-- [ RunTime:0.014765s ]
INFO: [ view_filter ] --START--
INFO: Run Behavior\WriteHtmlCacheBehavior [ RunTime:0.001201s ]
INFO: [ view_filter ] --END-- [ RunTime:0.001446s ]
INFO: [ app_end ] --START--
INFO: Run Behavior\ShowPageTraceBehavior [ RunTime:0.002003s ]
INFO: [ app_end ] --END-- [ RunTime:0.002312s ]

[ 2016-05-03T22:47:49+08:00 ] 127.0.0.1 /test/index.php/Home/Index/verify
INFO: [ app_init ] --START--
INFO: Run Behavior\BuildLiteBehavior [ RunTime:0.000134s ]
INFO: [ app_init ] --END-- [ RunTime:0.002162s ]
INFO: [ app_begin ] --START--
INFO: Run Behavior\ReadHtmlCacheBehavior [ RunTime:0.001444s ]
INFO: [ app_begin ] --END-- [ RunTime:0.001806s ]
INFO: [ app_end ] --START--
INFO: Run Behavior\ShowPageTraceBehavior [ RunTime:0.001924s ]
INFO: [ app_end ] --END-- [ RunTime:0.002288s ]

[ 2016-05-03T22:47:49+08:00 ] 127.0.0.1 /test/index.php/Home/Index/verify2
INFO: [ app_init ] --START--
INFO: Run Behavior\BuildLiteBehavior [ RunTime:0.000070s ]
INFO: [ app_init ] --END-- [ RunTime:0.001981s ]
INFO: [ app_begin ] --START--
INFO: Run Behavior\ReadHtmlCacheBehavior [ RunTime:0.001569s ]
INFO: [ app_begin ] --END-- [ RunTime:0.001919s ]
INFO: [ app_end ] --START--
INFO: Run Behavior\ShowPageTraceBehavior [ RunTime:0.001368s ]
INFO: [ app_end ] --END-- [ RunTime:0.001618s ]

[ 2016-05-03T22:47:49+08:00 ] 127.0.0.1 /test/index.php/Home/Index/verify1
INFO: [ app_init ] --START--
INFO: Run Behavior\BuildLiteBehavior [ RunTime:0.000073s ]
INFO: [ app_init ] --END-- [ RunTime:0.004205s ]
INFO: [ app_begin ] --START--
INFO: Run Behavior\ReadHtmlCacheBehavior [ RunTime:0.002825s ]
INFO: [ app_begin ] --END-- [ RunTime:0.005168s ]
INFO: [ app_end ] --START--
INFO: Run Behavior\ShowPageTraceBehavior [ RunTime:0.002869s ]
INFO: [ app_end ] --END-- [ RunTime:0.003488s ]

[ 2016-05-03T22:47:51+08:00 ] 127.0.0.1 /test/index.php/Home/Index/verify
INFO: [ app_init ] --START--
INFO: Run Behavior\BuildLiteBehavior [ RunTime:0.000040s ]
INFO: [ app_init ] --END-- [ RunTime:0.000923s ]
INFO: [ app_begin ] --START--
INFO: Run Behavior\ReadHtmlCacheBehavior [ RunTime:0.001262s ]
INFO: [ app_begin ] --END-- [ RunTime:0.001446s ]
INFO: [ app_end ] --START--
INFO: Run Behavior\ShowPageTraceBehavior [ RunTime:0.001939s ]
INFO: [ app_end ] --END-- [ RunTime:0.002152s ]

[ 2016-05-03T22:47:51+08:00 ] 127.0.0.1 /test/index.php/Home/Index/verify
INFO: [ app_init ] --START--
INFO: Run Behavior\BuildLiteBehavior [ RunTime:0.000044s ]
INFO: [ app_init ] --END-- [ RunTime:0.000861s ]
INFO: [ app_begin ] --START--
INFO: Run Behavior\ReadHtmlCacheBehavior [ RunTime:0.001333s ]
INFO: [ app_begin ] --END-- [ RunTime:0.001536s ]
INFO: [ app_end ] --START--
INFO: Run Behavior\ShowPageTraceBehavior [ RunTime:0.001399s ]
INFO: [ app_end ] --END-- [ RunTime:0.001626s ]

[ 2016-05-03T22:47:52+08:00 ] 127.0.0.1 /test/index.php/Home/Index/verify1
INFO: [ app_init ] --START--
INFO: Run Behavior\BuildLiteBehavior [ RunTime:0.000049s ]
INFO: [ app_init ] --END-- [ RunTime:0.001154s ]
INFO: [ app_begin ] --START--
INFO: Run Behavior\ReadHtmlCacheBehavior [ RunTime:0.001449s ]
INFO: [ app_begin ] --END-- [ RunTime:0.001685s ]
INFO: [ app_end ] --START--
INFO: Run Behavior\ShowPageTraceBehavior [ RunTime:0.001529s ]
INFO: [ app_end ] --END-- [ RunTime:0.001741s ]

[ 2016-05-03T22:47:53+08:00 ] 127.0.0.1 /test/index.php/Home/Index/verify1
INFO: [ app_init ] --START--
INFO: Run Behavior\BuildLiteBehavior [ RunTime:0.000045s ]
INFO: [ app_init ] --END-- [ RunTime:0.001124s ]
INFO: [ app_begin ] --START--
INFO: Run Behavior\ReadHtmlCacheBehavior [ RunTime:0.001275s ]
INFO: [ app_begin ] --END-- [ RunTime:0.001470s ]
INFO: [ app_end ] --START--
INFO: Run Behavior\ShowPageTraceBehavior [ RunTime:0.001695s ]
INFO: [ app_end ] --END-- [ RunTime:0.001925s ]

[ 2016-05-03T22:47:53+08:00 ] 127.0.0.1 /test/index.php/Home/Index/verify1
INFO: [ app_init ] --START--
INFO: Run Behavior\BuildLiteBehavior [ RunTime:0.000042s ]
INFO: [ app_init ] --END-- [ RunTime:0.000875s ]
INFO: [ app_begin ] --START--
INFO: Run Behavior\ReadHtmlCacheBehavior [ RunTime:0.001254s ]
INFO: [ app_begin ] --END-- [ RunTime:0.001448s ]
INFO: [ app_end ] --START--
INFO: Run Behavior\ShowPageTraceBehavior [ RunTime:0.001415s ]
INFO: [ app_end ] --END-- [ RunTime:0.001627s ]

[ 2016-05-03T22:47:54+08:00 ] 127.0.0.1 /test/index.php/Home/Index/verify2
INFO: [ app_init ] --START--
INFO: Run Behavior\BuildLiteBehavior [ RunTime:0.000043s ]
INFO: [ app_init ] --END-- [ RunTime:0.000942s ]
INFO: [ app_begin ] --START--
INFO: Run Behavior\ReadHtmlCacheBehavior [ RunTime:0.001264s ]
INFO: [ app_begin ] --END-- [ RunTime:0.001462s ]
INFO: [ app_end ] --START--
INFO: Run Behavior\ShowPageTraceBehavior [ RunTime:0.001362s ]
INFO: [ app_end ] --END-- [ RunTime:0.001578s ]

[ 2016-05-03T22:47:54+08:00 ] 127.0.0.1 /test/index.php/Home/Index/verify2
INFO: [ app_init ] --START--
INFO: Run Behavior\BuildLiteBehavior [ RunTime:0.000045s ]
INFO: [ app_init ] --END-- [ RunTime:0.001064s ]
INFO: [ app_begin ] --START--
INFO: Run Behavior\ReadHtmlCacheBehavior [ RunTime:0.001429s ]
INFO: [ app_begin ] --END-- [ RunTime:0.001640s ]
INFO: [ app_end ] --START--
INFO: Run Behavior\ShowPageTraceBehavior [ RunTime:0.001438s ]
INFO: [ app_end ] --END-- [ RunTime:0.001657s ]

[ 2016-05-03T22:59:17+08:00 ] 127.0.0.1 /test/Home/index/fy
INFO: [ app_init ] --START--
INFO: Run Behavior\BuildLiteBehavior [ RunTime:0.000065s ]
INFO: [ app_init ] --END-- [ RunTime:0.001269s ]
INFO: [ app_begin ] --START--
INFO: Run Behavior\ReadHtmlCacheBehavior [ RunTime:0.001723s ]
INFO: [ app_begin ] --END-- [ RunTime:0.002051s ]
SQL: SHOW COLUMNS FROM `activity` [ RunTime:0.0070s ]
SQL: SELECT COUNT(*) AS tp_count FROM `activity` LIMIT 1   [ RunTime:0.0004s ]
SQL: SELECT * FROM `activity` ORDER BY `act_id` asc LIMIT 0,15   [ RunTime:0.0009s ]
INFO: [ view_parse ] --START--
INFO: [ template_filter ] --START--
INFO: Run Behavior\ContentReplaceBehavior [ RunTime:0.000180s ]
INFO: [ template_filter ] --END-- [ RunTime:0.000508s ]
NOTIC: [8] Undefined index: id D:\wamp\www\test\Application\Runtime\Cache\Home\e1ca4bd7f852fcdf52df80e53b758319.php 第 38 行.
NOTIC: [8] Undefined index: message D:\wamp\www\test\Application\Runtime\Cache\Home\e1ca4bd7f852fcdf52df80e53b758319.php 第 38 行.
NOTIC: [8] Undefined index: id D:\wamp\www\test\Application\Runtime\Cache\Home\e1ca4bd7f852fcdf52df80e53b758319.php 第 38 行.
NOTIC: [8] Undefined index: message D:\wamp\www\test\Application\Runtime\Cache\Home\e1ca4bd7f852fcdf52df80e53b758319.php 第 38 行.
NOTIC: [8] Undefined index: id D:\wamp\www\test\Application\Runtime\Cache\Home\e1ca4bd7f852fcdf52df80e53b758319.php 第 38 行.
NOTIC: [8] Undefined index: message D:\wamp\www\test\Application\Runtime\Cache\Home\e1ca4bd7f852fcdf52df80e53b758319.php 第 38 行.
NOTIC: [8] Undefined index: id D:\wamp\www\test\Application\Runtime\Cache\Home\e1ca4bd7f852fcdf52df80e53b758319.php 第 38 行.
NOTIC: [8] Undefined index: message D:\wamp\www\test\Application\Runtime\Cache\Home\e1ca4bd7f852fcdf52df80e53b758319.php 第 38 行.
NOTIC: [8] Undefined index: id D:\wamp\www\test\Application\Runtime\Cache\Home\e1ca4bd7f852fcdf52df80e53b758319.php 第 38 行.
NOTIC: [8] Undefined index: message D:\wamp\www\test\Application\Runtime\Cache\Home\e1ca4bd7f852fcdf52df80e53b758319.php 第 38 行.
NOTIC: [8] Undefined index: id D:\wamp\www\test\Application\Runtime\Cache\Home\e1ca4bd7f852fcdf52df80e53b758319.php 第 38 行.
NOTIC: [8] Undefined index: message D:\wamp\www\test\Application\Runtime\Cache\Home\e1ca4bd7f852fcdf52df80e53b758319.php 第 38 行.
NOTIC: [8] Undefined index: id D:\wamp\www\test\Application\Runtime\Cache\Home\e1ca4bd7f852fcdf52df80e53b758319.php 第 38 行.
NOTIC: [8] Undefined index: message D:\wamp\www\test\Application\Runtime\Cache\Home\e1ca4bd7f852fcdf52df80e53b758319.php 第 38 行.
NOTIC: [8] Undefined index: id D:\wamp\www\test\Application\Runtime\Cache\Home\e1ca4bd7f852fcdf52df80e53b758319.php 第 38 行.
NOTIC: [8] Undefined index: message D:\wamp\www\test\Application\Runtime\Cache\Home\e1ca4bd7f852fcdf52df80e53b758319.php 第 38 行.
INFO: Run Behavior\ParseTemplateBehavior [ RunTime:0.021548s ]
INFO: [ view_parse ] --END-- [ RunTime:0.021781s ]
INFO: [ view_filter ] --START--
INFO: Run Behavior\WriteHtmlCacheBehavior [ RunTime:0.002771s ]
INFO: [ view_filter ] --END-- [ RunTime:0.003219s ]
INFO: [ app_end ] --START--
INFO: Run Behavior\ShowPageTraceBehavior [ RunTime:0.001924s ]
INFO: [ app_end ] --END-- [ RunTime:0.002254s ]

[ 2016-05-03T22:59:40+08:00 ] 127.0.0.1 /test/Home/ajax/fy
INFO: [ app_init ] --START--
INFO: Run Behavior\BuildLiteBehavior [ RunTime:0.000042s ]
INFO: [ app_init ] --END-- [ RunTime:0.000881s ]
INFO: [ app_begin ] --START--
INFO: Run Behavior\ReadHtmlCacheBehavior [ RunTime:0.001787s ]
INFO: [ app_begin ] --END-- [ RunTime:0.002099s ]
INFO: [ view_parse ] --START--
INFO: [ template_filter ] --START--
INFO: Run Behavior\ContentReplaceBehavior [ RunTime:0.000114s ]
INFO: [ template_filter ] --END-- [ RunTime:0.000333s ]
INFO: Run Behavior\ParseTemplateBehavior [ RunTime:0.017336s ]
INFO: [ view_parse ] --END-- [ RunTime:0.017604s ]
INFO: [ view_filter ] --START--
INFO: Run Behavior\WriteHtmlCacheBehavior [ RunTime:0.000872s ]
INFO: [ view_filter ] --END-- [ RunTime:0.001118s ]
INFO: [ app_end ] --START--
INFO: Run Behavior\ShowPageTraceBehavior [ RunTime:0.001925s ]
INFO: [ app_end ] --END-- [ RunTime:0.002228s ]

[ 2016-05-03T22:59:40+08:00 ] 127.0.0.1 /test/index.php/Home/Ajax/fyAsk?num=10&current=1
INFO: [ app_init ] --START--
INFO: Run Behavior\BuildLiteBehavior [ RunTime:0.000069s ]
INFO: [ app_init ] --END-- [ RunTime:0.001383s ]
INFO: [ app_begin ] --START--
INFO: Run Behavior\ReadHtmlCacheBehavior [ RunTime:0.003987s ]
INFO: [ app_begin ] --END-- [ RunTime:0.005050s ]
ERR: SQLSTATE[42S02]: Base table or view not found: 1146 Table 'dateasy.fy' doesn't exist

[ 2016-05-03T22:59:42+08:00 ] 127.0.0.1 /test/Home/ajax/fy
INFO: [ app_init ] --START--
INFO: Run Behavior\BuildLiteBehavior [ RunTime:0.000056s ]
INFO: [ app_init ] --END-- [ RunTime:0.001286s ]
INFO: [ app_begin ] --START--
INFO: Run Behavior\ReadHtmlCacheBehavior [ RunTime:0.001631s ]
INFO: [ app_begin ] --END-- [ RunTime:0.001926s ]
INFO: [ view_parse ] --START--
INFO: [ template_filter ] --START--
INFO: Run Behavior\ContentReplaceBehavior [ RunTime:0.000113s ]
INFO: [ template_filter ] --END-- [ RunTime:0.000393s ]
INFO: Run Behavior\ParseTemplateBehavior [ RunTime:0.016403s ]
INFO: [ view_parse ] --END-- [ RunTime:0.016787s ]
INFO: [ view_filter ] --START--
INFO: Run Behavior\WriteHtmlCacheBehavior [ RunTime:0.000819s ]
INFO: [ view_filter ] --END-- [ RunTime:0.001079s ]
INFO: [ app_end ] --START--
INFO: Run Behavior\ShowPageTraceBehavior [ RunTime:0.002349s ]
INFO: [ app_end ] --END-- [ RunTime:0.002599s ]

[ 2016-05-03T22:59:43+08:00 ] 127.0.0.1 /test/index.php/Home/Ajax/fyAsk?num=10&current=1
INFO: [ app_init ] --START--
INFO: Run Behavior\BuildLiteBehavior [ RunTime:0.000061s ]
INFO: [ app_init ] --END-- [ RunTime:0.001243s ]
INFO: [ app_begin ] --START--
INFO: Run Behavior\ReadHtmlCacheBehavior [ RunTime:0.001882s ]
INFO: [ app_begin ] --END-- [ RunTime:0.002193s ]
ERR: SQLSTATE[42S02]: Base table or view not found: 1146 Table 'dateasy.fy' doesn't exist

[ 2016-05-03T23:00:04+08:00 ] 127.0.0.1 /test/Home/ajax/index
INFO: [ app_init ] --START--
INFO: Run Behavior\BuildLiteBehavior [ RunTime:0.000074s ]
INFO: [ app_init ] --END-- [ RunTime:0.002731s ]
INFO: [ app_begin ] --START--
INFO: Run Behavior\ReadHtmlCacheBehavior [ RunTime:0.002414s ]
INFO: [ app_begin ] --END-- [ RunTime:0.002761s ]
INFO: [ view_parse ] --START--
INFO: [ template_filter ] --START--
INFO: Run Behavior\ContentReplaceBehavior [ RunTime:0.000202s ]
INFO: [ template_filter ] --END-- [ RunTime:0.000536s ]
INFO: Run Behavior\ParseTemplateBehavior [ RunTime:0.017127s ]
INFO: [ view_parse ] --END-- [ RunTime:0.017331s ]
INFO: [ view_filter ] --START--
INFO: Run Behavior\WriteHtmlCacheBehavior [ RunTime:0.000789s ]
INFO: [ view_filter ] --END-- [ RunTime:0.000965s ]
INFO: [ app_end ] --START--
INFO: Run Behavior\ShowPageTraceBehavior [ RunTime:0.001139s ]
INFO: [ app_end ] --END-- [ RunTime:0.001338s ]

[ 2016-05-03T23:00:04+08:00 ] 127.0.0.1 /test/index.php/Home/Ajax/verify
INFO: [ app_init ] --START--
INFO: Run Behavior\BuildLiteBehavior [ RunTime:0.000065s ]
INFO: [ app_init ] --END-- [ RunTime:0.001497s ]
INFO: [ app_begin ] --START--
INFO: Run Behavior\ReadHtmlCacheBehavior [ RunTime:0.001507s ]
INFO: [ app_begin ] --END-- [ RunTime:0.001765s ]
INFO: [ app_end ] --START--
INFO: Run Behavior\ShowPageTraceBehavior [ RunTime:0.002800s ]
INFO: [ app_end ] --END-- [ RunTime:0.003239s ]

[ 2016-05-03T23:00:05+08:00 ] 127.0.0.1 /test/index.php/Home/Ajax/verify?1462287605835
INFO: [ app_init ] --START--
INFO: Run Behavior\BuildLiteBehavior [ RunTime:0.000070s ]
INFO: [ app_init ] --END-- [ RunTime:0.001497s ]
INFO: [ app_begin ] --START--
INFO: Run Behavior\ReadHtmlCacheBehavior [ RunTime:0.002067s ]
INFO: [ app_begin ] --END-- [ RunTime:0.002429s ]
INFO: [ app_end ] --START--
INFO: Run Behavior\ShowPageTraceBehavior [ RunTime:0.001324s ]
INFO: [ app_end ] --END-- [ RunTime:0.001530s ]

[ 2016-05-03T23:00:06+08:00 ] 127.0.0.1 /test/index.php/Home/Ajax/verify?1462287606258
INFO: [ app_init ] --START--
INFO: Run Behavior\BuildLiteBehavior [ RunTime:0.000042s ]
INFO: [ app_init ] --END-- [ RunTime:0.000953s ]
INFO: [ app_begin ] --START--
INFO: Run Behavior\ReadHtmlCacheBehavior [ RunTime:0.001268s ]
INFO: [ app_begin ] --END-- [ RunTime:0.001517s ]
INFO: [ app_end ] --START--
INFO: Run Behavior\ShowPageTraceBehavior [ RunTime:0.001510s ]
INFO: [ app_end ] --END-- [ RunTime:0.002649s ]

[ 2016-05-03T23:00:06+08:00 ] 127.0.0.1 /test/index.php/Home/Ajax/verify?1462287606434
INFO: [ app_init ] --START--
INFO: Run Behavior\BuildLiteBehavior [ RunTime:0.000095s ]
INFO: [ app_init ] --END-- [ RunTime:0.001359s ]
INFO: [ app_begin ] --START--
INFO: Run Behavior\ReadHtmlCacheBehavior [ RunTime:0.001250s ]
INFO: [ app_begin ] --END-- [ RunTime:0.001455s ]
INFO: [ app_end ] --START--
INFO: Run Behavior\ShowPageTraceBehavior [ RunTime:0.001860s ]
INFO: [ app_end ] --END-- [ RunTime:0.002182s ]

