[ 2016-11-10T00:19:15+08:00 ] ::1 /EasyTalk/
INFO: [ app_init ] --START--
INFO: Run Behavior\BuildLiteBehavior [ RunTime:0.000051s ]
INFO: [ app_init ] --END-- [ RunTime:0.001298s ]
INFO: [ app_begin ] --START--
INFO: Run Behavior\ReadHtmlCacheBehavior [ RunTime:0.002034s ]
INFO: [ app_begin ] --END-- [ RunTime:0.002349s ]
NOTIC: [8] Undefined index: username D:\wamp\www\EasyTalk\Application\Home\Controller\IndexController.class.php 第 10 行.
ERR: 模板不存在:./Application/Home/View/Index/index.html

[ 2016-11-10T00:19:23+08:00 ] ::1 /EasyTalk/
INFO: [ app_init ] --START--
INFO: Run Behavior\BuildLiteBehavior [ RunTime:0.000038s ]
INFO: [ app_init ] --END-- [ RunTime:0.000885s ]
INFO: [ app_begin ] --START--
INFO: Run Behavior\ReadHtmlCacheBehavior [ RunTime:0.001499s ]
INFO: [ app_begin ] --END-- [ RunTime:0.001753s ]
NOTIC: [8] Undefined index: username D:\wamp\www\EasyTalk\Application\Home\Controller\IndexController.class.php 第 10 行.
ERR: 模板不存在:./Application/Home/View/Index/index.html

[ 2016-11-10T00:19:30+08:00 ] ::1 /EasyTalk/index.php/Home/pay/
INFO: [ app_init ] --START--
INFO: Run Behavior\BuildLiteBehavior [ RunTime:0.000067s ]
INFO: [ app_init ] --END-- [ RunTime:0.001450s ]
INFO: [ app_begin ] --START--
INFO: Run Behavior\ReadHtmlCacheBehavior [ RunTime:0.002079s ]
INFO: [ app_begin ] --END-- [ RunTime:0.002398s ]
ERR: 非法操作:index

[ 2016-11-10T00:19:46+08:00 ] ::1 /EasyTalk/index.php/Home/exercise/getQuit/e_id/2
INFO: [ app_init ] --START--
INFO: Run Behavior\BuildLiteBehavior [ RunTime:0.000065s ]
INFO: [ app_init ] --END-- [ RunTime:0.001404s ]
INFO: [ app_begin ] --START--
INFO: Run Behavior\ReadHtmlCacheBehavior [ RunTime:0.002034s ]
INFO: [ app_begin ] --END-- [ RunTime:0.002361s ]
SQL: SHOW COLUMNS FROM `quiz` [ RunTime:0.0052s ]
SQL: select count(distinct dati) as total from quiz where e_id=2 [ RunTime:0.0436s ]
SQL: SHOW COLUMNS FROM `quiz` [ RunTime:0.0044s ]
SQL: SELECT `xiaoti`,`title`,`ABCD`,`answer`,`point` FROM `quiz` WHERE `e_id` = 2 AND `dati` = 1  [ RunTime:0.0005s ]
INFO: [ app_end ] --START--
INFO: Run Behavior\ShowPageTraceBehavior [ RunTime:0.001569s ]
INFO: [ app_end ] --END-- [ RunTime:0.001747s ]

[ 2016-11-10T00:19:50+08:00 ] ::1 /EasyTalk/index.php/Home/exercise/getQuit/e_id/1
INFO: [ app_init ] --START--
INFO: Run Behavior\BuildLiteBehavior [ RunTime:0.000040s ]
INFO: [ app_init ] --END-- [ RunTime:0.001119s ]
INFO: [ app_begin ] --START--
INFO: Run Behavior\ReadHtmlCacheBehavior [ RunTime:0.002029s ]
INFO: [ app_begin ] --END-- [ RunTime:0.002347s ]
SQL: SHOW COLUMNS FROM `quiz` [ RunTime:0.0050s ]
SQL: select count(distinct dati) as total from quiz where e_id=1 [ RunTime:0.0006s ]
SQL: SHOW COLUMNS FROM `quiz` [ RunTime:0.0047s ]
SQL: SELECT `xiaoti`,`title`,`ABCD`,`answer`,`point` FROM `quiz` WHERE `e_id` = 1 AND `dati` = 1  [ RunTime:0.0005s ]
SQL: SELECT `xiaoti`,`title`,`ABCD`,`answer`,`point` FROM `quiz` WHERE `e_id` = 1 AND `dati` = 2  [ RunTime:0.0005s ]
INFO: [ app_end ] --START--
INFO: Run Behavior\ShowPageTraceBehavior [ RunTime:0.001509s ]
INFO: [ app_end ] --END-- [ RunTime:0.001756s ]

[ 2016-11-10T00:20:02+08:00 ] ::1 /EasyTalk/index.php/Home/exercise/getQuit/e_id/1
INFO: [ app_init ] --START--
INFO: Run Behavior\BuildLiteBehavior [ RunTime:0.000038s ]
INFO: [ app_init ] --END-- [ RunTime:0.000925s ]
INFO: [ app_begin ] --START--
INFO: Run Behavior\ReadHtmlCacheBehavior [ RunTime:0.001306s ]
INFO: [ app_begin ] --END-- [ RunTime:0.001487s ]
SQL: SHOW COLUMNS FROM `quiz` [ RunTime:0.0050s ]
SQL: select count(distinct dati) as total from quiz where e_id=1 [ RunTime:0.0005s ]
SQL: SHOW COLUMNS FROM `quiz` [ RunTime:0.0047s ]
SQL: SELECT `xiaoti`,`title`,`ABCD`,`answer`,`point` FROM `quiz` WHERE `e_id` = 1 AND `dati` = 1  [ RunTime:0.0005s ]
SQL: SELECT `xiaoti`,`title`,`ABCD`,`answer`,`point` FROM `quiz` WHERE `e_id` = 1 AND `dati` = 2  [ RunTime:0.0004s ]
INFO: [ app_end ] --START--
INFO: Run Behavior\ShowPageTraceBehavior [ RunTime:0.001596s ]
INFO: [ app_end ] --END-- [ RunTime:0.001781s ]

[ 2016-11-10T00:22:19+08:00 ] ::1 /EasyTalk/index.php/Home/exercise/getQuit/e_id/1
INFO: [ app_init ] --START--
INFO: Run Behavior\BuildLiteBehavior [ RunTime:0.000050s ]
INFO: [ app_init ] --END-- [ RunTime:0.001341s ]
INFO: [ app_begin ] --START--
INFO: Run Behavior\ReadHtmlCacheBehavior [ RunTime:0.001865s ]
INFO: [ app_begin ] --END-- [ RunTime:0.002123s ]
SQL: SHOW COLUMNS FROM `quiz` [ RunTime:0.0070s ]
SQL: select count(distinct dati) as total from quiz where e_id=1 [ RunTime:0.0008s ]
SQL: SHOW COLUMNS FROM `quiz` [ RunTime:0.0057s ]
SQL: SELECT `xiaoti`,`title`,`ABCD`,`answer`,`point` FROM `quiz` WHERE `e_id` = 1 AND `dati` = 1  [ RunTime:0.0006s ]
SQL: SELECT `xiaoti`,`title`,`ABCD`,`answer`,`point` FROM `quiz` WHERE `e_id` = 1 AND `dati` = 2  [ RunTime:0.0005s ]
SQL: SELECT `xiaoti`,`title`,`ABCD`,`answer`,`point` FROM `quiz` WHERE `e_id` = 1 AND `dati` = 3  [ RunTime:0.0005s ]
INFO: [ app_end ] --START--
INFO: Run Behavior\ShowPageTraceBehavior [ RunTime:0.001666s ]
INFO: [ app_end ] --END-- [ RunTime:0.002034s ]

[ 2016-11-10T00:26:08+08:00 ] ::1 /EasyTalk/index.php/Home/exercise/getQuit/e_id/1
INFO: [ app_init ] --START--
INFO: Run Behavior\BuildLiteBehavior [ RunTime:0.000041s ]
INFO: [ app_init ] --END-- [ RunTime:0.001002s ]
INFO: [ app_begin ] --START--
INFO: Run Behavior\ReadHtmlCacheBehavior [ RunTime:0.001287s ]
INFO: [ app_begin ] --END-- [ RunTime:0.001515s ]
SQL: SHOW COLUMNS FROM `quiz` [ RunTime:0.0052s ]
SQL: select count(distinct dati) as total from quiz where e_id=1 [ RunTime:0.0006s ]
SQL: SHOW COLUMNS FROM `quiz` [ RunTime:0.0041s ]
SQL: SELECT `xiaoti`,`title`,`ABCD`,`answer`,`point` FROM `quiz` WHERE `e_id` = 1 AND `dati` = 1  [ RunTime:0.0004s ]
INFO: [ app_end ] --START--
INFO: Run Behavior\ShowPageTraceBehavior [ RunTime:0.001281s ]
INFO: [ app_end ] --END-- [ RunTime:0.001467s ]

[ 2016-11-10T00:26:29+08:00 ] ::1 /EasyTalk/index.php/Home/exercise/getQuit/e_id/1
INFO: [ app_init ] --START--
INFO: Run Behavior\BuildLiteBehavior [ RunTime:0.000053s ]
INFO: [ app_init ] --END-- [ RunTime:0.001145s ]
INFO: [ app_begin ] --START--
INFO: Run Behavior\ReadHtmlCacheBehavior [ RunTime:0.001247s ]
INFO: [ app_begin ] --END-- [ RunTime:0.001452s ]
SQL: SHOW COLUMNS FROM `quiz` [ RunTime:0.0046s ]
SQL: select count(distinct dati) as total from quiz where e_id=1 [ RunTime:0.0006s ]
SQL: SHOW COLUMNS FROM `quiz` [ RunTime:0.0044s ]
SQL: SELECT `xiaoti`,`title`,`ABCD`,`answer`,`point` FROM `quiz` WHERE `e_id` = 1 AND `dati` = 1  [ RunTime:0.0005s ]
INFO: [ app_end ] --START--
INFO: Run Behavior\ShowPageTraceBehavior [ RunTime:0.001415s ]
INFO: [ app_end ] --END-- [ RunTime:0.001618s ]

[ 2016-11-10T00:27:16+08:00 ] ::1 /EasyTalk/index.php/Home/exercise/getQuit/e_id/1
INFO: [ app_init ] --START--
INFO: Run Behavior\BuildLiteBehavior [ RunTime:0.000042s ]
INFO: [ app_init ] --END-- [ RunTime:0.001034s ]
INFO: [ app_begin ] --START--
INFO: Run Behavior\ReadHtmlCacheBehavior [ RunTime:0.001148s ]
INFO: [ app_begin ] --END-- [ RunTime:0.001344s ]
SQL: SHOW COLUMNS FROM `quiz` [ RunTime:0.0041s ]
SQL: select count(distinct dati) as total from quiz where e_id=1 [ RunTime:0.0005s ]
SQL: SHOW COLUMNS FROM `quiz` [ RunTime:0.0043s ]
SQL: SELECT `xiaoti`,`title`,`ABCD`,`answer`,`point` FROM `quiz` WHERE `e_id` = 1 AND `dati` = 1  [ RunTime:0.0004s ]
SQL: SELECT `xiaoti`,`title`,`ABCD`,`answer`,`point` FROM `quiz` WHERE `e_id` = 1 AND `dati` = 2  [ RunTime:0.0004s ]
SQL: SELECT `xiaoti`,`title`,`ABCD`,`answer`,`point` FROM `quiz` WHERE `e_id` = 1 AND `dati` = 3  [ RunTime:0.0003s ]
INFO: [ app_end ] --START--
INFO: Run Behavior\ShowPageTraceBehavior [ RunTime:0.001367s ]
INFO: [ app_end ] --END-- [ RunTime:0.001548s ]

[ 2016-11-10T00:31:14+08:00 ] ::1 /EasyTalk/index.php/Home/exercise/getQuit/e_id/1
INFO: [ app_init ] --START--
INFO: Run Behavior\BuildLiteBehavior [ RunTime:0.000086s ]
INFO: [ app_init ] --END-- [ RunTime:0.001808s ]
INFO: [ app_begin ] --START--
INFO: Run Behavior\ReadHtmlCacheBehavior [ RunTime:0.001804s ]
INFO: [ app_begin ] --END-- [ RunTime:0.002040s ]
SQL: SHOW COLUMNS FROM `quiz` [ RunTime:0.0055s ]
SQL: select count(distinct dati) as total from quiz where e_id=1 [ RunTime:0.0008s ]
SQL: SHOW COLUMNS FROM `quiz` [ RunTime:0.0055s ]
SQL: SELECT `xiaoti`,`title`,`ABCD`,`answer`,`point` FROM `quiz` WHERE `e_id` = 1 AND `dati` = 1  [ RunTime:0.0007s ]
SQL: SELECT `xiaoti`,`title`,`ABCD`,`answer`,`point` FROM `quiz` WHERE `e_id` = 1 AND `dati` = 2  [ RunTime:0.0006s ]
SQL: SELECT `xiaoti`,`title`,`ABCD`,`answer`,`point` FROM `quiz` WHERE `e_id` = 1 AND `dati` = 3  [ RunTime:0.0005s ]
INFO: [ app_end ] --START--
INFO: Run Behavior\ShowPageTraceBehavior [ RunTime:0.002195s ]
INFO: [ app_end ] --END-- [ RunTime:0.002424s ]

[ 2016-11-10T00:31:31+08:00 ] ::1 /EasyTalk/index.php/Home/exercise/getQuit/e_id/1
INFO: [ app_init ] --START--
INFO: Run Behavior\BuildLiteBehavior [ RunTime:0.000065s ]
INFO: [ app_init ] --END-- [ RunTime:0.001430s ]
INFO: [ app_begin ] --START--
INFO: Run Behavior\ReadHtmlCacheBehavior [ RunTime:0.001314s ]
INFO: [ app_begin ] --END-- [ RunTime:0.001576s ]
SQL: SHOW COLUMNS FROM `quiz` [ RunTime:0.0041s ]
SQL: select count(distinct dati) as total from quiz where e_id=1 [ RunTime:0.0005s ]
SQL: SHOW COLUMNS FROM `quiz` [ RunTime:0.0039s ]
SQL: SELECT `xiaoti`,`title`,`ABCD`,`answer`,`point` FROM `quiz` WHERE `e_id` = 1 AND `dati` = 1  [ RunTime:0.0006s ]
SQL: SELECT `xiaoti`,`title`,`ABCD`,`answer`,`point` FROM `quiz` WHERE `e_id` = 1 AND `dati` = 2  [ RunTime:0.0004s ]
SQL: SELECT `xiaoti`,`title`,`ABCD`,`answer`,`point` FROM `quiz` WHERE `e_id` = 1 AND `dati` = 3  [ RunTime:0.0003s ]
INFO: [ app_end ] --START--
INFO: Run Behavior\ShowPageTraceBehavior [ RunTime:0.002250s ]
INFO: [ app_end ] --END-- [ RunTime:0.002566s ]

[ 2016-11-10T00:31:43+08:00 ] ::1 /EasyTalk/index.php/Home/exercise/getQuit/e_id/1
INFO: [ app_init ] --START--
INFO: Run Behavior\BuildLiteBehavior [ RunTime:0.000061s ]
INFO: [ app_init ] --END-- [ RunTime:0.001122s ]
INFO: [ app_begin ] --START--
INFO: Run Behavior\ReadHtmlCacheBehavior [ RunTime:0.001632s ]
INFO: [ app_begin ] --END-- [ RunTime:0.001821s ]
SQL: SHOW COLUMNS FROM `quiz` [ RunTime:0.0051s ]
SQL: select count(distinct dati) as total from quiz where e_id=1 [ RunTime:0.0005s ]
SQL: SHOW COLUMNS FROM `quiz` [ RunTime:0.0040s ]
SQL: SELECT `xiaoti`,`title`,`ABCD`,`answer`,`point` FROM `quiz` WHERE `e_id` = 1 AND `dati` = 1  [ RunTime:0.0005s ]
SQL: SELECT `xiaoti`,`title`,`ABCD`,`answer`,`point` FROM `quiz` WHERE `e_id` = 1 AND `dati` = 2  [ RunTime:0.0004s ]
SQL: SELECT `xiaoti`,`title`,`ABCD`,`answer`,`point` FROM `quiz` WHERE `e_id` = 1 AND `dati` = 3  [ RunTime:0.0004s ]
INFO: [ app_end ] --START--
INFO: Run Behavior\ShowPageTraceBehavior [ RunTime:0.001472s ]
INFO: [ app_end ] --END-- [ RunTime:0.001644s ]

[ 2016-11-10T00:31:58+08:00 ] ::1 /EasyTalk/index.php/Home/exercise/getQuit/e_id/1
INFO: [ app_init ] --START--
INFO: Run Behavior\BuildLiteBehavior [ RunTime:0.000050s ]
INFO: [ app_init ] --END-- [ RunTime:0.001193s ]
INFO: [ app_begin ] --START--
INFO: Run Behavior\ReadHtmlCacheBehavior [ RunTime:0.001679s ]
INFO: [ app_begin ] --END-- [ RunTime:0.001957s ]
SQL: SHOW COLUMNS FROM `quiz` [ RunTime:0.0062s ]
SQL: select count(distinct dati) as total from quiz where e_id=1 [ RunTime:0.0009s ]
SQL: SHOW COLUMNS FROM `quiz` [ RunTime:0.0050s ]
SQL: SELECT `xiaoti`,`title`,`ABCD`,`answer`,`point` FROM `quiz` WHERE `e_id` = 1 AND `dati` = 1  [ RunTime:0.0006s ]
SQL: SELECT `xiaoti`,`title`,`ABCD`,`answer`,`point` FROM `quiz` WHERE `e_id` = 1 AND `dati` = 2  [ RunTime:0.0005s ]
SQL: SELECT `xiaoti`,`title`,`ABCD`,`answer`,`point` FROM `quiz` WHERE `e_id` = 1 AND `dati` = 3  [ RunTime:0.0006s ]
INFO: [ app_end ] --START--
INFO: Run Behavior\ShowPageTraceBehavior [ RunTime:0.001893s ]
INFO: [ app_end ] --END-- [ RunTime:0.002136s ]

[ 2016-11-10T00:42:18+08:00 ] ::1 /EasyTalk/index.php/Home/exercise/getQuit/e_id/1
INFO: [ app_init ] --START--
INFO: Run Behavior\BuildLiteBehavior [ RunTime:0.000038s ]
INFO: [ app_init ] --END-- [ RunTime:0.000885s ]
INFO: [ app_begin ] --START--
INFO: Run Behavior\ReadHtmlCacheBehavior [ RunTime:0.001349s ]
INFO: [ app_begin ] --END-- [ RunTime:0.001538s ]
SQL: SHOW COLUMNS FROM `quiz` [ RunTime:0.0050s ]
SQL: select count(distinct dati) as total from quiz where e_id=1 [ RunTime:0.0012s ]
SQL: SHOW COLUMNS FROM `quiz` [ RunTime:0.0066s ]
SQL: SELECT `xiaoti`,`title`,`ABCD`,`answer`,`point` FROM `quiz` WHERE `e_id` = 1 AND `dati` = 1  [ RunTime:0.0007s ]
SQL: SELECT `xiaoti`,`title`,`ABCD`,`answer`,`point` FROM `quiz` WHERE `e_id` = 1 AND `dati` = 2  [ RunTime:0.0006s ]
SQL: SELECT `xiaoti`,`title`,`ABCD`,`answer`,`point` FROM `quiz` WHERE `e_id` = 1 AND `dati` = 3  [ RunTime:0.0004s ]
INFO: [ app_end ] --START--
INFO: Run Behavior\ShowPageTraceBehavior [ RunTime:0.001470s ]
INFO: [ app_end ] --END-- [ RunTime:0.001661s ]

[ 2016-11-10T00:42:20+08:00 ] ::1 /EasyTalk/index.php/Home/exercise/getQuit/e_id/1
INFO: [ app_init ] --START--
INFO: Run Behavior\BuildLiteBehavior [ RunTime:0.000038s ]
INFO: [ app_init ] --END-- [ RunTime:0.000867s ]
INFO: [ app_begin ] --START--
INFO: Run Behavior\ReadHtmlCacheBehavior [ RunTime:0.001508s ]
INFO: [ app_begin ] --END-- [ RunTime:0.001717s ]
SQL: SHOW COLUMNS FROM `quiz` [ RunTime:0.0042s ]
SQL: select count(distinct dati) as total from quiz where e_id=1 [ RunTime:0.0005s ]
SQL: SHOW COLUMNS FROM `quiz` [ RunTime:0.0049s ]
SQL: SELECT `xiaoti`,`title`,`ABCD`,`answer`,`point` FROM `quiz` WHERE `e_id` = 1 AND `dati` = 1  [ RunTime:0.0006s ]
SQL: SELECT `xiaoti`,`title`,`ABCD`,`answer`,`point` FROM `quiz` WHERE `e_id` = 1 AND `dati` = 2  [ RunTime:0.0004s ]
SQL: SELECT `xiaoti`,`title`,`ABCD`,`answer`,`point` FROM `quiz` WHERE `e_id` = 1 AND `dati` = 3  [ RunTime:0.0004s ]
INFO: [ app_end ] --START--
INFO: Run Behavior\ShowPageTraceBehavior [ RunTime:0.001518s ]
INFO: [ app_end ] --END-- [ RunTime:0.001759s ]

[ 2016-11-10T00:42:20+08:00 ] ::1 /EasyTalk/index.php/Home/exercise/getQuit/e_id/1
INFO: [ app_init ] --START--
INFO: Run Behavior\BuildLiteBehavior [ RunTime:0.000082s ]
INFO: [ app_init ] --END-- [ RunTime:0.001693s ]
INFO: [ app_begin ] --START--
INFO: Run Behavior\ReadHtmlCacheBehavior [ RunTime:0.003074s ]
INFO: [ app_begin ] --END-- [ RunTime:0.003606s ]
SQL: SHOW COLUMNS FROM `quiz` [ RunTime:0.0055s ]
SQL: select count(distinct dati) as total from quiz where e_id=1 [ RunTime:0.0010s ]
SQL: SHOW COLUMNS FROM `quiz` [ RunTime:0.0062s ]
SQL: SELECT `xiaoti`,`title`,`ABCD`,`answer`,`point` FROM `quiz` WHERE `e_id` = 1 AND `dati` = 1  [ RunTime:0.0006s ]
SQL: SELECT `xiaoti`,`title`,`ABCD`,`answer`,`point` FROM `quiz` WHERE `e_id` = 1 AND `dati` = 2  [ RunTime:0.0005s ]
SQL: SELECT `xiaoti`,`title`,`ABCD`,`answer`,`point` FROM `quiz` WHERE `e_id` = 1 AND `dati` = 3  [ RunTime:0.0005s ]
INFO: [ app_end ] --START--
INFO: Run Behavior\ShowPageTraceBehavior [ RunTime:0.002211s ]
INFO: [ app_end ] --END-- [ RunTime:0.002456s ]

[ 2016-11-10T00:42:21+08:00 ] ::1 /EasyTalk/index.php/Home/exercise/getQuit/e_id/1
INFO: [ app_init ] --START--
INFO: Run Behavior\BuildLiteBehavior [ RunTime:0.000049s ]
INFO: [ app_init ] --END-- [ RunTime:0.001224s ]
INFO: [ app_begin ] --START--
INFO: Run Behavior\ReadHtmlCacheBehavior [ RunTime:0.001861s ]
INFO: [ app_begin ] --END-- [ RunTime:0.002139s ]
SQL: SHOW COLUMNS FROM `quiz` [ RunTime:0.0054s ]
SQL: select count(distinct dati) as total from quiz where e_id=1 [ RunTime:0.0008s ]
SQL: SHOW COLUMNS FROM `quiz` [ RunTime:0.0059s ]
SQL: SELECT `xiaoti`,`title`,`ABCD`,`answer`,`point` FROM `quiz` WHERE `e_id` = 1 AND `dati` = 1  [ RunTime:0.0007s ]
SQL: SELECT `xiaoti`,`title`,`ABCD`,`answer`,`point` FROM `quiz` WHERE `e_id` = 1 AND `dati` = 2  [ RunTime:0.0005s ]
SQL: SELECT `xiaoti`,`title`,`ABCD`,`answer`,`point` FROM `quiz` WHERE `e_id` = 1 AND `dati` = 3  [ RunTime:0.0005s ]
INFO: [ app_end ] --START--
INFO: Run Behavior\ShowPageTraceBehavior [ RunTime:0.001900s ]
INFO: [ app_end ] --END-- [ RunTime:0.002159s ]

[ 2016-11-10T10:12:30+08:00 ] ::1 /EasyTalk/
INFO: [ app_init ] --START--
INFO: Run Behavior\BuildLiteBehavior [ RunTime:0.000042s ]
INFO: [ app_init ] --END-- [ RunTime:0.001048s ]
INFO: [ app_begin ] --START--
INFO: Run Behavior\ReadHtmlCacheBehavior [ RunTime:0.001552s ]
INFO: [ app_begin ] --END-- [ RunTime:0.001849s ]
NOTIC: [8] Undefined index: username D:\wamp\www\EasyTalk\Application\Home\Controller\IndexController.class.php 第 10 行.
ERR: 模板不存在:./Application/Home/View/Index/index.html

[ 2016-11-10T10:12:41+08:00 ] ::1 /EasyTalk/
INFO: [ app_init ] --START--
INFO: Run Behavior\BuildLiteBehavior [ RunTime:0.000043s ]
INFO: [ app_init ] --END-- [ RunTime:0.000983s ]
INFO: [ app_begin ] --START--
INFO: Run Behavior\ReadHtmlCacheBehavior [ RunTime:0.001623s ]
INFO: [ app_begin ] --END-- [ RunTime:0.001892s ]
NOTIC: [8] Undefined index: username D:\wamp\www\EasyTalk\Application\Home\Controller\IndexController.class.php 第 10 行.
ERR: 模板不存在:./Application/Home/View/Index/index.html

[ 2016-11-10T10:12:44+08:00 ] ::1 /EasyTalk/index.php/Home/pay/
INFO: [ app_init ] --START--
INFO: Run Behavior\BuildLiteBehavior [ RunTime:0.000060s ]
INFO: [ app_init ] --END-- [ RunTime:0.001502s ]
INFO: [ app_begin ] --START--
INFO: Run Behavior\ReadHtmlCacheBehavior [ RunTime:0.001814s ]
INFO: [ app_begin ] --END-- [ RunTime:0.002090s ]
ERR: 非法操作:index

[ 2016-11-10T10:18:11+08:00 ] ::1 /EasyTalk/index.php/Home/index/logout
INFO: [ app_init ] --START--
INFO: Run Behavior\BuildLiteBehavior [ RunTime:0.000057s ]
INFO: [ app_init ] --END-- [ RunTime:0.001158s ]
INFO: [ app_begin ] --START--
INFO: Run Behavior\ReadHtmlCacheBehavior [ RunTime:0.001024s ]
INFO: [ app_begin ] --END-- [ RunTime:0.001330s ]
INFO: [ app_end ] --START--
INFO: Run Behavior\ShowPageTraceBehavior [ RunTime:0.001115s ]
INFO: [ app_end ] --END-- [ RunTime:0.001300s ]

[ 2016-11-10T10:19:46+08:00 ] ::1 /EasyTalk/index.php/Home/index/logout
INFO: [ app_init ] --START--
INFO: Run Behavior\BuildLiteBehavior [ RunTime:0.000070s ]
INFO: [ app_init ] --END-- [ RunTime:0.000918s ]
INFO: [ app_begin ] --START--
INFO: Run Behavior\ReadHtmlCacheBehavior [ RunTime:0.000899s ]
INFO: [ app_begin ] --END-- [ RunTime:0.001076s ]
INFO: [ app_end ] --START--
INFO: Run Behavior\ShowPageTraceBehavior [ RunTime:0.001005s ]
INFO: [ app_end ] --END-- [ RunTime:0.001211s ]

[ 2016-11-10T10:19:47+08:00 ] ::1 /EasyTalk/index.php/Home/index/logout
INFO: [ app_init ] --START--
INFO: Run Behavior\BuildLiteBehavior [ RunTime:0.000038s ]
INFO: [ app_init ] --END-- [ RunTime:0.000747s ]
INFO: [ app_begin ] --START--
INFO: Run Behavior\ReadHtmlCacheBehavior [ RunTime:0.000874s ]
INFO: [ app_begin ] --END-- [ RunTime:0.001041s ]
INFO: [ app_end ] --START--
INFO: Run Behavior\ShowPageTraceBehavior [ RunTime:0.001144s ]
INFO: [ app_end ] --END-- [ RunTime:0.001344s ]

[ 2016-11-10T10:19:47+08:00 ] ::1 /EasyTalk/index.php/Home/index/logout
INFO: [ app_init ] --START--
INFO: Run Behavior\BuildLiteBehavior [ RunTime:0.000038s ]
INFO: [ app_init ] --END-- [ RunTime:0.000866s ]
INFO: [ app_begin ] --START--
INFO: Run Behavior\ReadHtmlCacheBehavior [ RunTime:0.000978s ]
INFO: [ app_begin ] --END-- [ RunTime:0.001152s ]
INFO: [ app_end ] --START--
INFO: Run Behavior\ShowPageTraceBehavior [ RunTime:0.001001s ]
INFO: [ app_end ] --END-- [ RunTime:0.001185s ]

[ 2016-11-10T10:19:47+08:00 ] ::1 /EasyTalk/index.php/Home/index/logout
INFO: [ app_init ] --START--
INFO: Run Behavior\BuildLiteBehavior [ RunTime:0.000067s ]
INFO: [ app_init ] --END-- [ RunTime:0.001426s ]
INFO: [ app_begin ] --START--
INFO: Run Behavior\ReadHtmlCacheBehavior [ RunTime:0.002090s ]
INFO: [ app_begin ] --END-- [ RunTime:0.002395s ]
INFO: [ app_end ] --START--
INFO: Run Behavior\ShowPageTraceBehavior [ RunTime:0.001002s ]
INFO: [ app_end ] --END-- [ RunTime:0.001212s ]

[ 2016-11-10T10:19:47+08:00 ] ::1 /EasyTalk/index.php/Home/index/logout
INFO: [ app_init ] --START--
INFO: Run Behavior\BuildLiteBehavior [ RunTime:0.000041s ]
INFO: [ app_init ] --END-- [ RunTime:0.001288s ]
INFO: [ app_begin ] --START--
INFO: Run Behavior\ReadHtmlCacheBehavior [ RunTime:0.001028s ]
INFO: [ app_begin ] --END-- [ RunTime:0.001209s ]
INFO: [ app_end ] --START--
INFO: Run Behavior\ShowPageTraceBehavior [ RunTime:0.000979s ]
INFO: [ app_end ] --END-- [ RunTime:0.001188s ]

[ 2016-11-10T10:19:47+08:00 ] ::1 /EasyTalk/index.php/Home/index/logout
INFO: [ app_init ] --START--
INFO: Run Behavior\BuildLiteBehavior [ RunTime:0.000038s ]
INFO: [ app_init ] --END-- [ RunTime:0.000789s ]
INFO: [ app_begin ] --START--
INFO: Run Behavior\ReadHtmlCacheBehavior [ RunTime:0.001415s ]
INFO: [ app_begin ] --END-- [ RunTime:0.001670s ]
INFO: [ app_end ] --START--
INFO: Run Behavior\ShowPageTraceBehavior [ RunTime:0.000977s ]
INFO: [ app_end ] --END-- [ RunTime:0.001169s ]

[ 2016-11-10T10:19:48+08:00 ] ::1 /EasyTalk/index.php/Home/index/logout
INFO: [ app_init ] --START--
INFO: Run Behavior\BuildLiteBehavior [ RunTime:0.000060s ]
INFO: [ app_init ] --END-- [ RunTime:0.001079s ]
INFO: [ app_begin ] --START--
INFO: Run Behavior\ReadHtmlCacheBehavior [ RunTime:0.001379s ]
INFO: [ app_begin ] --END-- [ RunTime:0.001833s ]
INFO: [ app_end ] --START--
INFO: Run Behavior\ShowPageTraceBehavior [ RunTime:0.000956s ]
INFO: [ app_end ] --END-- [ RunTime:0.001152s ]

[ 2016-11-10T10:19:48+08:00 ] ::1 /EasyTalk/index.php/Home/index/logout
INFO: [ app_init ] --START--
INFO: Run Behavior\BuildLiteBehavior [ RunTime:0.000038s ]
INFO: [ app_init ] --END-- [ RunTime:0.000762s ]
INFO: [ app_begin ] --START--
INFO: Run Behavior\ReadHtmlCacheBehavior [ RunTime:0.000933s ]
INFO: [ app_begin ] --END-- [ RunTime:0.001107s ]
INFO: [ app_end ] --START--
INFO: Run Behavior\ShowPageTraceBehavior [ RunTime:0.000961s ]
INFO: [ app_end ] --END-- [ RunTime:0.001140s ]

[ 2016-11-10T10:19:49+08:00 ] ::1 /EasyTalk/index.php/Home/index/logout
INFO: [ app_init ] --START--
INFO: Run Behavior\BuildLiteBehavior [ RunTime:0.000040s ]
INFO: [ app_init ] --END-- [ RunTime:0.000881s ]
INFO: [ app_begin ] --START--
INFO: Run Behavior\ReadHtmlCacheBehavior [ RunTime:0.000922s ]
INFO: [ app_begin ] --END-- [ RunTime:0.001092s ]
INFO: [ app_end ] --START--
INFO: Run Behavior\ShowPageTraceBehavior [ RunTime:0.000959s ]
INFO: [ app_end ] --END-- [ RunTime:0.001153s ]

[ 2016-11-10T10:19:49+08:00 ] ::1 /EasyTalk/index.php/Home/index/logout
INFO: [ app_init ] --START--
INFO: Run Behavior\BuildLiteBehavior [ RunTime:0.000058s ]
INFO: [ app_init ] --END-- [ RunTime:0.001270s ]
INFO: [ app_begin ] --START--
INFO: Run Behavior\ReadHtmlCacheBehavior [ RunTime:0.000895s ]
INFO: [ app_begin ] --END-- [ RunTime:0.001086s ]
INFO: [ app_end ] --START--
INFO: Run Behavior\ShowPageTraceBehavior [ RunTime:0.000936s ]
INFO: [ app_end ] --END-- [ RunTime:0.001148s ]

[ 2016-11-10T10:19:59+08:00 ] ::1 /EasyTalk/index.php/Home/index/logout
INFO: [ app_init ] --START--
INFO: Run Behavior\BuildLiteBehavior [ RunTime:0.000040s ]
INFO: [ app_init ] --END-- [ RunTime:0.000800s ]
INFO: [ app_begin ] --START--
INFO: Run Behavior\ReadHtmlCacheBehavior [ RunTime:0.000974s ]
INFO: [ app_begin ] --END-- [ RunTime:0.001162s ]
NOTIC: [2] session_destroy() expects exactly 0 parameters, 1 given D:\wamp\www\EasyTalk\Application\Home\Controller\IndexController.class.php 第 56 行.
INFO: [ app_end ] --START--
INFO: Run Behavior\ShowPageTraceBehavior [ RunTime:0.000968s ]
INFO: [ app_end ] --END-- [ RunTime:0.001138s ]

[ 2016-11-10T10:19:59+08:00 ] ::1 /EasyTalk/index.php/Home/index/logout
INFO: [ app_init ] --START--
INFO: Run Behavior\BuildLiteBehavior [ RunTime:0.000054s ]
INFO: [ app_init ] --END-- [ RunTime:0.001056s ]
INFO: [ app_begin ] --START--
INFO: Run Behavior\ReadHtmlCacheBehavior [ RunTime:0.001041s ]
INFO: [ app_begin ] --END-- [ RunTime:0.001250s ]
NOTIC: [2] session_destroy() expects exactly 0 parameters, 1 given D:\wamp\www\EasyTalk\Application\Home\Controller\IndexController.class.php 第 56 行.
INFO: [ app_end ] --START--
INFO: Run Behavior\ShowPageTraceBehavior [ RunTime:0.001057s ]
INFO: [ app_end ] --END-- [ RunTime:0.001226s ]

[ 2016-11-10T10:20:00+08:00 ] ::1 /EasyTalk/index.php/Home/index/logout
INFO: [ app_init ] --START--
INFO: Run Behavior\BuildLiteBehavior [ RunTime:0.000038s ]
INFO: [ app_init ] --END-- [ RunTime:0.000732s ]
INFO: [ app_begin ] --START--
INFO: Run Behavior\ReadHtmlCacheBehavior [ RunTime:0.000923s ]
INFO: [ app_begin ] --END-- [ RunTime:0.001102s ]
NOTIC: [2] session_destroy() expects exactly 0 parameters, 1 given D:\wamp\www\EasyTalk\Application\Home\Controller\IndexController.class.php 第 56 行.
INFO: [ app_end ] --START--
INFO: Run Behavior\ShowPageTraceBehavior [ RunTime:0.000878s ]
INFO: [ app_end ] --END-- [ RunTime:0.001040s ]

[ 2016-11-10T10:20:00+08:00 ] ::1 /EasyTalk/index.php/Home/index/logout
INFO: [ app_init ] --START--
INFO: Run Behavior\BuildLiteBehavior [ RunTime:0.000037s ]
INFO: [ app_init ] --END-- [ RunTime:0.000808s ]
INFO: [ app_begin ] --START--
INFO: Run Behavior\ReadHtmlCacheBehavior [ RunTime:0.000973s ]
INFO: [ app_begin ] --END-- [ RunTime:0.001144s ]
NOTIC: [2] session_destroy() expects exactly 0 parameters, 1 given D:\wamp\www\EasyTalk\Application\Home\Controller\IndexController.class.php 第 56 行.
INFO: [ app_end ] --START--
INFO: Run Behavior\ShowPageTraceBehavior [ RunTime:0.001122s ]
INFO: [ app_end ] --END-- [ RunTime:0.001419s ]

[ 2016-11-10T10:20:00+08:00 ] ::1 /EasyTalk/index.php/Home/index/logout
INFO: [ app_init ] --START--
INFO: Run Behavior\BuildLiteBehavior [ RunTime:0.000068s ]
INFO: [ app_init ] --END-- [ RunTime:0.001545s ]
INFO: [ app_begin ] --START--
INFO: Run Behavior\ReadHtmlCacheBehavior [ RunTime:0.001519s ]
INFO: [ app_begin ] --END-- [ RunTime:0.001887s ]
NOTIC: [2] session_destroy() expects exactly 0 parameters, 1 given D:\wamp\www\EasyTalk\Application\Home\Controller\IndexController.class.php 第 56 行.
INFO: [ app_end ] --START--
INFO: Run Behavior\ShowPageTraceBehavior [ RunTime:0.001563s ]
INFO: [ app_end ] --END-- [ RunTime:0.001857s ]

[ 2016-11-10T10:20:01+08:00 ] ::1 /EasyTalk/index.php/Home/index/logout
INFO: [ app_init ] --START--
INFO: Run Behavior\BuildLiteBehavior [ RunTime:0.000039s ]
INFO: [ app_init ] --END-- [ RunTime:0.000871s ]
INFO: [ app_begin ] --START--
INFO: Run Behavior\ReadHtmlCacheBehavior [ RunTime:0.000957s ]
INFO: [ app_begin ] --END-- [ RunTime:0.001132s ]
NOTIC: [2] session_destroy() expects exactly 0 parameters, 1 given D:\wamp\www\EasyTalk\Application\Home\Controller\IndexController.class.php 第 56 行.
INFO: [ app_end ] --START--
INFO: Run Behavior\ShowPageTraceBehavior [ RunTime:0.000936s ]
INFO: [ app_end ] --END-- [ RunTime:0.001101s ]

[ 2016-11-10T10:20:01+08:00 ] ::1 /EasyTalk/index.php/Home/index/logout
INFO: [ app_init ] --START--
INFO: Run Behavior\BuildLiteBehavior [ RunTime:0.000039s ]
INFO: [ app_init ] --END-- [ RunTime:0.000827s ]
INFO: [ app_begin ] --START--
INFO: Run Behavior\ReadHtmlCacheBehavior [ RunTime:0.000906s ]
INFO: [ app_begin ] --END-- [ RunTime:0.001072s ]
NOTIC: [2] session_destroy() expects exactly 0 parameters, 1 given D:\wamp\www\EasyTalk\Application\Home\Controller\IndexController.class.php 第 56 行.
INFO: [ app_end ] --START--
INFO: Run Behavior\ShowPageTraceBehavior [ RunTime:0.000929s ]
INFO: [ app_end ] --END-- [ RunTime:0.001093s ]

[ 2016-11-10T10:20:02+08:00 ] ::1 /EasyTalk/index.php/Home/index/logout
INFO: [ app_init ] --START--
INFO: Run Behavior\BuildLiteBehavior [ RunTime:0.000039s ]
INFO: [ app_init ] --END-- [ RunTime:0.000819s ]
INFO: [ app_begin ] --START--
INFO: Run Behavior\ReadHtmlCacheBehavior [ RunTime:0.000972s ]
INFO: [ app_begin ] --END-- [ RunTime:0.001146s ]
NOTIC: [2] session_destroy() expects exactly 0 parameters, 1 given D:\wamp\www\EasyTalk\Application\Home\Controller\IndexController.class.php 第 56 行.
INFO: [ app_end ] --START--
INFO: Run Behavior\ShowPageTraceBehavior [ RunTime:0.001083s ]
INFO: [ app_end ] --END-- [ RunTime:0.001258s ]

[ 2016-11-10T10:20:02+08:00 ] ::1 /EasyTalk/index.php/Home/index/logout
INFO: [ app_init ] --START--
INFO: Run Behavior\BuildLiteBehavior [ RunTime:0.000040s ]
INFO: [ app_init ] --END-- [ RunTime:0.000790s ]
INFO: [ app_begin ] --START--
INFO: Run Behavior\ReadHtmlCacheBehavior [ RunTime:0.000918s ]
INFO: [ app_begin ] --END-- [ RunTime:0.001085s ]
NOTIC: [2] session_destroy() expects exactly 0 parameters, 1 given D:\wamp\www\EasyTalk\Application\Home\Controller\IndexController.class.php 第 56 行.
INFO: [ app_end ] --START--
INFO: Run Behavior\ShowPageTraceBehavior [ RunTime:0.000909s ]
INFO: [ app_end ] --END-- [ RunTime:0.001073s ]

[ 2016-11-10T10:20:02+08:00 ] ::1 /EasyTalk/index.php/Home/index/logout
INFO: [ app_init ] --START--
INFO: Run Behavior\BuildLiteBehavior [ RunTime:0.000037s ]
INFO: [ app_init ] --END-- [ RunTime:0.000866s ]
INFO: [ app_begin ] --START--
INFO: Run Behavior\ReadHtmlCacheBehavior [ RunTime:0.000990s ]
INFO: [ app_begin ] --END-- [ RunTime:0.001172s ]
NOTIC: [2] session_destroy() expects exactly 0 parameters, 1 given D:\wamp\www\EasyTalk\Application\Home\Controller\IndexController.class.php 第 56 行.
INFO: [ app_end ] --START--
INFO: Run Behavior\ShowPageTraceBehavior [ RunTime:0.001069s ]
INFO: [ app_end ] --END-- [ RunTime:0.001282s ]

[ 2016-11-10T10:20:03+08:00 ] ::1 /EasyTalk/index.php/Home/index/logout
INFO: [ app_init ] --START--
INFO: Run Behavior\BuildLiteBehavior [ RunTime:0.000039s ]
INFO: [ app_init ] --END-- [ RunTime:0.000779s ]
INFO: [ app_begin ] --START--
INFO: Run Behavior\ReadHtmlCacheBehavior [ RunTime:0.001218s ]
INFO: [ app_begin ] --END-- [ RunTime:0.001457s ]
NOTIC: [2] session_destroy() expects exactly 0 parameters, 1 given D:\wamp\www\EasyTalk\Application\Home\Controller\IndexController.class.php 第 56 行.
INFO: [ app_end ] --START--
INFO: Run Behavior\ShowPageTraceBehavior [ RunTime:0.000929s ]
INFO: [ app_end ] --END-- [ RunTime:0.001093s ]

[ 2016-11-10T10:20:10+08:00 ] ::1 /EasyTalk/index.php/Home/index/logout
INFO: [ app_init ] --START--
INFO: Run Behavior\BuildLiteBehavior [ RunTime:0.000039s ]
INFO: [ app_init ] --END-- [ RunTime:0.000862s ]
INFO: [ app_begin ] --START--
INFO: Run Behavior\ReadHtmlCacheBehavior [ RunTime:0.000941s ]
INFO: [ app_begin ] --END-- [ RunTime:0.001114s ]
NOTIC: [2] session_destroy() expects exactly 0 parameters, 1 given D:\wamp\www\EasyTalk\Application\Home\Controller\IndexController.class.php 第 56 行.
INFO: [ app_end ] --START--
INFO: Run Behavior\ShowPageTraceBehavior [ RunTime:0.000904s ]
INFO: [ app_end ] --END-- [ RunTime:0.001072s ]

[ 2016-11-10T10:20:10+08:00 ] ::1 /EasyTalk/index.php/Home/index/logout
INFO: [ app_init ] --START--
INFO: Run Behavior\BuildLiteBehavior [ RunTime:0.000040s ]
INFO: [ app_init ] --END-- [ RunTime:0.000836s ]
INFO: [ app_begin ] --START--
INFO: Run Behavior\ReadHtmlCacheBehavior [ RunTime:0.001177s ]
INFO: [ app_begin ] --END-- [ RunTime:0.001374s ]
NOTIC: [2] session_destroy() expects exactly 0 parameters, 1 given D:\wamp\www\EasyTalk\Application\Home\Controller\IndexController.class.php 第 56 行.
INFO: [ app_end ] --START--
INFO: Run Behavior\ShowPageTraceBehavior [ RunTime:0.000964s ]
INFO: [ app_end ] --END-- [ RunTime:0.001134s ]

[ 2016-11-10T10:20:10+08:00 ] ::1 /EasyTalk/index.php/Home/index/logout
INFO: [ app_init ] --START--
INFO: Run Behavior\BuildLiteBehavior [ RunTime:0.000068s ]
INFO: [ app_init ] --END-- [ RunTime:0.001317s ]
INFO: [ app_begin ] --START--
INFO: Run Behavior\ReadHtmlCacheBehavior [ RunTime:0.001653s ]
INFO: [ app_begin ] --END-- [ RunTime:0.002055s ]
NOTIC: [2] session_destroy() expects exactly 0 parameters, 1 given D:\wamp\www\EasyTalk\Application\Home\Controller\IndexController.class.php 第 56 行.
INFO: [ app_end ] --START--
INFO: Run Behavior\ShowPageTraceBehavior [ RunTime:0.001790s ]
INFO: [ app_end ] --END-- [ RunTime:0.002104s ]

[ 2016-11-10T10:20:11+08:00 ] ::1 /EasyTalk/index.php/Home/index/logout
INFO: [ app_init ] --START--
INFO: Run Behavior\BuildLiteBehavior [ RunTime:0.000069s ]
INFO: [ app_init ] --END-- [ RunTime:0.001189s ]
INFO: [ app_begin ] --START--
INFO: Run Behavior\ReadHtmlCacheBehavior [ RunTime:0.001175s ]
INFO: [ app_begin ] --END-- [ RunTime:0.001373s ]
NOTIC: [2] session_destroy() expects exactly 0 parameters, 1 given D:\wamp\www\EasyTalk\Application\Home\Controller\IndexController.class.php 第 56 行.
INFO: [ app_end ] --START--
INFO: Run Behavior\ShowPageTraceBehavior [ RunTime:0.003151s ]
INFO: [ app_end ] --END-- [ RunTime:0.003472s ]

[ 2016-11-10T10:20:11+08:00 ] ::1 /EasyTalk/index.php/Home/index/logout
INFO: [ app_init ] --START--
INFO: Run Behavior\BuildLiteBehavior [ RunTime:0.000066s ]
INFO: [ app_init ] --END-- [ RunTime:0.001263s ]
INFO: [ app_begin ] --START--
INFO: Run Behavior\ReadHtmlCacheBehavior [ RunTime:0.001433s ]
INFO: [ app_begin ] --END-- [ RunTime:0.001734s ]
NOTIC: [2] session_destroy() expects exactly 0 parameters, 1 given D:\wamp\www\EasyTalk\Application\Home\Controller\IndexController.class.php 第 56 行.
INFO: [ app_end ] --START--
INFO: Run Behavior\ShowPageTraceBehavior [ RunTime:0.001805s ]
INFO: [ app_end ] --END-- [ RunTime:0.002150s ]

[ 2016-11-10T10:20:11+08:00 ] ::1 /EasyTalk/index.php/Home/index/logout
INFO: [ app_init ] --START--
INFO: Run Behavior\BuildLiteBehavior [ RunTime:0.000038s ]
INFO: [ app_init ] --END-- [ RunTime:0.000727s ]
INFO: [ app_begin ] --START--
INFO: Run Behavior\ReadHtmlCacheBehavior [ RunTime:0.001584s ]
INFO: [ app_begin ] --END-- [ RunTime:0.001840s ]
NOTIC: [2] session_destroy() expects exactly 0 parameters, 1 given D:\wamp\www\EasyTalk\Application\Home\Controller\IndexController.class.php 第 56 行.
INFO: [ app_end ] --START--
INFO: Run Behavior\ShowPageTraceBehavior [ RunTime:0.001166s ]
INFO: [ app_end ] --END-- [ RunTime:0.001410s ]

[ 2016-11-10T10:20:11+08:00 ] ::1 /EasyTalk/index.php/Home/index/logout
INFO: [ app_init ] --START--
INFO: Run Behavior\BuildLiteBehavior [ RunTime:0.000053s ]
INFO: [ app_init ] --END-- [ RunTime:0.000870s ]
INFO: [ app_begin ] --START--
INFO: Run Behavior\ReadHtmlCacheBehavior [ RunTime:0.001080s ]
INFO: [ app_begin ] --END-- [ RunTime:0.001301s ]
NOTIC: [2] session_destroy() expects exactly 0 parameters, 1 given D:\wamp\www\EasyTalk\Application\Home\Controller\IndexController.class.php 第 56 行.
INFO: [ app_end ] --START--
INFO: Run Behavior\ShowPageTraceBehavior [ RunTime:0.001196s ]
INFO: [ app_end ] --END-- [ RunTime:0.001444s ]

[ 2016-11-10T10:20:12+08:00 ] ::1 /EasyTalk/index.php/Home/index/logout
INFO: [ app_init ] --START--
INFO: Run Behavior\BuildLiteBehavior [ RunTime:0.000045s ]
INFO: [ app_init ] --END-- [ RunTime:0.000813s ]
INFO: [ app_begin ] --START--
INFO: Run Behavior\ReadHtmlCacheBehavior [ RunTime:0.001062s ]
INFO: [ app_begin ] --END-- [ RunTime:0.001247s ]
NOTIC: [2] session_destroy() expects exactly 0 parameters, 1 given D:\wamp\www\EasyTalk\Application\Home\Controller\IndexController.class.php 第 56 行.
INFO: [ app_end ] --START--
INFO: Run Behavior\ShowPageTraceBehavior [ RunTime:0.001094s ]
INFO: [ app_end ] --END-- [ RunTime:0.001279s ]

[ 2016-11-10T10:20:12+08:00 ] ::1 /EasyTalk/index.php/Home/index/logout
INFO: [ app_init ] --START--
INFO: Run Behavior\BuildLiteBehavior [ RunTime:0.000062s ]
INFO: [ app_init ] --END-- [ RunTime:0.001410s ]
INFO: [ app_begin ] --START--
INFO: Run Behavior\ReadHtmlCacheBehavior [ RunTime:0.001494s ]
INFO: [ app_begin ] --END-- [ RunTime:0.001810s ]
NOTIC: [2] session_destroy() expects exactly 0 parameters, 1 given D:\wamp\www\EasyTalk\Application\Home\Controller\IndexController.class.php 第 56 行.
INFO: [ app_end ] --START--
INFO: Run Behavior\ShowPageTraceBehavior [ RunTime:0.001017s ]
INFO: [ app_end ] --END-- [ RunTime:0.001216s ]

[ 2016-11-10T10:20:12+08:00 ] ::1 /EasyTalk/index.php/Home/index/logout
INFO: [ app_init ] --START--
INFO: Run Behavior\BuildLiteBehavior [ RunTime:0.000038s ]
INFO: [ app_init ] --END-- [ RunTime:0.000774s ]
INFO: [ app_begin ] --START--
INFO: Run Behavior\ReadHtmlCacheBehavior [ RunTime:0.000887s ]
INFO: [ app_begin ] --END-- [ RunTime:0.001053s ]
NOTIC: [2] session_destroy() expects exactly 0 parameters, 1 given D:\wamp\www\EasyTalk\Application\Home\Controller\IndexController.class.php 第 56 行.
INFO: [ app_end ] --START--
INFO: Run Behavior\ShowPageTraceBehavior [ RunTime:0.000896s ]
INFO: [ app_end ] --END-- [ RunTime:0.001059s ]

[ 2016-11-10T10:20:12+08:00 ] ::1 /EasyTalk/index.php/Home/index/logout
INFO: [ app_init ] --START--
INFO: Run Behavior\BuildLiteBehavior [ RunTime:0.000042s ]
INFO: [ app_init ] --END-- [ RunTime:0.001317s ]
INFO: [ app_begin ] --START--
INFO: Run Behavior\ReadHtmlCacheBehavior [ RunTime:0.001191s ]
INFO: [ app_begin ] --END-- [ RunTime:0.001450s ]
NOTIC: [2] session_destroy() expects exactly 0 parameters, 1 given D:\wamp\www\EasyTalk\Application\Home\Controller\IndexController.class.php 第 56 行.
INFO: [ app_end ] --START--
INFO: Run Behavior\ShowPageTraceBehavior [ RunTime:0.000950s ]
INFO: [ app_end ] --END-- [ RunTime:0.001127s ]

[ 2016-11-10T10:21:06+08:00 ] ::1 /EasyTalk/index.php/Home/index/logout
INFO: [ app_init ] --START--
INFO: Run Behavior\BuildLiteBehavior [ RunTime:0.000055s ]
INFO: [ app_init ] --END-- [ RunTime:0.001030s ]
INFO: [ app_begin ] --START--
INFO: Run Behavior\ReadHtmlCacheBehavior [ RunTime:0.000935s ]
INFO: [ app_begin ] --END-- [ RunTime:0.001119s ]
INFO: [ app_end ] --START--
INFO: Run Behavior\ShowPageTraceBehavior [ RunTime:0.001394s ]
INFO: [ app_end ] --END-- [ RunTime:0.001745s ]

[ 2016-11-10T10:21:06+08:00 ] ::1 /EasyTalk/index.php/Home/index/logout
INFO: [ app_init ] --START--
INFO: Run Behavior\BuildLiteBehavior [ RunTime:0.000046s ]
INFO: [ app_init ] --END-- [ RunTime:0.000941s ]
INFO: [ app_begin ] --START--
INFO: Run Behavior\ReadHtmlCacheBehavior [ RunTime:0.000913s ]
INFO: [ app_begin ] --END-- [ RunTime:0.001154s ]
INFO: [ app_end ] --START--
INFO: Run Behavior\ShowPageTraceBehavior [ RunTime:0.000886s ]
INFO: [ app_end ] --END-- [ RunTime:0.001154s ]

[ 2016-11-10T10:21:07+08:00 ] ::1 /EasyTalk/index.php/Home/index/logout
INFO: [ app_init ] --START--
INFO: Run Behavior\BuildLiteBehavior [ RunTime:0.000040s ]
INFO: [ app_init ] --END-- [ RunTime:0.000805s ]
INFO: [ app_begin ] --START--
INFO: Run Behavior\ReadHtmlCacheBehavior [ RunTime:0.001059s ]
INFO: [ app_begin ] --END-- [ RunTime:0.001249s ]
INFO: [ app_end ] --START--
INFO: Run Behavior\ShowPageTraceBehavior [ RunTime:0.001200s ]
INFO: [ app_end ] --END-- [ RunTime:0.001398s ]

[ 2016-11-10T10:21:07+08:00 ] ::1 /EasyTalk/index.php/Home/index/logout
INFO: [ app_init ] --START--
INFO: Run Behavior\BuildLiteBehavior [ RunTime:0.000039s ]
INFO: [ app_init ] --END-- [ RunTime:0.000811s ]
INFO: [ app_begin ] --START--
INFO: Run Behavior\ReadHtmlCacheBehavior [ RunTime:0.000972s ]
INFO: [ app_begin ] --END-- [ RunTime:0.001165s ]
INFO: [ app_end ] --START--
INFO: Run Behavior\ShowPageTraceBehavior [ RunTime:0.001447s ]
INFO: [ app_end ] --END-- [ RunTime:0.001779s ]

[ 2016-11-10T10:21:08+08:00 ] ::1 /EasyTalk/index.php/Home/index/logout
INFO: [ app_init ] --START--
INFO: Run Behavior\BuildLiteBehavior [ RunTime:0.000041s ]
INFO: [ app_init ] --END-- [ RunTime:0.000877s ]
INFO: [ app_begin ] --START--
INFO: Run Behavior\ReadHtmlCacheBehavior [ RunTime:0.001808s ]
INFO: [ app_begin ] --END-- [ RunTime:0.002084s ]
INFO: [ app_end ] --START--
INFO: Run Behavior\ShowPageTraceBehavior [ RunTime:0.001027s ]
INFO: [ app_end ] --END-- [ RunTime:0.001244s ]

[ 2016-11-10T10:21:08+08:00 ] ::1 /EasyTalk/index.php/Home/index/logout
INFO: [ app_init ] --START--
INFO: Run Behavior\BuildLiteBehavior [ RunTime:0.000039s ]
INFO: [ app_init ] --END-- [ RunTime:0.000748s ]
INFO: [ app_begin ] --START--
INFO: Run Behavior\ReadHtmlCacheBehavior [ RunTime:0.000947s ]
INFO: [ app_begin ] --END-- [ RunTime:0.001122s ]
INFO: [ app_end ] --START--
INFO: Run Behavior\ShowPageTraceBehavior [ RunTime:0.001014s ]
INFO: [ app_end ] --END-- [ RunTime:0.001204s ]

[ 2016-11-10T10:21:12+08:00 ] ::1 /EasyTalk/index.php/Home/index/logout
INFO: [ app_init ] --START--
INFO: Run Behavior\BuildLiteBehavior [ RunTime:0.000040s ]
INFO: [ app_init ] --END-- [ RunTime:0.000926s ]
INFO: [ app_begin ] --START--
INFO: Run Behavior\ReadHtmlCacheBehavior [ RunTime:0.001038s ]
INFO: [ app_begin ] --END-- [ RunTime:0.001219s ]
INFO: [ app_end ] --START--
INFO: Run Behavior\ShowPageTraceBehavior [ RunTime:0.000959s ]
INFO: [ app_end ] --END-- [ RunTime:0.001149s ]

[ 2016-11-10T10:21:12+08:00 ] ::1 /EasyTalk/index.php/Home/index/logout
INFO: [ app_init ] --START--
INFO: Run Behavior\BuildLiteBehavior [ RunTime:0.000066s ]
INFO: [ app_init ] --END-- [ RunTime:0.001328s ]
INFO: [ app_begin ] --START--
INFO: Run Behavior\ReadHtmlCacheBehavior [ RunTime:0.001124s ]
INFO: [ app_begin ] --END-- [ RunTime:0.001363s ]
INFO: [ app_end ] --START--
INFO: Run Behavior\ShowPageTraceBehavior [ RunTime:0.001314s ]
INFO: [ app_end ] --END-- [ RunTime:0.001570s ]

[ 2016-11-10T10:21:12+08:00 ] ::1 /EasyTalk/index.php/Home/index/logout
INFO: [ app_init ] --START--
INFO: Run Behavior\BuildLiteBehavior [ RunTime:0.000039s ]
INFO: [ app_init ] --END-- [ RunTime:0.000812s ]
INFO: [ app_begin ] --START--
INFO: Run Behavior\ReadHtmlCacheBehavior [ RunTime:0.001280s ]
INFO: [ app_begin ] --END-- [ RunTime:0.001526s ]
INFO: [ app_end ] --START--
INFO: Run Behavior\ShowPageTraceBehavior [ RunTime:0.001558s ]
INFO: [ app_end ] --END-- [ RunTime:0.001905s ]

[ 2016-11-10T10:21:12+08:00 ] ::1 /EasyTalk/index.php/Home/index/logout
INFO: [ app_init ] --START--
INFO: Run Behavior\BuildLiteBehavior [ RunTime:0.000040s ]
INFO: [ app_init ] --END-- [ RunTime:0.000876s ]
INFO: [ app_begin ] --START--
INFO: Run Behavior\ReadHtmlCacheBehavior [ RunTime:0.002697s ]
INFO: [ app_begin ] --END-- [ RunTime:0.003313s ]
INFO: [ app_end ] --START--
INFO: Run Behavior\ShowPageTraceBehavior [ RunTime:0.001025s ]
INFO: [ app_end ] --END-- [ RunTime:0.001226s ]

[ 2016-11-10T10:21:13+08:00 ] ::1 /EasyTalk/index.php/Home/index/logout
INFO: [ app_init ] --START--
INFO: Run Behavior\BuildLiteBehavior [ RunTime:0.000039s ]
INFO: [ app_init ] --END-- [ RunTime:0.000830s ]
INFO: [ app_begin ] --START--
INFO: Run Behavior\ReadHtmlCacheBehavior [ RunTime:0.001385s ]
INFO: [ app_begin ] --END-- [ RunTime:0.001716s ]
INFO: [ app_end ] --START--
INFO: Run Behavior\ShowPageTraceBehavior [ RunTime:0.001825s ]
INFO: [ app_end ] --END-- [ RunTime:0.002312s ]

[ 2016-11-10T10:21:28+08:00 ] ::1 /EasyTalk/index.php/Home/index/logout
INFO: [ app_init ] --START--
INFO: Run Behavior\BuildLiteBehavior [ RunTime:0.000037s ]
INFO: [ app_init ] --END-- [ RunTime:0.000774s ]
INFO: [ app_begin ] --START--
INFO: Run Behavior\ReadHtmlCacheBehavior [ RunTime:0.001273s ]
INFO: [ app_begin ] --END-- [ RunTime:0.001456s ]
NOTIC: [8] A session had already been started - ignoring session_start() D:\wamp\www\EasyTalk\Application\Home\Controller\IndexController.class.php 第 54 行.
INFO: [ app_end ] --START--
INFO: Run Behavior\ShowPageTraceBehavior [ RunTime:0.001290s ]
INFO: [ app_end ] --END-- [ RunTime:0.001488s ]

[ 2016-11-10T10:21:28+08:00 ] ::1 /EasyTalk/index.php/Home/index/logout
INFO: [ app_init ] --START--
INFO: Run Behavior\BuildLiteBehavior [ RunTime:0.000064s ]
INFO: [ app_init ] --END-- [ RunTime:0.001344s ]
INFO: [ app_begin ] --START--
INFO: Run Behavior\ReadHtmlCacheBehavior [ RunTime:0.001767s ]
INFO: [ app_begin ] --END-- [ RunTime:0.002017s ]
NOTIC: [8] A session had already been started - ignoring session_start() D:\wamp\www\EasyTalk\Application\Home\Controller\IndexController.class.php 第 54 行.
INFO: [ app_end ] --START--
INFO: Run Behavior\ShowPageTraceBehavior [ RunTime:0.000975s ]
INFO: [ app_end ] --END-- [ RunTime:0.001235s ]

[ 2016-11-10T10:21:28+08:00 ] ::1 /EasyTalk/index.php/Home/index/logout
INFO: [ app_init ] --START--
INFO: Run Behavior\BuildLiteBehavior [ RunTime:0.000066s ]
INFO: [ app_init ] --END-- [ RunTime:0.001237s ]
INFO: [ app_begin ] --START--
INFO: Run Behavior\ReadHtmlCacheBehavior [ RunTime:0.001808s ]
INFO: [ app_begin ] --END-- [ RunTime:0.002155s ]
NOTIC: [8] A session had already been started - ignoring session_start() D:\wamp\www\EasyTalk\Application\Home\Controller\IndexController.class.php 第 54 行.
INFO: [ app_end ] --START--
INFO: Run Behavior\ShowPageTraceBehavior [ RunTime:0.001605s ]
INFO: [ app_end ] --END-- [ RunTime:0.001903s ]

[ 2016-11-10T10:21:28+08:00 ] ::1 /EasyTalk/index.php/Home/index/logout
INFO: [ app_init ] --START--
INFO: Run Behavior\BuildLiteBehavior [ RunTime:0.000065s ]
INFO: [ app_init ] --END-- [ RunTime:0.001369s ]
INFO: [ app_begin ] --START--
INFO: Run Behavior\ReadHtmlCacheBehavior [ RunTime:0.001400s ]
INFO: [ app_begin ] --END-- [ RunTime:0.001696s ]
NOTIC: [8] A session had already been started - ignoring session_start() D:\wamp\www\EasyTalk\Application\Home\Controller\IndexController.class.php 第 54 行.
INFO: [ app_end ] --START--
INFO: Run Behavior\ShowPageTraceBehavior [ RunTime:0.002444s ]
INFO: [ app_end ] --END-- [ RunTime:0.002702s ]

[ 2016-11-10T10:21:29+08:00 ] ::1 /EasyTalk/index.php/Home/index/logout
INFO: [ app_init ] --START--
INFO: Run Behavior\BuildLiteBehavior [ RunTime:0.000070s ]
INFO: [ app_init ] --END-- [ RunTime:0.001963s ]
INFO: [ app_begin ] --START--
INFO: Run Behavior\ReadHtmlCacheBehavior [ RunTime:0.002776s ]
INFO: [ app_begin ] --END-- [ RunTime:0.003078s ]
NOTIC: [8] A session had already been started - ignoring session_start() D:\wamp\www\EasyTalk\Application\Home\Controller\IndexController.class.php 第 54 行.
INFO: [ app_end ] --START--
INFO: Run Behavior\ShowPageTraceBehavior [ RunTime:0.002683s ]
INFO: [ app_end ] --END-- [ RunTime:0.002993s ]

[ 2016-11-10T10:21:29+08:00 ] ::1 /EasyTalk/index.php/Home/index/logout
INFO: [ app_init ] --START--
INFO: Run Behavior\BuildLiteBehavior [ RunTime:0.000151s ]
INFO: [ app_init ] --END-- [ RunTime:0.001360s ]
INFO: [ app_begin ] --START--
INFO: Run Behavior\ReadHtmlCacheBehavior [ RunTime:0.001309s ]
INFO: [ app_begin ] --END-- [ RunTime:0.001587s ]
NOTIC: [8] A session had already been started - ignoring session_start() D:\wamp\www\EasyTalk\Application\Home\Controller\IndexController.class.php 第 54 行.
INFO: [ app_end ] --START--
INFO: Run Behavior\ShowPageTraceBehavior [ RunTime:0.001366s ]
INFO: [ app_end ] --END-- [ RunTime:0.001657s ]

[ 2016-11-10T10:21:29+08:00 ] ::1 /EasyTalk/index.php/Home/index/logout
INFO: [ app_init ] --START--
INFO: Run Behavior\BuildLiteBehavior [ RunTime:0.000104s ]
INFO: [ app_init ] --END-- [ RunTime:0.022216s ]
INFO: [ app_begin ] --START--
INFO: Run Behavior\ReadHtmlCacheBehavior [ RunTime:0.001485s ]
INFO: [ app_begin ] --END-- [ RunTime:0.002408s ]
NOTIC: [8] A session had already been started - ignoring session_start() D:\wamp\www\EasyTalk\Application\Home\Controller\IndexController.class.php 第 54 行.
INFO: [ app_end ] --START--
INFO: Run Behavior\ShowPageTraceBehavior [ RunTime:0.001961s ]
INFO: [ app_end ] --END-- [ RunTime:0.002279s ]

[ 2016-11-10T10:21:30+08:00 ] ::1 /EasyTalk/index.php/Home/index/logout
INFO: [ app_init ] --START--
INFO: Run Behavior\BuildLiteBehavior [ RunTime:0.000064s ]
INFO: [ app_init ] --END-- [ RunTime:0.003077s ]
INFO: [ app_begin ] --START--
INFO: Run Behavior\ReadHtmlCacheBehavior [ RunTime:0.001179s ]
INFO: [ app_begin ] --END-- [ RunTime:0.001404s ]
NOTIC: [8] A session had already been started - ignoring session_start() D:\wamp\www\EasyTalk\Application\Home\Controller\IndexController.class.php 第 54 行.
INFO: [ app_end ] --START--
INFO: Run Behavior\ShowPageTraceBehavior [ RunTime:0.001568s ]
INFO: [ app_end ] --END-- [ RunTime:0.001866s ]

[ 2016-11-10T10:21:32+08:00 ] ::1 /EasyTalk/index.php/Home/index/logout
INFO: [ app_init ] --START--
INFO: Run Behavior\BuildLiteBehavior [ RunTime:0.000062s ]
INFO: [ app_init ] --END-- [ RunTime:0.001490s ]
INFO: [ app_begin ] --START--
INFO: Run Behavior\ReadHtmlCacheBehavior [ RunTime:0.001285s ]
INFO: [ app_begin ] --END-- [ RunTime:0.001563s ]
NOTIC: [8] A session had already been started - ignoring session_start() D:\wamp\www\EasyTalk\Application\Home\Controller\IndexController.class.php 第 54 行.
INFO: [ app_end ] --START--
INFO: Run Behavior\ShowPageTraceBehavior [ RunTime:0.000971s ]
INFO: [ app_end ] --END-- [ RunTime:0.001150s ]

[ 2016-11-10T10:21:32+08:00 ] ::1 /EasyTalk/index.php/Home/index/logout
INFO: [ app_init ] --START--
INFO: Run Behavior\BuildLiteBehavior [ RunTime:0.000065s ]
INFO: [ app_init ] --END-- [ RunTime:0.001129s ]
INFO: [ app_begin ] --START--
INFO: Run Behavior\ReadHtmlCacheBehavior [ RunTime:0.001371s ]
INFO: [ app_begin ] --END-- [ RunTime:0.001665s ]
NOTIC: [8] A session had already been started - ignoring session_start() D:\wamp\www\EasyTalk\Application\Home\Controller\IndexController.class.php 第 54 行.
INFO: [ app_end ] --START--
INFO: Run Behavior\ShowPageTraceBehavior [ RunTime:0.002674s ]
INFO: [ app_end ] --END-- [ RunTime:0.003009s ]

[ 2016-11-10T10:22:06+08:00 ] ::1 /EasyTalk/index.php/Home/index/logout
INFO: [ app_init ] --START--
INFO: Run Behavior\BuildLiteBehavior [ RunTime:0.000040s ]
INFO: [ app_init ] --END-- [ RunTime:0.000968s ]
INFO: [ app_begin ] --START--
INFO: Run Behavior\ReadHtmlCacheBehavior [ RunTime:0.001158s ]
INFO: [ app_begin ] --END-- [ RunTime:0.001502s ]
INFO: [ app_end ] --START--
INFO: Run Behavior\ShowPageTraceBehavior [ RunTime:0.000954s ]
INFO: [ app_end ] --END-- [ RunTime:0.001174s ]

[ 2016-11-10T10:22:11+08:00 ] ::1 /EasyTalk/index.php/Home/index/logout
INFO: [ app_init ] --START--
INFO: Run Behavior\BuildLiteBehavior [ RunTime:0.000039s ]
INFO: [ app_init ] --END-- [ RunTime:0.000773s ]
INFO: [ app_begin ] --START--
INFO: Run Behavior\ReadHtmlCacheBehavior [ RunTime:0.000909s ]
INFO: [ app_begin ] --END-- [ RunTime:0.001079s ]
INFO: [ app_end ] --START--
INFO: Run Behavior\ShowPageTraceBehavior [ RunTime:0.001581s ]
INFO: [ app_end ] --END-- [ RunTime:0.001838s ]

[ 2016-11-10T10:22:15+08:00 ] ::1 /EasyTalk/index.php/Home/index/test
INFO: [ app_init ] --START--
INFO: Run Behavior\BuildLiteBehavior [ RunTime:0.000039s ]
INFO: [ app_init ] --END-- [ RunTime:0.000879s ]
INFO: [ app_begin ] --START--
INFO: Run Behavior\ReadHtmlCacheBehavior [ RunTime:0.001837s ]
INFO: [ app_begin ] --END-- [ RunTime:0.002158s ]
NOTIC: [8] Undefined index: username D:\wamp\www\EasyTalk\Application\Home\Controller\IndexController.class.php 第 62 行.
INFO: [ app_end ] --START--
INFO: Run Behavior\ShowPageTraceBehavior [ RunTime:0.001682s ]
INFO: [ app_end ] --END-- [ RunTime:0.001977s ]

[ 2016-11-10T10:22:40+08:00 ] ::1 /EasyTalk/index.php/Home/index/test
INFO: [ app_init ] --START--
INFO: Run Behavior\BuildLiteBehavior [ RunTime:0.000064s ]
INFO: [ app_init ] --END-- [ RunTime:0.001190s ]
INFO: [ app_begin ] --START--
INFO: Run Behavior\ReadHtmlCacheBehavior [ RunTime:0.000960s ]
INFO: [ app_begin ] --END-- [ RunTime:0.001164s ]
NOTIC: [8] Undefined index: username D:\wamp\www\EasyTalk\Application\Home\Controller\IndexController.class.php 第 62 行.
INFO: [ app_end ] --START--
INFO: Run Behavior\ShowPageTraceBehavior [ RunTime:0.000929s ]
INFO: [ app_end ] --END-- [ RunTime:0.001095s ]

[ 2016-11-10T10:22:44+08:00 ] ::1 /EasyTalk/index.php/Home/index/logout
INFO: [ app_init ] --START--
INFO: Run Behavior\BuildLiteBehavior [ RunTime:0.000045s ]
INFO: [ app_init ] --END-- [ RunTime:0.001171s ]
INFO: [ app_begin ] --START--
INFO: Run Behavior\ReadHtmlCacheBehavior [ RunTime:0.001286s ]
INFO: [ app_begin ] --END-- [ RunTime:0.001534s ]
INFO: [ app_end ] --START--
INFO: Run Behavior\ShowPageTraceBehavior [ RunTime:0.001414s ]
INFO: [ app_end ] --END-- [ RunTime:0.001710s ]

[ 2016-11-10T10:23:09+08:00 ] ::1 /EasyTalk/index.php/Home/index/logout
INFO: [ app_init ] --START--
INFO: Run Behavior\BuildLiteBehavior [ RunTime:0.000038s ]
INFO: [ app_init ] --END-- [ RunTime:0.000766s ]
INFO: [ app_begin ] --START--
INFO: Run Behavior\ReadHtmlCacheBehavior [ RunTime:0.000866s ]
INFO: [ app_begin ] --END-- [ RunTime:0.001033s ]
INFO: [ app_end ] --START--
INFO: Run Behavior\ShowPageTraceBehavior [ RunTime:0.001082s ]
INFO: [ app_end ] --END-- [ RunTime:0.001307s ]

[ 2016-11-10T10:23:15+08:00 ] ::1 /EasyTalk/index.php/Home/index/test
INFO: [ app_init ] --START--
INFO: Run Behavior\BuildLiteBehavior [ RunTime:0.000061s ]
INFO: [ app_init ] --END-- [ RunTime:0.001003s ]
INFO: [ app_begin ] --START--
INFO: Run Behavior\ReadHtmlCacheBehavior [ RunTime:0.002312s ]
INFO: [ app_begin ] --END-- [ RunTime:0.002568s ]
INFO: [ app_end ] --START--
INFO: Run Behavior\ShowPageTraceBehavior [ RunTime:0.001553s ]
INFO: [ app_end ] --END-- [ RunTime:0.001922s ]

[ 2016-11-10T10:23:24+08:00 ] ::1 /EasyTalk/index.php/Home/index/logout
INFO: [ app_init ] --START--
INFO: Run Behavior\BuildLiteBehavior [ RunTime:0.000037s ]
INFO: [ app_init ] --END-- [ RunTime:0.000742s ]
INFO: [ app_begin ] --START--
INFO: Run Behavior\ReadHtmlCacheBehavior [ RunTime:0.000952s ]
INFO: [ app_begin ] --END-- [ RunTime:0.001128s ]
INFO: [ app_end ] --START--
INFO: Run Behavior\ShowPageTraceBehavior [ RunTime:0.000948s ]
INFO: [ app_end ] --END-- [ RunTime:0.001134s ]

[ 2016-11-10T10:23:24+08:00 ] ::1 /EasyTalk/index.php/Home/index/logout
INFO: [ app_init ] --START--
INFO: Run Behavior\BuildLiteBehavior [ RunTime:0.000039s ]
INFO: [ app_init ] --END-- [ RunTime:0.000872s ]
INFO: [ app_begin ] --START--
INFO: Run Behavior\ReadHtmlCacheBehavior [ RunTime:0.001545s ]
INFO: [ app_begin ] --END-- [ RunTime:0.001872s ]
INFO: [ app_end ] --START--
INFO: Run Behavior\ShowPageTraceBehavior [ RunTime:0.001337s ]
INFO: [ app_end ] --END-- [ RunTime:0.001652s ]

[ 2016-11-10T10:23:34+08:00 ] ::1 /EasyTalk/index.php/Home/index/test
INFO: [ app_init ] --START--
INFO: Run Behavior\BuildLiteBehavior [ RunTime:0.000056s ]
INFO: [ app_init ] --END-- [ RunTime:0.000870s ]
INFO: [ app_begin ] --START--
INFO: Run Behavior\ReadHtmlCacheBehavior [ RunTime:0.001250s ]
INFO: [ app_begin ] --END-- [ RunTime:0.001481s ]
NOTIC: [8] Undefined index: username D:\wamp\www\EasyTalk\Application\Home\Controller\IndexController.class.php 第 62 行.
INFO: [ app_end ] --START--
INFO: Run Behavior\ShowPageTraceBehavior [ RunTime:0.001002s ]
INFO: [ app_end ] --END-- [ RunTime:0.001173s ]

[ 2016-11-10T10:23:35+08:00 ] ::1 /EasyTalk/index.php/Home/index/test
INFO: [ app_init ] --START--
INFO: Run Behavior\BuildLiteBehavior [ RunTime:0.000059s ]
INFO: [ app_init ] --END-- [ RunTime:0.001221s ]
INFO: [ app_begin ] --START--
INFO: Run Behavior\ReadHtmlCacheBehavior [ RunTime:0.001406s ]
INFO: [ app_begin ] --END-- [ RunTime:0.001683s ]
NOTIC: [8] Undefined index: username D:\wamp\www\EasyTalk\Application\Home\Controller\IndexController.class.php 第 62 行.
INFO: [ app_end ] --START--
INFO: Run Behavior\ShowPageTraceBehavior [ RunTime:0.001643s ]
INFO: [ app_end ] --END-- [ RunTime:0.001912s ]

[ 2016-11-10T10:23:38+08:00 ] ::1 /EasyTalk/index.php/Home/index/test
INFO: [ app_init ] --START--
INFO: Run Behavior\BuildLiteBehavior [ RunTime:0.000038s ]
INFO: [ app_init ] --END-- [ RunTime:0.000752s ]
INFO: [ app_begin ] --START--
INFO: Run Behavior\ReadHtmlCacheBehavior [ RunTime:0.001161s ]
INFO: [ app_begin ] --END-- [ RunTime:0.001406s ]
NOTIC: [8] Undefined index: username D:\wamp\www\EasyTalk\Application\Home\Controller\IndexController.class.php 第 62 行.
INFO: [ app_end ] --START--
INFO: Run Behavior\ShowPageTraceBehavior [ RunTime:0.000934s ]
INFO: [ app_end ] --END-- [ RunTime:0.001101s ]

[ 2016-11-10T10:25:12+08:00 ] ::1 /EasyTalk/index.php/Home/index/logout
INFO: [ app_init ] --START--
INFO: Run Behavior\BuildLiteBehavior [ RunTime:0.000037s ]
INFO: [ app_init ] --END-- [ RunTime:0.000801s ]
INFO: [ app_begin ] --START--
INFO: Run Behavior\ReadHtmlCacheBehavior [ RunTime:0.001054s ]
INFO: [ app_begin ] --END-- [ RunTime:0.001239s ]
INFO: [ app_end ] --START--
INFO: Run Behavior\ShowPageTraceBehavior [ RunTime:0.001004s ]
INFO: [ app_end ] --END-- [ RunTime:0.001187s ]

[ 2016-11-10T10:25:12+08:00 ] ::1 /EasyTalk/index.php/Home/index/logout
INFO: [ app_init ] --START--
INFO: Run Behavior\BuildLiteBehavior [ RunTime:0.000086s ]
INFO: [ app_init ] --END-- [ RunTime:0.001175s ]
INFO: [ app_begin ] --START--
INFO: Run Behavior\ReadHtmlCacheBehavior [ RunTime:0.000974s ]
INFO: [ app_begin ] --END-- [ RunTime:0.001203s ]
INFO: [ app_end ] --START--
INFO: Run Behavior\ShowPageTraceBehavior [ RunTime:0.000918s ]
INFO: [ app_end ] --END-- [ RunTime:0.001179s ]

[ 2016-11-10T10:25:17+08:00 ] ::1 /EasyTalk/index.php/Home/index/logout
INFO: [ app_init ] --START--
INFO: Run Behavior\BuildLiteBehavior [ RunTime:0.000061s ]
INFO: [ app_init ] --END-- [ RunTime:0.001163s ]
INFO: [ app_begin ] --START--
INFO: Run Behavior\ReadHtmlCacheBehavior [ RunTime:0.001377s ]
INFO: [ app_begin ] --END-- [ RunTime:0.001674s ]
INFO: [ app_end ] --START--
INFO: Run Behavior\ShowPageTraceBehavior [ RunTime:0.002257s ]
INFO: [ app_end ] --END-- [ RunTime:0.002512s ]

[ 2016-11-10T10:25:18+08:00 ] ::1 /EasyTalk/index.php/Home/index/logout
INFO: [ app_init ] --START--
INFO: Run Behavior\BuildLiteBehavior [ RunTime:0.000043s ]
INFO: [ app_init ] --END-- [ RunTime:0.002350s ]
INFO: [ app_begin ] --START--
INFO: Run Behavior\ReadHtmlCacheBehavior [ RunTime:0.001083s ]
INFO: [ app_begin ] --END-- [ RunTime:0.001271s ]
INFO: [ app_end ] --START--
INFO: Run Behavior\ShowPageTraceBehavior [ RunTime:0.001089s ]
INFO: [ app_end ] --END-- [ RunTime:0.001326s ]

[ 2016-11-10T10:25:18+08:00 ] ::1 /EasyTalk/index.php/Home/index/logout
INFO: [ app_init ] --START--
INFO: Run Behavior\BuildLiteBehavior [ RunTime:0.000040s ]
INFO: [ app_init ] --END-- [ RunTime:0.000866s ]
INFO: [ app_begin ] --START--
INFO: Run Behavior\ReadHtmlCacheBehavior [ RunTime:0.001053s ]
INFO: [ app_begin ] --END-- [ RunTime:0.001251s ]
INFO: [ app_end ] --START--
INFO: Run Behavior\ShowPageTraceBehavior [ RunTime:0.001227s ]
INFO: [ app_end ] --END-- [ RunTime:0.001479s ]

[ 2016-11-10T10:25:19+08:00 ] ::1 /EasyTalk/index.php/Home/index/logout
INFO: [ app_init ] --START--
INFO: Run Behavior\BuildLiteBehavior [ RunTime:0.000067s ]
INFO: [ app_init ] --END-- [ RunTime:0.001167s ]
INFO: [ app_begin ] --START--
INFO: Run Behavior\ReadHtmlCacheBehavior [ RunTime:0.001555s ]
INFO: [ app_begin ] --END-- [ RunTime:0.001777s ]
INFO: [ app_end ] --START--
INFO: Run Behavior\ShowPageTraceBehavior [ RunTime:0.000960s ]
INFO: [ app_end ] --END-- [ RunTime:0.001147s ]

[ 2016-11-10T10:25:29+08:00 ] ::1 /EasyTalk/index.php/Home/index/logout
INFO: [ app_init ] --START--
INFO: Run Behavior\BuildLiteBehavior [ RunTime:0.000038s ]
INFO: [ app_init ] --END-- [ RunTime:0.000738s ]
INFO: [ app_begin ] --START--
INFO: Run Behavior\ReadHtmlCacheBehavior [ RunTime:0.000883s ]
INFO: [ app_begin ] --END-- [ RunTime:0.001057s ]
INFO: [ app_end ] --START--
INFO: Run Behavior\ShowPageTraceBehavior [ RunTime:0.000879s ]
INFO: [ app_end ] --END-- [ RunTime:0.001051s ]

[ 2016-11-10T10:25:29+08:00 ] ::1 /EasyTalk/index.php/Home/index/logout
INFO: [ app_init ] --START--
INFO: Run Behavior\BuildLiteBehavior [ RunTime:0.000043s ]
INFO: [ app_init ] --END-- [ RunTime:0.000803s ]
INFO: [ app_begin ] --START--
INFO: Run Behavior\ReadHtmlCacheBehavior [ RunTime:0.001071s ]
INFO: [ app_begin ] --END-- [ RunTime:0.001270s ]
INFO: [ app_end ] --START--
INFO: Run Behavior\ShowPageTraceBehavior [ RunTime:0.000886s ]
INFO: [ app_end ] --END-- [ RunTime:0.001067s ]

[ 2016-11-10T10:25:30+08:00 ] ::1 /EasyTalk/index.php/Home/index/logout
INFO: [ app_init ] --START--
INFO: Run Behavior\BuildLiteBehavior [ RunTime:0.000066s ]
INFO: [ app_init ] --END-- [ RunTime:0.001213s ]
INFO: [ app_begin ] --START--
INFO: Run Behavior\ReadHtmlCacheBehavior [ RunTime:0.001625s ]
INFO: [ app_begin ] --END-- [ RunTime:0.001952s ]
INFO: [ app_end ] --START--
INFO: Run Behavior\ShowPageTraceBehavior [ RunTime:0.001834s ]
INFO: [ app_end ] --END-- [ RunTime:0.002160s ]

[ 2016-11-10T10:25:30+08:00 ] ::1 /EasyTalk/index.php/Home/index/logout
INFO: [ app_init ] --START--
INFO: Run Behavior\BuildLiteBehavior [ RunTime:0.000047s ]
INFO: [ app_init ] --END-- [ RunTime:0.000769s ]
INFO: [ app_begin ] --START--
INFO: Run Behavior\ReadHtmlCacheBehavior [ RunTime:0.000894s ]
INFO: [ app_begin ] --END-- [ RunTime:0.001065s ]
INFO: [ app_end ] --START--
INFO: Run Behavior\ShowPageTraceBehavior [ RunTime:0.000893s ]
INFO: [ app_end ] --END-- [ RunTime:0.001064s ]

[ 2016-11-10T10:25:30+08:00 ] ::1 /EasyTalk/index.php/Home/index/logout
INFO: [ app_init ] --START--
INFO: Run Behavior\BuildLiteBehavior [ RunTime:0.000066s ]
INFO: [ app_init ] --END-- [ RunTime:0.002771s ]
INFO: [ app_begin ] --START--
INFO: Run Behavior\ReadHtmlCacheBehavior [ RunTime:0.001224s ]
INFO: [ app_begin ] --END-- [ RunTime:0.001460s ]
INFO: [ app_end ] --START--
INFO: Run Behavior\ShowPageTraceBehavior [ RunTime:0.000907s ]
INFO: [ app_end ] --END-- [ RunTime:0.001089s ]

[ 2016-11-10T10:25:37+08:00 ] ::1 /EasyTalk/index.php/Home/index/logout
INFO: [ app_init ] --START--
INFO: Run Behavior\BuildLiteBehavior [ RunTime:0.000044s ]
INFO: [ app_init ] --END-- [ RunTime:0.000818s ]
INFO: [ app_begin ] --START--
INFO: Run Behavior\ReadHtmlCacheBehavior [ RunTime:0.000917s ]
INFO: [ app_begin ] --END-- [ RunTime:0.001097s ]
INFO: [ app_end ] --START--
INFO: Run Behavior\ShowPageTraceBehavior [ RunTime:0.000889s ]
INFO: [ app_end ] --END-- [ RunTime:0.001061s ]

[ 2016-11-10T10:30:28+08:00 ] ::1 /EasyTalk/index.php/Home/exercise/showExercises
INFO: [ app_init ] --START--
INFO: Run Behavior\BuildLiteBehavior [ RunTime:0.000196s ]
INFO: [ app_init ] --END-- [ RunTime:0.001228s ]
INFO: [ app_begin ] --START--
INFO: Run Behavior\ReadHtmlCacheBehavior [ RunTime:0.001219s ]
INFO: [ app_begin ] --END-- [ RunTime:0.001410s ]
ERR: 参数错误或者未定义:language

[ 2016-11-10T10:30:37+08:00 ] ::1 /EasyTalk/index.php/Home/exercise/showExercises/language/%E6%B3%95%E8%AF%AD
INFO: [ app_init ] --START--
INFO: Run Behavior\BuildLiteBehavior [ RunTime:0.000039s ]
INFO: [ app_init ] --END-- [ RunTime:0.000731s ]
INFO: [ app_begin ] --START--
INFO: Run Behavior\ReadHtmlCacheBehavior [ RunTime:0.000877s ]
INFO: [ app_begin ] --END-- [ RunTime:0.001046s ]
SQL: SHOW COLUMNS FROM `exercise` [ RunTime:0.2799s ]
SQL: SHOW COLUMNS FROM `exercise` [ RunTime:0.0043s ]
SQL: SELECT * FROM `exercise` WHERE `language` = '法语'  [ RunTime:0.0006s ]
INFO: [ app_end ] --START--
INFO: Run Behavior\ShowPageTraceBehavior [ RunTime:0.001654s ]
INFO: [ app_end ] --END-- [ RunTime:0.001954s ]

[ 2016-11-10T10:40:36+08:00 ] ::1 /EasyTalk/index.php/Home/exercise/getQuit/e_id/1
INFO: [ app_init ] --START--
INFO: Run Behavior\BuildLiteBehavior [ RunTime:0.000043s ]
INFO: [ app_init ] --END-- [ RunTime:0.001176s ]
INFO: [ app_begin ] --START--
INFO: Run Behavior\ReadHtmlCacheBehavior [ RunTime:0.001306s ]
INFO: [ app_begin ] --END-- [ RunTime:0.001538s ]
SQL: SHOW COLUMNS FROM `quiz` [ RunTime:0.0043s ]
SQL: select count(distinct dati) as total from quiz where e_id=1 [ RunTime:0.0006s ]
SQL: SHOW COLUMNS FROM `quiz` [ RunTime:0.0039s ]
SQL: SELECT `xiaoti`,`title`,`ABCD`,`answer`,`point` FROM `quiz` WHERE `e_id` = 1 AND `dati` = 1  [ RunTime:0.0005s ]
SQL: SELECT `xiaoti`,`title`,`ABCD`,`answer`,`point` FROM `quiz` WHERE `e_id` = 1 AND `dati` = 2  [ RunTime:0.0003s ]
SQL: SELECT `xiaoti`,`title`,`ABCD`,`answer`,`point` FROM `quiz` WHERE `e_id` = 1 AND `dati` = 3  [ RunTime:0.0004s ]
INFO: [ app_end ] --START--
INFO: Run Behavior\ShowPageTraceBehavior [ RunTime:0.001364s ]
INFO: [ app_end ] --END-- [ RunTime:0.001544s ]

[ 2016-11-10T10:40:36+08:00 ] ::1 /EasyTalk/index.php/Home/exercise/getQuit/e_id/1
INFO: [ app_init ] --START--
INFO: Run Behavior\BuildLiteBehavior [ RunTime:0.000053s ]
INFO: [ app_init ] --END-- [ RunTime:0.000865s ]
INFO: [ app_begin ] --START--
INFO: Run Behavior\ReadHtmlCacheBehavior [ RunTime:0.001330s ]
INFO: [ app_begin ] --END-- [ RunTime:0.001542s ]
SQL: SHOW COLUMNS FROM `quiz` [ RunTime:0.0060s ]
SQL: select count(distinct dati) as total from quiz where e_id=1 [ RunTime:0.0008s ]
SQL: SHOW COLUMNS FROM `quiz` [ RunTime:0.0039s ]
SQL: SELECT `xiaoti`,`title`,`ABCD`,`answer`,`point` FROM `quiz` WHERE `e_id` = 1 AND `dati` = 1  [ RunTime:0.0005s ]
SQL: SELECT `xiaoti`,`title`,`ABCD`,`answer`,`point` FROM `quiz` WHERE `e_id` = 1 AND `dati` = 2  [ RunTime:0.0005s ]
SQL: SELECT `xiaoti`,`title`,`ABCD`,`answer`,`point` FROM `quiz` WHERE `e_id` = 1 AND `dati` = 3  [ RunTime:0.0004s ]
INFO: [ app_end ] --START--
INFO: Run Behavior\ShowPageTraceBehavior [ RunTime:0.001382s ]
INFO: [ app_end ] --END-- [ RunTime:0.001588s ]

[ 2016-11-10T10:44:46+08:00 ] ::1 /EasyTalk/index.php/Home/exercise/recordQuit/e_id/1
INFO: [ app_init ] --START--
INFO: Run Behavior\BuildLiteBehavior [ RunTime:0.000063s ]
INFO: [ app_init ] --END-- [ RunTime:0.001227s ]
INFO: [ app_begin ] --START--
INFO: Run Behavior\ReadHtmlCacheBehavior [ RunTime:0.001946s ]
INFO: [ app_begin ] --END-- [ RunTime:0.002276s ]
SQL: SHOW COLUMNS FROM `exercise` [ RunTime:0.0055s ]
SQL: SHOW COLUMNS FROM `do_exercise` [ RunTime:0.0056s ]
SQL: SELECT * FROM `do_exercise` WHERE `e_id` = 1 AND `u_id` = 1  [ RunTime:0.0007s ]
INFO: [ app_end ] --START--
INFO: Run Behavior\ShowPageTraceBehavior [ RunTime:0.001876s ]
INFO: [ app_end ] --END-- [ RunTime:0.002111s ]

[ 2016-11-10T10:44:56+08:00 ] ::1 /EasyTalk/index.php/Home/exercise/recordQuit/e_id/1
INFO: [ app_init ] --START--
INFO: Run Behavior\BuildLiteBehavior [ RunTime:0.000040s ]
INFO: [ app_init ] --END-- [ RunTime:0.000807s ]
INFO: [ app_begin ] --START--
INFO: Run Behavior\ReadHtmlCacheBehavior [ RunTime:0.001190s ]
INFO: [ app_begin ] --END-- [ RunTime:0.001377s ]
SQL: SHOW COLUMNS FROM `exercise` [ RunTime:0.0038s ]
SQL: SHOW COLUMNS FROM `do_exercise` [ RunTime:0.0059s ]
SQL: SELECT * FROM `do_exercise` WHERE `e_id` = 1 AND `u_id` = 1  [ RunTime:0.0004s ]
INFO: [ app_end ] --START--
INFO: Run Behavior\ShowPageTraceBehavior [ RunTime:0.001411s ]
INFO: [ app_end ] --END-- [ RunTime:0.001586s ]

[ 2016-11-10T10:45:15+08:00 ] ::1 /EasyTalk/index.php/Home/exercise/recordQuit/e_id/3
INFO: [ app_init ] --START--
INFO: Run Behavior\BuildLiteBehavior [ RunTime:0.000101s ]
INFO: [ app_init ] --END-- [ RunTime:0.001483s ]
INFO: [ app_begin ] --START--
INFO: Run Behavior\ReadHtmlCacheBehavior [ RunTime:0.001289s ]
INFO: [ app_begin ] --END-- [ RunTime:0.002183s ]
SQL: SHOW COLUMNS FROM `exercise` [ RunTime:0.0053s ]
SQL: SHOW COLUMNS FROM `do_exercise` [ RunTime:0.0047s ]
SQL: SELECT * FROM `do_exercise` WHERE `e_id` = 3 AND `u_id` = 1  [ RunTime:0.0005s ]
SQL: INSERT INTO `do_exercise` (`u_id`,`e_id`) VALUES ('1','3') [ RunTime:0.1365s ]
INFO: [ app_end ] --START--
INFO: Run Behavior\ShowPageTraceBehavior [ RunTime:0.002056s ]
INFO: [ app_end ] --END-- [ RunTime:0.002439s ]

[ 2016-11-10T10:45:24+08:00 ] ::1 /EasyTalk/index.php/Home/exercise/recordQuit/e_id/3
INFO: [ app_init ] --START--
INFO: Run Behavior\BuildLiteBehavior [ RunTime:0.000037s ]
INFO: [ app_init ] --END-- [ RunTime:0.000804s ]
INFO: [ app_begin ] --START--
INFO: Run Behavior\ReadHtmlCacheBehavior [ RunTime:0.001278s ]
INFO: [ app_begin ] --END-- [ RunTime:0.001590s ]
SQL: SHOW COLUMNS FROM `exercise` [ RunTime:0.0042s ]
SQL: SHOW COLUMNS FROM `do_exercise` [ RunTime:0.0035s ]
SQL: SELECT * FROM `do_exercise` WHERE `e_id` = 3 AND `u_id` = 1  [ RunTime:0.0011s ]
INFO: [ app_end ] --START--
INFO: Run Behavior\ShowPageTraceBehavior [ RunTime:0.002092s ]
INFO: [ app_end ] --END-- [ RunTime:0.002411s ]

[ 2016-11-10T10:45:28+08:00 ] ::1 /EasyTalk/index.php/Home/exercise/recordQuit/e_id/3
INFO: [ app_init ] --START--
INFO: Run Behavior\BuildLiteBehavior [ RunTime:0.000040s ]
INFO: [ app_init ] --END-- [ RunTime:0.000933s ]
INFO: [ app_begin ] --START--
INFO: Run Behavior\ReadHtmlCacheBehavior [ RunTime:0.001393s ]
INFO: [ app_begin ] --END-- [ RunTime:0.001634s ]
SQL: SHOW COLUMNS FROM `exercise` [ RunTime:0.0045s ]
SQL: SHOW COLUMNS FROM `do_exercise` [ RunTime:0.0041s ]
SQL: SELECT * FROM `do_exercise` WHERE `e_id` = 3 AND `u_id` = 1  [ RunTime:0.0004s ]
INFO: [ app_end ] --START--
INFO: Run Behavior\ShowPageTraceBehavior [ RunTime:0.001492s ]
INFO: [ app_end ] --END-- [ RunTime:0.001677s ]

[ 2016-11-10T10:45:30+08:00 ] ::1 /EasyTalk/index.php/Home/exercise/recordQuit/e_id/3
INFO: [ app_init ] --START--
INFO: Run Behavior\BuildLiteBehavior [ RunTime:0.000039s ]
INFO: [ app_init ] --END-- [ RunTime:0.000834s ]
INFO: [ app_begin ] --START--
INFO: Run Behavior\ReadHtmlCacheBehavior [ RunTime:0.001157s ]
INFO: [ app_begin ] --END-- [ RunTime:0.001346s ]
SQL: SHOW COLUMNS FROM `exercise` [ RunTime:0.0046s ]
SQL: SHOW COLUMNS FROM `do_exercise` [ RunTime:0.0052s ]
SQL: SELECT * FROM `do_exercise` WHERE `e_id` = 3 AND `u_id` = 1  [ RunTime:0.0004s ]
INFO: [ app_end ] --START--
INFO: Run Behavior\ShowPageTraceBehavior [ RunTime:0.001398s ]
INFO: [ app_end ] --END-- [ RunTime:0.001576s ]

[ 2016-11-10T10:46:18+08:00 ] ::1 /EasyTalk/index.php/Home/exercise/showExercises/e_id/3
INFO: [ app_init ] --START--
INFO: Run Behavior\BuildLiteBehavior [ RunTime:0.000038s ]
INFO: [ app_init ] --END-- [ RunTime:0.000821s ]
INFO: [ app_begin ] --START--
INFO: Run Behavior\ReadHtmlCacheBehavior [ RunTime:0.001215s ]
INFO: [ app_begin ] --END-- [ RunTime:0.001421s ]
ERR: 参数错误或者未定义:language

[ 2016-11-10T10:46:27+08:00 ] ::1 /EasyTalk/index.php/Home/exercise/showExercises/language/%E6%B3%95%E8%AF%AD
INFO: [ app_init ] --START--
INFO: Run Behavior\BuildLiteBehavior [ RunTime:0.000039s ]
INFO: [ app_init ] --END-- [ RunTime:0.000870s ]
INFO: [ app_begin ] --START--
INFO: Run Behavior\ReadHtmlCacheBehavior [ RunTime:0.001734s ]
INFO: [ app_begin ] --END-- [ RunTime:0.002045s ]
SQL: SHOW COLUMNS FROM `exercise` [ RunTime:0.0058s ]
SQL: SHOW COLUMNS FROM `exercise` [ RunTime:0.0050s ]
SQL: SELECT * FROM `exercise` WHERE `language` = '法语'  [ RunTime:0.0008s ]
INFO: [ app_end ] --START--
INFO: Run Behavior\ShowPageTraceBehavior [ RunTime:0.001790s ]
INFO: [ app_end ] --END-- [ RunTime:0.002108s ]

[ 2016-11-10T10:53:25+08:00 ] ::1 /EasyTalk/index.php/Home/exercise/showExercises/language/%E6%B3%95%E8%AF%AD
INFO: [ app_init ] --START--
INFO: Run Behavior\BuildLiteBehavior [ RunTime:0.000039s ]
INFO: [ app_init ] --END-- [ RunTime:0.000920s ]
INFO: [ app_begin ] --START--
INFO: Run Behavior\ReadHtmlCacheBehavior [ RunTime:0.001245s ]
INFO: [ app_begin ] --END-- [ RunTime:0.001434s ]
SQL: SHOW COLUMNS FROM `exercise` [ RunTime:0.0039s ]
ERR: Think\Model:haveDones方法不存在！

[ 2016-11-10T10:53:42+08:00 ] ::1 /EasyTalk/index.php/Home/exercise/showExercises/language/%E6%B3%95%E8%AF%AD
INFO: [ app_init ] --START--
INFO: Run Behavior\BuildLiteBehavior [ RunTime:0.000040s ]
INFO: [ app_init ] --END-- [ RunTime:0.000843s ]
INFO: [ app_begin ] --START--
INFO: Run Behavior\ReadHtmlCacheBehavior [ RunTime:0.001695s ]
INFO: [ app_begin ] --END-- [ RunTime:0.002061s ]
SQL: SHOW COLUMNS FROM `exercise` [ RunTime:0.0415s ]
SQL: SHOW COLUMNS FROM `do_exercise` [ RunTime:0.0052s ]
SQL: SELECT `e_id` FROM `do_exercise` WHERE `u_id` = 1  [ RunTime:0.0005s ]
INFO: [ app_end ] --START--
INFO: Run Behavior\ShowPageTraceBehavior [ RunTime:0.001353s ]
INFO: [ app_end ] --END-- [ RunTime:0.001571s ]

[ 2016-11-10T10:55:49+08:00 ] ::1 /EasyTalk/index.php/Home/exercise/showExercises/language/%E6%B3%95%E8%AF%AD
INFO: [ app_init ] --START--
INFO: Run Behavior\BuildLiteBehavior [ RunTime:0.000040s ]
INFO: [ app_init ] --END-- [ RunTime:0.000886s ]
INFO: [ app_begin ] --START--
INFO: Run Behavior\ReadHtmlCacheBehavior [ RunTime:0.001135s ]
INFO: [ app_begin ] --END-- [ RunTime:0.001324s ]
SQL: SHOW COLUMNS FROM `exercise` [ RunTime:0.0054s ]
SQL: SHOW COLUMNS FROM `do_exercise` [ RunTime:0.0038s ]
SQL: SELECT `e_id` FROM `do_exercise` WHERE `u_id` = 1  [ RunTime:0.0005s ]
INFO: [ app_end ] --START--
INFO: Run Behavior\ShowPageTraceBehavior [ RunTime:0.001895s ]
INFO: [ app_end ] --END-- [ RunTime:0.002188s ]

[ 2016-11-10T10:55:51+08:00 ] ::1 /EasyTalk/index.php/Home/exercise/showExercises/language/%E6%B3%95%E8%AF%AD
INFO: [ app_init ] --START--
INFO: Run Behavior\BuildLiteBehavior [ RunTime:0.000102s ]
INFO: [ app_init ] --END-- [ RunTime:0.000935s ]
INFO: [ app_begin ] --START--
INFO: Run Behavior\ReadHtmlCacheBehavior [ RunTime:0.001078s ]
INFO: [ app_begin ] --END-- [ RunTime:0.001283s ]
SQL: SHOW COLUMNS FROM `exercise` [ RunTime:0.0041s ]
SQL: SHOW COLUMNS FROM `do_exercise` [ RunTime:0.0040s ]
SQL: SELECT `e_id` FROM `do_exercise` WHERE `u_id` = 1  [ RunTime:0.0005s ]
INFO: [ app_end ] --START--
INFO: Run Behavior\ShowPageTraceBehavior [ RunTime:0.001563s ]
INFO: [ app_end ] --END-- [ RunTime:0.001808s ]

[ 2016-11-10T10:55:51+08:00 ] ::1 /EasyTalk/index.php/Home/exercise/showExercises/language/%E6%B3%95%E8%AF%AD
INFO: [ app_init ] --START--
INFO: Run Behavior\BuildLiteBehavior [ RunTime:0.000042s ]
INFO: [ app_init ] --END-- [ RunTime:0.000919s ]
INFO: [ app_begin ] --START--
INFO: Run Behavior\ReadHtmlCacheBehavior [ RunTime:0.001132s ]
INFO: [ app_begin ] --END-- [ RunTime:0.001394s ]
SQL: SHOW COLUMNS FROM `exercise` [ RunTime:0.0053s ]
SQL: SHOW COLUMNS FROM `do_exercise` [ RunTime:0.0045s ]
SQL: SELECT `e_id` FROM `do_exercise` WHERE `u_id` = 1  [ RunTime:0.0003s ]
INFO: [ app_end ] --START--
INFO: Run Behavior\ShowPageTraceBehavior [ RunTime:0.001301s ]
INFO: [ app_end ] --END-- [ RunTime:0.001507s ]

[ 2016-11-10T10:56:00+08:00 ] ::1 /EasyTalk/index.php/Home/exercise/showExercises/language/%E6%B3%95%E8%AF%AD
INFO: [ app_init ] --START--
INFO: Run Behavior\BuildLiteBehavior [ RunTime:0.000038s ]
INFO: [ app_init ] --END-- [ RunTime:0.000856s ]
INFO: [ app_begin ] --START--
INFO: Run Behavior\ReadHtmlCacheBehavior [ RunTime:0.001068s ]
INFO: [ app_begin ] --END-- [ RunTime:0.001257s ]
SQL: SHOW COLUMNS FROM `exercise` [ RunTime:0.0042s ]
SQL: SHOW COLUMNS FROM `do_exercise` [ RunTime:0.0038s ]
SQL: SELECT `e_id` FROM `do_exercise` WHERE `u_id` = 1  [ RunTime:0.0003s ]
INFO: [ app_end ] --START--
INFO: Run Behavior\ShowPageTraceBehavior [ RunTime:0.001234s ]
INFO: [ app_end ] --END-- [ RunTime:0.001414s ]

[ 2016-11-10T10:56:59+08:00 ] ::1 /EasyTalk/index.php/Home/exercise/showExercises/language/%E6%B3%95%E8%AF%AD
INFO: [ app_init ] --START--
INFO: Run Behavior\BuildLiteBehavior [ RunTime:0.000038s ]
INFO: [ app_init ] --END-- [ RunTime:0.000826s ]
INFO: [ app_begin ] --START--
INFO: Run Behavior\ReadHtmlCacheBehavior [ RunTime:0.001717s ]
INFO: [ app_begin ] --END-- [ RunTime:0.002001s ]
SQL: SHOW COLUMNS FROM `exercise` [ RunTime:0.0044s ]
SQL: SHOW COLUMNS FROM `do_exercise` [ RunTime:0.0038s ]
SQL: SELECT `e_id` FROM `do_exercise` WHERE `u_id` = 1  [ RunTime:0.0004s ]
SQL: SHOW COLUMNS FROM `exercise` [ RunTime:0.0048s ]
SQL: SELECT * FROM `exercise` WHERE `language` = '法语'  [ RunTime:0.0005s ]
NOTIC: [8] Undefined variable: data D:\wamp\www\EasyTalk\Application\Home\Controller\ExerciseController.class.php 第 17 行.
INFO: [ app_end ] --START--
INFO: Run Behavior\ShowPageTraceBehavior [ RunTime:0.001299s ]
INFO: [ app_end ] --END-- [ RunTime:0.001508s ]

[ 2016-11-10T11:01:23+08:00 ] ::1 /EasyTalk/index.php/Home/exercise/showExercises/language/%E6%B3%95%E8%AF%AD
INFO: [ app_init ] --START--
INFO: Run Behavior\BuildLiteBehavior [ RunTime:0.000038s ]
INFO: [ app_init ] --END-- [ RunTime:0.000815s ]
INFO: [ app_begin ] --START--
INFO: Run Behavior\ReadHtmlCacheBehavior [ RunTime:0.001220s ]
INFO: [ app_begin ] --END-- [ RunTime:0.001430s ]
SQL: SHOW COLUMNS FROM `exercise` [ RunTime:0.0058s ]
SQL: SHOW COLUMNS FROM `do_exercise` [ RunTime:0.0057s ]
SQL: SELECT `e_id` FROM `do_exercise` WHERE `u_id` = 1  [ RunTime:0.0091s ]
SQL: SHOW COLUMNS FROM `exercise` [ RunTime:0.0088s ]
SQL: SELECT * FROM `exercise` WHERE `language` = '法语'  [ RunTime:0.0007s ]
INFO: [ app_end ] --START--
INFO: Run Behavior\ShowPageTraceBehavior [ RunTime:0.001632s ]
INFO: [ app_end ] --END-- [ RunTime:0.001854s ]

[ 2016-11-10T11:38:04+08:00 ] ::1 /EasyTalk/index.php/Home/exercise/getScore/e_id/1
INFO: [ app_init ] --START--
INFO: Run Behavior\BuildLiteBehavior [ RunTime:0.000039s ]
INFO: [ app_init ] --END-- [ RunTime:0.000831s ]
INFO: [ app_begin ] --START--
INFO: Run Behavior\ReadHtmlCacheBehavior [ RunTime:0.001148s ]
INFO: [ app_begin ] --END-- [ RunTime:0.001338s ]
SQL: SHOW COLUMNS FROM `quiz` [ RunTime:0.0055s ]
SQL: SHOW COLUMNS FROM `quiz` [ RunTime:0.0042s ]
SQL: SELECT `point`,`answer` FROM `quiz` WHERE `e_id` = 1  [ RunTime:0.0006s ]
INFO: [ app_end ] --START--
INFO: Run Behavior\ShowPageTraceBehavior [ RunTime:0.001770s ]
INFO: [ app_end ] --END-- [ RunTime:0.002133s ]

[ 2016-11-10T23:58:21+08:00 ] ::1 /EasyTalk/index.php/Home/course/buyclass_german
INFO: [ app_init ] --START--
INFO: Run Behavior\BuildLiteBehavior [ RunTime:0.000044s ]
INFO: [ app_init ] --END-- [ RunTime:0.030642s ]
INFO: [ app_begin ] --START--
INFO: Run Behavior\ReadHtmlCacheBehavior [ RunTime:0.046069s ]
INFO: [ app_begin ] --END-- [ RunTime:0.046440s ]
ERR: 模板不存在:./Application/Home/View/Course/buyclass_german.html

[ 2016-11-10T23:58:50+08:00 ] ::1 /EasyTalk/index.php/Home/course/buyclass_german
INFO: [ app_init ] --START--
INFO: Run Behavior\BuildLiteBehavior [ RunTime:0.000039s ]
INFO: [ app_init ] --END-- [ RunTime:0.000843s ]
INFO: [ app_begin ] --START--
INFO: Run Behavior\ReadHtmlCacheBehavior [ RunTime:0.001074s ]
INFO: [ app_begin ] --END-- [ RunTime:0.001256s ]
INFO: [ view_parse ] --START--
INFO: [ template_filter ] --START--
INFO: Run Behavior\ContentReplaceBehavior [ RunTime:0.000135s ]
INFO: [ template_filter ] --END-- [ RunTime:0.000331s ]
INFO: Run Behavior\ParseTemplateBehavior [ RunTime:0.710669s ]
INFO: [ view_parse ] --END-- [ RunTime:0.710902s ]
INFO: [ view_filter ] --START--
INFO: Run Behavior\WriteHtmlCacheBehavior [ RunTime:0.022909s ]
INFO: [ view_filter ] --END-- [ RunTime:0.023361s ]
INFO: [ app_end ] --START--
INFO: Run Behavior\ShowPageTraceBehavior [ RunTime:0.002231s ]
INFO: [ app_end ] --END-- [ RunTime:0.002482s ]

[ 2016-11-10T23:58:51+08:00 ] ::1 /EasyTalk/index.php/Home/css/buyclass.css
INFO: [ app_init ] --START--
INFO: Run Behavior\BuildLiteBehavior [ RunTime:0.000169s ]
INFO: [ app_init ] --END-- [ RunTime:0.001619s ]
INFO: [ app_begin ] --START--
INFO: Run Behavior\ReadHtmlCacheBehavior [ RunTime:0.001940s ]
INFO: [ app_begin ] --END-- [ RunTime:0.002271s ]
ERR: 无法加载控制器:Css

[ 2016-11-10T23:58:51+08:00 ] ::1 /EasyTalk/index.php/Home/images/easytalklogo.png
INFO: [ app_init ] --START--
INFO: Run Behavior\BuildLiteBehavior [ RunTime:0.000040s ]
INFO: [ app_init ] --END-- [ RunTime:0.000851s ]

[ 2016-11-10T23:58:51+08:00 ] ::1 /EasyTalk/index.php/Home/images/lessonsale_point.png
INFO: [ app_init ] --START--
INFO: Run Behavior\BuildLiteBehavior [ RunTime:0.000042s ]
INFO: [ app_init ] --END-- [ RunTime:0.001045s ]

[ 2016-11-10T23:58:52+08:00 ] ::1 /EasyTalk/index.php/Home/css/common.css
INFO: [ app_init ] --START--
INFO: Run Behavior\BuildLiteBehavior [ RunTime:0.000041s ]
INFO: [ app_init ] --END-- [ RunTime:0.000975s ]
INFO: [ app_begin ] --START--
INFO: Run Behavior\ReadHtmlCacheBehavior [ RunTime:0.001242s ]
INFO: [ app_begin ] --END-- [ RunTime:0.001439s ]
ERR: 无法加载控制器:Css

[ 2016-11-10T23:58:52+08:00 ] ::1 /EasyTalk/index.php/Home/js/jquery-3.1.1.js
INFO: [ app_init ] --START--
INFO: Run Behavior\BuildLiteBehavior [ RunTime:0.000043s ]
INFO: [ app_init ] --END-- [ RunTime:0.001248s ]
INFO: [ app_begin ] --START--
INFO: Run Behavior\ReadHtmlCacheBehavior [ RunTime:0.001512s ]
INFO: [ app_begin ] --END-- [ RunTime:0.001874s ]
ERR: 无法加载控制器:Js

[ 2016-11-10T23:58:52+08:00 ] ::1 /EasyTalk/index.php/Home/images/easytalklogo.png
INFO: [ app_init ] --START--
INFO: Run Behavior\BuildLiteBehavior [ RunTime:0.000060s ]
INFO: [ app_init ] --END-- [ RunTime:0.000972s ]

[ 2016-11-10T23:58:52+08:00 ] ::1 /EasyTalk/index.php/Home/images/lessonsale_point.png
INFO: [ app_init ] --START--
INFO: Run Behavior\BuildLiteBehavior [ RunTime:0.000093s ]
INFO: [ app_init ] --END-- [ RunTime:0.001214s ]

[ 2016-11-10T23:58:55+08:00 ] ::1 /EasyTalk/index.php/Home/course/buyclass_german
INFO: [ app_init ] --START--
INFO: Run Behavior\BuildLiteBehavior [ RunTime:0.000043s ]
INFO: [ app_init ] --END-- [ RunTime:0.000959s ]
INFO: [ app_begin ] --START--
INFO: Run Behavior\ReadHtmlCacheBehavior [ RunTime:0.001359s ]
INFO: [ app_begin ] --END-- [ RunTime:0.001589s ]
INFO: [ view_parse ] --START--
INFO: [ template_filter ] --START--
INFO: Run Behavior\ContentReplaceBehavior [ RunTime:0.000120s ]
INFO: [ template_filter ] --END-- [ RunTime:0.000331s ]
INFO: Run Behavior\ParseTemplateBehavior [ RunTime:0.015461s ]
INFO: [ view_parse ] --END-- [ RunTime:0.015652s ]
INFO: [ view_filter ] --START--
INFO: Run Behavior\WriteHtmlCacheBehavior [ RunTime:0.000818s ]
INFO: [ view_filter ] --END-- [ RunTime:0.000987s ]
INFO: [ app_end ] --START--
INFO: Run Behavior\ShowPageTraceBehavior [ RunTime:0.001127s ]
INFO: [ app_end ] --END-- [ RunTime:0.001293s ]

[ 2016-11-10T23:58:55+08:00 ] ::1 /EasyTalk/index.php/Home/css/buyclass.css
INFO: [ app_init ] --START--
INFO: Run Behavior\BuildLiteBehavior [ RunTime:0.000074s ]
INFO: [ app_init ] --END-- [ RunTime:0.001666s ]
INFO: [ app_begin ] --START--
INFO: Run Behavior\ReadHtmlCacheBehavior [ RunTime:0.001722s ]
INFO: [ app_begin ] --END-- [ RunTime:0.002083s ]
ERR: 无法加载控制器:Css

[ 2016-11-10T23:58:55+08:00 ] ::1 /EasyTalk/index.php/Home/js/jquery-3.1.1.js
INFO: [ app_init ] --START--
INFO: Run Behavior\BuildLiteBehavior [ RunTime:0.000067s ]
INFO: [ app_init ] --END-- [ RunTime:0.001330s ]
INFO: [ app_begin ] --START--
INFO: Run Behavior\ReadHtmlCacheBehavior [ RunTime:0.001910s ]
INFO: [ app_begin ] --END-- [ RunTime:0.002264s ]
ERR: 无法加载控制器:Js

[ 2016-11-10T23:58:55+08:00 ] ::1 /EasyTalk/index.php/Home/css/common.css
INFO: [ app_init ] --START--
INFO: Run Behavior\BuildLiteBehavior [ RunTime:0.000070s ]
INFO: [ app_init ] --END-- [ RunTime:0.001301s ]
INFO: [ app_begin ] --START--
INFO: Run Behavior\ReadHtmlCacheBehavior [ RunTime:0.002321s ]
INFO: [ app_begin ] --END-- [ RunTime:0.002717s ]
ERR: 无法加载控制器:Css

[ 2016-11-10T23:58:55+08:00 ] ::1 /EasyTalk/index.php/Home/images/lessonsale_point.png
INFO: [ app_init ] --START--
INFO: Run Behavior\BuildLiteBehavior [ RunTime:0.000072s ]
INFO: [ app_init ] --END-- [ RunTime:0.001258s ]

[ 2016-11-10T23:58:57+08:00 ] ::1 /EasyTalk/index.php/Home/images/easytalklogo.png
INFO: [ app_init ] --START--
INFO: Run Behavior\BuildLiteBehavior [ RunTime:0.000060s ]
INFO: [ app_init ] --END-- [ RunTime:0.001511s ]

[ 2016-11-10T23:59:16+08:00 ] ::1 /EasyTalk/index.php/Home/course/buyclass_france
INFO: [ app_init ] --START--
INFO: Run Behavior\BuildLiteBehavior [ RunTime:0.000074s ]
INFO: [ app_init ] --END-- [ RunTime:0.001352s ]
INFO: [ app_begin ] --START--
INFO: Run Behavior\ReadHtmlCacheBehavior [ RunTime:0.001777s ]
INFO: [ app_begin ] --END-- [ RunTime:0.002113s ]
ERR: 非法操作:buyclass_france

[ 2016-11-10T23:59:21+08:00 ] ::1 /EasyTalk/index.php/Home/course/buyclass_franch
INFO: [ app_init ] --START--
INFO: Run Behavior\BuildLiteBehavior [ RunTime:0.000063s ]
INFO: [ app_init ] --END-- [ RunTime:0.001258s ]
INFO: [ app_begin ] --START--
INFO: Run Behavior\ReadHtmlCacheBehavior [ RunTime:0.001946s ]
INFO: [ app_begin ] --END-- [ RunTime:0.002278s ]
ERR: 非法操作:buyclass_franch

[ 2016-11-10T23:59:24+08:00 ] ::1 /EasyTalk/index.php/Home/course/buyclass_french
INFO: [ app_init ] --START--
INFO: Run Behavior\BuildLiteBehavior [ RunTime:0.000062s ]
INFO: [ app_init ] --END-- [ RunTime:0.001279s ]
INFO: [ app_begin ] --START--
INFO: Run Behavior\ReadHtmlCacheBehavior [ RunTime:0.001639s ]
INFO: [ app_begin ] --END-- [ RunTime:0.002093s ]
INFO: [ view_parse ] --START--
INFO: [ template_filter ] --START--
INFO: Run Behavior\ContentReplaceBehavior [ RunTime:0.000131s ]
INFO: [ template_filter ] --END-- [ RunTime:0.000326s ]
INFO: Run Behavior\ParseTemplateBehavior [ RunTime:0.037260s ]
INFO: [ view_parse ] --END-- [ RunTime:0.038239s ]
INFO: [ view_filter ] --START--
INFO: Run Behavior\WriteHtmlCacheBehavior [ RunTime:0.001220s ]
INFO: [ view_filter ] --END-- [ RunTime:0.001558s ]
INFO: [ app_end ] --START--
INFO: Run Behavior\ShowPageTraceBehavior [ RunTime:0.001936s ]
INFO: [ app_end ] --END-- [ RunTime:0.002778s ]

[ 2016-11-10T23:59:30+08:00 ] ::1 /EasyTalk/index.php/Home/course/buyclass_french
INFO: [ app_init ] --START--
INFO: Run Behavior\BuildLiteBehavior [ RunTime:0.000111s ]
INFO: [ app_init ] --END-- [ RunTime:0.001821s ]
INFO: [ app_begin ] --START--
INFO: Run Behavior\ReadHtmlCacheBehavior [ RunTime:0.002101s ]
INFO: [ app_begin ] --END-- [ RunTime:0.003095s ]
INFO: [ view_parse ] --START--
INFO: [ template_filter ] --START--
INFO: Run Behavior\ContentReplaceBehavior [ RunTime:0.000233s ]
INFO: [ template_filter ] --END-- [ RunTime:0.000646s ]
INFO: Run Behavior\ParseTemplateBehavior [ RunTime:0.029409s ]
INFO: [ view_parse ] --END-- [ RunTime:0.029732s ]
INFO: [ view_filter ] --START--
INFO: Run Behavior\WriteHtmlCacheBehavior [ RunTime:0.001065s ]
INFO: [ view_filter ] --END-- [ RunTime:0.001299s ]
INFO: [ app_end ] --START--
INFO: Run Behavior\ShowPageTraceBehavior [ RunTime:0.002242s ]
INFO: [ app_end ] --END-- [ RunTime:0.002559s ]

