[ 2016-11-09T16:31:11+08:00 ] ::1 /EasyTalk/
INFO: [ app_init ] --START--
INFO: Run Behavior\BuildLiteBehavior [ RunTime:0.000040s ]
INFO: [ app_init ] --END-- [ RunTime:0.000821s ]
INFO: [ app_begin ] --START--
INFO: Run Behavior\ReadHtmlCacheBehavior [ RunTime:0.001255s ]
INFO: [ app_begin ] --END-- [ RunTime:0.001474s ]
NOTIC: [8] Undefined index: username D:\wamp\www\EasyTalk\Application\Home\Controller\IndexController.class.php 第 10 行.
ERR: 模板不存在:./Application/Home/View/Index/index.html

[ 2016-11-09T16:31:20+08:00 ] ::1 /EasyTalk/
INFO: [ app_init ] --START--
INFO: Run Behavior\BuildLiteBehavior [ RunTime:0.000038s ]
INFO: [ app_init ] --END-- [ RunTime:0.000732s ]
INFO: [ app_begin ] --START--
INFO: Run Behavior\ReadHtmlCacheBehavior [ RunTime:0.000866s ]
INFO: [ app_begin ] --END-- [ RunTime:0.001035s ]
NOTIC: [8] Undefined index: username D:\wamp\www\EasyTalk\Application\Home\Controller\IndexController.class.php 第 10 行.
ERR: 模板不存在:./Application/Home/View/Index/index.html

[ 2016-11-09T16:31:29+08:00 ] ::1 /EasyTalk/index.php/Home/pay/
INFO: [ app_init ] --START--
INFO: Run Behavior\BuildLiteBehavior [ RunTime:0.000063s ]
INFO: [ app_init ] --END-- [ RunTime:0.000825s ]
INFO: [ app_begin ] --START--
INFO: Run Behavior\ReadHtmlCacheBehavior [ RunTime:0.000966s ]
INFO: [ app_begin ] --END-- [ RunTime:0.001193s ]
ERR: 非法操作:index

[ 2016-11-09T16:31:45+08:00 ] ::1 /EasyTalk/index.php/Home/pay/
INFO: [ app_init ] --START--
INFO: Run Behavior\BuildLiteBehavior [ RunTime:0.000039s ]
INFO: [ app_init ] --END-- [ RunTime:0.000904s ]
INFO: [ app_begin ] --START--
INFO: Run Behavior\ReadHtmlCacheBehavior [ RunTime:0.000908s ]
INFO: [ app_begin ] --END-- [ RunTime:0.001081s ]
ERR: 非法操作:index

[ 2016-11-09T16:31:45+08:00 ] ::1 /EasyTalk/index.php/Home/pay/
INFO: [ app_init ] --START--
INFO: Run Behavior\BuildLiteBehavior [ RunTime:0.000056s ]
INFO: [ app_init ] --END-- [ RunTime:0.000845s ]
INFO: [ app_begin ] --START--
INFO: Run Behavior\ReadHtmlCacheBehavior [ RunTime:0.000982s ]
INFO: [ app_begin ] --END-- [ RunTime:0.001156s ]
ERR: 非法操作:index

[ 2016-11-09T16:31:46+08:00 ] ::1 /EasyTalk/index.php/Home/pay/
INFO: [ app_init ] --START--
INFO: Run Behavior\BuildLiteBehavior [ RunTime:0.000038s ]
INFO: [ app_init ] --END-- [ RunTime:0.000777s ]
INFO: [ app_begin ] --START--
INFO: Run Behavior\ReadHtmlCacheBehavior [ RunTime:0.000904s ]
INFO: [ app_begin ] --END-- [ RunTime:0.001080s ]
ERR: 非法操作:index

[ 2016-11-09T16:31:46+08:00 ] ::1 /EasyTalk/index.php/Home/pay/
INFO: [ app_init ] --START--
INFO: Run Behavior\BuildLiteBehavior [ RunTime:0.000038s ]
INFO: [ app_init ] --END-- [ RunTime:0.000785s ]
INFO: [ app_begin ] --START--
INFO: Run Behavior\ReadHtmlCacheBehavior [ RunTime:0.000927s ]
INFO: [ app_begin ] --END-- [ RunTime:0.001098s ]
ERR: 非法操作:index

[ 2016-11-09T16:31:47+08:00 ] ::1 /EasyTalk/index.php/Home/pay/
INFO: [ app_init ] --START--
INFO: Run Behavior\BuildLiteBehavior [ RunTime:0.000041s ]
INFO: [ app_init ] --END-- [ RunTime:0.000898s ]
INFO: [ app_begin ] --START--
INFO: Run Behavior\ReadHtmlCacheBehavior [ RunTime:0.000989s ]
INFO: [ app_begin ] --END-- [ RunTime:0.001219s ]
ERR: 非法操作:index

[ 2016-11-09T16:31:55+08:00 ] ::1 /EasyTalk/index.php/Home/pay/doalipay
INFO: [ app_init ] --START--
INFO: Run Behavior\BuildLiteBehavior [ RunTime:0.000037s ]
INFO: [ app_init ] --END-- [ RunTime:0.000737s ]
INFO: [ app_begin ] --START--
INFO: Run Behavior\ReadHtmlCacheBehavior [ RunTime:0.000943s ]
INFO: [ app_begin ] --END-- [ RunTime:0.001119s ]
NOTIC: [8] Undefined index: trade_no D:\wamp\www\EasyTalk\Application\Home\Controller\PayController.class.php 第 27 行.
NOTIC: [8] Undefined index: ordsubject D:\wamp\www\EasyTalk\Application\Home\Controller\PayController.class.php 第 28 行.
NOTIC: [8] Undefined index: ordtotal_fee D:\wamp\www\EasyTalk\Application\Home\Controller\PayController.class.php 第 29 行.
NOTIC: [8] Undefined index: ordbody D:\wamp\www\EasyTalk\Application\Home\Controller\PayController.class.php 第 30 行.
NOTIC: [8] Undefined index: ordshow_url D:\wamp\www\EasyTalk\Application\Home\Controller\PayController.class.php 第 31 行.

[ 2016-11-09T16:31:56+08:00 ] ::1 /EasyTalk/index.php/Home/pay/doalipay
INFO: [ app_init ] --START--
INFO: Run Behavior\BuildLiteBehavior [ RunTime:0.000066s ]
INFO: [ app_init ] --END-- [ RunTime:0.001796s ]
INFO: [ app_begin ] --START--
INFO: Run Behavior\ReadHtmlCacheBehavior [ RunTime:0.001408s ]
INFO: [ app_begin ] --END-- [ RunTime:0.001709s ]
NOTIC: [8] Undefined index: trade_no D:\wamp\www\EasyTalk\Application\Home\Controller\PayController.class.php 第 27 行.
NOTIC: [8] Undefined index: ordsubject D:\wamp\www\EasyTalk\Application\Home\Controller\PayController.class.php 第 28 行.
NOTIC: [8] Undefined index: ordtotal_fee D:\wamp\www\EasyTalk\Application\Home\Controller\PayController.class.php 第 29 行.
NOTIC: [8] Undefined index: ordbody D:\wamp\www\EasyTalk\Application\Home\Controller\PayController.class.php 第 30 行.
NOTIC: [8] Undefined index: ordshow_url D:\wamp\www\EasyTalk\Application\Home\Controller\PayController.class.php 第 31 行.

[ 2016-11-09T16:31:58+08:00 ] ::1 /EasyTalk/index.php/Home/pay/doalipay
INFO: [ app_init ] --START--
INFO: Run Behavior\BuildLiteBehavior [ RunTime:0.000096s ]
INFO: [ app_init ] --END-- [ RunTime:0.001499s ]
INFO: [ app_begin ] --START--
INFO: Run Behavior\ReadHtmlCacheBehavior [ RunTime:0.001390s ]
INFO: [ app_begin ] --END-- [ RunTime:0.001698s ]
NOTIC: [8] Undefined index: trade_no D:\wamp\www\EasyTalk\Application\Home\Controller\PayController.class.php 第 27 行.
NOTIC: [8] Undefined index: ordsubject D:\wamp\www\EasyTalk\Application\Home\Controller\PayController.class.php 第 28 行.
NOTIC: [8] Undefined index: ordtotal_fee D:\wamp\www\EasyTalk\Application\Home\Controller\PayController.class.php 第 29 行.
NOTIC: [8] Undefined index: ordbody D:\wamp\www\EasyTalk\Application\Home\Controller\PayController.class.php 第 30 行.
NOTIC: [8] Undefined index: ordshow_url D:\wamp\www\EasyTalk\Application\Home\Controller\PayController.class.php 第 31 行.

[ 2016-11-09T16:32:00+08:00 ] ::1 /EasyTalk/index.php/Home/pay/doalipay
INFO: [ app_init ] --START--
INFO: Run Behavior\BuildLiteBehavior [ RunTime:0.000038s ]
INFO: [ app_init ] --END-- [ RunTime:0.000823s ]
INFO: [ app_begin ] --START--
INFO: Run Behavior\ReadHtmlCacheBehavior [ RunTime:0.001392s ]
INFO: [ app_begin ] --END-- [ RunTime:0.001636s ]
NOTIC: [8] Undefined index: trade_no D:\wamp\www\EasyTalk\Application\Home\Controller\PayController.class.php 第 27 行.
NOTIC: [8] Undefined index: ordsubject D:\wamp\www\EasyTalk\Application\Home\Controller\PayController.class.php 第 28 行.
NOTIC: [8] Undefined index: ordtotal_fee D:\wamp\www\EasyTalk\Application\Home\Controller\PayController.class.php 第 29 行.
NOTIC: [8] Undefined index: ordbody D:\wamp\www\EasyTalk\Application\Home\Controller\PayController.class.php 第 30 行.
NOTIC: [8] Undefined index: ordshow_url D:\wamp\www\EasyTalk\Application\Home\Controller\PayController.class.php 第 31 行.

[ 2016-11-09T16:32:01+08:00 ] ::1 /EasyTalk/index.php/Home/pay/doalipay
INFO: [ app_init ] --START--
INFO: Run Behavior\BuildLiteBehavior [ RunTime:0.000038s ]
INFO: [ app_init ] --END-- [ RunTime:0.000754s ]
INFO: [ app_begin ] --START--
INFO: Run Behavior\ReadHtmlCacheBehavior [ RunTime:0.000917s ]
INFO: [ app_begin ] --END-- [ RunTime:0.001088s ]
NOTIC: [8] Undefined index: trade_no D:\wamp\www\EasyTalk\Application\Home\Controller\PayController.class.php 第 27 行.
NOTIC: [8] Undefined index: ordsubject D:\wamp\www\EasyTalk\Application\Home\Controller\PayController.class.php 第 28 行.
NOTIC: [8] Undefined index: ordtotal_fee D:\wamp\www\EasyTalk\Application\Home\Controller\PayController.class.php 第 29 行.
NOTIC: [8] Undefined index: ordbody D:\wamp\www\EasyTalk\Application\Home\Controller\PayController.class.php 第 30 行.
NOTIC: [8] Undefined index: ordshow_url D:\wamp\www\EasyTalk\Application\Home\Controller\PayController.class.php 第 31 行.

[ 2016-11-09T16:32:01+08:00 ] ::1 /EasyTalk/index.php/Home/pay/doalipay
INFO: [ app_init ] --START--
INFO: Run Behavior\BuildLiteBehavior [ RunTime:0.000039s ]
INFO: [ app_init ] --END-- [ RunTime:0.000761s ]
INFO: [ app_begin ] --START--
INFO: Run Behavior\ReadHtmlCacheBehavior [ RunTime:0.000876s ]
INFO: [ app_begin ] --END-- [ RunTime:0.001052s ]
NOTIC: [8] Undefined index: trade_no D:\wamp\www\EasyTalk\Application\Home\Controller\PayController.class.php 第 27 行.
NOTIC: [8] Undefined index: ordsubject D:\wamp\www\EasyTalk\Application\Home\Controller\PayController.class.php 第 28 行.
NOTIC: [8] Undefined index: ordtotal_fee D:\wamp\www\EasyTalk\Application\Home\Controller\PayController.class.php 第 29 行.
NOTIC: [8] Undefined index: ordbody D:\wamp\www\EasyTalk\Application\Home\Controller\PayController.class.php 第 30 行.
NOTIC: [8] Undefined index: ordshow_url D:\wamp\www\EasyTalk\Application\Home\Controller\PayController.class.php 第 31 行.

[ 2016-11-09T16:32:18+08:00 ] ::1 /EasyTalk/index.php/Home/pay/doalipay
INFO: [ app_init ] --START--
INFO: Run Behavior\BuildLiteBehavior [ RunTime:0.000038s ]
INFO: [ app_init ] --END-- [ RunTime:0.000779s ]
INFO: [ app_begin ] --START--
INFO: Run Behavior\ReadHtmlCacheBehavior [ RunTime:0.001234s ]
INFO: [ app_begin ] --END-- [ RunTime:0.001439s ]
NOTIC: [8] Undefined index: trade_no D:\wamp\www\EasyTalk\Application\Home\Controller\PayController.class.php 第 27 行.
NOTIC: [8] Undefined index: ordsubject D:\wamp\www\EasyTalk\Application\Home\Controller\PayController.class.php 第 28 行.
NOTIC: [8] Undefined index: ordtotal_fee D:\wamp\www\EasyTalk\Application\Home\Controller\PayController.class.php 第 29 行.
NOTIC: [8] Undefined index: ordbody D:\wamp\www\EasyTalk\Application\Home\Controller\PayController.class.php 第 30 行.
NOTIC: [8] Undefined index: ordshow_url D:\wamp\www\EasyTalk\Application\Home\Controller\PayController.class.php 第 31 行.

[ 2016-11-09T16:32:18+08:00 ] ::1 /EasyTalk/index.php/Home/pay/doalipay
INFO: [ app_init ] --START--
INFO: Run Behavior\BuildLiteBehavior [ RunTime:0.000041s ]
INFO: [ app_init ] --END-- [ RunTime:0.000793s ]
INFO: [ app_begin ] --START--
INFO: Run Behavior\ReadHtmlCacheBehavior [ RunTime:0.000941s ]
INFO: [ app_begin ] --END-- [ RunTime:0.001119s ]
NOTIC: [8] Undefined index: trade_no D:\wamp\www\EasyTalk\Application\Home\Controller\PayController.class.php 第 27 行.
NOTIC: [8] Undefined index: ordsubject D:\wamp\www\EasyTalk\Application\Home\Controller\PayController.class.php 第 28 行.
NOTIC: [8] Undefined index: ordtotal_fee D:\wamp\www\EasyTalk\Application\Home\Controller\PayController.class.php 第 29 行.
NOTIC: [8] Undefined index: ordbody D:\wamp\www\EasyTalk\Application\Home\Controller\PayController.class.php 第 30 行.
NOTIC: [8] Undefined index: ordshow_url D:\wamp\www\EasyTalk\Application\Home\Controller\PayController.class.php 第 31 行.

[ 2016-11-09T16:32:19+08:00 ] ::1 /EasyTalk/index.php/Home/pay/doalipay
INFO: [ app_init ] --START--
INFO: Run Behavior\BuildLiteBehavior [ RunTime:0.000039s ]
INFO: [ app_init ] --END-- [ RunTime:0.000763s ]
INFO: [ app_begin ] --START--
INFO: Run Behavior\ReadHtmlCacheBehavior [ RunTime:0.001246s ]
INFO: [ app_begin ] --END-- [ RunTime:0.001569s ]
NOTIC: [8] Undefined index: trade_no D:\wamp\www\EasyTalk\Application\Home\Controller\PayController.class.php 第 27 行.
NOTIC: [8] Undefined index: ordsubject D:\wamp\www\EasyTalk\Application\Home\Controller\PayController.class.php 第 28 行.
NOTIC: [8] Undefined index: ordtotal_fee D:\wamp\www\EasyTalk\Application\Home\Controller\PayController.class.php 第 29 行.
NOTIC: [8] Undefined index: ordbody D:\wamp\www\EasyTalk\Application\Home\Controller\PayController.class.php 第 30 行.
NOTIC: [8] Undefined index: ordshow_url D:\wamp\www\EasyTalk\Application\Home\Controller\PayController.class.php 第 31 行.

[ 2016-11-09T16:32:19+08:00 ] ::1 /EasyTalk/index.php/Home/pay/doalipay
INFO: [ app_init ] --START--
INFO: Run Behavior\BuildLiteBehavior [ RunTime:0.000053s ]
INFO: [ app_init ] --END-- [ RunTime:0.001032s ]
INFO: [ app_begin ] --START--
INFO: Run Behavior\ReadHtmlCacheBehavior [ RunTime:0.000920s ]
INFO: [ app_begin ] --END-- [ RunTime:0.001091s ]
NOTIC: [8] Undefined index: trade_no D:\wamp\www\EasyTalk\Application\Home\Controller\PayController.class.php 第 27 行.
NOTIC: [8] Undefined index: ordsubject D:\wamp\www\EasyTalk\Application\Home\Controller\PayController.class.php 第 28 行.
NOTIC: [8] Undefined index: ordtotal_fee D:\wamp\www\EasyTalk\Application\Home\Controller\PayController.class.php 第 29 行.
NOTIC: [8] Undefined index: ordbody D:\wamp\www\EasyTalk\Application\Home\Controller\PayController.class.php 第 30 行.
NOTIC: [8] Undefined index: ordshow_url D:\wamp\www\EasyTalk\Application\Home\Controller\PayController.class.php 第 31 行.

[ 2016-11-09T16:34:22+08:00 ] ::1 /EasyTalk/index.php/Home/pay/doalipay
INFO: [ app_init ] --START--
INFO: Run Behavior\BuildLiteBehavior [ RunTime:0.000056s ]
INFO: [ app_init ] --END-- [ RunTime:0.000960s ]
INFO: [ app_begin ] --START--
INFO: Run Behavior\ReadHtmlCacheBehavior [ RunTime:0.001130s ]
INFO: [ app_begin ] --END-- [ RunTime:0.001343s ]
NOTIC: [8] Undefined index: trade_no D:\wamp\www\EasyTalk\Application\Home\Controller\PayController.class.php 第 27 行.
NOTIC: [8] Undefined index: ordsubject D:\wamp\www\EasyTalk\Application\Home\Controller\PayController.class.php 第 28 行.
NOTIC: [8] Undefined index: ordtotal_fee D:\wamp\www\EasyTalk\Application\Home\Controller\PayController.class.php 第 29 行.
NOTIC: [8] Undefined index: ordbody D:\wamp\www\EasyTalk\Application\Home\Controller\PayController.class.php 第 30 行.
NOTIC: [8] Undefined index: ordshow_url D:\wamp\www\EasyTalk\Application\Home\Controller\PayController.class.php 第 31 行.

[ 2016-11-09T16:34:23+08:00 ] ::1 /EasyTalk/index.php/Home/pay/doalipay
INFO: [ app_init ] --START--
INFO: Run Behavior\BuildLiteBehavior [ RunTime:0.000064s ]
INFO: [ app_init ] --END-- [ RunTime:0.001228s ]
INFO: [ app_begin ] --START--
INFO: Run Behavior\ReadHtmlCacheBehavior [ RunTime:0.001525s ]
INFO: [ app_begin ] --END-- [ RunTime:0.001784s ]
NOTIC: [8] Undefined index: trade_no D:\wamp\www\EasyTalk\Application\Home\Controller\PayController.class.php 第 27 行.
NOTIC: [8] Undefined index: ordsubject D:\wamp\www\EasyTalk\Application\Home\Controller\PayController.class.php 第 28 行.
NOTIC: [8] Undefined index: ordtotal_fee D:\wamp\www\EasyTalk\Application\Home\Controller\PayController.class.php 第 29 行.
NOTIC: [8] Undefined index: ordbody D:\wamp\www\EasyTalk\Application\Home\Controller\PayController.class.php 第 30 行.
NOTIC: [8] Undefined index: ordshow_url D:\wamp\www\EasyTalk\Application\Home\Controller\PayController.class.php 第 31 行.

[ 2016-11-09T16:34:23+08:00 ] ::1 /EasyTalk/index.php/Home/pay/doalipay
INFO: [ app_init ] --START--
INFO: Run Behavior\BuildLiteBehavior [ RunTime:0.000040s ]
INFO: [ app_init ] --END-- [ RunTime:0.000778s ]
INFO: [ app_begin ] --START--
INFO: Run Behavior\ReadHtmlCacheBehavior [ RunTime:0.000855s ]
INFO: [ app_begin ] --END-- [ RunTime:0.001025s ]
NOTIC: [8] Undefined index: trade_no D:\wamp\www\EasyTalk\Application\Home\Controller\PayController.class.php 第 27 行.
NOTIC: [8] Undefined index: ordsubject D:\wamp\www\EasyTalk\Application\Home\Controller\PayController.class.php 第 28 行.
NOTIC: [8] Undefined index: ordtotal_fee D:\wamp\www\EasyTalk\Application\Home\Controller\PayController.class.php 第 29 行.
NOTIC: [8] Undefined index: ordbody D:\wamp\www\EasyTalk\Application\Home\Controller\PayController.class.php 第 30 行.
NOTIC: [8] Undefined index: ordshow_url D:\wamp\www\EasyTalk\Application\Home\Controller\PayController.class.php 第 31 行.

[ 2016-11-09T16:34:23+08:00 ] ::1 /EasyTalk/index.php/Home/pay/doalipay
INFO: [ app_init ] --START--
INFO: Run Behavior\BuildLiteBehavior [ RunTime:0.000042s ]
INFO: [ app_init ] --END-- [ RunTime:0.000765s ]
INFO: [ app_begin ] --START--
INFO: Run Behavior\ReadHtmlCacheBehavior [ RunTime:0.001017s ]
INFO: [ app_begin ] --END-- [ RunTime:0.001191s ]
NOTIC: [8] Undefined index: trade_no D:\wamp\www\EasyTalk\Application\Home\Controller\PayController.class.php 第 27 行.
NOTIC: [8] Undefined index: ordsubject D:\wamp\www\EasyTalk\Application\Home\Controller\PayController.class.php 第 28 行.
NOTIC: [8] Undefined index: ordtotal_fee D:\wamp\www\EasyTalk\Application\Home\Controller\PayController.class.php 第 29 行.
NOTIC: [8] Undefined index: ordbody D:\wamp\www\EasyTalk\Application\Home\Controller\PayController.class.php 第 30 行.
NOTIC: [8] Undefined index: ordshow_url D:\wamp\www\EasyTalk\Application\Home\Controller\PayController.class.php 第 31 行.

[ 2016-11-09T16:34:35+08:00 ] ::1 /EasyTalk/index.php/Home/pay/doalipay
INFO: [ app_init ] --START--
INFO: Run Behavior\BuildLiteBehavior [ RunTime:0.000050s ]
INFO: [ app_init ] --END-- [ RunTime:0.000764s ]
INFO: [ app_begin ] --START--
INFO: Run Behavior\ReadHtmlCacheBehavior [ RunTime:0.001293s ]
INFO: [ app_begin ] --END-- [ RunTime:0.001507s ]
NOTIC: [8] Undefined index: trade_no D:\wamp\www\EasyTalk\Application\Home\Controller\PayController.class.php 第 27 行.
NOTIC: [8] Undefined index: ordsubject D:\wamp\www\EasyTalk\Application\Home\Controller\PayController.class.php 第 28 行.
NOTIC: [8] Undefined index: ordtotal_fee D:\wamp\www\EasyTalk\Application\Home\Controller\PayController.class.php 第 29 行.
NOTIC: [8] Undefined index: ordbody D:\wamp\www\EasyTalk\Application\Home\Controller\PayController.class.php 第 30 行.
NOTIC: [8] Undefined index: ordshow_url D:\wamp\www\EasyTalk\Application\Home\Controller\PayController.class.php 第 31 行.

[ 2016-11-09T16:34:36+08:00 ] ::1 /EasyTalk/index.php/Home/pay/doalipay
INFO: [ app_init ] --START--
INFO: Run Behavior\BuildLiteBehavior [ RunTime:0.000040s ]
INFO: [ app_init ] --END-- [ RunTime:0.000845s ]
INFO: [ app_begin ] --START--
INFO: Run Behavior\ReadHtmlCacheBehavior [ RunTime:0.000897s ]
INFO: [ app_begin ] --END-- [ RunTime:0.001069s ]
NOTIC: [8] Undefined index: trade_no D:\wamp\www\EasyTalk\Application\Home\Controller\PayController.class.php 第 27 行.
NOTIC: [8] Undefined index: ordsubject D:\wamp\www\EasyTalk\Application\Home\Controller\PayController.class.php 第 28 行.
NOTIC: [8] Undefined index: ordtotal_fee D:\wamp\www\EasyTalk\Application\Home\Controller\PayController.class.php 第 29 行.
NOTIC: [8] Undefined index: ordbody D:\wamp\www\EasyTalk\Application\Home\Controller\PayController.class.php 第 30 行.
NOTIC: [8] Undefined index: ordshow_url D:\wamp\www\EasyTalk\Application\Home\Controller\PayController.class.php 第 31 行.

[ 2016-11-09T16:34:36+08:00 ] ::1 /EasyTalk/index.php/Home/pay/doalipay
INFO: [ app_init ] --START--
INFO: Run Behavior\BuildLiteBehavior [ RunTime:0.000039s ]
INFO: [ app_init ] --END-- [ RunTime:0.000776s ]
INFO: [ app_begin ] --START--
INFO: Run Behavior\ReadHtmlCacheBehavior [ RunTime:0.000944s ]
INFO: [ app_begin ] --END-- [ RunTime:0.001119s ]
NOTIC: [8] Undefined index: trade_no D:\wamp\www\EasyTalk\Application\Home\Controller\PayController.class.php 第 27 行.
NOTIC: [8] Undefined index: ordsubject D:\wamp\www\EasyTalk\Application\Home\Controller\PayController.class.php 第 28 行.
NOTIC: [8] Undefined index: ordtotal_fee D:\wamp\www\EasyTalk\Application\Home\Controller\PayController.class.php 第 29 行.
NOTIC: [8] Undefined index: ordbody D:\wamp\www\EasyTalk\Application\Home\Controller\PayController.class.php 第 30 行.
NOTIC: [8] Undefined index: ordshow_url D:\wamp\www\EasyTalk\Application\Home\Controller\PayController.class.php 第 31 行.

[ 2016-11-09T16:34:36+08:00 ] ::1 /EasyTalk/index.php/Home/pay/doalipay
INFO: [ app_init ] --START--
INFO: Run Behavior\BuildLiteBehavior [ RunTime:0.000063s ]
INFO: [ app_init ] --END-- [ RunTime:0.001155s ]
INFO: [ app_begin ] --START--
INFO: Run Behavior\ReadHtmlCacheBehavior [ RunTime:0.001360s ]
INFO: [ app_begin ] --END-- [ RunTime:0.001672s ]
NOTIC: [8] Undefined index: trade_no D:\wamp\www\EasyTalk\Application\Home\Controller\PayController.class.php 第 27 行.
NOTIC: [8] Undefined index: ordsubject D:\wamp\www\EasyTalk\Application\Home\Controller\PayController.class.php 第 28 行.
NOTIC: [8] Undefined index: ordtotal_fee D:\wamp\www\EasyTalk\Application\Home\Controller\PayController.class.php 第 29 行.
NOTIC: [8] Undefined index: ordbody D:\wamp\www\EasyTalk\Application\Home\Controller\PayController.class.php 第 30 行.
NOTIC: [8] Undefined index: ordshow_url D:\wamp\www\EasyTalk\Application\Home\Controller\PayController.class.php 第 31 行.

[ 2016-11-09T16:34:37+08:00 ] ::1 /EasyTalk/index.php/Home/pay/doalipay
INFO: [ app_init ] --START--
INFO: Run Behavior\BuildLiteBehavior [ RunTime:0.000102s ]
INFO: [ app_init ] --END-- [ RunTime:0.001290s ]
INFO: [ app_begin ] --START--
INFO: Run Behavior\ReadHtmlCacheBehavior [ RunTime:0.001432s ]
INFO: [ app_begin ] --END-- [ RunTime:0.001694s ]
NOTIC: [8] Undefined index: trade_no D:\wamp\www\EasyTalk\Application\Home\Controller\PayController.class.php 第 27 行.
NOTIC: [8] Undefined index: ordsubject D:\wamp\www\EasyTalk\Application\Home\Controller\PayController.class.php 第 28 行.
NOTIC: [8] Undefined index: ordtotal_fee D:\wamp\www\EasyTalk\Application\Home\Controller\PayController.class.php 第 29 行.
NOTIC: [8] Undefined index: ordbody D:\wamp\www\EasyTalk\Application\Home\Controller\PayController.class.php 第 30 行.
NOTIC: [8] Undefined index: ordshow_url D:\wamp\www\EasyTalk\Application\Home\Controller\PayController.class.php 第 31 行.

[ 2016-11-09T16:35:17+08:00 ] ::1 /EasyTalk/index.php/Home/pay/doalipay
INFO: [ app_init ] --START--
INFO: Run Behavior\BuildLiteBehavior [ RunTime:0.000063s ]
INFO: [ app_init ] --END-- [ RunTime:0.001145s ]
INFO: [ app_begin ] --START--
INFO: Run Behavior\ReadHtmlCacheBehavior [ RunTime:0.000889s ]
INFO: [ app_begin ] --END-- [ RunTime:0.001059s ]
NOTIC: [8] Undefined variable: alipay_config D:\wamp\www\EasyTalk\Application\Home\Controller\PayController.class.php 第 19 行.
NOTIC: [8] Undefined index: trade_no D:\wamp\www\EasyTalk\Application\Home\Controller\PayController.class.php 第 27 行.
NOTIC: [8] Undefined index: ordsubject D:\wamp\www\EasyTalk\Application\Home\Controller\PayController.class.php 第 28 行.
NOTIC: [8] Undefined index: ordtotal_fee D:\wamp\www\EasyTalk\Application\Home\Controller\PayController.class.php 第 29 行.
NOTIC: [8] Undefined index: ordbody D:\wamp\www\EasyTalk\Application\Home\Controller\PayController.class.php 第 30 行.
NOTIC: [8] Undefined index: ordshow_url D:\wamp\www\EasyTalk\Application\Home\Controller\PayController.class.php 第 31 行.

[ 2016-11-09T16:35:17+08:00 ] ::1 /EasyTalk/index.php/Home/pay/doalipay
INFO: [ app_init ] --START--
INFO: Run Behavior\BuildLiteBehavior [ RunTime:0.000042s ]
INFO: [ app_init ] --END-- [ RunTime:0.000921s ]
INFO: [ app_begin ] --START--
INFO: Run Behavior\ReadHtmlCacheBehavior [ RunTime:0.000914s ]
INFO: [ app_begin ] --END-- [ RunTime:0.001091s ]
NOTIC: [8] Undefined variable: alipay_config D:\wamp\www\EasyTalk\Application\Home\Controller\PayController.class.php 第 19 行.
NOTIC: [8] Undefined index: trade_no D:\wamp\www\EasyTalk\Application\Home\Controller\PayController.class.php 第 27 行.
NOTIC: [8] Undefined index: ordsubject D:\wamp\www\EasyTalk\Application\Home\Controller\PayController.class.php 第 28 行.
NOTIC: [8] Undefined index: ordtotal_fee D:\wamp\www\EasyTalk\Application\Home\Controller\PayController.class.php 第 29 行.
NOTIC: [8] Undefined index: ordbody D:\wamp\www\EasyTalk\Application\Home\Controller\PayController.class.php 第 30 行.
NOTIC: [8] Undefined index: ordshow_url D:\wamp\www\EasyTalk\Application\Home\Controller\PayController.class.php 第 31 行.

[ 2016-11-09T16:35:18+08:00 ] ::1 /EasyTalk/index.php/Home/pay/doalipay
INFO: [ app_init ] --START--
INFO: Run Behavior\BuildLiteBehavior [ RunTime:0.000041s ]
INFO: [ app_init ] --END-- [ RunTime:0.000871s ]
INFO: [ app_begin ] --START--
INFO: Run Behavior\ReadHtmlCacheBehavior [ RunTime:0.001061s ]
INFO: [ app_begin ] --END-- [ RunTime:0.001338s ]
NOTIC: [8] Undefined variable: alipay_config D:\wamp\www\EasyTalk\Application\Home\Controller\PayController.class.php 第 19 行.
NOTIC: [8] Undefined index: trade_no D:\wamp\www\EasyTalk\Application\Home\Controller\PayController.class.php 第 27 行.
NOTIC: [8] Undefined index: ordsubject D:\wamp\www\EasyTalk\Application\Home\Controller\PayController.class.php 第 28 行.
NOTIC: [8] Undefined index: ordtotal_fee D:\wamp\www\EasyTalk\Application\Home\Controller\PayController.class.php 第 29 行.
NOTIC: [8] Undefined index: ordbody D:\wamp\www\EasyTalk\Application\Home\Controller\PayController.class.php 第 30 行.
NOTIC: [8] Undefined index: ordshow_url D:\wamp\www\EasyTalk\Application\Home\Controller\PayController.class.php 第 31 行.

[ 2016-11-09T16:35:18+08:00 ] ::1 /EasyTalk/index.php/Home/pay/doalipay
INFO: [ app_init ] --START--
INFO: Run Behavior\BuildLiteBehavior [ RunTime:0.000039s ]
INFO: [ app_init ] --END-- [ RunTime:0.000724s ]
INFO: [ app_begin ] --START--
INFO: Run Behavior\ReadHtmlCacheBehavior [ RunTime:0.000942s ]
INFO: [ app_begin ] --END-- [ RunTime:0.001118s ]
NOTIC: [8] Undefined variable: alipay_config D:\wamp\www\EasyTalk\Application\Home\Controller\PayController.class.php 第 19 行.
NOTIC: [8] Undefined index: trade_no D:\wamp\www\EasyTalk\Application\Home\Controller\PayController.class.php 第 27 行.
NOTIC: [8] Undefined index: ordsubject D:\wamp\www\EasyTalk\Application\Home\Controller\PayController.class.php 第 28 行.
NOTIC: [8] Undefined index: ordtotal_fee D:\wamp\www\EasyTalk\Application\Home\Controller\PayController.class.php 第 29 行.
NOTIC: [8] Undefined index: ordbody D:\wamp\www\EasyTalk\Application\Home\Controller\PayController.class.php 第 30 行.
NOTIC: [8] Undefined index: ordshow_url D:\wamp\www\EasyTalk\Application\Home\Controller\PayController.class.php 第 31 行.

[ 2016-11-09T16:35:18+08:00 ] ::1 /EasyTalk/index.php/Home/pay/doalipay
INFO: [ app_init ] --START--
INFO: Run Behavior\BuildLiteBehavior [ RunTime:0.000067s ]
INFO: [ app_init ] --END-- [ RunTime:0.001231s ]
INFO: [ app_begin ] --START--
INFO: Run Behavior\ReadHtmlCacheBehavior [ RunTime:0.001428s ]
INFO: [ app_begin ] --END-- [ RunTime:0.001721s ]
NOTIC: [8] Undefined variable: alipay_config D:\wamp\www\EasyTalk\Application\Home\Controller\PayController.class.php 第 19 行.
NOTIC: [8] Undefined index: trade_no D:\wamp\www\EasyTalk\Application\Home\Controller\PayController.class.php 第 27 行.
NOTIC: [8] Undefined index: ordsubject D:\wamp\www\EasyTalk\Application\Home\Controller\PayController.class.php 第 28 行.
NOTIC: [8] Undefined index: ordtotal_fee D:\wamp\www\EasyTalk\Application\Home\Controller\PayController.class.php 第 29 行.
NOTIC: [8] Undefined index: ordbody D:\wamp\www\EasyTalk\Application\Home\Controller\PayController.class.php 第 30 行.
NOTIC: [8] Undefined index: ordshow_url D:\wamp\www\EasyTalk\Application\Home\Controller\PayController.class.php 第 31 行.

[ 2016-11-09T16:35:18+08:00 ] ::1 /EasyTalk/index.php/Home/pay/doalipay
INFO: [ app_init ] --START--
INFO: Run Behavior\BuildLiteBehavior [ RunTime:0.000055s ]
INFO: [ app_init ] --END-- [ RunTime:0.001026s ]
INFO: [ app_begin ] --START--
INFO: Run Behavior\ReadHtmlCacheBehavior [ RunTime:0.001418s ]
INFO: [ app_begin ] --END-- [ RunTime:0.001735s ]
NOTIC: [8] Undefined variable: alipay_config D:\wamp\www\EasyTalk\Application\Home\Controller\PayController.class.php 第 19 行.
NOTIC: [8] Undefined index: trade_no D:\wamp\www\EasyTalk\Application\Home\Controller\PayController.class.php 第 27 行.
NOTIC: [8] Undefined index: ordsubject D:\wamp\www\EasyTalk\Application\Home\Controller\PayController.class.php 第 28 行.
NOTIC: [8] Undefined index: ordtotal_fee D:\wamp\www\EasyTalk\Application\Home\Controller\PayController.class.php 第 29 行.
NOTIC: [8] Undefined index: ordbody D:\wamp\www\EasyTalk\Application\Home\Controller\PayController.class.php 第 30 行.
NOTIC: [8] Undefined index: ordshow_url D:\wamp\www\EasyTalk\Application\Home\Controller\PayController.class.php 第 31 行.

[ 2016-11-09T16:35:39+08:00 ] ::1 /EasyTalk/index.php/Home/pay/doalipay
INFO: [ app_init ] --START--
INFO: Run Behavior\BuildLiteBehavior [ RunTime:0.000062s ]
INFO: [ app_init ] --END-- [ RunTime:0.000804s ]
INFO: [ app_begin ] --START--
INFO: Run Behavior\ReadHtmlCacheBehavior [ RunTime:0.001087s ]
INFO: [ app_begin ] --END-- [ RunTime:0.001267s ]
NOTIC: [8] Undefined variable: alipay_config D:\wamp\www\EasyTalk\Application\Home\Controller\PayController.class.php 第 19 行.
NOTIC: [8] Undefined index: trade_no D:\wamp\www\EasyTalk\Application\Home\Controller\PayController.class.php 第 27 行.
NOTIC: [8] Undefined index: ordsubject D:\wamp\www\EasyTalk\Application\Home\Controller\PayController.class.php 第 28 行.
NOTIC: [8] Undefined index: ordtotal_fee D:\wamp\www\EasyTalk\Application\Home\Controller\PayController.class.php 第 29 行.
NOTIC: [8] Undefined index: ordbody D:\wamp\www\EasyTalk\Application\Home\Controller\PayController.class.php 第 30 行.
NOTIC: [8] Undefined index: ordshow_url D:\wamp\www\EasyTalk\Application\Home\Controller\PayController.class.php 第 31 行.

[ 2016-11-09T16:35:48+08:00 ] ::1 /EasyTalk/index.php/Home/pay/doalipay
INFO: [ app_init ] --START--
INFO: Run Behavior\BuildLiteBehavior [ RunTime:0.000049s ]
INFO: [ app_init ] --END-- [ RunTime:0.000792s ]
INFO: [ app_begin ] --START--
INFO: Run Behavior\ReadHtmlCacheBehavior [ RunTime:0.000893s ]
INFO: [ app_begin ] --END-- [ RunTime:0.001158s ]
NOTIC: [8] Undefined variable: alipay_config D:\wamp\www\EasyTalk\Application\Home\Controller\PayController.class.php 第 19 行.
NOTIC: [8] Undefined index: trade_no D:\wamp\www\EasyTalk\Application\Home\Controller\PayController.class.php 第 27 行.
NOTIC: [8] Undefined index: ordsubject D:\wamp\www\EasyTalk\Application\Home\Controller\PayController.class.php 第 28 行.
NOTIC: [8] Undefined index: ordtotal_fee D:\wamp\www\EasyTalk\Application\Home\Controller\PayController.class.php 第 29 行.
NOTIC: [8] Undefined index: ordbody D:\wamp\www\EasyTalk\Application\Home\Controller\PayController.class.php 第 30 行.
NOTIC: [8] Undefined index: ordshow_url D:\wamp\www\EasyTalk\Application\Home\Controller\PayController.class.php 第 31 行.
INFO: [ app_end ] --START--
INFO: Run Behavior\ShowPageTraceBehavior [ RunTime:0.034224s ]
INFO: [ app_end ] --END-- [ RunTime:0.034459s ]

[ 2016-11-09T16:36:01+08:00 ] ::1 /EasyTalk/index.php/Home/pay/
INFO: [ app_init ] --START--
INFO: Run Behavior\BuildLiteBehavior [ RunTime:0.000038s ]
INFO: [ app_init ] --END-- [ RunTime:0.000754s ]
INFO: [ app_begin ] --START--
INFO: Run Behavior\ReadHtmlCacheBehavior [ RunTime:0.000938s ]
INFO: [ app_begin ] --END-- [ RunTime:0.001125s ]
ERR: 非法操作:index

[ 2016-11-09T16:36:27+08:00 ] ::1 /EasyTalk/index.php/Home/pay/doalipay
INFO: [ app_init ] --START--
INFO: Run Behavior\BuildLiteBehavior [ RunTime:0.000056s ]
INFO: [ app_init ] --END-- [ RunTime:0.000865s ]
INFO: [ app_begin ] --START--
INFO: Run Behavior\ReadHtmlCacheBehavior [ RunTime:0.001032s ]
INFO: [ app_begin ] --END-- [ RunTime:0.001213s ]
NOTIC: [8] Undefined index: trade_no D:\wamp\www\EasyTalk\Application\Home\Controller\PayController.class.php 第 26 行.
NOTIC: [8] Undefined index: ordsubject D:\wamp\www\EasyTalk\Application\Home\Controller\PayController.class.php 第 27 行.
NOTIC: [8] Undefined index: ordtotal_fee D:\wamp\www\EasyTalk\Application\Home\Controller\PayController.class.php 第 28 行.
NOTIC: [8] Undefined index: ordbody D:\wamp\www\EasyTalk\Application\Home\Controller\PayController.class.php 第 29 行.
NOTIC: [8] Undefined index: ordshow_url D:\wamp\www\EasyTalk\Application\Home\Controller\PayController.class.php 第 30 行.
INFO: [ app_end ] --START--
INFO: Run Behavior\ShowPageTraceBehavior [ RunTime:0.001228s ]
INFO: [ app_end ] --END-- [ RunTime:0.001406s ]

[ 2016-11-09T16:36:30+08:00 ] ::1 /EasyTalk/index.php/Home/pay/
INFO: [ app_init ] --START--
INFO: Run Behavior\BuildLiteBehavior [ RunTime:0.000040s ]
INFO: [ app_init ] --END-- [ RunTime:0.000805s ]
INFO: [ app_begin ] --START--
INFO: Run Behavior\ReadHtmlCacheBehavior [ RunTime:0.001292s ]
INFO: [ app_begin ] --END-- [ RunTime:0.001559s ]
ERR: 非法操作:index

[ 2016-11-09T16:36:48+08:00 ] ::1 /EasyTalk/index.php/Home/pay/doalipay
INFO: [ app_init ] --START--
INFO: Run Behavior\BuildLiteBehavior [ RunTime:0.000064s ]
INFO: [ app_init ] --END-- [ RunTime:0.001112s ]
INFO: [ app_begin ] --START--
INFO: Run Behavior\ReadHtmlCacheBehavior [ RunTime:0.000912s ]
INFO: [ app_begin ] --END-- [ RunTime:0.001109s ]
NOTIC: [8] Undefined index: trade_no D:\wamp\www\EasyTalk\Application\Home\Controller\PayController.class.php 第 26 行.
NOTIC: [8] Undefined index: ordsubject D:\wamp\www\EasyTalk\Application\Home\Controller\PayController.class.php 第 27 行.
NOTIC: [8] Undefined index: ordtotal_fee D:\wamp\www\EasyTalk\Application\Home\Controller\PayController.class.php 第 28 行.
NOTIC: [8] Undefined index: ordbody D:\wamp\www\EasyTalk\Application\Home\Controller\PayController.class.php 第 29 行.
NOTIC: [8] Undefined index: ordshow_url D:\wamp\www\EasyTalk\Application\Home\Controller\PayController.class.php 第 30 行.
INFO: [ app_end ] --START--
INFO: Run Behavior\ShowPageTraceBehavior [ RunTime:0.001788s ]
INFO: [ app_end ] --END-- [ RunTime:0.002150s ]

[ 2016-11-09T16:37:26+08:00 ] ::1 /EasyTalk/index.php/Home/pay/
INFO: [ app_init ] --START--
INFO: Run Behavior\BuildLiteBehavior [ RunTime:0.000038s ]
INFO: [ app_init ] --END-- [ RunTime:0.000768s ]
INFO: [ app_begin ] --START--
INFO: Run Behavior\ReadHtmlCacheBehavior [ RunTime:0.000953s ]
INFO: [ app_begin ] --END-- [ RunTime:0.001144s ]
ERR: 非法操作:index

[ 2016-11-09T16:37:29+08:00 ] ::1 /EasyTalk/index.php/Home/pay/notifyurl
INFO: [ app_init ] --START--
INFO: Run Behavior\BuildLiteBehavior [ RunTime:0.000047s ]
INFO: [ app_init ] --END-- [ RunTime:0.001050s ]
INFO: [ app_begin ] --START--
INFO: Run Behavior\ReadHtmlCacheBehavior [ RunTime:0.001120s ]
INFO: [ app_begin ] --END-- [ RunTime:0.001367s ]

[ 2016-11-09T16:37:47+08:00 ] ::1 /EasyTalk/index.php/Home/pay/notifyurl
INFO: [ app_init ] --START--
INFO: Run Behavior\BuildLiteBehavior [ RunTime:0.000039s ]
INFO: [ app_init ] --END-- [ RunTime:0.000823s ]
INFO: [ app_begin ] --START--
INFO: Run Behavior\ReadHtmlCacheBehavior [ RunTime:0.000936s ]
INFO: [ app_begin ] --END-- [ RunTime:0.001155s ]

[ 2016-11-09T16:37:48+08:00 ] ::1 /EasyTalk/index.php/Home/pay/notifyurl
INFO: [ app_init ] --START--
INFO: Run Behavior\BuildLiteBehavior [ RunTime:0.000040s ]
INFO: [ app_init ] --END-- [ RunTime:0.000785s ]
INFO: [ app_begin ] --START--
INFO: Run Behavior\ReadHtmlCacheBehavior [ RunTime:0.001088s ]
INFO: [ app_begin ] --END-- [ RunTime:0.001331s ]

[ 2016-11-09T16:37:48+08:00 ] ::1 /EasyTalk/index.php/Home/pay/notifyurl
INFO: [ app_init ] --START--
INFO: Run Behavior\BuildLiteBehavior [ RunTime:0.000038s ]
INFO: [ app_init ] --END-- [ RunTime:0.000716s ]
INFO: [ app_begin ] --START--
INFO: Run Behavior\ReadHtmlCacheBehavior [ RunTime:0.002273s ]
INFO: [ app_begin ] --END-- [ RunTime:0.002537s ]

[ 2016-11-09T16:37:49+08:00 ] ::1 /EasyTalk/index.php/Home/pay/notifyurl
INFO: [ app_init ] --START--
INFO: Run Behavior\BuildLiteBehavior [ RunTime:0.000044s ]
INFO: [ app_init ] --END-- [ RunTime:0.000897s ]
INFO: [ app_begin ] --START--
INFO: Run Behavior\ReadHtmlCacheBehavior [ RunTime:0.001014s ]
INFO: [ app_begin ] --END-- [ RunTime:0.001212s ]

[ 2016-11-09T16:37:50+08:00 ] ::1 /EasyTalk/index.php/Home/pay/notifyurl
INFO: [ app_init ] --START--
INFO: Run Behavior\BuildLiteBehavior [ RunTime:0.000053s ]
INFO: [ app_init ] --END-- [ RunTime:0.001138s ]
INFO: [ app_begin ] --START--
INFO: Run Behavior\ReadHtmlCacheBehavior [ RunTime:0.001160s ]
INFO: [ app_begin ] --END-- [ RunTime:0.001367s ]

[ 2016-11-09T16:37:50+08:00 ] ::1 /EasyTalk/index.php/Home/pay/notifyurl
INFO: [ app_init ] --START--
INFO: Run Behavior\BuildLiteBehavior [ RunTime:0.000066s ]
INFO: [ app_init ] --END-- [ RunTime:0.001529s ]
INFO: [ app_begin ] --START--
INFO: Run Behavior\ReadHtmlCacheBehavior [ RunTime:0.001536s ]
INFO: [ app_begin ] --END-- [ RunTime:0.001874s ]

[ 2016-11-09T16:39:25+08:00 ] ::1 /EasyTalk/index.php/Home/pay/notifyurl
INFO: [ app_init ] --START--
INFO: Run Behavior\BuildLiteBehavior [ RunTime:0.000043s ]
INFO: [ app_init ] --END-- [ RunTime:0.001033s ]
INFO: [ app_begin ] --START--
INFO: Run Behavior\ReadHtmlCacheBehavior [ RunTime:0.001129s ]
INFO: [ app_begin ] --END-- [ RunTime:0.001329s ]

[ 2016-11-09T16:39:26+08:00 ] ::1 /EasyTalk/index.php/Home/pay/notifyurl
INFO: [ app_init ] --START--
INFO: Run Behavior\BuildLiteBehavior [ RunTime:0.000039s ]
INFO: [ app_init ] --END-- [ RunTime:0.000743s ]
INFO: [ app_begin ] --START--
INFO: Run Behavior\ReadHtmlCacheBehavior [ RunTime:0.000869s ]
INFO: [ app_begin ] --END-- [ RunTime:0.001041s ]

[ 2016-11-09T16:39:26+08:00 ] ::1 /EasyTalk/index.php/Home/pay/notifyurl
INFO: [ app_init ] --START--
INFO: Run Behavior\BuildLiteBehavior [ RunTime:0.000040s ]
INFO: [ app_init ] --END-- [ RunTime:0.000817s ]
INFO: [ app_begin ] --START--
INFO: Run Behavior\ReadHtmlCacheBehavior [ RunTime:0.001045s ]
INFO: [ app_begin ] --END-- [ RunTime:0.001222s ]

[ 2016-11-09T16:39:27+08:00 ] ::1 /EasyTalk/index.php/Home/pay/notifyurl
INFO: [ app_init ] --START--
INFO: Run Behavior\BuildLiteBehavior [ RunTime:0.000047s ]
INFO: [ app_init ] --END-- [ RunTime:0.001014s ]
INFO: [ app_begin ] --START--
INFO: Run Behavior\ReadHtmlCacheBehavior [ RunTime:0.001016s ]
INFO: [ app_begin ] --END-- [ RunTime:0.001193s ]

[ 2016-11-09T16:40:09+08:00 ] ::1 /EasyTalk/index.php/Home/pay/notifyurl
INFO: [ app_init ] --START--
INFO: Run Behavior\BuildLiteBehavior [ RunTime:0.000039s ]
INFO: [ app_init ] --END-- [ RunTime:0.000744s ]
INFO: [ app_begin ] --START--
INFO: Run Behavior\ReadHtmlCacheBehavior [ RunTime:0.000857s ]
INFO: [ app_begin ] --END-- [ RunTime:0.001025s ]
INFO: [ app_end ] --START--
INFO: Run Behavior\ShowPageTraceBehavior [ RunTime:0.001040s ]
INFO: [ app_end ] --END-- [ RunTime:0.001245s ]

[ 2016-11-09T16:40:11+08:00 ] ::1 /EasyTalk/index.php/Home/pay/notifyurl
INFO: [ app_init ] --START--
INFO: Run Behavior\BuildLiteBehavior [ RunTime:0.000046s ]
INFO: [ app_init ] --END-- [ RunTime:0.001010s ]
INFO: [ app_begin ] --START--
INFO: Run Behavior\ReadHtmlCacheBehavior [ RunTime:0.000999s ]
INFO: [ app_begin ] --END-- [ RunTime:0.001178s ]
INFO: [ app_end ] --START--
INFO: Run Behavior\ShowPageTraceBehavior [ RunTime:0.001040s ]
INFO: [ app_end ] --END-- [ RunTime:0.001231s ]

[ 2016-11-09T16:41:28+08:00 ] ::1 /EasyTalk/index.php/Home/pay/returnurl
INFO: [ app_init ] --START--
INFO: Run Behavior\BuildLiteBehavior [ RunTime:0.000060s ]
INFO: [ app_init ] --END-- [ RunTime:0.001315s ]
INFO: [ app_begin ] --START--
INFO: Run Behavior\ReadHtmlCacheBehavior [ RunTime:0.001764s ]
INFO: [ app_begin ] --END-- [ RunTime:0.002067s ]
INFO: [ app_end ] --START--
INFO: Run Behavior\ShowPageTraceBehavior [ RunTime:0.001434s ]
INFO: [ app_end ] --END-- [ RunTime:0.001878s ]

[ 2016-11-09T17:48:45+08:00 ] ::1 /EasyTalk/index.php/Home/quit
INFO: [ app_init ] --START--
INFO: Run Behavior\BuildLiteBehavior [ RunTime:0.000041s ]
INFO: [ app_init ] --END-- [ RunTime:0.000901s ]
INFO: [ app_begin ] --START--
INFO: Run Behavior\ReadHtmlCacheBehavior [ RunTime:0.001309s ]
INFO: [ app_begin ] --END-- [ RunTime:0.001531s ]
ERR: 无法加载控制器:Quit

[ 2016-11-09T17:48:57+08:00 ] ::1 /EasyTalk/index.php/Home/exercise/getQuit
INFO: [ app_init ] --START--
INFO: Run Behavior\BuildLiteBehavior [ RunTime:0.000054s ]
INFO: [ app_init ] --END-- [ RunTime:0.001094s ]
INFO: [ app_begin ] --START--
INFO: Run Behavior\ReadHtmlCacheBehavior [ RunTime:0.001786s ]
INFO: [ app_begin ] --END-- [ RunTime:0.002138s ]
ERR: 参数错误或者未定义:e_id

[ 2016-11-09T17:49:03+08:00 ] ::1 /EasyTalk/index.php/Home/exercise/getQuit/e_id/1
INFO: [ app_init ] --START--
INFO: Run Behavior\BuildLiteBehavior [ RunTime:0.000044s ]
INFO: [ app_init ] --END-- [ RunTime:0.000869s ]
INFO: [ app_begin ] --START--
INFO: Run Behavior\ReadHtmlCacheBehavior [ RunTime:0.001707s ]
INFO: [ app_begin ] --END-- [ RunTime:0.002064s ]
ERR: 1146:Table 'easytalk.quit' doesn't exist
 [ SQL语句 ] : SHOW COLUMNS FROM `quit`
ERR: 1146:Table 'easytalk.quit' doesn't exist
 [ SQL语句 ] : SHOW COLUMNS FROM `quit`

[ 2016-11-09T17:50:06+08:00 ] ::1 /EasyTalk/index.php/Home/exercise/getQuit/e_id/1
INFO: [ app_init ] --START--
INFO: Run Behavior\BuildLiteBehavior [ RunTime:0.000063s ]
INFO: [ app_init ] --END-- [ RunTime:0.001013s ]
INFO: [ app_begin ] --START--
INFO: Run Behavior\ReadHtmlCacheBehavior [ RunTime:0.001125s ]
INFO: [ app_begin ] --END-- [ RunTime:0.001337s ]

[ 2016-11-09T17:50:15+08:00 ] ::1 /EasyTalk/index.php/Home/exercise/getQuit/e_id/1
INFO: [ app_init ] --START--
INFO: Run Behavior\BuildLiteBehavior [ RunTime:0.000043s ]
INFO: [ app_init ] --END-- [ RunTime:0.002002s ]
INFO: [ app_begin ] --START--
INFO: Run Behavior\ReadHtmlCacheBehavior [ RunTime:0.001074s ]
INFO: [ app_begin ] --END-- [ RunTime:0.001278s ]
SQL: SHOW COLUMNS FROM `quiz` [ RunTime:0.0108s ]
SQL: SHOW COLUMNS FROM `quiz` [ RunTime:0.0125s ]
SQL: SELECT * FROM `quiz` WHERE `e_id` = 1  [ RunTime:0.0009s ]
NOTIC: [8] Undefined variable: wholeQuiz D:\wamp\www\EasyTalk\Application\Home\Controller\ExerciseController.class.php 第 22 行.
INFO: [ app_end ] --START--
INFO: Run Behavior\ShowPageTraceBehavior [ RunTime:0.001863s ]
INFO: [ app_end ] --END-- [ RunTime:0.002132s ]

[ 2016-11-09T17:50:17+08:00 ] ::1 /EasyTalk/index.php/Home/exercise/getQuit/e_id/1
INFO: [ app_init ] --START--
INFO: Run Behavior\BuildLiteBehavior [ RunTime:0.000053s ]
INFO: [ app_init ] --END-- [ RunTime:0.001309s ]
INFO: [ app_begin ] --START--
INFO: Run Behavior\ReadHtmlCacheBehavior [ RunTime:0.001161s ]
INFO: [ app_begin ] --END-- [ RunTime:0.001368s ]
SQL: SHOW COLUMNS FROM `quiz` [ RunTime:0.1448s ]
SQL: SHOW COLUMNS FROM `quiz` [ RunTime:0.0065s ]
SQL: SELECT * FROM `quiz` WHERE `e_id` = 1  [ RunTime:0.0006s ]
NOTIC: [8] Undefined variable: wholeQuiz D:\wamp\www\EasyTalk\Application\Home\Controller\ExerciseController.class.php 第 22 行.
INFO: [ app_end ] --START--
INFO: Run Behavior\ShowPageTraceBehavior [ RunTime:0.002354s ]
INFO: [ app_end ] --END-- [ RunTime:0.002643s ]

[ 2016-11-09T17:50:41+08:00 ] ::1 /EasyTalk/index.php/Home/exercise/getQuit/e_id/1
INFO: [ app_init ] --START--
INFO: Run Behavior\BuildLiteBehavior [ RunTime:0.000058s ]
INFO: [ app_init ] --END-- [ RunTime:0.001197s ]
INFO: [ app_begin ] --START--
INFO: Run Behavior\ReadHtmlCacheBehavior [ RunTime:0.001763s ]
INFO: [ app_begin ] --END-- [ RunTime:0.002089s ]
SQL: SHOW COLUMNS FROM `quiz` [ RunTime:0.0081s ]
SQL: SHOW COLUMNS FROM `quiz` [ RunTime:0.0078s ]
SQL: SELECT * FROM `quiz` WHERE `e_id` = 1  [ RunTime:0.0007s ]
NOTIC: [8] Undefined variable: wholeQuiz D:\wamp\www\EasyTalk\Application\Home\Controller\ExerciseController.class.php 第 22 行.
INFO: [ app_end ] --START--
INFO: Run Behavior\ShowPageTraceBehavior [ RunTime:0.001762s ]
INFO: [ app_end ] --END-- [ RunTime:0.002070s ]

[ 2016-11-09T17:51:06+08:00 ] ::1 /EasyTalk/index.php/Home/exercise/getQuit/e_id/1
INFO: [ app_init ] --START--
INFO: Run Behavior\BuildLiteBehavior [ RunTime:0.000038s ]
INFO: [ app_init ] --END-- [ RunTime:0.000890s ]
INFO: [ app_begin ] --START--
INFO: Run Behavior\ReadHtmlCacheBehavior [ RunTime:0.001192s ]
INFO: [ app_begin ] --END-- [ RunTime:0.001384s ]
SQL: SHOW COLUMNS FROM `quiz` [ RunTime:0.0057s ]
SQL: SHOW COLUMNS FROM `quiz` [ RunTime:0.0064s ]
SQL: SELECT * FROM `quiz` WHERE `e_id` = 1  [ RunTime:0.0004s ]
INFO: [ app_end ] --START--
INFO: Run Behavior\ShowPageTraceBehavior [ RunTime:0.001572s ]
INFO: [ app_end ] --END-- [ RunTime:0.001841s ]

[ 2016-11-09T17:51:15+08:00 ] ::1 /EasyTalk/index.php/Home/exercise/getQuit/e_id/1
INFO: [ app_init ] --START--
INFO: Run Behavior\BuildLiteBehavior [ RunTime:0.000080s ]
INFO: [ app_init ] --END-- [ RunTime:0.001328s ]
INFO: [ app_begin ] --START--
INFO: Run Behavior\ReadHtmlCacheBehavior [ RunTime:0.001742s ]
INFO: [ app_begin ] --END-- [ RunTime:0.002059s ]
SQL: SHOW COLUMNS FROM `quiz` [ RunTime:0.0081s ]
SQL: SHOW COLUMNS FROM `quiz` [ RunTime:0.0067s ]
SQL: SELECT * FROM `quiz` WHERE `e_id` = 1  [ RunTime:0.0005s ]
INFO: [ app_end ] --START--
INFO: Run Behavior\ShowPageTraceBehavior [ RunTime:0.001819s ]
INFO: [ app_end ] --END-- [ RunTime:0.002082s ]

[ 2016-11-09T17:51:19+08:00 ] ::1 /EasyTalk/index.php/Home/exercise/getQuit/e_id/1
INFO: [ app_init ] --START--
INFO: Run Behavior\BuildLiteBehavior [ RunTime:0.000040s ]
INFO: [ app_init ] --END-- [ RunTime:0.000874s ]
INFO: [ app_begin ] --START--
INFO: Run Behavior\ReadHtmlCacheBehavior [ RunTime:0.001952s ]
INFO: [ app_begin ] --END-- [ RunTime:0.002239s ]
SQL: SHOW COLUMNS FROM `quiz` [ RunTime:0.0055s ]
SQL: SHOW COLUMNS FROM `quiz` [ RunTime:0.0063s ]
SQL: SELECT * FROM `quiz` WHERE `e_id` = 1  [ RunTime:0.0005s ]
INFO: [ app_end ] --START--
INFO: Run Behavior\ShowPageTraceBehavior [ RunTime:0.001340s ]
INFO: [ app_end ] --END-- [ RunTime:0.001540s ]

[ 2016-11-09T17:53:21+08:00 ] ::1 /EasyTalk/index.php/Home/exercise/getQuit/e_id/1
INFO: [ app_init ] --START--
INFO: Run Behavior\BuildLiteBehavior [ RunTime:0.000042s ]
INFO: [ app_init ] --END-- [ RunTime:0.000914s ]
INFO: [ app_begin ] --START--
INFO: Run Behavior\ReadHtmlCacheBehavior [ RunTime:0.002105s ]
INFO: [ app_begin ] --END-- [ RunTime:0.002452s ]
SQL: SHOW COLUMNS FROM `quiz` [ RunTime:0.1051s ]
SQL: SHOW COLUMNS FROM `quiz` [ RunTime:0.0060s ]
SQL: SELECT * FROM `quiz` WHERE `e_id` = 1  [ RunTime:0.0006s ]
INFO: [ app_end ] --START--
INFO: Run Behavior\ShowPageTraceBehavior [ RunTime:0.001929s ]
INFO: [ app_end ] --END-- [ RunTime:0.002222s ]

[ 2016-11-09T17:53:31+08:00 ] ::1 /EasyTalk/index.php/Home/exercise/getQuit/e_id/1
INFO: [ app_init ] --START--
INFO: Run Behavior\BuildLiteBehavior [ RunTime:0.000040s ]
INFO: [ app_init ] --END-- [ RunTime:0.000841s ]
INFO: [ app_begin ] --START--
INFO: Run Behavior\ReadHtmlCacheBehavior [ RunTime:0.001500s ]
INFO: [ app_begin ] --END-- [ RunTime:0.001736s ]
SQL: SHOW COLUMNS FROM `quiz` [ RunTime:0.0061s ]
SQL: SHOW COLUMNS FROM `quiz` [ RunTime:0.0052s ]
SQL: SELECT * FROM `quiz` WHERE `e_id` = 1  [ RunTime:0.0005s ]
INFO: [ app_end ] --START--
INFO: Run Behavior\ShowPageTraceBehavior [ RunTime:0.001296s ]
INFO: [ app_end ] --END-- [ RunTime:0.001494s ]

[ 2016-11-09T17:56:34+08:00 ] ::1 /EasyTalk/index.php/Home/exercise/getQuit/e_id/1
INFO: [ app_init ] --START--
INFO: Run Behavior\BuildLiteBehavior [ RunTime:0.000040s ]
INFO: [ app_init ] --END-- [ RunTime:0.000931s ]
INFO: [ app_begin ] --START--
INFO: Run Behavior\ReadHtmlCacheBehavior [ RunTime:0.001161s ]
INFO: [ app_begin ] --END-- [ RunTime:0.001354s ]
SQL: SHOW COLUMNS FROM `quiz` [ RunTime:0.0083s ]
SQL: SHOW COLUMNS FROM `quiz` [ RunTime:0.0053s ]
SQL: SELECT * FROM `quiz` WHERE `e_id` = 1 GROUP BY dati  [ RunTime:0.1458s ]
INFO: [ app_end ] --START--
INFO: Run Behavior\ShowPageTraceBehavior [ RunTime:0.002080s ]
INFO: [ app_end ] --END-- [ RunTime:0.002474s ]

[ 2016-11-09T17:57:16+08:00 ] ::1 /EasyTalk/index.php/Home/exercise/getQuit/e_id/1
INFO: [ app_init ] --START--
INFO: Run Behavior\BuildLiteBehavior [ RunTime:0.000059s ]
INFO: [ app_init ] --END-- [ RunTime:0.001254s ]
INFO: [ app_begin ] --START--
INFO: Run Behavior\ReadHtmlCacheBehavior [ RunTime:0.001341s ]
INFO: [ app_begin ] --END-- [ RunTime:0.001543s ]
SQL: SHOW COLUMNS FROM `quiz` [ RunTime:0.0058s ]
SQL: SHOW COLUMNS FROM `quiz` [ RunTime:0.0049s ]
SQL: SELECT COUNT(*) AS tp_count FROM `quiz` WHERE `e_id` = 1 GROUP BY dati LIMIT 1   [ RunTime:0.0005s ]
INFO: [ app_end ] --START--
INFO: Run Behavior\ShowPageTraceBehavior [ RunTime:0.001325s ]
INFO: [ app_end ] --END-- [ RunTime:0.001517s ]

[ 2016-11-09T17:58:33+08:00 ] ::1 /EasyTalk/index.php/Home/exercise/getQuit/e_id/1
INFO: [ app_init ] --START--
INFO: Run Behavior\BuildLiteBehavior [ RunTime:0.000042s ]
INFO: [ app_init ] --END-- [ RunTime:0.001227s ]
INFO: [ app_begin ] --START--
INFO: Run Behavior\ReadHtmlCacheBehavior [ RunTime:0.001060s ]
INFO: [ app_begin ] --END-- [ RunTime:0.001260s ]
SQL: SHOW COLUMNS FROM `quiz` [ RunTime:0.0864s ]
SQL: SHOW COLUMNS FROM `quiz` [ RunTime:0.0076s ]
SQL: SELECT COUNT(*) AS tp_count FROM `quiz` WHERE `e_id` = 1 GROUP BY dati LIMIT 1   [ RunTime:0.0008s ]
INFO: [ app_end ] --START--
INFO: Run Behavior\ShowPageTraceBehavior [ RunTime:0.001435s ]
INFO: [ app_end ] --END-- [ RunTime:0.001668s ]

[ 2016-11-09T17:58:34+08:00 ] ::1 /EasyTalk/index.php/Home/exercise/getQuit/e_id/1
INFO: [ app_init ] --START--
INFO: Run Behavior\BuildLiteBehavior [ RunTime:0.000108s ]
INFO: [ app_init ] --END-- [ RunTime:0.001197s ]
INFO: [ app_begin ] --START--
INFO: Run Behavior\ReadHtmlCacheBehavior [ RunTime:0.001193s ]
INFO: [ app_begin ] --END-- [ RunTime:0.001389s ]
SQL: SHOW COLUMNS FROM `quiz` [ RunTime:0.0058s ]
SQL: SHOW COLUMNS FROM `quiz` [ RunTime:0.0057s ]
SQL: SELECT COUNT(*) AS tp_count FROM `quiz` WHERE `e_id` = 1 GROUP BY dati LIMIT 1   [ RunTime:0.0006s ]
INFO: [ app_end ] --START--
INFO: Run Behavior\ShowPageTraceBehavior [ RunTime:0.001315s ]
INFO: [ app_end ] --END-- [ RunTime:0.001512s ]

[ 2016-11-09T17:58:34+08:00 ] ::1 /EasyTalk/index.php/Home/exercise/getQuit/e_id/1
INFO: [ app_init ] --START--
INFO: Run Behavior\BuildLiteBehavior [ RunTime:0.000063s ]
INFO: [ app_init ] --END-- [ RunTime:0.001252s ]
INFO: [ app_begin ] --START--
INFO: Run Behavior\ReadHtmlCacheBehavior [ RunTime:0.001471s ]
INFO: [ app_begin ] --END-- [ RunTime:0.001801s ]
SQL: SHOW COLUMNS FROM `quiz` [ RunTime:0.0055s ]
SQL: SHOW COLUMNS FROM `quiz` [ RunTime:0.0078s ]
SQL: SELECT COUNT(*) AS tp_count FROM `quiz` WHERE `e_id` = 1 GROUP BY dati LIMIT 1   [ RunTime:0.0005s ]
INFO: [ app_end ] --START--
INFO: Run Behavior\ShowPageTraceBehavior [ RunTime:0.001234s ]
INFO: [ app_end ] --END-- [ RunTime:0.001423s ]

[ 2016-11-09T17:58:39+08:00 ] ::1 /EasyTalk/index.php/Home/exercise/getQuit/e_id/1
INFO: [ app_init ] --START--
INFO: Run Behavior\BuildLiteBehavior [ RunTime:0.000040s ]
INFO: [ app_init ] --END-- [ RunTime:0.000831s ]
INFO: [ app_begin ] --START--
INFO: Run Behavior\ReadHtmlCacheBehavior [ RunTime:0.001564s ]
INFO: [ app_begin ] --END-- [ RunTime:0.001842s ]
SQL: SHOW COLUMNS FROM `quiz` [ RunTime:0.0059s ]
SQL: SHOW COLUMNS FROM `quiz` [ RunTime:0.0058s ]
SQL: SELECT COUNT(*) AS tp_count FROM `quiz` WHERE `e_id` = 1 GROUP BY dati LIMIT 1   [ RunTime:0.0009s ]
INFO: [ app_end ] --START--
INFO: Run Behavior\ShowPageTraceBehavior [ RunTime:0.001327s ]
INFO: [ app_end ] --END-- [ RunTime:0.001545s ]

[ 2016-11-09T17:58:39+08:00 ] ::1 /EasyTalk/index.php/Home/exercise/getQuit/e_id/1
INFO: [ app_init ] --START--
INFO: Run Behavior\BuildLiteBehavior [ RunTime:0.000044s ]
INFO: [ app_init ] --END-- [ RunTime:0.000944s ]
INFO: [ app_begin ] --START--
INFO: Run Behavior\ReadHtmlCacheBehavior [ RunTime:0.001649s ]
INFO: [ app_begin ] --END-- [ RunTime:0.001872s ]
SQL: SHOW COLUMNS FROM `quiz` [ RunTime:0.0071s ]
SQL: SHOW COLUMNS FROM `quiz` [ RunTime:0.0066s ]
SQL: SELECT COUNT(*) AS tp_count FROM `quiz` WHERE `e_id` = 1 GROUP BY dati LIMIT 1   [ RunTime:0.0007s ]
INFO: [ app_end ] --START--
INFO: Run Behavior\ShowPageTraceBehavior [ RunTime:0.001351s ]
INFO: [ app_end ] --END-- [ RunTime:0.001544s ]

[ 2016-11-09T18:00:41+08:00 ] ::1 /EasyTalk/index.php/Home/exercise/getQuit/e_id/1
INFO: [ app_init ] --START--
INFO: Run Behavior\BuildLiteBehavior [ RunTime:0.000041s ]
INFO: [ app_init ] --END-- [ RunTime:0.000938s ]
INFO: [ app_begin ] --START--
INFO: Run Behavior\ReadHtmlCacheBehavior [ RunTime:0.001131s ]
INFO: [ app_begin ] --END-- [ RunTime:0.001325s ]
SQL: SHOW COLUMNS FROM `quiz` [ RunTime:0.0056s ]
SQL: SHOW COLUMNS FROM `quiz` [ RunTime:0.0053s ]
SQL: SELECT COUNT(*) AS tp_count FROM `quiz` WHERE `e_id` = 1 GROUP BY dati LIMIT 1   [ RunTime:0.0006s ]
INFO: [ app_end ] --START--
INFO: Run Behavior\ShowPageTraceBehavior [ RunTime:0.001327s ]
INFO: [ app_end ] --END-- [ RunTime:0.001517s ]

[ 2016-11-09T18:00:42+08:00 ] ::1 /EasyTalk/index.php/Home/exercise/getQuit/e_id/1
INFO: [ app_init ] --START--
INFO: Run Behavior\BuildLiteBehavior [ RunTime:0.000042s ]
INFO: [ app_init ] --END-- [ RunTime:0.000936s ]
INFO: [ app_begin ] --START--
INFO: Run Behavior\ReadHtmlCacheBehavior [ RunTime:0.001455s ]
INFO: [ app_begin ] --END-- [ RunTime:0.001708s ]
SQL: SHOW COLUMNS FROM `quiz` [ RunTime:0.0051s ]
SQL: SHOW COLUMNS FROM `quiz` [ RunTime:0.0065s ]
SQL: SELECT COUNT(*) AS tp_count FROM `quiz` WHERE `e_id` = 1 GROUP BY dati LIMIT 1   [ RunTime:0.0007s ]
INFO: [ app_end ] --START--
INFO: Run Behavior\ShowPageTraceBehavior [ RunTime:0.001822s ]
INFO: [ app_end ] --END-- [ RunTime:0.002172s ]

[ 2016-11-09T18:00:42+08:00 ] ::1 /EasyTalk/index.php/Home/exercise/getQuit/e_id/1
INFO: [ app_init ] --START--
INFO: Run Behavior\BuildLiteBehavior [ RunTime:0.000042s ]
INFO: [ app_init ] --END-- [ RunTime:0.001177s ]
INFO: [ app_begin ] --START--
INFO: Run Behavior\ReadHtmlCacheBehavior [ RunTime:0.001873s ]
INFO: [ app_begin ] --END-- [ RunTime:0.002298s ]
SQL: SHOW COLUMNS FROM `quiz` [ RunTime:0.0060s ]
SQL: SHOW COLUMNS FROM `quiz` [ RunTime:0.0058s ]
SQL: SELECT COUNT(*) AS tp_count FROM `quiz` WHERE `e_id` = 1 GROUP BY dati LIMIT 1   [ RunTime:0.0005s ]
INFO: [ app_end ] --START--
INFO: Run Behavior\ShowPageTraceBehavior [ RunTime:0.001273s ]
INFO: [ app_end ] --END-- [ RunTime:0.001461s ]

[ 2016-11-09T18:00:42+08:00 ] ::1 /EasyTalk/index.php/Home/exercise/getQuit/e_id/1
INFO: [ app_init ] --START--
INFO: Run Behavior\BuildLiteBehavior [ RunTime:0.000042s ]
INFO: [ app_init ] --END-- [ RunTime:0.000942s ]
INFO: [ app_begin ] --START--
INFO: Run Behavior\ReadHtmlCacheBehavior [ RunTime:0.001180s ]
INFO: [ app_begin ] --END-- [ RunTime:0.001387s ]
SQL: SHOW COLUMNS FROM `quiz` [ RunTime:0.0051s ]
SQL: SHOW COLUMNS FROM `quiz` [ RunTime:0.0065s ]
SQL: SELECT COUNT(*) AS tp_count FROM `quiz` WHERE `e_id` = 1 GROUP BY dati LIMIT 1   [ RunTime:0.0009s ]
INFO: [ app_end ] --START--
INFO: Run Behavior\ShowPageTraceBehavior [ RunTime:0.001356s ]
INFO: [ app_end ] --END-- [ RunTime:0.001555s ]

[ 2016-11-09T18:00:59+08:00 ] ::1 /EasyTalk/index.php/Home/exercise/getQuit/e_id/1
INFO: [ app_init ] --START--
INFO: Run Behavior\BuildLiteBehavior [ RunTime:0.000040s ]
INFO: [ app_init ] --END-- [ RunTime:0.000889s ]
INFO: [ app_begin ] --START--
INFO: Run Behavior\ReadHtmlCacheBehavior [ RunTime:0.001022s ]
INFO: [ app_begin ] --END-- [ RunTime:0.001212s ]
SQL: SHOW COLUMNS FROM `quiz` [ RunTime:0.0052s ]
SQL: SHOW COLUMNS FROM `quiz` [ RunTime:0.0061s ]
SQL: SELECT COUNT(*) AS tp_count FROM `quiz` WHERE `e_id` = 1 GROUP BY dati LIMIT 1   [ RunTime:0.0006s ]
INFO: [ app_end ] --START--
INFO: Run Behavior\ShowPageTraceBehavior [ RunTime:0.001228s ]
INFO: [ app_end ] --END-- [ RunTime:0.001418s ]

[ 2016-11-09T18:01:11+08:00 ] ::1 /EasyTalk/index.php/Home/exercise/getQuit/e_id/1
INFO: [ app_init ] --START--
INFO: Run Behavior\BuildLiteBehavior [ RunTime:0.000038s ]
INFO: [ app_init ] --END-- [ RunTime:0.000820s ]
INFO: [ app_begin ] --START--
INFO: Run Behavior\ReadHtmlCacheBehavior [ RunTime:0.001921s ]
INFO: [ app_begin ] --END-- [ RunTime:0.002286s ]
SQL: SHOW COLUMNS FROM `quiz` [ RunTime:0.0059s ]
SQL: SHOW COLUMNS FROM `quiz` [ RunTime:0.0053s ]
SQL: SELECT COUNT(*) AS tp_count FROM `quiz` WHERE `e_id` = 1 GROUP BY dati LIMIT 1   [ RunTime:0.0008s ]
INFO: [ app_end ] --START--
INFO: Run Behavior\ShowPageTraceBehavior [ RunTime:0.001258s ]
INFO: [ app_end ] --END-- [ RunTime:0.001451s ]

[ 2016-11-09T18:01:51+08:00 ] ::1 /EasyTalk/index.php/Home/exercise/getQuit/e_id/1
INFO: [ app_init ] --START--
INFO: Run Behavior\BuildLiteBehavior [ RunTime:0.000039s ]
INFO: [ app_init ] --END-- [ RunTime:0.000978s ]
INFO: [ app_begin ] --START--
INFO: Run Behavior\ReadHtmlCacheBehavior [ RunTime:0.001188s ]
INFO: [ app_begin ] --END-- [ RunTime:0.001405s ]
SQL: SHOW COLUMNS FROM `quiz` [ RunTime:0.0355s ]
SQL: SHOW COLUMNS FROM `quiz` [ RunTime:0.0057s ]
SQL: SELECT COUNT(*) AS tp_count FROM `quiz` WHERE `e_id` = 1 GROUP BY dati LIMIT 1   [ RunTime:0.0006s ]
INFO: [ app_end ] --START--
INFO: Run Behavior\ShowPageTraceBehavior [ RunTime:0.001439s ]
INFO: [ app_end ] --END-- [ RunTime:0.001661s ]

[ 2016-11-09T18:01:52+08:00 ] ::1 /EasyTalk/index.php/Home/exercise/getQuit/e_id/1
INFO: [ app_init ] --START--
INFO: Run Behavior\BuildLiteBehavior [ RunTime:0.000047s ]
INFO: [ app_init ] --END-- [ RunTime:0.000921s ]
INFO: [ app_begin ] --START--
INFO: Run Behavior\ReadHtmlCacheBehavior [ RunTime:0.001111s ]
INFO: [ app_begin ] --END-- [ RunTime:0.001334s ]
SQL: SHOW COLUMNS FROM `quiz` [ RunTime:0.0063s ]
SQL: SHOW COLUMNS FROM `quiz` [ RunTime:0.0051s ]
SQL: SELECT COUNT(*) AS tp_count FROM `quiz` WHERE `e_id` = 1 GROUP BY dati LIMIT 1   [ RunTime:0.0009s ]
INFO: [ app_end ] --START--
INFO: Run Behavior\ShowPageTraceBehavior [ RunTime:0.001062s ]
INFO: [ app_end ] --END-- [ RunTime:0.001250s ]

[ 2016-11-09T18:01:53+08:00 ] ::1 /EasyTalk/index.php/Home/exercise/getQuit/e_id/1
INFO: [ app_init ] --START--
INFO: Run Behavior\BuildLiteBehavior [ RunTime:0.000039s ]
INFO: [ app_init ] --END-- [ RunTime:0.000994s ]
INFO: [ app_begin ] --START--
INFO: Run Behavior\ReadHtmlCacheBehavior [ RunTime:0.001000s ]
INFO: [ app_begin ] --END-- [ RunTime:0.001224s ]
SQL: SHOW COLUMNS FROM `quiz` [ RunTime:0.0052s ]
SQL: SHOW COLUMNS FROM `quiz` [ RunTime:0.0052s ]
SQL: SELECT COUNT(*) AS tp_count FROM `quiz` WHERE `e_id` = 1 GROUP BY dati LIMIT 1   [ RunTime:0.0005s ]
INFO: [ app_end ] --START--
INFO: Run Behavior\ShowPageTraceBehavior [ RunTime:0.001059s ]
INFO: [ app_end ] --END-- [ RunTime:0.001246s ]

[ 2016-11-09T18:01:53+08:00 ] ::1 /EasyTalk/index.php/Home/exercise/getQuit/e_id/1
INFO: [ app_init ] --START--
INFO: Run Behavior\BuildLiteBehavior [ RunTime:0.000039s ]
INFO: [ app_init ] --END-- [ RunTime:0.000798s ]
INFO: [ app_begin ] --START--
INFO: Run Behavior\ReadHtmlCacheBehavior [ RunTime:0.000974s ]
INFO: [ app_begin ] --END-- [ RunTime:0.001184s ]
SQL: SHOW COLUMNS FROM `quiz` [ RunTime:0.0079s ]
SQL: SHOW COLUMNS FROM `quiz` [ RunTime:0.0066s ]
SQL: SELECT COUNT(*) AS tp_count FROM `quiz` WHERE `e_id` = 1 GROUP BY dati LIMIT 1   [ RunTime:0.0006s ]
INFO: [ app_end ] --START--
INFO: Run Behavior\ShowPageTraceBehavior [ RunTime:0.001074s ]
INFO: [ app_end ] --END-- [ RunTime:0.001282s ]

[ 2016-11-09T18:02:29+08:00 ] ::1 /EasyTalk/index.php/Home/exercise/getQuit/e_id/1
INFO: [ app_init ] --START--
INFO: Run Behavior\BuildLiteBehavior [ RunTime:0.000063s ]
INFO: [ app_init ] --END-- [ RunTime:0.001181s ]
INFO: [ app_begin ] --START--
INFO: Run Behavior\ReadHtmlCacheBehavior [ RunTime:0.001177s ]
INFO: [ app_begin ] --END-- [ RunTime:0.001387s ]
SQL: SHOW COLUMNS FROM `quiz` [ RunTime:0.0897s ]
SQL: SHOW COLUMNS FROM `quiz` [ RunTime:0.0057s ]
SQL: SELECT COUNT(*) AS tp_count FROM `quiz` WHERE `e_id` = 1 GROUP BY dati LIMIT 1   [ RunTime:0.0006s ]
INFO: [ app_end ] --START--
INFO: Run Behavior\ShowPageTraceBehavior [ RunTime:0.001081s ]
INFO: [ app_end ] --END-- [ RunTime:0.001290s ]

[ 2016-11-09T18:02:30+08:00 ] ::1 /EasyTalk/index.php/Home/exercise/getQuit/e_id/1
INFO: [ app_init ] --START--
INFO: Run Behavior\BuildLiteBehavior [ RunTime:0.000041s ]
INFO: [ app_init ] --END-- [ RunTime:0.000815s ]
INFO: [ app_begin ] --START--
INFO: Run Behavior\ReadHtmlCacheBehavior [ RunTime:0.000918s ]
INFO: [ app_begin ] --END-- [ RunTime:0.001103s ]
SQL: SHOW COLUMNS FROM `quiz` [ RunTime:0.0051s ]
SQL: SHOW COLUMNS FROM `quiz` [ RunTime:0.0070s ]
SQL: SELECT COUNT(*) AS tp_count FROM `quiz` WHERE `e_id` = 1 GROUP BY dati LIMIT 1   [ RunTime:0.0015s ]
INFO: [ app_end ] --START--
INFO: Run Behavior\ShowPageTraceBehavior [ RunTime:0.001137s ]
INFO: [ app_end ] --END-- [ RunTime:0.001335s ]

[ 2016-11-09T18:02:30+08:00 ] ::1 /EasyTalk/index.php/Home/exercise/getQuit/e_id/1
INFO: [ app_init ] --START--
INFO: Run Behavior\BuildLiteBehavior [ RunTime:0.000043s ]
INFO: [ app_init ] --END-- [ RunTime:0.000832s ]
INFO: [ app_begin ] --START--
INFO: Run Behavior\ReadHtmlCacheBehavior [ RunTime:0.001758s ]
INFO: [ app_begin ] --END-- [ RunTime:0.002130s ]
SQL: SHOW COLUMNS FROM `quiz` [ RunTime:0.0051s ]
SQL: SHOW COLUMNS FROM `quiz` [ RunTime:0.0048s ]
SQL: SELECT COUNT(*) AS tp_count FROM `quiz` WHERE `e_id` = 1 GROUP BY dati LIMIT 1   [ RunTime:0.0005s ]
INFO: [ app_end ] --START--
INFO: Run Behavior\ShowPageTraceBehavior [ RunTime:0.001485s ]
INFO: [ app_end ] --END-- [ RunTime:0.001761s ]

[ 2016-11-09T18:02:30+08:00 ] ::1 /EasyTalk/index.php/Home/exercise/getQuit/e_id/1
INFO: [ app_init ] --START--
INFO: Run Behavior\BuildLiteBehavior [ RunTime:0.000039s ]
INFO: [ app_init ] --END-- [ RunTime:0.000782s ]
INFO: [ app_begin ] --START--
INFO: Run Behavior\ReadHtmlCacheBehavior [ RunTime:0.001049s ]
INFO: [ app_begin ] --END-- [ RunTime:0.001358s ]
SQL: SHOW COLUMNS FROM `quiz` [ RunTime:0.0081s ]
SQL: SHOW COLUMNS FROM `quiz` [ RunTime:0.0074s ]
SQL: SELECT COUNT(*) AS tp_count FROM `quiz` WHERE `e_id` = 1 GROUP BY dati LIMIT 1   [ RunTime:0.0007s ]
INFO: [ app_end ] --START--
INFO: Run Behavior\ShowPageTraceBehavior [ RunTime:0.001502s ]
INFO: [ app_end ] --END-- [ RunTime:0.001773s ]

[ 2016-11-09T18:02:31+08:00 ] ::1 /EasyTalk/index.php/Home/exercise/getQuit/e_id/1
INFO: [ app_init ] --START--
INFO: Run Behavior\BuildLiteBehavior [ RunTime:0.000041s ]
INFO: [ app_init ] --END-- [ RunTime:0.000784s ]
INFO: [ app_begin ] --START--
INFO: Run Behavior\ReadHtmlCacheBehavior [ RunTime:0.000996s ]
INFO: [ app_begin ] --END-- [ RunTime:0.001199s ]
SQL: SHOW COLUMNS FROM `quiz` [ RunTime:0.0050s ]
SQL: SHOW COLUMNS FROM `quiz` [ RunTime:0.0053s ]
SQL: SELECT COUNT(*) AS tp_count FROM `quiz` WHERE `e_id` = 1 GROUP BY dati LIMIT 1   [ RunTime:0.0006s ]
INFO: [ app_end ] --START--
INFO: Run Behavior\ShowPageTraceBehavior [ RunTime:0.001506s ]
INFO: [ app_end ] --END-- [ RunTime:0.001752s ]

[ 2016-11-09T18:02:31+08:00 ] ::1 /EasyTalk/index.php/Home/exercise/getQuit/e_id/1
INFO: [ app_init ] --START--
INFO: Run Behavior\BuildLiteBehavior [ RunTime:0.000041s ]
INFO: [ app_init ] --END-- [ RunTime:0.000947s ]
INFO: [ app_begin ] --START--
INFO: Run Behavior\ReadHtmlCacheBehavior [ RunTime:0.001611s ]
INFO: [ app_begin ] --END-- [ RunTime:0.001964s ]
SQL: SHOW COLUMNS FROM `quiz` [ RunTime:0.0061s ]
SQL: SHOW COLUMNS FROM `quiz` [ RunTime:0.0066s ]
SQL: SELECT COUNT(*) AS tp_count FROM `quiz` WHERE `e_id` = 1 GROUP BY dati LIMIT 1   [ RunTime:0.0005s ]
INFO: [ app_end ] --START--
INFO: Run Behavior\ShowPageTraceBehavior [ RunTime:0.001070s ]
INFO: [ app_end ] --END-- [ RunTime:0.001256s ]

[ 2016-11-09T18:02:31+08:00 ] ::1 /EasyTalk/index.php/Home/exercise/getQuit/e_id/1
INFO: [ app_init ] --START--
INFO: Run Behavior\BuildLiteBehavior [ RunTime:0.000074s ]
INFO: [ app_init ] --END-- [ RunTime:0.001275s ]
INFO: [ app_begin ] --START--
INFO: Run Behavior\ReadHtmlCacheBehavior [ RunTime:0.001466s ]
INFO: [ app_begin ] --END-- [ RunTime:0.001836s ]
SQL: SHOW COLUMNS FROM `quiz` [ RunTime:0.0060s ]
SQL: SHOW COLUMNS FROM `quiz` [ RunTime:0.0053s ]
SQL: SELECT COUNT(*) AS tp_count FROM `quiz` WHERE `e_id` = 1 GROUP BY dati LIMIT 1   [ RunTime:0.0005s ]
INFO: [ app_end ] --START--
INFO: Run Behavior\ShowPageTraceBehavior [ RunTime:0.001367s ]
INFO: [ app_end ] --END-- [ RunTime:0.001613s ]

[ 2016-11-09T18:04:35+08:00 ] ::1 /EasyTalk/index.php/Home/exercise/getQuit/e_id/1
INFO: [ app_init ] --START--
INFO: Run Behavior\BuildLiteBehavior [ RunTime:0.000043s ]
INFO: [ app_init ] --END-- [ RunTime:0.001105s ]
INFO: [ app_begin ] --START--
INFO: Run Behavior\ReadHtmlCacheBehavior [ RunTime:0.001149s ]
INFO: [ app_begin ] --END-- [ RunTime:0.001430s ]
SQL: SHOW COLUMNS FROM `quiz` [ RunTime:0.0336s ]
SQL: select dati,sum(xiaoti) as total from quiz where e_id=1 group by dati [ RunTime:0.1027s ]
INFO: [ app_end ] --START--
INFO: Run Behavior\ShowPageTraceBehavior [ RunTime:0.003840s ]
INFO: [ app_end ] --END-- [ RunTime:0.004602s ]

[ 2016-11-09T18:05:23+08:00 ] ::1 /EasyTalk/index.php/Home/exercise/getQuit/e_id/1
INFO: [ app_init ] --START--
INFO: Run Behavior\BuildLiteBehavior [ RunTime:0.000040s ]
INFO: [ app_init ] --END-- [ RunTime:0.001050s ]
INFO: [ app_begin ] --START--
INFO: Run Behavior\ReadHtmlCacheBehavior [ RunTime:0.000927s ]
INFO: [ app_begin ] --END-- [ RunTime:0.001119s ]
SQL: SHOW COLUMNS FROM `quiz` [ RunTime:0.0060s ]
SQL: select dati,count(xiaoti) as total from quiz where e_id=1 group by dati [ RunTime:0.0006s ]
INFO: [ app_end ] --START--
INFO: Run Behavior\ShowPageTraceBehavior [ RunTime:0.001085s ]
INFO: [ app_end ] --END-- [ RunTime:0.001283s ]

[ 2016-11-09T18:06:32+08:00 ] ::1 /EasyTalk/index.php/Home/exercise/getQuit/e_id/1
INFO: [ app_init ] --START--
INFO: Run Behavior\BuildLiteBehavior [ RunTime:0.000040s ]
INFO: [ app_init ] --END-- [ RunTime:0.000809s ]
INFO: [ app_begin ] --START--
INFO: Run Behavior\ReadHtmlCacheBehavior [ RunTime:0.001037s ]
INFO: [ app_begin ] --END-- [ RunTime:0.001245s ]
SQL: SHOW COLUMNS FROM `quiz` [ RunTime:0.0066s ]
SQL: select dati,count(xiaoti) as total from quiz where e_id=1 group by dati [ RunTime:0.0005s ]
INFO: [ app_end ] --START--
INFO: Run Behavior\ShowPageTraceBehavior [ RunTime:0.001044s ]
INFO: [ app_end ] --END-- [ RunTime:0.001236s ]

[ 2016-11-09T18:06:33+08:00 ] ::1 /EasyTalk/index.php/Home/exercise/getQuit/e_id/1
INFO: [ app_init ] --START--
INFO: Run Behavior\BuildLiteBehavior [ RunTime:0.000040s ]
INFO: [ app_init ] --END-- [ RunTime:0.000812s ]
INFO: [ app_begin ] --START--
INFO: Run Behavior\ReadHtmlCacheBehavior [ RunTime:0.001191s ]
INFO: [ app_begin ] --END-- [ RunTime:0.001389s ]
SQL: SHOW COLUMNS FROM `quiz` [ RunTime:0.0054s ]
SQL: select dati,count(xiaoti) as total from quiz where e_id=1 group by dati [ RunTime:0.0005s ]
INFO: [ app_end ] --START--
INFO: Run Behavior\ShowPageTraceBehavior [ RunTime:0.001026s ]
INFO: [ app_end ] --END-- [ RunTime:0.001219s ]

[ 2016-11-09T18:06:33+08:00 ] ::1 /EasyTalk/index.php/Home/exercise/getQuit/e_id/1
INFO: [ app_init ] --START--
INFO: Run Behavior\BuildLiteBehavior [ RunTime:0.000063s ]
INFO: [ app_init ] --END-- [ RunTime:0.001137s ]
INFO: [ app_begin ] --START--
INFO: Run Behavior\ReadHtmlCacheBehavior [ RunTime:0.001353s ]
INFO: [ app_begin ] --END-- [ RunTime:0.001630s ]
SQL: SHOW COLUMNS FROM `quiz` [ RunTime:0.0064s ]
SQL: select dati,count(xiaoti) as total from quiz where e_id=1 group by dati [ RunTime:0.0006s ]
INFO: [ app_end ] --START--
INFO: Run Behavior\ShowPageTraceBehavior [ RunTime:0.001048s ]
INFO: [ app_end ] --END-- [ RunTime:0.001274s ]

[ 2016-11-09T18:06:41+08:00 ] ::1 /EasyTalk/index.php/Home/exercise/getQuit/e_id/2
INFO: [ app_init ] --START--
INFO: Run Behavior\BuildLiteBehavior [ RunTime:0.000040s ]
INFO: [ app_init ] --END-- [ RunTime:0.000910s ]
INFO: [ app_begin ] --START--
INFO: Run Behavior\ReadHtmlCacheBehavior [ RunTime:0.003928s ]
INFO: [ app_begin ] --END-- [ RunTime:0.004216s ]
SQL: SHOW COLUMNS FROM `quiz` [ RunTime:0.0096s ]
SQL: select dati,count(xiaoti) as total from quiz where e_id=2 group by dati [ RunTime:0.0010s ]
INFO: [ app_end ] --START--
INFO: Run Behavior\ShowPageTraceBehavior [ RunTime:0.001827s ]
INFO: [ app_end ] --END-- [ RunTime:0.002176s ]

[ 2016-11-09T18:06:49+08:00 ] ::1 /EasyTalk/index.php/Home/exercise/getQuit/e_id/1
INFO: [ app_init ] --START--
INFO: Run Behavior\BuildLiteBehavior [ RunTime:0.000041s ]
INFO: [ app_init ] --END-- [ RunTime:0.000748s ]
INFO: [ app_begin ] --START--
INFO: Run Behavior\ReadHtmlCacheBehavior [ RunTime:0.000882s ]
INFO: [ app_begin ] --END-- [ RunTime:0.001069s ]
SQL: SHOW COLUMNS FROM `quiz` [ RunTime:0.0066s ]
SQL: select dati,count(xiaoti) as total from quiz where e_id=1 group by dati [ RunTime:0.0007s ]
INFO: [ app_end ] --START--
INFO: Run Behavior\ShowPageTraceBehavior [ RunTime:0.001083s ]
INFO: [ app_end ] --END-- [ RunTime:0.001367s ]

[ 2016-11-09T18:10:35+08:00 ] ::1 /EasyTalk/index.php/Home/exercise/getQuit/e_id/1
INFO: [ app_init ] --START--
INFO: Run Behavior\BuildLiteBehavior [ RunTime:0.000040s ]
INFO: [ app_init ] --END-- [ RunTime:0.000838s ]
INFO: [ app_begin ] --START--
INFO: Run Behavior\ReadHtmlCacheBehavior [ RunTime:0.001063s ]
INFO: [ app_begin ] --END-- [ RunTime:0.001258s ]
SQL: SHOW COLUMNS FROM `quiz` [ RunTime:0.2512s ]
SQL: select dati from quiz where e_id=1 group by dati [ RunTime:0.0013s ]
INFO: [ app_end ] --START--
INFO: Run Behavior\ShowPageTraceBehavior [ RunTime:0.002640s ]
INFO: [ app_end ] --END-- [ RunTime:0.003144s ]

[ 2016-11-09T18:10:44+08:00 ] ::1 /EasyTalk/index.php/Home/exercise/getQuit/e_id/1
INFO: [ app_init ] --START--
INFO: Run Behavior\BuildLiteBehavior [ RunTime:0.000039s ]
INFO: [ app_init ] --END-- [ RunTime:0.000752s ]
INFO: [ app_begin ] --START--
INFO: Run Behavior\ReadHtmlCacheBehavior [ RunTime:0.000868s ]
INFO: [ app_begin ] --END-- [ RunTime:0.001057s ]
SQL: SHOW COLUMNS FROM `quiz` [ RunTime:0.0054s ]
SQL: select dati from quiz where e_id=1 group by dati [ RunTime:0.0005s ]
INFO: [ app_end ] --START--
INFO: Run Behavior\ShowPageTraceBehavior [ RunTime:0.001062s ]
INFO: [ app_end ] --END-- [ RunTime:0.001251s ]

[ 2016-11-09T18:11:07+08:00 ] ::1 /EasyTalk/index.php/Home/exercise/getQuit/e_id/1
INFO: [ app_init ] --START--
INFO: Run Behavior\BuildLiteBehavior [ RunTime:0.000040s ]
INFO: [ app_init ] --END-- [ RunTime:0.000780s ]
INFO: [ app_begin ] --START--
INFO: Run Behavior\ReadHtmlCacheBehavior [ RunTime:0.000882s ]
INFO: [ app_begin ] --END-- [ RunTime:0.001066s ]
SQL: SHOW COLUMNS FROM `quiz` [ RunTime:0.0061s ]
SQL: select count(dati) as total from quiz where e_id=1 group by dati [ RunTime:0.0007s ]
INFO: [ app_end ] --START--
INFO: Run Behavior\ShowPageTraceBehavior [ RunTime:0.001178s ]
INFO: [ app_end ] --END-- [ RunTime:0.001369s ]

[ 2016-11-09T18:11:20+08:00 ] ::1 /EasyTalk/index.php/Home/exercise/getQuit/e_id/1
INFO: [ app_init ] --START--
INFO: Run Behavior\BuildLiteBehavior [ RunTime:0.000039s ]
INFO: [ app_init ] --END-- [ RunTime:0.000818s ]
INFO: [ app_begin ] --START--
INFO: Run Behavior\ReadHtmlCacheBehavior [ RunTime:0.000927s ]
INFO: [ app_begin ] --END-- [ RunTime:0.001113s ]
SQL: SHOW COLUMNS FROM `quiz` [ RunTime:0.0054s ]
SQL: select dati from quiz where e_id=1 group by dati [ RunTime:0.0005s ]
INFO: [ app_end ] --START--
INFO: Run Behavior\ShowPageTraceBehavior [ RunTime:0.001024s ]
INFO: [ app_end ] --END-- [ RunTime:0.001214s ]

[ 2016-11-09T18:12:27+08:00 ] ::1 /EasyTalk/index.php/Home/exercise/getQuit/e_id/1
INFO: [ app_init ] --START--
INFO: Run Behavior\BuildLiteBehavior [ RunTime:0.000039s ]
INFO: [ app_init ] --END-- [ RunTime:0.000780s ]
INFO: [ app_begin ] --START--
INFO: Run Behavior\ReadHtmlCacheBehavior [ RunTime:0.000894s ]
INFO: [ app_begin ] --END-- [ RunTime:0.001081s ]
SQL: SHOW COLUMNS FROM `quiz` [ RunTime:0.1062s ]
SQL: SHOW COLUMNS FROM `quiz` [ RunTime:0.0108s ]
SQL: SELECT DISTINCT  COUNT(*) AS tp_count FROM `quiz` WHERE `e_id` = 1 LIMIT 1   [ RunTime:0.0006s ]
INFO: [ app_end ] --START--
INFO: Run Behavior\ShowPageTraceBehavior [ RunTime:0.001602s ]
INFO: [ app_end ] --END-- [ RunTime:0.001865s ]

[ 2016-11-09T18:12:56+08:00 ] ::1 /EasyTalk/index.php/Home/exercise/getQuit/e_id/1
INFO: [ app_init ] --START--
INFO: Run Behavior\BuildLiteBehavior [ RunTime:0.000041s ]
INFO: [ app_init ] --END-- [ RunTime:0.000863s ]
INFO: [ app_begin ] --START--
INFO: Run Behavior\ReadHtmlCacheBehavior [ RunTime:0.001111s ]
INFO: [ app_begin ] --END-- [ RunTime:0.001314s ]
SQL: SHOW COLUMNS FROM `quiz` [ RunTime:0.0768s ]
SQL: SHOW COLUMNS FROM `quiz` [ RunTime:0.0058s ]
SQL: SELECT DISTINCT  COUNT(*) AS tp_count FROM `quiz` WHERE `e_id` = 1 LIMIT 1   [ RunTime:0.0004s ]
INFO: [ app_end ] --START--
INFO: Run Behavior\ShowPageTraceBehavior [ RunTime:0.001304s ]
INFO: [ app_end ] --END-- [ RunTime:0.001516s ]

[ 2016-11-09T18:12:58+08:00 ] ::1 /EasyTalk/index.php/Home/exercise/getQuit/e_id/1
INFO: [ app_init ] --START--
INFO: Run Behavior\BuildLiteBehavior [ RunTime:0.000069s ]
INFO: [ app_init ] --END-- [ RunTime:0.001673s ]
INFO: [ app_begin ] --START--
INFO: Run Behavior\ReadHtmlCacheBehavior [ RunTime:0.001403s ]
INFO: [ app_begin ] --END-- [ RunTime:0.001746s ]
SQL: SHOW COLUMNS FROM `quiz` [ RunTime:0.6169s ]
SQL: SHOW COLUMNS FROM `quiz` [ RunTime:0.0052s ]
SQL: SELECT DISTINCT  COUNT(*) AS tp_count FROM `quiz` WHERE `e_id` = 1 LIMIT 1   [ RunTime:0.0004s ]
INFO: [ app_end ] --START--
INFO: Run Behavior\ShowPageTraceBehavior [ RunTime:0.001154s ]
INFO: [ app_end ] --END-- [ RunTime:0.001399s ]

[ 2016-11-09T18:15:01+08:00 ] ::1 /EasyTalk/index.php/Home/exercise/getQuit/e_id/1
INFO: [ app_init ] --START--
INFO: Run Behavior\BuildLiteBehavior [ RunTime:0.000043s ]
INFO: [ app_init ] --END-- [ RunTime:0.001542s ]
INFO: [ app_begin ] --START--
INFO: Run Behavior\ReadHtmlCacheBehavior [ RunTime:0.001736s ]
INFO: [ app_begin ] --END-- [ RunTime:0.002095s ]
SQL: SHOW COLUMNS FROM `quiz` [ RunTime:0.0051s ]
SQL: select count(distinct dati) from quiz where e_id=1 [ RunTime:0.0009s ]
INFO: [ app_end ] --START--
INFO: Run Behavior\ShowPageTraceBehavior [ RunTime:0.001785s ]
INFO: [ app_end ] --END-- [ RunTime:0.002126s ]

[ 2016-11-09T18:15:20+08:00 ] ::1 /EasyTalk/index.php/Home/exercise/getQuit/e_id/1
INFO: [ app_init ] --START--
INFO: Run Behavior\BuildLiteBehavior [ RunTime:0.000041s ]
INFO: [ app_init ] --END-- [ RunTime:0.000798s ]
INFO: [ app_begin ] --START--
INFO: Run Behavior\ReadHtmlCacheBehavior [ RunTime:0.000935s ]
INFO: [ app_begin ] --END-- [ RunTime:0.001132s ]
SQL: SHOW COLUMNS FROM `quiz` [ RunTime:0.0059s ]
SQL: select count(distinct dati) as total from quiz where e_id=1 [ RunTime:0.0006s ]
INFO: [ app_end ] --START--
INFO: Run Behavior\ShowPageTraceBehavior [ RunTime:0.001077s ]
INFO: [ app_end ] --END-- [ RunTime:0.001271s ]

[ 2016-11-09T18:16:19+08:00 ] ::1 /EasyTalk/index.php/Home/exercise/getQuit/e_id/1
INFO: [ app_init ] --START--
INFO: Run Behavior\BuildLiteBehavior [ RunTime:0.000040s ]
INFO: [ app_init ] --END-- [ RunTime:0.000801s ]
INFO: [ app_begin ] --START--
INFO: Run Behavior\ReadHtmlCacheBehavior [ RunTime:0.000887s ]
INFO: [ app_begin ] --END-- [ RunTime:0.001077s ]
SQL: SHOW COLUMNS FROM `quiz` [ RunTime:0.0062s ]
SQL: select count(distinct dati) as total from quiz where e_id=1 [ RunTime:0.0006s ]
INFO: [ app_end ] --START--
INFO: Run Behavior\ShowPageTraceBehavior [ RunTime:0.001052s ]
INFO: [ app_end ] --END-- [ RunTime:0.001241s ]

[ 2016-11-09T18:16:47+08:00 ] ::1 /EasyTalk/index.php/Home/exercise/getQuit/e_id/1
INFO: [ app_init ] --START--
INFO: Run Behavior\BuildLiteBehavior [ RunTime:0.000039s ]
INFO: [ app_init ] --END-- [ RunTime:0.000763s ]
INFO: [ app_begin ] --START--
INFO: Run Behavior\ReadHtmlCacheBehavior [ RunTime:0.001004s ]
INFO: [ app_begin ] --END-- [ RunTime:0.001286s ]
SQL: SHOW COLUMNS FROM `quiz` [ RunTime:0.0053s ]
SQL: select count(distinct dati) as total from quiz where e_id=1 [ RunTime:0.0006s ]
INFO: [ app_end ] --START--
INFO: Run Behavior\ShowPageTraceBehavior [ RunTime:0.001062s ]
INFO: [ app_end ] --END-- [ RunTime:0.001257s ]

[ 2016-11-09T18:21:02+08:00 ] ::1 /EasyTalk/index.php/Home/exercise/getQuit/e_id/1
INFO: [ app_init ] --START--
INFO: Run Behavior\BuildLiteBehavior [ RunTime:0.000075s ]
INFO: [ app_init ] --END-- [ RunTime:0.001443s ]
INFO: [ app_begin ] --START--
INFO: Run Behavior\ReadHtmlCacheBehavior [ RunTime:0.001115s ]
INFO: [ app_begin ] --END-- [ RunTime:0.001331s ]
SQL: SHOW COLUMNS FROM `quiz` [ RunTime:0.0615s ]
SQL: select count(distinct dati) as total from quiz where e_id=1 [ RunTime:0.0006s ]
SQL: SHOW COLUMNS FROM `quiz` [ RunTime:0.0048s ]
SQL: SELECT * FROM `quiz` WHERE `e_id` = 1 AND `dati` = 1  [ RunTime:0.0363s ]
SQL: SELECT * FROM `quiz` WHERE `e_id` = 1 AND `dati` = 2  [ RunTime:0.0005s ]
INFO: [ app_end ] --START--
INFO: Run Behavior\ShowPageTraceBehavior [ RunTime:0.001304s ]
INFO: [ app_end ] --END-- [ RunTime:0.001496s ]

[ 2016-11-09T18:22:29+08:00 ] ::1 /EasyTalk/index.php/Home/exercise/getQuit/e_id/1
INFO: [ app_init ] --START--
INFO: Run Behavior\BuildLiteBehavior [ RunTime:0.000040s ]
INFO: [ app_init ] --END-- [ RunTime:0.000770s ]
INFO: [ app_begin ] --START--
INFO: Run Behavior\ReadHtmlCacheBehavior [ RunTime:0.001587s ]
INFO: [ app_begin ] --END-- [ RunTime:0.001822s ]
SQL: SHOW COLUMNS FROM `quiz` [ RunTime:0.0053s ]
SQL: select count(distinct dati) as total from quiz where e_id=1 [ RunTime:0.0005s ]
SQL: SHOW COLUMNS FROM `quiz` [ RunTime:0.0055s ]
SQL: SELECT `xiaoti`,`title`,`ABCD`,`answer`,`point` FROM `quiz` WHERE `e_id` = 1 AND `dati` = 1  [ RunTime:0.0005s ]
SQL: SELECT `xiaoti`,`title`,`ABCD`,`answer`,`point` FROM `quiz` WHERE `e_id` = 1 AND `dati` = 2  [ RunTime:0.0005s ]
INFO: [ app_end ] --START--
INFO: Run Behavior\ShowPageTraceBehavior [ RunTime:0.001579s ]
INFO: [ app_end ] --END-- [ RunTime:0.001913s ]

