[ 2016-11-23T20:24:32+08:00 ] 192.168.1.111 /jobBook/question/focusQuestion/account/888
ERR: 1064:You have an error in your SQL syntax; check the manual that corresponds to your MySQL server version for the right syntax to use near ') ORDER BY date desc LIMIT 0,10' at line 1
 [ SQL语句 ] : SELECT * FROM `question` WHERE `author` IN () ORDER BY date desc LIMIT 0,10  

[ 2016-11-23T20:26:02+08:00 ] 192.168.1.111 /jobBook/question/focusQuestion/account/888
ERR: 1064:You have an error in your SQL syntax; check the manual that corresponds to your MySQL server version for the right syntax to use near ') ORDER BY date desc LIMIT 0,10' at line 1
 [ SQL语句 ] : SELECT * FROM `question` WHERE `author` IN () ORDER BY date desc LIMIT 0,10  

[ 2016-11-23T20:26:11+08:00 ] 192.168.1.111 /jobBook/question/getQuestion/q_id/13
ERR: 非法操作:getQuestion

[ 2016-11-23T20:31:43+08:00 ] 192.168.1.111 /jobBook/job/getDetail/job_id/1/account/888
ERR: 1146:Table 'jobbook.favour' doesn't exist
 [ SQL语句 ] : SHOW COLUMNS FROM `favour`

[ 2016-11-23T20:31:47+08:00 ] 192.168.1.111 /jobBook/job/getDetail/job_id/1/account/888
ERR: 1146:Table 'jobbook.favour' doesn't exist
 [ SQL语句 ] : SHOW COLUMNS FROM `favour`

[ 2016-11-23T20:33:35+08:00 ] 192.168.1.111 /jobBook/question/focusQuestion/account/888
ERR: 1064:You have an error in your SQL syntax; check the manual that corresponds to your MySQL server version for the right syntax to use near ') ORDER BY date desc LIMIT 0,10' at line 1
 [ SQL语句 ] : SELECT * FROM `question` WHERE `author` IN () ORDER BY date desc LIMIT 0,10  

[ 2016-11-23T20:35:56+08:00 ] 192.168.1.111 /jobBook/question/focusQuestion/account/888
ERR: 1064:You have an error in your SQL syntax; check the manual that corresponds to your MySQL server version for the right syntax to use near ') ORDER BY date desc LIMIT 0,10' at line 1
 [ SQL语句 ] : SELECT * FROM `question` WHERE `author` IN () ORDER BY date desc LIMIT 0,10  

[ 2016-11-23T21:02:49+08:00 ] 192.168.1.111 /jobBook/question/focusQuestion/account/888
ERR: 1064:You have an error in your SQL syntax; check the manual that corresponds to your MySQL server version for the right syntax to use near ') ORDER BY date desc LIMIT 0,10' at line 1
 [ SQL语句 ] : SELECT * FROM `question` WHERE `author` IN () ORDER BY date desc LIMIT 0,10  

[ 2016-11-23T21:11:18+08:00 ] ::1 /jobBook/index.php/Home/question/focusQuestion
ERR: 参数错误或者未定义:account

[ 2016-11-23T21:11:25+08:00 ] ::1 /jobBook/index.php/Home/question/focusQuestion/account/888
ERR: 1064:You have an error in your SQL syntax; check the manual that corresponds to your MySQL server version for the right syntax to use near ') ORDER BY date desc LIMIT 0,10' at line 1
 [ SQL语句 ] : SELECT * FROM `question` WHERE `author` IN () ORDER BY date desc LIMIT 0,10  

[ 2016-11-23T21:12:44+08:00 ] 192.168.1.111 /jobBook/question/focusQuestion/account/888
ERR: 1064:You have an error in your SQL syntax; check the manual that corresponds to your MySQL server version for the right syntax to use near ') ORDER BY date desc LIMIT 0,10' at line 1
 [ SQL语句 ] : SELECT * FROM `question` WHERE `author` IN () ORDER BY date desc LIMIT 0,10  

[ 2016-11-23T21:19:01+08:00 ] ::1 /jobBook/index.php/Home/question/focusQuestion/account/888
ERR: 1064:You have an error in your SQL syntax; check the manual that corresponds to your MySQL server version for the right syntax to use near ') ORDER BY date desc LIMIT 0,10' at line 1
 [ SQL语句 ] : SELECT * FROM `question` WHERE `author` IN () ORDER BY date desc LIMIT 0,10  

