[ 2016-12-09T20:23:08+08:00 ] ::1 /EasyTalk/
INFO: [ app_init ] --START--
INFO: Run Behavior\BuildLiteBehavior [ RunTime:0.000081s ]
INFO: [ app_init ] --END-- [ RunTime:0.017063s ]
INFO: [ app_begin ] --START--
INFO: Run Behavior\ReadHtmlCacheBehavior [ RunTime:0.015830s ]
INFO: [ app_begin ] --END-- [ RunTime:0.016146s ]
INFO: [ view_parse ] --START--
INFO: [ template_filter ] --START--
INFO: Run Behavior\ContentReplaceBehavior [ RunTime:0.000245s ]
INFO: [ template_filter ] --END-- [ RunTime:0.000522s ]
INFO: Run Behavior\ParseTemplateBehavior [ RunTime:0.083069s ]
INFO: [ view_parse ] --END-- [ RunTime:0.083521s ]
INFO: [ view_filter ] --START--
INFO: Run Behavior\WriteHtmlCacheBehavior [ RunTime:0.012218s ]
INFO: [ view_filter ] --END-- [ RunTime:0.012618s ]
INFO: [ app_end ] --START--
INFO: Run Behavior\ShowPageTraceBehavior [ RunTime:0.007409s ]
INFO: [ app_end ] --END-- [ RunTime:0.007664s ]

[ 2016-12-09T20:23:08+08:00 ] ::1 /EasyTalk/Home/index/checkHasLogin
INFO: [ app_init ] --START--
INFO: Run Behavior\BuildLiteBehavior [ RunTime:0.000040s ]
INFO: [ app_init ] --END-- [ RunTime:0.001053s ]
INFO: [ app_begin ] --START--
INFO: Run Behavior\ReadHtmlCacheBehavior [ RunTime:0.001603s ]
INFO: [ app_begin ] --END-- [ RunTime:0.001880s ]

[ 2016-12-09T20:23:18+08:00 ] ::1 /EasyTalk/Home/index/do_login
INFO: [ app_init ] --START--
INFO: Run Behavior\BuildLiteBehavior [ RunTime:0.000043s ]
INFO: [ app_init ] --END-- [ RunTime:0.000914s ]
INFO: [ app_begin ] --START--
INFO: Run Behavior\ReadHtmlCacheBehavior [ RunTime:0.000996s ]
INFO: [ app_begin ] --END-- [ RunTime:0.001157s ]
SQL: SHOW COLUMNS FROM `user` [ RunTime:0.0285s ]
SQL: SHOW COLUMNS FROM `user` [ RunTime:0.0059s ]
SQL: SELECT * FROM `user` WHERE `username` = '456' AND `password` = '250cf8b51c773f3f8dc8b4be867a9a02'  [ RunTime:0.0005s ]

[ 2016-12-09T20:23:20+08:00 ] ::1 /EasyTalk/index.php/Home/exercise/practiceclass?lan=01
INFO: [ app_init ] --START--
INFO: Run Behavior\BuildLiteBehavior [ RunTime:0.000040s ]
INFO: [ app_init ] --END-- [ RunTime:0.000814s ]
INFO: [ app_begin ] --START--
INFO: Run Behavior\ReadHtmlCacheBehavior [ RunTime:0.000951s ]
INFO: [ app_begin ] --END-- [ RunTime:0.001139s ]
INFO: [ view_parse ] --START--
INFO: [ template_filter ] --START--
INFO: Run Behavior\ContentReplaceBehavior [ RunTime:0.000208s ]
INFO: [ template_filter ] --END-- [ RunTime:0.000447s ]
INFO: Run Behavior\ParseTemplateBehavior [ RunTime:0.098741s ]
INFO: [ view_parse ] --END-- [ RunTime:0.099025s ]
INFO: [ view_filter ] --START--
INFO: Run Behavior\WriteHtmlCacheBehavior [ RunTime:0.000739s ]
INFO: [ view_filter ] --END-- [ RunTime:0.000925s ]
INFO: [ app_end ] --START--
INFO: Run Behavior\ShowPageTraceBehavior [ RunTime:0.001139s ]
INFO: [ app_end ] --END-- [ RunTime:0.001314s ]

[ 2016-12-09T20:23:21+08:00 ] ::1 /EasyTalk/index.php/Home/index/checkHasLogin
INFO: [ app_init ] --START--
INFO: Run Behavior\BuildLiteBehavior [ RunTime:0.000057s ]
INFO: [ app_init ] --END-- [ RunTime:0.001040s ]
INFO: [ app_begin ] --START--
INFO: Run Behavior\ReadHtmlCacheBehavior [ RunTime:0.001529s ]
INFO: [ app_begin ] --END-- [ RunTime:0.001705s ]

[ 2016-12-09T20:23:21+08:00 ] ::1 /EasyTalk/index.php/Home/exercise/getPages
INFO: [ app_init ] --START--
INFO: Run Behavior\BuildLiteBehavior [ RunTime:0.000040s ]
INFO: [ app_init ] --END-- [ RunTime:0.000932s ]
INFO: [ app_begin ] --START--
INFO: Run Behavior\ReadHtmlCacheBehavior [ RunTime:0.001689s ]
INFO: [ app_begin ] --END-- [ RunTime:0.001866s ]
SQL: SHOW COLUMNS FROM `exercise` [ RunTime:0.1167s ]
SQL: SHOW COLUMNS FROM `exercise` [ RunTime:0.0088s ]
SQL: SELECT COUNT(*) AS tp_count FROM `exercise` WHERE `language` = '德语' LIMIT 1   [ RunTime:0.0007s ]

[ 2016-12-09T20:23:22+08:00 ] ::1 /EasyTalk/index.php/Home/Exercise/practiceclass?lan=02
INFO: [ app_init ] --START--
INFO: Run Behavior\BuildLiteBehavior [ RunTime:0.000042s ]
INFO: [ app_init ] --END-- [ RunTime:0.001051s ]
INFO: [ app_begin ] --START--
INFO: Run Behavior\ReadHtmlCacheBehavior [ RunTime:0.001647s ]
INFO: [ app_begin ] --END-- [ RunTime:0.001883s ]
INFO: [ view_parse ] --START--
INFO: [ template_filter ] --START--
INFO: Run Behavior\ContentReplaceBehavior [ RunTime:0.000146s ]
INFO: [ template_filter ] --END-- [ RunTime:0.000346s ]
INFO: Run Behavior\ParseTemplateBehavior [ RunTime:0.017522s ]
INFO: [ view_parse ] --END-- [ RunTime:0.017817s ]
INFO: [ view_filter ] --START--
INFO: Run Behavior\WriteHtmlCacheBehavior [ RunTime:0.001783s ]
INFO: [ view_filter ] --END-- [ RunTime:0.002030s ]
INFO: [ app_end ] --START--
INFO: Run Behavior\ShowPageTraceBehavior [ RunTime:0.001726s ]
INFO: [ app_end ] --END-- [ RunTime:0.001898s ]

[ 2016-12-09T20:23:23+08:00 ] ::1 /EasyTalk/index.php/Home/index/checkHasLogin
INFO: [ app_init ] --START--
INFO: Run Behavior\BuildLiteBehavior [ RunTime:0.000062s ]
INFO: [ app_init ] --END-- [ RunTime:0.001366s ]
INFO: [ app_begin ] --START--
INFO: Run Behavior\ReadHtmlCacheBehavior [ RunTime:0.002633s ]
INFO: [ app_begin ] --END-- [ RunTime:0.003057s ]

[ 2016-12-09T20:23:23+08:00 ] ::1 /EasyTalk/index.php/Home/Exercise/getPages
INFO: [ app_init ] --START--
INFO: Run Behavior\BuildLiteBehavior [ RunTime:0.000040s ]
INFO: [ app_init ] --END-- [ RunTime:0.001095s ]
INFO: [ app_begin ] --START--
INFO: Run Behavior\ReadHtmlCacheBehavior [ RunTime:0.001736s ]
INFO: [ app_begin ] --END-- [ RunTime:0.001914s ]
SQL: SHOW COLUMNS FROM `exercise` [ RunTime:0.0058s ]
SQL: SHOW COLUMNS FROM `exercise` [ RunTime:0.0066s ]
SQL: SELECT COUNT(*) AS tp_count FROM `exercise` WHERE `language` = '法语' LIMIT 1   [ RunTime:0.0004s ]

[ 2016-12-09T20:23:23+08:00 ] ::1 /EasyTalk/index.php/Home/Exercise/showExercise
INFO: [ app_init ] --START--
INFO: Run Behavior\BuildLiteBehavior [ RunTime:0.000039s ]
INFO: [ app_init ] --END-- [ RunTime:0.000972s ]
INFO: [ app_begin ] --START--
INFO: Run Behavior\ReadHtmlCacheBehavior [ RunTime:0.001585s ]
INFO: [ app_begin ] --END-- [ RunTime:0.001748s ]
SQL: SHOW COLUMNS FROM `exercise` [ RunTime:0.0061s ]
SQL: SHOW COLUMNS FROM `do_exercise` [ RunTime:0.0787s ]
SQL: SELECT `e_id` FROM `do_exercise` WHERE `u_id` = 1  [ RunTime:0.1136s ]
SQL: SHOW COLUMNS FROM `exercise` [ RunTime:0.0095s ]
SQL: SELECT `e_id`,`language`,`title` AS `testname`,`level` AS `testrank`,`quantity` AS `textnum`,`quit_type`,`suggest_time` FROM `exercise` WHERE `language` = '法语' LIMIT 0,9   [ RunTime:0.0009s ]

[ 2016-12-09T20:23:25+08:00 ] ::1 /EasyTalk/index.php/Home/Exercise/practice?e_id=1
INFO: [ app_init ] --START--
INFO: Run Behavior\BuildLiteBehavior [ RunTime:0.000041s ]
INFO: [ app_init ] --END-- [ RunTime:0.000978s ]
INFO: [ app_begin ] --START--
INFO: Run Behavior\ReadHtmlCacheBehavior [ RunTime:0.002290s ]
INFO: [ app_begin ] --END-- [ RunTime:0.002554s ]
INFO: [ view_parse ] --START--
INFO: [ template_filter ] --START--
INFO: Run Behavior\ContentReplaceBehavior [ RunTime:0.000148s ]
INFO: [ template_filter ] --END-- [ RunTime:0.000353s ]
INFO: Run Behavior\ParseTemplateBehavior [ RunTime:0.110716s ]
INFO: [ view_parse ] --END-- [ RunTime:0.111104s ]
INFO: [ view_filter ] --START--
INFO: Run Behavior\WriteHtmlCacheBehavior [ RunTime:0.002438s ]
INFO: [ view_filter ] --END-- [ RunTime:0.002739s ]
INFO: [ app_end ] --START--
INFO: Run Behavior\ShowPageTraceBehavior [ RunTime:0.001877s ]
INFO: [ app_end ] --END-- [ RunTime:0.002057s ]

[ 2016-12-09T20:23:25+08:00 ] ::1 /EasyTalk/index.php/Home/index/checkHasLogin
INFO: [ app_init ] --START--
INFO: Run Behavior\BuildLiteBehavior [ RunTime:0.000041s ]
INFO: [ app_init ] --END-- [ RunTime:0.001349s ]
INFO: [ app_begin ] --START--
INFO: Run Behavior\ReadHtmlCacheBehavior [ RunTime:0.001797s ]
INFO: [ app_begin ] --END-- [ RunTime:0.002137s ]

[ 2016-12-09T20:23:26+08:00 ] ::1 /EasyTalk/index.php/Home/Exercise/xxx.php
INFO: [ app_init ] --START--
INFO: Run Behavior\BuildLiteBehavior [ RunTime:0.000105s ]
INFO: [ app_init ] --END-- [ RunTime:0.001289s ]
INFO: [ app_begin ] --START--
INFO: Run Behavior\ReadHtmlCacheBehavior [ RunTime:0.001029s ]
INFO: [ app_begin ] --END-- [ RunTime:0.001301s ]
ERR: 非法操作:xxx.php

[ 2016-12-09T20:23:32+08:00 ] ::1 /EasyTalk/index.php/Home/index/checkHasLogin
INFO: [ app_init ] --START--
INFO: Run Behavior\BuildLiteBehavior [ RunTime:0.000041s ]
INFO: [ app_init ] --END-- [ RunTime:0.000837s ]
INFO: [ app_begin ] --START--
INFO: Run Behavior\ReadHtmlCacheBehavior [ RunTime:0.001310s ]
INFO: [ app_begin ] --END-- [ RunTime:0.001560s ]

[ 2016-12-09T20:23:32+08:00 ] ::1 /EasyTalk/index.php/Home/Exercise/getPages
INFO: [ app_init ] --START--
INFO: Run Behavior\BuildLiteBehavior [ RunTime:0.000041s ]
INFO: [ app_init ] --END-- [ RunTime:0.000891s ]
INFO: [ app_begin ] --START--
INFO: Run Behavior\ReadHtmlCacheBehavior [ RunTime:0.001147s ]
INFO: [ app_begin ] --END-- [ RunTime:0.001403s ]
SQL: SHOW COLUMNS FROM `exercise` [ RunTime:0.0071s ]
SQL: SHOW COLUMNS FROM `exercise` [ RunTime:0.0077s ]
SQL: SELECT COUNT(*) AS tp_count FROM `exercise` WHERE `language` = '法语' LIMIT 1   [ RunTime:0.0004s ]

[ 2016-12-09T20:23:32+08:00 ] ::1 /EasyTalk/index.php/Home/Exercise/showExercise
INFO: [ app_init ] --START--
INFO: Run Behavior\BuildLiteBehavior [ RunTime:0.000038s ]
INFO: [ app_init ] --END-- [ RunTime:0.000785s ]
INFO: [ app_begin ] --START--
INFO: Run Behavior\ReadHtmlCacheBehavior [ RunTime:0.001209s ]
INFO: [ app_begin ] --END-- [ RunTime:0.001473s ]
SQL: SHOW COLUMNS FROM `exercise` [ RunTime:0.0077s ]
SQL: SHOW COLUMNS FROM `do_exercise` [ RunTime:0.0064s ]
SQL: SELECT `e_id` FROM `do_exercise` WHERE `u_id` = 1  [ RunTime:0.0004s ]
SQL: SHOW COLUMNS FROM `exercise` [ RunTime:0.0066s ]
SQL: SELECT `e_id`,`language`,`title` AS `testname`,`level` AS `testrank`,`quantity` AS `textnum`,`quit_type`,`suggest_time` FROM `exercise` WHERE `language` = '法语' LIMIT 0,9   [ RunTime:0.0006s ]

[ 2016-12-09T20:23:33+08:00 ] ::1 /EasyTalk/index.php/Home/Exercise/practice?e_id=2
INFO: [ app_init ] --START--
INFO: Run Behavior\BuildLiteBehavior [ RunTime:0.000039s ]
INFO: [ app_init ] --END-- [ RunTime:0.000808s ]
INFO: [ app_begin ] --START--
INFO: Run Behavior\ReadHtmlCacheBehavior [ RunTime:0.001010s ]
INFO: [ app_begin ] --END-- [ RunTime:0.001207s ]
INFO: [ view_parse ] --START--
INFO: [ template_filter ] --START--
INFO: Run Behavior\ContentReplaceBehavior [ RunTime:0.000211s ]
INFO: [ template_filter ] --END-- [ RunTime:0.000408s ]
INFO: Run Behavior\ParseTemplateBehavior [ RunTime:0.012650s ]
INFO: [ view_parse ] --END-- [ RunTime:0.012851s ]
INFO: [ view_filter ] --START--
INFO: Run Behavior\WriteHtmlCacheBehavior [ RunTime:0.000619s ]
INFO: [ view_filter ] --END-- [ RunTime:0.000773s ]
INFO: [ app_end ] --START--
INFO: Run Behavior\ShowPageTraceBehavior [ RunTime:0.001447s ]
INFO: [ app_end ] --END-- [ RunTime:0.001651s ]

[ 2016-12-09T20:23:33+08:00 ] ::1 /EasyTalk/index.php/Home/index/checkHasLogin
INFO: [ app_init ] --START--
INFO: Run Behavior\BuildLiteBehavior [ RunTime:0.000069s ]
INFO: [ app_init ] --END-- [ RunTime:0.001098s ]
INFO: [ app_begin ] --START--
INFO: Run Behavior\ReadHtmlCacheBehavior [ RunTime:0.003066s ]
INFO: [ app_begin ] --END-- [ RunTime:0.003380s ]

[ 2016-12-09T20:23:33+08:00 ] ::1 /EasyTalk/index.php/Home/Exercise/xxx.php
INFO: [ app_init ] --START--
INFO: Run Behavior\BuildLiteBehavior [ RunTime:0.000047s ]
INFO: [ app_init ] --END-- [ RunTime:0.000881s ]
INFO: [ app_begin ] --START--
INFO: Run Behavior\ReadHtmlCacheBehavior [ RunTime:0.001178s ]
INFO: [ app_begin ] --END-- [ RunTime:0.001468s ]
ERR: 非法操作:xxx.php

[ 2016-12-09T20:23:35+08:00 ] ::1 /EasyTalk/index.php/Home/index/checkHasLogin
INFO: [ app_init ] --START--
INFO: Run Behavior\BuildLiteBehavior [ RunTime:0.000113s ]
INFO: [ app_init ] --END-- [ RunTime:0.001476s ]
INFO: [ app_begin ] --START--
INFO: Run Behavior\ReadHtmlCacheBehavior [ RunTime:0.001503s ]
INFO: [ app_begin ] --END-- [ RunTime:0.001826s ]

[ 2016-12-09T20:23:35+08:00 ] ::1 /EasyTalk/index.php/Home/Exercise/getPages
INFO: [ app_init ] --START--
INFO: Run Behavior\BuildLiteBehavior [ RunTime:0.000042s ]
INFO: [ app_init ] --END-- [ RunTime:0.001193s ]
INFO: [ app_begin ] --START--
INFO: Run Behavior\ReadHtmlCacheBehavior [ RunTime:0.001590s ]
INFO: [ app_begin ] --END-- [ RunTime:0.001895s ]
SQL: SHOW COLUMNS FROM `exercise` [ RunTime:0.0065s ]
SQL: SHOW COLUMNS FROM `exercise` [ RunTime:0.0075s ]
SQL: SELECT COUNT(*) AS tp_count FROM `exercise` WHERE `language` = '法语' LIMIT 1   [ RunTime:0.0005s ]

[ 2016-12-09T20:23:35+08:00 ] ::1 /EasyTalk/index.php/Home/Exercise/showExercise
INFO: [ app_init ] --START--
INFO: Run Behavior\BuildLiteBehavior [ RunTime:0.000067s ]
INFO: [ app_init ] --END-- [ RunTime:0.001480s ]
INFO: [ app_begin ] --START--
INFO: Run Behavior\ReadHtmlCacheBehavior [ RunTime:0.000982s ]
INFO: [ app_begin ] --END-- [ RunTime:0.001162s ]
SQL: SHOW COLUMNS FROM `exercise` [ RunTime:0.0076s ]
SQL: SHOW COLUMNS FROM `do_exercise` [ RunTime:0.0094s ]
SQL: SELECT `e_id` FROM `do_exercise` WHERE `u_id` = 1  [ RunTime:0.0004s ]
SQL: SHOW COLUMNS FROM `exercise` [ RunTime:0.0076s ]
SQL: SELECT `e_id`,`language`,`title` AS `testname`,`level` AS `testrank`,`quantity` AS `textnum`,`quit_type`,`suggest_time` FROM `exercise` WHERE `language` = '法语' LIMIT 0,9   [ RunTime:0.0005s ]

[ 2016-12-09T20:23:36+08:00 ] ::1 /EasyTalk/index.php/Home/Exercise/practice?e_id=7
INFO: [ app_init ] --START--
INFO: Run Behavior\BuildLiteBehavior [ RunTime:0.000041s ]
INFO: [ app_init ] --END-- [ RunTime:0.000972s ]
INFO: [ app_begin ] --START--
INFO: Run Behavior\ReadHtmlCacheBehavior [ RunTime:0.000933s ]
INFO: [ app_begin ] --END-- [ RunTime:0.001126s ]
INFO: [ view_parse ] --START--
INFO: [ template_filter ] --START--
INFO: Run Behavior\ContentReplaceBehavior [ RunTime:0.000137s ]
INFO: [ template_filter ] --END-- [ RunTime:0.000334s ]
INFO: Run Behavior\ParseTemplateBehavior [ RunTime:0.012305s ]
INFO: [ view_parse ] --END-- [ RunTime:0.012492s ]
INFO: [ view_filter ] --START--
INFO: Run Behavior\WriteHtmlCacheBehavior [ RunTime:0.000595s ]
INFO: [ view_filter ] --END-- [ RunTime:0.000758s ]
INFO: [ app_end ] --START--
INFO: Run Behavior\ShowPageTraceBehavior [ RunTime:0.000952s ]
INFO: [ app_end ] --END-- [ RunTime:0.001116s ]

[ 2016-12-09T20:23:37+08:00 ] ::1 /EasyTalk/index.php/Home/index/checkHasLogin
INFO: [ app_init ] --START--
INFO: Run Behavior\BuildLiteBehavior [ RunTime:0.000040s ]
INFO: [ app_init ] --END-- [ RunTime:0.000990s ]
INFO: [ app_begin ] --START--
INFO: Run Behavior\ReadHtmlCacheBehavior [ RunTime:0.000984s ]
INFO: [ app_begin ] --END-- [ RunTime:0.001161s ]

[ 2016-12-09T20:23:37+08:00 ] ::1 /EasyTalk/index.php/Home/Exercise/xxx.php
INFO: [ app_init ] --START--
INFO: Run Behavior\BuildLiteBehavior [ RunTime:0.000067s ]
INFO: [ app_init ] --END-- [ RunTime:0.001162s ]
INFO: [ app_begin ] --START--
INFO: Run Behavior\ReadHtmlCacheBehavior [ RunTime:0.001464s ]
INFO: [ app_begin ] --END-- [ RunTime:0.001800s ]
ERR: 非法操作:xxx.php

[ 2016-12-09T20:23:40+08:00 ] ::1 /EasyTalk/index.php/Home/index/checkHasLogin
INFO: [ app_init ] --START--
INFO: Run Behavior\BuildLiteBehavior [ RunTime:0.000064s ]
INFO: [ app_init ] --END-- [ RunTime:0.001177s ]
INFO: [ app_begin ] --START--
INFO: Run Behavior\ReadHtmlCacheBehavior [ RunTime:0.000968s ]
INFO: [ app_begin ] --END-- [ RunTime:0.001137s ]

[ 2016-12-09T20:23:40+08:00 ] ::1 /EasyTalk/index.php/Home/Exercise/getPages
INFO: [ app_init ] --START--
INFO: Run Behavior\BuildLiteBehavior [ RunTime:0.000067s ]
INFO: [ app_init ] --END-- [ RunTime:0.001225s ]
INFO: [ app_begin ] --START--
INFO: Run Behavior\ReadHtmlCacheBehavior [ RunTime:0.001422s ]
INFO: [ app_begin ] --END-- [ RunTime:0.001715s ]
SQL: SHOW COLUMNS FROM `exercise` [ RunTime:0.0092s ]
SQL: SHOW COLUMNS FROM `exercise` [ RunTime:0.0096s ]
SQL: SELECT COUNT(*) AS tp_count FROM `exercise` WHERE `language` = '法语' LIMIT 1   [ RunTime:0.0004s ]

[ 2016-12-09T20:23:40+08:00 ] ::1 /EasyTalk/index.php/Home/Exercise/showExercise
INFO: [ app_init ] --START--
INFO: Run Behavior\BuildLiteBehavior [ RunTime:0.000038s ]
INFO: [ app_init ] --END-- [ RunTime:0.000733s ]
INFO: [ app_begin ] --START--
INFO: Run Behavior\ReadHtmlCacheBehavior [ RunTime:0.000873s ]
INFO: [ app_begin ] --END-- [ RunTime:0.001031s ]
SQL: SHOW COLUMNS FROM `exercise` [ RunTime:0.0066s ]
SQL: SHOW COLUMNS FROM `do_exercise` [ RunTime:0.0059s ]
SQL: SELECT `e_id` FROM `do_exercise` WHERE `u_id` = 1  [ RunTime:0.0004s ]
SQL: SHOW COLUMNS FROM `exercise` [ RunTime:0.0057s ]
SQL: SELECT `e_id`,`language`,`title` AS `testname`,`level` AS `testrank`,`quantity` AS `textnum`,`quit_type`,`suggest_time` FROM `exercise` WHERE `language` = '法语' LIMIT 0,9   [ RunTime:0.0005s ]

[ 2016-12-09T20:23:42+08:00 ] ::1 /EasyTalk/index.php/Home/Exercise/practice?e_id=7
INFO: [ app_init ] --START--
INFO: Run Behavior\BuildLiteBehavior [ RunTime:0.000062s ]
INFO: [ app_init ] --END-- [ RunTime:0.000881s ]
INFO: [ app_begin ] --START--
INFO: Run Behavior\ReadHtmlCacheBehavior [ RunTime:0.000953s ]
INFO: [ app_begin ] --END-- [ RunTime:0.001145s ]
INFO: [ view_parse ] --START--
INFO: [ template_filter ] --START--
INFO: Run Behavior\ContentReplaceBehavior [ RunTime:0.000139s ]
INFO: [ template_filter ] --END-- [ RunTime:0.000337s ]
INFO: Run Behavior\ParseTemplateBehavior [ RunTime:0.011729s ]
INFO: [ view_parse ] --END-- [ RunTime:0.011920s ]
INFO: [ view_filter ] --START--
INFO: Run Behavior\WriteHtmlCacheBehavior [ RunTime:0.000554s ]
INFO: [ view_filter ] --END-- [ RunTime:0.000711s ]
INFO: [ app_end ] --START--
INFO: Run Behavior\ShowPageTraceBehavior [ RunTime:0.000970s ]
INFO: [ app_end ] --END-- [ RunTime:0.001134s ]

[ 2016-12-09T20:23:42+08:00 ] ::1 /EasyTalk/index.php/Home/index/checkHasLogin
INFO: [ app_init ] --START--
INFO: Run Behavior\BuildLiteBehavior [ RunTime:0.000108s ]
INFO: [ app_init ] --END-- [ RunTime:0.001624s ]
INFO: [ app_begin ] --START--
INFO: Run Behavior\ReadHtmlCacheBehavior [ RunTime:0.001107s ]
INFO: [ app_begin ] --END-- [ RunTime:0.001380s ]

[ 2016-12-09T20:23:42+08:00 ] ::1 /EasyTalk/index.php/Home/Exercise/xxx.php
INFO: [ app_init ] --START--
INFO: Run Behavior\BuildLiteBehavior [ RunTime:0.000137s ]
INFO: [ app_init ] --END-- [ RunTime:0.001405s ]
INFO: [ app_begin ] --START--
INFO: Run Behavior\ReadHtmlCacheBehavior [ RunTime:0.001583s ]
INFO: [ app_begin ] --END-- [ RunTime:0.001927s ]
ERR: 非法操作:xxx.php

[ 2016-12-09T20:25:04+08:00 ] ::1 /EasyTalk/index.php/Home/Exercise/practice?e_id=7
INFO: [ app_init ] --START--
INFO: Run Behavior\BuildLiteBehavior [ RunTime:0.000070s ]
INFO: [ app_init ] --END-- [ RunTime:0.001278s ]
INFO: [ app_begin ] --START--
INFO: Run Behavior\ReadHtmlCacheBehavior [ RunTime:0.001559s ]
INFO: [ app_begin ] --END-- [ RunTime:0.001916s ]
INFO: [ view_parse ] --START--
INFO: [ template_filter ] --START--
INFO: Run Behavior\ContentReplaceBehavior [ RunTime:0.000153s ]
INFO: [ template_filter ] --END-- [ RunTime:0.000377s ]
INFO: Run Behavior\ParseTemplateBehavior [ RunTime:0.018955s ]
INFO: [ view_parse ] --END-- [ RunTime:0.019245s ]
INFO: [ view_filter ] --START--
INFO: Run Behavior\WriteHtmlCacheBehavior [ RunTime:0.000913s ]
INFO: [ view_filter ] --END-- [ RunTime:0.001297s ]
INFO: [ app_end ] --START--
INFO: Run Behavior\ShowPageTraceBehavior [ RunTime:0.001571s ]
INFO: [ app_end ] --END-- [ RunTime:0.001888s ]

[ 2016-12-09T20:25:05+08:00 ] ::1 /EasyTalk/index.php/Home/index/checkHasLogin
INFO: [ app_init ] --START--
INFO: Run Behavior\BuildLiteBehavior [ RunTime:0.000096s ]
INFO: [ app_init ] --END-- [ RunTime:0.004744s ]
INFO: [ app_begin ] --START--
INFO: Run Behavior\ReadHtmlCacheBehavior [ RunTime:0.001681s ]
INFO: [ app_begin ] --END-- [ RunTime:0.002001s ]

[ 2016-12-09T20:25:05+08:00 ] ::1 /EasyTalk/index.php/Home/Exercise/xxx.php
INFO: [ app_init ] --START--
INFO: Run Behavior\BuildLiteBehavior [ RunTime:0.000039s ]
INFO: [ app_init ] --END-- [ RunTime:0.000759s ]
INFO: [ app_begin ] --START--
INFO: Run Behavior\ReadHtmlCacheBehavior [ RunTime:0.000962s ]
INFO: [ app_begin ] --END-- [ RunTime:0.001128s ]
ERR: 非法操作:xxx.php

[ 2016-12-09T21:00:54+08:00 ] ::1 /EasyTalk/
INFO: [ app_init ] --START--
INFO: Run Behavior\BuildLiteBehavior [ RunTime:0.000070s ]
INFO: [ app_init ] --END-- [ RunTime:0.001355s ]
INFO: [ app_begin ] --START--
INFO: Run Behavior\ReadHtmlCacheBehavior [ RunTime:0.001805s ]
INFO: [ app_begin ] --END-- [ RunTime:0.002205s ]
INFO: [ view_parse ] --START--
INFO: [ template_filter ] --START--
INFO: Run Behavior\ContentReplaceBehavior [ RunTime:0.000305s ]
INFO: [ template_filter ] --END-- [ RunTime:0.000725s ]
INFO: Run Behavior\ParseTemplateBehavior [ RunTime:0.022891s ]
INFO: [ view_parse ] --END-- [ RunTime:0.023167s ]
INFO: [ view_filter ] --START--
INFO: Run Behavior\WriteHtmlCacheBehavior [ RunTime:0.000825s ]
INFO: [ view_filter ] --END-- [ RunTime:0.000993s ]
INFO: [ app_end ] --START--
INFO: Run Behavior\ShowPageTraceBehavior [ RunTime:0.001229s ]
INFO: [ app_end ] --END-- [ RunTime:0.001400s ]

[ 2016-12-09T21:00:54+08:00 ] ::1 /EasyTalk/Home/index/checkHasLogin
INFO: [ app_init ] --START--
INFO: Run Behavior\BuildLiteBehavior [ RunTime:0.000069s ]
INFO: [ app_init ] --END-- [ RunTime:0.001453s ]
INFO: [ app_begin ] --START--
INFO: Run Behavior\ReadHtmlCacheBehavior [ RunTime:0.004131s ]
INFO: [ app_begin ] --END-- [ RunTime:0.004435s ]

[ 2016-12-09T21:00:54+08:00 ] ::1 /EasyTalk/Home/index/getAcc
INFO: [ app_init ] --START--
INFO: Run Behavior\BuildLiteBehavior [ RunTime:0.000066s ]
INFO: [ app_init ] --END-- [ RunTime:0.001275s ]
INFO: [ app_begin ] --START--
INFO: Run Behavior\ReadHtmlCacheBehavior [ RunTime:0.001201s ]
INFO: [ app_begin ] --END-- [ RunTime:0.001388s ]

[ 2016-12-09T21:01:00+08:00 ] ::1 /EasyTalk/index.php/Home/exercise/practiceclass?lan=01
INFO: [ app_init ] --START--
INFO: Run Behavior\BuildLiteBehavior [ RunTime:0.000044s ]
INFO: [ app_init ] --END-- [ RunTime:0.001273s ]
INFO: [ app_begin ] --START--
INFO: Run Behavior\ReadHtmlCacheBehavior [ RunTime:0.001308s ]
INFO: [ app_begin ] --END-- [ RunTime:0.001522s ]
INFO: [ view_parse ] --START--
INFO: [ template_filter ] --START--
INFO: Run Behavior\ContentReplaceBehavior [ RunTime:0.000330s ]
INFO: [ template_filter ] --END-- [ RunTime:0.000838s ]
INFO: Run Behavior\ParseTemplateBehavior [ RunTime:0.308038s ]
INFO: [ view_parse ] --END-- [ RunTime:0.308363s ]
INFO: [ view_filter ] --START--
INFO: Run Behavior\WriteHtmlCacheBehavior [ RunTime:0.001258s ]
INFO: [ view_filter ] --END-- [ RunTime:0.001495s ]
INFO: [ app_end ] --START--
INFO: Run Behavior\ShowPageTraceBehavior [ RunTime:0.001919s ]
INFO: [ app_end ] --END-- [ RunTime:0.002574s ]

[ 2016-12-09T21:01:01+08:00 ] ::1 /EasyTalk/index.php/Home/index/checkHasLogin
INFO: [ app_init ] --START--
INFO: Run Behavior\BuildLiteBehavior [ RunTime:0.000070s ]
INFO: [ app_init ] --END-- [ RunTime:0.002502s ]
INFO: [ app_begin ] --START--
INFO: Run Behavior\ReadHtmlCacheBehavior [ RunTime:0.001347s ]
INFO: [ app_begin ] --END-- [ RunTime:0.001538s ]

[ 2016-12-09T21:01:01+08:00 ] ::1 /EasyTalk/index.php/Home/exercise/getPages
INFO: [ app_init ] --START--
INFO: Run Behavior\BuildLiteBehavior [ RunTime:0.000043s ]
INFO: [ app_init ] --END-- [ RunTime:0.000908s ]
INFO: [ app_begin ] --START--
INFO: Run Behavior\ReadHtmlCacheBehavior [ RunTime:0.002413s ]
INFO: [ app_begin ] --END-- [ RunTime:0.002660s ]
SQL: SHOW COLUMNS FROM `exercise` [ RunTime:0.0141s ]
SQL: SHOW COLUMNS FROM `exercise` [ RunTime:0.0117s ]
SQL: SELECT COUNT(*) AS tp_count FROM `exercise` WHERE `language` = '德语' LIMIT 1   [ RunTime:0.0011s ]

[ 2016-12-09T21:01:02+08:00 ] ::1 /EasyTalk/index.php/Home/Exercise/practiceclass?lan=02
INFO: [ app_init ] --START--
INFO: Run Behavior\BuildLiteBehavior [ RunTime:0.000042s ]
INFO: [ app_init ] --END-- [ RunTime:0.000899s ]
INFO: [ app_begin ] --START--
INFO: Run Behavior\ReadHtmlCacheBehavior [ RunTime:0.001541s ]
INFO: [ app_begin ] --END-- [ RunTime:0.001791s ]
INFO: [ view_parse ] --START--
INFO: [ template_filter ] --START--
INFO: Run Behavior\ContentReplaceBehavior [ RunTime:0.000229s ]
INFO: [ template_filter ] --END-- [ RunTime:0.000516s ]
INFO: Run Behavior\ParseTemplateBehavior [ RunTime:0.012916s ]
INFO: [ view_parse ] --END-- [ RunTime:0.013130s ]
INFO: [ view_filter ] --START--
INFO: Run Behavior\WriteHtmlCacheBehavior [ RunTime:0.000803s ]
INFO: [ view_filter ] --END-- [ RunTime:0.000984s ]
INFO: [ app_end ] --START--
INFO: Run Behavior\ShowPageTraceBehavior [ RunTime:0.001169s ]
INFO: [ app_end ] --END-- [ RunTime:0.001335s ]

[ 2016-12-09T21:01:02+08:00 ] ::1 /EasyTalk/index.php/Home/index/checkHasLogin
INFO: [ app_init ] --START--
INFO: Run Behavior\BuildLiteBehavior [ RunTime:0.000041s ]
INFO: [ app_init ] --END-- [ RunTime:0.000909s ]
INFO: [ app_begin ] --START--
INFO: Run Behavior\ReadHtmlCacheBehavior [ RunTime:0.001203s ]
INFO: [ app_begin ] --END-- [ RunTime:0.001410s ]

[ 2016-12-09T21:01:03+08:00 ] ::1 /EasyTalk/index.php/Home/Exercise/getPages
INFO: [ app_init ] --START--
INFO: Run Behavior\BuildLiteBehavior [ RunTime:0.000039s ]
INFO: [ app_init ] --END-- [ RunTime:0.000799s ]
INFO: [ app_begin ] --START--
INFO: Run Behavior\ReadHtmlCacheBehavior [ RunTime:0.001151s ]
INFO: [ app_begin ] --END-- [ RunTime:0.001323s ]
SQL: SHOW COLUMNS FROM `exercise` [ RunTime:0.0609s ]
SQL: SHOW COLUMNS FROM `exercise` [ RunTime:0.0053s ]
SQL: SELECT COUNT(*) AS tp_count FROM `exercise` WHERE `language` = '法语' LIMIT 1   [ RunTime:0.0004s ]

[ 2016-12-09T21:01:03+08:00 ] ::1 /EasyTalk/index.php/Home/Exercise/showExercise
INFO: [ app_init ] --START--
INFO: Run Behavior\BuildLiteBehavior [ RunTime:0.000042s ]
INFO: [ app_init ] --END-- [ RunTime:0.000980s ]
INFO: [ app_begin ] --START--
INFO: Run Behavior\ReadHtmlCacheBehavior [ RunTime:0.001314s ]
INFO: [ app_begin ] --END-- [ RunTime:0.001537s ]
SQL: SHOW COLUMNS FROM `exercise` [ RunTime:0.0051s ]
SQL: SHOW COLUMNS FROM `do_exercise` [ RunTime:0.0061s ]
SQL: SELECT `e_id` FROM `do_exercise` WHERE `u_id` = 1  [ RunTime:0.0004s ]
SQL: SHOW COLUMNS FROM `exercise` [ RunTime:0.0055s ]
ERR: 1054:Unknown column 'quantity' in 'field list'
 [ SQL语句 ] : SELECT `e_id`,`language`,`title` AS `testname`,`level` AS `testrank`,`quantity` AS `textnum`,`quit_type`,`suggest_time` FROM `exercise` WHERE `language` = '法语' LIMIT 0,9  
ERR: 1054:Unknown column 'quantity' in 'field list'
 [ SQL语句 ] : SELECT `e_id`,`language`,`title` AS `testname`,`level` AS `testrank`,`quantity` AS `textnum`,`quit_type`,`suggest_time` FROM `exercise` WHERE `language` = '法语' LIMIT 0,9  

[ 2016-12-09T21:01:05+08:00 ] ::1 /EasyTalk/index.php/Home/Exercise/practiceclass?lan=02
INFO: [ app_init ] --START--
INFO: Run Behavior\BuildLiteBehavior [ RunTime:0.000041s ]
INFO: [ app_init ] --END-- [ RunTime:0.000883s ]
INFO: [ app_begin ] --START--
INFO: Run Behavior\ReadHtmlCacheBehavior [ RunTime:0.001288s ]
INFO: [ app_begin ] --END-- [ RunTime:0.001493s ]
INFO: [ view_parse ] --START--
INFO: [ template_filter ] --START--
INFO: Run Behavior\ContentReplaceBehavior [ RunTime:0.000160s ]
INFO: [ template_filter ] --END-- [ RunTime:0.000478s ]
INFO: Run Behavior\ParseTemplateBehavior [ RunTime:0.013228s ]
INFO: [ view_parse ] --END-- [ RunTime:0.013457s ]
INFO: [ view_filter ] --START--
INFO: Run Behavior\WriteHtmlCacheBehavior [ RunTime:0.000792s ]
INFO: [ view_filter ] --END-- [ RunTime:0.000976s ]
INFO: [ app_end ] --START--
INFO: Run Behavior\ShowPageTraceBehavior [ RunTime:0.001191s ]
INFO: [ app_end ] --END-- [ RunTime:0.001376s ]

[ 2016-12-09T21:01:05+08:00 ] ::1 /EasyTalk/index.php/Home/index/checkHasLogin
INFO: [ app_init ] --START--
INFO: Run Behavior\BuildLiteBehavior [ RunTime:0.000046s ]
INFO: [ app_init ] --END-- [ RunTime:0.000871s ]
INFO: [ app_begin ] --START--
INFO: Run Behavior\ReadHtmlCacheBehavior [ RunTime:0.001684s ]
INFO: [ app_begin ] --END-- [ RunTime:0.001980s ]

[ 2016-12-09T21:01:06+08:00 ] ::1 /EasyTalk/index.php/Home/Exercise/getPages
INFO: [ app_init ] --START--
INFO: Run Behavior\BuildLiteBehavior [ RunTime:0.000043s ]
INFO: [ app_init ] --END-- [ RunTime:0.000954s ]
INFO: [ app_begin ] --START--
INFO: Run Behavior\ReadHtmlCacheBehavior [ RunTime:0.001154s ]
INFO: [ app_begin ] --END-- [ RunTime:0.001326s ]
SQL: SHOW COLUMNS FROM `exercise` [ RunTime:0.0053s ]
SQL: SHOW COLUMNS FROM `exercise` [ RunTime:0.0071s ]
SQL: SELECT COUNT(*) AS tp_count FROM `exercise` WHERE `language` = '法语' LIMIT 1   [ RunTime:0.0004s ]

[ 2016-12-09T21:01:06+08:00 ] ::1 /EasyTalk/index.php/Home/Exercise/showExercise
INFO: [ app_init ] --START--
INFO: Run Behavior\BuildLiteBehavior [ RunTime:0.000050s ]
INFO: [ app_init ] --END-- [ RunTime:0.000842s ]
INFO: [ app_begin ] --START--
INFO: Run Behavior\ReadHtmlCacheBehavior [ RunTime:0.001410s ]
INFO: [ app_begin ] --END-- [ RunTime:0.001704s ]
SQL: SHOW COLUMNS FROM `exercise` [ RunTime:0.0053s ]
SQL: SHOW COLUMNS FROM `do_exercise` [ RunTime:0.0056s ]
SQL: SELECT `e_id` FROM `do_exercise` WHERE `u_id` = 1  [ RunTime:0.0004s ]
SQL: SHOW COLUMNS FROM `exercise` [ RunTime:0.0053s ]
ERR: 1054:Unknown column 'quantity' in 'field list'
 [ SQL语句 ] : SELECT `e_id`,`language`,`title` AS `testname`,`level` AS `testrank`,`quantity` AS `textnum`,`quit_type`,`suggest_time` FROM `exercise` WHERE `language` = '法语' LIMIT 0,9  
ERR: 1054:Unknown column 'quantity' in 'field list'
 [ SQL语句 ] : SELECT `e_id`,`language`,`title` AS `testname`,`level` AS `testrank`,`quantity` AS `textnum`,`quit_type`,`suggest_time` FROM `exercise` WHERE `language` = '法语' LIMIT 0,9  

[ 2016-12-09T21:01:08+08:00 ] ::1 /EasyTalk/index.php/Home/Exercise/practiceclass?lan=02
INFO: [ app_init ] --START--
INFO: Run Behavior\BuildLiteBehavior [ RunTime:0.000043s ]
INFO: [ app_init ] --END-- [ RunTime:0.001112s ]
INFO: [ app_begin ] --START--
INFO: Run Behavior\ReadHtmlCacheBehavior [ RunTime:0.001176s ]
INFO: [ app_begin ] --END-- [ RunTime:0.001375s ]
INFO: [ view_parse ] --START--
INFO: [ template_filter ] --START--
INFO: Run Behavior\ContentReplaceBehavior [ RunTime:0.000149s ]
INFO: [ template_filter ] --END-- [ RunTime:0.000744s ]
INFO: Run Behavior\ParseTemplateBehavior [ RunTime:0.013766s ]
INFO: [ view_parse ] --END-- [ RunTime:0.013975s ]
INFO: [ view_filter ] --START--
INFO: Run Behavior\WriteHtmlCacheBehavior [ RunTime:0.000920s ]
INFO: [ view_filter ] --END-- [ RunTime:0.001106s ]
INFO: [ app_end ] --START--
INFO: Run Behavior\ShowPageTraceBehavior [ RunTime:0.001215s ]
INFO: [ app_end ] --END-- [ RunTime:0.001416s ]

[ 2016-12-09T21:01:08+08:00 ] ::1 /EasyTalk/index.php/Home/index/checkHasLogin
INFO: [ app_init ] --START--
INFO: Run Behavior\BuildLiteBehavior [ RunTime:0.000073s ]
INFO: [ app_init ] --END-- [ RunTime:0.001167s ]
INFO: [ app_begin ] --START--
INFO: Run Behavior\ReadHtmlCacheBehavior [ RunTime:0.002127s ]
INFO: [ app_begin ] --END-- [ RunTime:0.002444s ]

[ 2016-12-09T21:01:08+08:00 ] ::1 /EasyTalk/index.php/Home/Exercise/getPages
INFO: [ app_init ] --START--
INFO: Run Behavior\BuildLiteBehavior [ RunTime:0.000061s ]
INFO: [ app_init ] --END-- [ RunTime:0.001090s ]
INFO: [ app_begin ] --START--
INFO: Run Behavior\ReadHtmlCacheBehavior [ RunTime:0.001231s ]
INFO: [ app_begin ] --END-- [ RunTime:0.001403s ]
SQL: SHOW COLUMNS FROM `exercise` [ RunTime:0.0067s ]
SQL: SHOW COLUMNS FROM `exercise` [ RunTime:0.0086s ]
SQL: SELECT COUNT(*) AS tp_count FROM `exercise` WHERE `language` = '法语' LIMIT 1   [ RunTime:0.0009s ]

[ 2016-12-09T21:01:08+08:00 ] ::1 /EasyTalk/index.php/Home/Exercise/showExercise
INFO: [ app_init ] --START--
INFO: Run Behavior\BuildLiteBehavior [ RunTime:0.000041s ]
INFO: [ app_init ] --END-- [ RunTime:0.000889s ]
INFO: [ app_begin ] --START--
INFO: Run Behavior\ReadHtmlCacheBehavior [ RunTime:0.001273s ]
INFO: [ app_begin ] --END-- [ RunTime:0.001446s ]
SQL: SHOW COLUMNS FROM `exercise` [ RunTime:0.0062s ]
SQL: SHOW COLUMNS FROM `do_exercise` [ RunTime:0.0051s ]
SQL: SELECT `e_id` FROM `do_exercise` WHERE `u_id` = 1  [ RunTime:0.0004s ]
SQL: SHOW COLUMNS FROM `exercise` [ RunTime:0.0054s ]
ERR: 1054:Unknown column 'quantity' in 'field list'
 [ SQL语句 ] : SELECT `e_id`,`language`,`title` AS `testname`,`level` AS `testrank`,`quantity` AS `textnum`,`quit_type`,`suggest_time` FROM `exercise` WHERE `language` = '法语' LIMIT 0,9  
ERR: 1054:Unknown column 'quantity' in 'field list'
 [ SQL语句 ] : SELECT `e_id`,`language`,`title` AS `testname`,`level` AS `testrank`,`quantity` AS `textnum`,`quit_type`,`suggest_time` FROM `exercise` WHERE `language` = '法语' LIMIT 0,9  

[ 2016-12-09T21:01:10+08:00 ] ::1 /EasyTalk/index.php/Home/Exercise/practiceclass?lan=03
INFO: [ app_init ] --START--
INFO: Run Behavior\BuildLiteBehavior [ RunTime:0.000040s ]
INFO: [ app_init ] --END-- [ RunTime:0.000910s ]
INFO: [ app_begin ] --START--
INFO: Run Behavior\ReadHtmlCacheBehavior [ RunTime:0.001246s ]
INFO: [ app_begin ] --END-- [ RunTime:0.001430s ]
INFO: [ view_parse ] --START--
INFO: [ template_filter ] --START--
INFO: Run Behavior\ContentReplaceBehavior [ RunTime:0.000147s ]
INFO: [ template_filter ] --END-- [ RunTime:0.000344s ]
INFO: Run Behavior\ParseTemplateBehavior [ RunTime:0.013184s ]
INFO: [ view_parse ] --END-- [ RunTime:0.013456s ]
INFO: [ view_filter ] --START--
INFO: Run Behavior\WriteHtmlCacheBehavior [ RunTime:0.000815s ]
INFO: [ view_filter ] --END-- [ RunTime:0.000991s ]
INFO: [ app_end ] --START--
INFO: Run Behavior\ShowPageTraceBehavior [ RunTime:0.001260s ]
INFO: [ app_end ] --END-- [ RunTime:0.001434s ]

[ 2016-12-09T21:01:10+08:00 ] ::1 /EasyTalk/index.php/Home/index/checkHasLogin
INFO: [ app_init ] --START--
INFO: Run Behavior\BuildLiteBehavior [ RunTime:0.000041s ]
INFO: [ app_init ] --END-- [ RunTime:0.000839s ]
INFO: [ app_begin ] --START--
INFO: Run Behavior\ReadHtmlCacheBehavior [ RunTime:0.002628s ]
INFO: [ app_begin ] --END-- [ RunTime:0.002953s ]

[ 2016-12-09T21:01:10+08:00 ] ::1 /EasyTalk/index.php/Home/Exercise/getPages
INFO: [ app_init ] --START--
INFO: Run Behavior\BuildLiteBehavior [ RunTime:0.000071s ]
INFO: [ app_init ] --END-- [ RunTime:0.001287s ]
INFO: [ app_begin ] --START--
INFO: Run Behavior\ReadHtmlCacheBehavior [ RunTime:0.001664s ]
INFO: [ app_begin ] --END-- [ RunTime:0.001967s ]
SQL: SHOW COLUMNS FROM `exercise` [ RunTime:0.0062s ]
SQL: SHOW COLUMNS FROM `exercise` [ RunTime:0.0051s ]
SQL: SELECT COUNT(*) AS tp_count FROM `exercise` WHERE `language` = '日语' LIMIT 1   [ RunTime:0.0007s ]

[ 2016-12-09T21:01:11+08:00 ] ::1 /EasyTalk/index.php/Home/Exercise/practiceclass?lan=02
INFO: [ app_init ] --START--
INFO: Run Behavior\BuildLiteBehavior [ RunTime:0.000070s ]
INFO: [ app_init ] --END-- [ RunTime:0.001304s ]
INFO: [ app_begin ] --START--
INFO: Run Behavior\ReadHtmlCacheBehavior [ RunTime:0.001310s ]
INFO: [ app_begin ] --END-- [ RunTime:0.001499s ]
INFO: [ view_parse ] --START--
INFO: [ template_filter ] --START--
INFO: Run Behavior\ContentReplaceBehavior [ RunTime:0.000146s ]
INFO: [ template_filter ] --END-- [ RunTime:0.000384s ]
INFO: Run Behavior\ParseTemplateBehavior [ RunTime:0.012920s ]
INFO: [ view_parse ] --END-- [ RunTime:0.013107s ]
INFO: [ view_filter ] --START--
INFO: Run Behavior\WriteHtmlCacheBehavior [ RunTime:0.000866s ]
INFO: [ view_filter ] --END-- [ RunTime:0.001035s ]
INFO: [ app_end ] --START--
INFO: Run Behavior\ShowPageTraceBehavior [ RunTime:0.001263s ]
INFO: [ app_end ] --END-- [ RunTime:0.001438s ]

[ 2016-12-09T21:01:11+08:00 ] ::1 /EasyTalk/index.php/Home/index/checkHasLogin
INFO: [ app_init ] --START--
INFO: Run Behavior\BuildLiteBehavior [ RunTime:0.000081s ]
INFO: [ app_init ] --END-- [ RunTime:0.002141s ]
INFO: [ app_begin ] --START--
INFO: Run Behavior\ReadHtmlCacheBehavior [ RunTime:0.001390s ]
INFO: [ app_begin ] --END-- [ RunTime:0.001577s ]

[ 2016-12-09T21:01:12+08:00 ] ::1 /EasyTalk/index.php/Home/Exercise/getPages
INFO: [ app_init ] --START--
INFO: Run Behavior\BuildLiteBehavior [ RunTime:0.000043s ]
INFO: [ app_init ] --END-- [ RunTime:0.000954s ]
INFO: [ app_begin ] --START--
INFO: Run Behavior\ReadHtmlCacheBehavior [ RunTime:0.002006s ]
INFO: [ app_begin ] --END-- [ RunTime:0.002332s ]
SQL: SHOW COLUMNS FROM `exercise` [ RunTime:0.0057s ]
SQL: SHOW COLUMNS FROM `exercise` [ RunTime:0.0077s ]
SQL: SELECT COUNT(*) AS tp_count FROM `exercise` WHERE `language` = '法语' LIMIT 1   [ RunTime:0.0005s ]

[ 2016-12-09T21:01:12+08:00 ] ::1 /EasyTalk/index.php/Home/Exercise/showExercise
INFO: [ app_init ] --START--
INFO: Run Behavior\BuildLiteBehavior [ RunTime:0.000040s ]
INFO: [ app_init ] --END-- [ RunTime:0.000830s ]
INFO: [ app_begin ] --START--
INFO: Run Behavior\ReadHtmlCacheBehavior [ RunTime:0.001954s ]
INFO: [ app_begin ] --END-- [ RunTime:0.002245s ]
SQL: SHOW COLUMNS FROM `exercise` [ RunTime:0.0080s ]
SQL: SHOW COLUMNS FROM `do_exercise` [ RunTime:0.0066s ]
SQL: SELECT `e_id` FROM `do_exercise` WHERE `u_id` = 1  [ RunTime:0.0006s ]
SQL: SHOW COLUMNS FROM `exercise` [ RunTime:0.0095s ]
ERR: 1054:Unknown column 'quantity' in 'field list'
 [ SQL语句 ] : SELECT `e_id`,`language`,`title` AS `testname`,`level` AS `testrank`,`quantity` AS `textnum`,`quit_type`,`suggest_time` FROM `exercise` WHERE `language` = '法语' LIMIT 0,9  
ERR: 1054:Unknown column 'quantity' in 'field list'
 [ SQL语句 ] : SELECT `e_id`,`language`,`title` AS `testname`,`level` AS `testrank`,`quantity` AS `textnum`,`quit_type`,`suggest_time` FROM `exercise` WHERE `language` = '法语' LIMIT 0,9  

[ 2016-12-09T21:01:18+08:00 ] ::1 /EasyTalk/index.php/Home/Exercise/showExercise
INFO: [ app_init ] --START--
INFO: Run Behavior\BuildLiteBehavior [ RunTime:0.000048s ]
INFO: [ app_init ] --END-- [ RunTime:0.001031s ]
INFO: [ app_begin ] --START--
INFO: Run Behavior\ReadHtmlCacheBehavior [ RunTime:0.001233s ]
INFO: [ app_begin ] --END-- [ RunTime:0.001391s ]
SQL: SHOW COLUMNS FROM `exercise` [ RunTime:0.0051s ]
SQL: SHOW COLUMNS FROM `do_exercise` [ RunTime:0.0049s ]
SQL: SELECT `e_id` FROM `do_exercise` WHERE `u_id` = 1  [ RunTime:0.0004s ]
SQL: SHOW COLUMNS FROM `exercise` [ RunTime:0.0049s ]
ERR: 1054:Unknown column 'quantity' in 'field list'
 [ SQL语句 ] : SELECT `e_id`,`language`,`title` AS `testname`,`level` AS `testrank`,`quantity` AS `textnum`,`quit_type`,`suggest_time` FROM `exercise` WHERE `language` = '法语' LIMIT 9,9  
ERR: 1054:Unknown column 'quantity' in 'field list'
 [ SQL语句 ] : SELECT `e_id`,`language`,`title` AS `testname`,`level` AS `testrank`,`quantity` AS `textnum`,`quit_type`,`suggest_time` FROM `exercise` WHERE `language` = '法语' LIMIT 9,9  

[ 2016-12-09T21:01:20+08:00 ] ::1 /EasyTalk/index.php/Home/Exercise/practiceclass?lan=02
INFO: [ app_init ] --START--
INFO: Run Behavior\BuildLiteBehavior [ RunTime:0.000043s ]
INFO: [ app_init ] --END-- [ RunTime:0.000936s ]
INFO: [ app_begin ] --START--
INFO: Run Behavior\ReadHtmlCacheBehavior [ RunTime:0.001312s ]
INFO: [ app_begin ] --END-- [ RunTime:0.001509s ]
INFO: [ view_parse ] --START--
INFO: [ template_filter ] --START--
INFO: Run Behavior\ContentReplaceBehavior [ RunTime:0.000149s ]
INFO: [ template_filter ] --END-- [ RunTime:0.000345s ]
INFO: Run Behavior\ParseTemplateBehavior [ RunTime:0.013548s ]
INFO: [ view_parse ] --END-- [ RunTime:0.013755s ]
INFO: [ view_filter ] --START--
INFO: Run Behavior\WriteHtmlCacheBehavior [ RunTime:0.000935s ]
INFO: [ view_filter ] --END-- [ RunTime:0.001180s ]
INFO: [ app_end ] --START--
INFO: Run Behavior\ShowPageTraceBehavior [ RunTime:0.001308s ]
INFO: [ app_end ] --END-- [ RunTime:0.001487s ]

[ 2016-12-09T21:01:20+08:00 ] ::1 /EasyTalk/index.php/Home/index/checkHasLogin
INFO: [ app_init ] --START--
INFO: Run Behavior\BuildLiteBehavior [ RunTime:0.000040s ]
INFO: [ app_init ] --END-- [ RunTime:0.000902s ]
INFO: [ app_begin ] --START--
INFO: Run Behavior\ReadHtmlCacheBehavior [ RunTime:0.001155s ]
INFO: [ app_begin ] --END-- [ RunTime:0.001331s ]

[ 2016-12-09T21:01:20+08:00 ] ::1 /EasyTalk/index.php/Home/Exercise/getPages
INFO: [ app_init ] --START--
INFO: Run Behavior\BuildLiteBehavior [ RunTime:0.000039s ]
INFO: [ app_init ] --END-- [ RunTime:0.000810s ]
INFO: [ app_begin ] --START--
INFO: Run Behavior\ReadHtmlCacheBehavior [ RunTime:0.001552s ]
INFO: [ app_begin ] --END-- [ RunTime:0.001771s ]
SQL: SHOW COLUMNS FROM `exercise` [ RunTime:0.0067s ]
SQL: SHOW COLUMNS FROM `exercise` [ RunTime:0.0051s ]
SQL: SELECT COUNT(*) AS tp_count FROM `exercise` WHERE `language` = '法语' LIMIT 1   [ RunTime:0.0004s ]

[ 2016-12-09T21:01:21+08:00 ] ::1 /EasyTalk/index.php/Home/Exercise/showExercise
INFO: [ app_init ] --START--
INFO: Run Behavior\BuildLiteBehavior [ RunTime:0.000040s ]
INFO: [ app_init ] --END-- [ RunTime:0.000866s ]
INFO: [ app_begin ] --START--
INFO: Run Behavior\ReadHtmlCacheBehavior [ RunTime:0.001492s ]
INFO: [ app_begin ] --END-- [ RunTime:0.001683s ]
SQL: SHOW COLUMNS FROM `exercise` [ RunTime:0.0052s ]
SQL: SHOW COLUMNS FROM `do_exercise` [ RunTime:0.0049s ]
SQL: SELECT `e_id` FROM `do_exercise` WHERE `u_id` = 1  [ RunTime:0.0003s ]
SQL: SHOW COLUMNS FROM `exercise` [ RunTime:0.0056s ]
ERR: 1054:Unknown column 'quantity' in 'field list'
 [ SQL语句 ] : SELECT `e_id`,`language`,`title` AS `testname`,`level` AS `testrank`,`quantity` AS `textnum`,`quit_type`,`suggest_time` FROM `exercise` WHERE `language` = '法语' LIMIT 0,9  
ERR: 1054:Unknown column 'quantity' in 'field list'
 [ SQL语句 ] : SELECT `e_id`,`language`,`title` AS `testname`,`level` AS `testrank`,`quantity` AS `textnum`,`quit_type`,`suggest_time` FROM `exercise` WHERE `language` = '法语' LIMIT 0,9  

[ 2016-12-09T21:02:05+08:00 ] ::1 /EasyTalk/index.php
INFO: [ app_init ] --START--
INFO: Run Behavior\BuildLiteBehavior [ RunTime:0.000041s ]
INFO: [ app_init ] --END-- [ RunTime:0.000851s ]
INFO: [ app_begin ] --START--
INFO: Run Behavior\ReadHtmlCacheBehavior [ RunTime:0.001367s ]
INFO: [ app_begin ] --END-- [ RunTime:0.001587s ]
INFO: [ view_parse ] --START--
INFO: [ template_filter ] --START--
INFO: Run Behavior\ContentReplaceBehavior [ RunTime:0.000406s ]
INFO: [ template_filter ] --END-- [ RunTime:0.000609s ]
INFO: Run Behavior\ParseTemplateBehavior [ RunTime:0.015894s ]
INFO: [ view_parse ] --END-- [ RunTime:0.016103s ]
INFO: [ view_filter ] --START--
INFO: Run Behavior\WriteHtmlCacheBehavior [ RunTime:0.000792s ]
INFO: [ view_filter ] --END-- [ RunTime:0.000963s ]
INFO: [ app_end ] --START--
INFO: Run Behavior\ShowPageTraceBehavior [ RunTime:0.001154s ]
INFO: [ app_end ] --END-- [ RunTime:0.001369s ]

[ 2016-12-09T21:02:05+08:00 ] ::1 /EasyTalk/Home/index/checkHasLogin
INFO: [ app_init ] --START--
INFO: Run Behavior\BuildLiteBehavior [ RunTime:0.000071s ]
INFO: [ app_init ] --END-- [ RunTime:0.002050s ]
INFO: [ app_begin ] --START--
INFO: Run Behavior\ReadHtmlCacheBehavior [ RunTime:0.002261s ]
INFO: [ app_begin ] --END-- [ RunTime:0.002866s ]

[ 2016-12-09T21:02:05+08:00 ] ::1 /EasyTalk/Home/index/getAcc
INFO: [ app_init ] --START--
INFO: Run Behavior\BuildLiteBehavior [ RunTime:0.000065s ]
INFO: [ app_init ] --END-- [ RunTime:0.005249s ]
INFO: [ app_begin ] --START--
INFO: Run Behavior\ReadHtmlCacheBehavior [ RunTime:0.001653s ]
INFO: [ app_begin ] --END-- [ RunTime:0.001927s ]

[ 2016-12-09T21:02:08+08:00 ] ::1 /EasyTalk/index.php/Home/exercise/practiceclass?lan=01
INFO: [ app_init ] --START--
INFO: Run Behavior\BuildLiteBehavior [ RunTime:0.000042s ]
INFO: [ app_init ] --END-- [ RunTime:0.000929s ]
INFO: [ app_begin ] --START--
INFO: Run Behavior\ReadHtmlCacheBehavior [ RunTime:0.001245s ]
INFO: [ app_begin ] --END-- [ RunTime:0.001456s ]
INFO: [ view_parse ] --START--
INFO: [ template_filter ] --START--
INFO: Run Behavior\ContentReplaceBehavior [ RunTime:0.000212s ]
INFO: [ template_filter ] --END-- [ RunTime:0.000628s ]
INFO: Run Behavior\ParseTemplateBehavior [ RunTime:0.018236s ]
INFO: [ view_parse ] --END-- [ RunTime:0.018488s ]
INFO: [ view_filter ] --START--
INFO: Run Behavior\WriteHtmlCacheBehavior [ RunTime:0.000784s ]
INFO: [ view_filter ] --END-- [ RunTime:0.000960s ]
INFO: [ app_end ] --START--
INFO: Run Behavior\ShowPageTraceBehavior [ RunTime:0.001158s ]
INFO: [ app_end ] --END-- [ RunTime:0.001339s ]

[ 2016-12-09T21:02:08+08:00 ] ::1 /EasyTalk/index.php/Home/index/checkHasLogin
INFO: [ app_init ] --START--
INFO: Run Behavior\BuildLiteBehavior [ RunTime:0.000044s ]
INFO: [ app_init ] --END-- [ RunTime:0.001040s ]
INFO: [ app_begin ] --START--
INFO: Run Behavior\ReadHtmlCacheBehavior [ RunTime:0.002035s ]
INFO: [ app_begin ] --END-- [ RunTime:0.002493s ]

[ 2016-12-09T21:02:09+08:00 ] ::1 /EasyTalk/index.php/Home/exercise/getPages
INFO: [ app_init ] --START--
INFO: Run Behavior\BuildLiteBehavior [ RunTime:0.000068s ]
INFO: [ app_init ] --END-- [ RunTime:0.000989s ]
INFO: [ app_begin ] --START--
INFO: Run Behavior\ReadHtmlCacheBehavior [ RunTime:0.001141s ]
INFO: [ app_begin ] --END-- [ RunTime:0.001312s ]
SQL: SHOW COLUMNS FROM `exercise` [ RunTime:0.0057s ]
SQL: SHOW COLUMNS FROM `exercise` [ RunTime:0.0057s ]
SQL: SELECT COUNT(*) AS tp_count FROM `exercise` WHERE `language` = '德语' LIMIT 1   [ RunTime:0.0005s ]

[ 2016-12-09T21:02:10+08:00 ] ::1 /EasyTalk/index.php/Home/Exercise/practiceclass?lan=02
INFO: [ app_init ] --START--
INFO: Run Behavior\BuildLiteBehavior [ RunTime:0.000042s ]
INFO: [ app_init ] --END-- [ RunTime:0.001003s ]
INFO: [ app_begin ] --START--
INFO: Run Behavior\ReadHtmlCacheBehavior [ RunTime:0.001194s ]
INFO: [ app_begin ] --END-- [ RunTime:0.001399s ]
INFO: [ view_parse ] --START--
INFO: [ template_filter ] --START--
INFO: Run Behavior\ContentReplaceBehavior [ RunTime:0.000150s ]
INFO: [ template_filter ] --END-- [ RunTime:0.000394s ]
INFO: Run Behavior\ParseTemplateBehavior [ RunTime:0.013522s ]
INFO: [ view_parse ] --END-- [ RunTime:0.013734s ]
INFO: [ view_filter ] --START--
INFO: Run Behavior\WriteHtmlCacheBehavior [ RunTime:0.000887s ]
INFO: [ view_filter ] --END-- [ RunTime:0.001074s ]
INFO: [ app_end ] --START--
INFO: Run Behavior\ShowPageTraceBehavior [ RunTime:0.001419s ]
INFO: [ app_end ] --END-- [ RunTime:0.001600s ]

[ 2016-12-09T21:02:11+08:00 ] ::1 /EasyTalk/index.php/Home/index/checkHasLogin
INFO: [ app_init ] --START--
INFO: Run Behavior\BuildLiteBehavior [ RunTime:0.000040s ]
INFO: [ app_init ] --END-- [ RunTime:0.000859s ]
INFO: [ app_begin ] --START--
INFO: Run Behavior\ReadHtmlCacheBehavior [ RunTime:0.001119s ]
INFO: [ app_begin ] --END-- [ RunTime:0.001281s ]

[ 2016-12-09T21:02:11+08:00 ] ::1 /EasyTalk/index.php/Home/Exercise/getPages
INFO: [ app_init ] --START--
INFO: Run Behavior\BuildLiteBehavior [ RunTime:0.000042s ]
INFO: [ app_init ] --END-- [ RunTime:0.000949s ]
INFO: [ app_begin ] --START--
INFO: Run Behavior\ReadHtmlCacheBehavior [ RunTime:0.001170s ]
INFO: [ app_begin ] --END-- [ RunTime:0.001340s ]
SQL: SHOW COLUMNS FROM `exercise` [ RunTime:0.0059s ]
SQL: SHOW COLUMNS FROM `exercise` [ RunTime:0.0053s ]
SQL: SELECT COUNT(*) AS tp_count FROM `exercise` WHERE `language` = '法语' LIMIT 1   [ RunTime:0.0004s ]

[ 2016-12-09T21:02:11+08:00 ] ::1 /EasyTalk/index.php/Home/Exercise/showExercise
INFO: [ app_init ] --START--
INFO: Run Behavior\BuildLiteBehavior [ RunTime:0.000066s ]
INFO: [ app_init ] --END-- [ RunTime:0.001360s ]
INFO: [ app_begin ] --START--
INFO: Run Behavior\ReadHtmlCacheBehavior [ RunTime:0.001677s ]
INFO: [ app_begin ] --END-- [ RunTime:0.001966s ]
SQL: SHOW COLUMNS FROM `exercise` [ RunTime:0.0060s ]
SQL: SHOW COLUMNS FROM `do_exercise` [ RunTime:0.0063s ]
SQL: SELECT `e_id` FROM `do_exercise` WHERE `u_id` = 1  [ RunTime:0.0006s ]
SQL: SHOW COLUMNS FROM `exercise` [ RunTime:0.0053s ]
ERR: 1054:Unknown column 'quantity' in 'field list'
 [ SQL语句 ] : SELECT `e_id`,`language`,`title` AS `testname`,`level` AS `testrank`,`quantity` AS `textnum`,`quit_type`,`suggest_time` FROM `exercise` WHERE `language` = '法语' LIMIT 0,9  
ERR: 1054:Unknown column 'quantity' in 'field list'
 [ SQL语句 ] : SELECT `e_id`,`language`,`title` AS `testname`,`level` AS `testrank`,`quantity` AS `textnum`,`quit_type`,`suggest_time` FROM `exercise` WHERE `language` = '法语' LIMIT 0,9  

[ 2016-12-09T21:02:27+08:00 ] ::1 /EasyTalk/index.php/Home/index/checkHasLogin
INFO: [ app_init ] --START--
INFO: Run Behavior\BuildLiteBehavior [ RunTime:0.000041s ]
INFO: [ app_init ] --END-- [ RunTime:0.000889s ]
INFO: [ app_begin ] --START--
INFO: Run Behavior\ReadHtmlCacheBehavior [ RunTime:0.001201s ]
INFO: [ app_begin ] --END-- [ RunTime:0.001400s ]

[ 2016-12-09T21:02:27+08:00 ] ::1 /EasyTalk/index.php/Home/exercise/getPages
INFO: [ app_init ] --START--
INFO: Run Behavior\BuildLiteBehavior [ RunTime:0.000041s ]
INFO: [ app_init ] --END-- [ RunTime:0.000825s ]
INFO: [ app_begin ] --START--
INFO: Run Behavior\ReadHtmlCacheBehavior [ RunTime:0.001123s ]
INFO: [ app_begin ] --END-- [ RunTime:0.001287s ]
SQL: SHOW COLUMNS FROM `exercise` [ RunTime:0.0051s ]
SQL: SHOW COLUMNS FROM `exercise` [ RunTime:0.0058s ]
SQL: SELECT COUNT(*) AS tp_count FROM `exercise` WHERE `language` = '德语' LIMIT 1   [ RunTime:0.0004s ]

[ 2016-12-09T21:02:29+08:00 ] ::1 /EasyTalk/Home/index/checkHasLogin
INFO: [ app_init ] --START--
INFO: Run Behavior\BuildLiteBehavior [ RunTime:0.000070s ]
INFO: [ app_init ] --END-- [ RunTime:0.002388s ]
INFO: [ app_begin ] --START--
INFO: Run Behavior\ReadHtmlCacheBehavior [ RunTime:0.002216s ]
INFO: [ app_begin ] --END-- [ RunTime:0.002533s ]

[ 2016-12-09T21:02:29+08:00 ] ::1 /EasyTalk/Home/index/getAcc
INFO: [ app_init ] --START--
INFO: Run Behavior\BuildLiteBehavior [ RunTime:0.000149s ]
INFO: [ app_init ] --END-- [ RunTime:0.003908s ]
INFO: [ app_begin ] --START--
INFO: Run Behavior\ReadHtmlCacheBehavior [ RunTime:0.001989s ]
INFO: [ app_begin ] --END-- [ RunTime:0.002332s ]

[ 2016-12-09T21:08:16+08:00 ] ::1 /EasyTalk/index.php/Home/user/
INFO: [ app_init ] --START--
INFO: Run Behavior\BuildLiteBehavior [ RunTime:0.000073s ]
INFO: [ app_init ] --END-- [ RunTime:0.001945s ]
INFO: [ app_begin ] --START--
INFO: Run Behavior\ReadHtmlCacheBehavior [ RunTime:0.001315s ]
INFO: [ app_begin ] --END-- [ RunTime:0.001520s ]
ERR: 非法操作:index

[ 2016-12-09T21:08:21+08:00 ] ::1 /EasyTalk/index.php/Home/user/pccenter
INFO: [ app_init ] --START--
INFO: Run Behavior\BuildLiteBehavior [ RunTime:0.000046s ]
INFO: [ app_init ] --END-- [ RunTime:0.001100s ]
INFO: [ app_begin ] --START--
INFO: Run Behavior\ReadHtmlCacheBehavior [ RunTime:0.001276s ]
INFO: [ app_begin ] --END-- [ RunTime:0.001467s ]
INFO: [ view_parse ] --START--
INFO: [ template_filter ] --START--
INFO: Run Behavior\ContentReplaceBehavior [ RunTime:0.000201s ]
INFO: [ template_filter ] --END-- [ RunTime:0.000419s ]
INFO: Run Behavior\ParseTemplateBehavior [ RunTime:0.844798s ]
INFO: [ view_parse ] --END-- [ RunTime:0.845038s ]
INFO: [ view_filter ] --START--
INFO: Run Behavior\WriteHtmlCacheBehavior [ RunTime:0.001064s ]
INFO: [ view_filter ] --END-- [ RunTime:0.001275s ]
INFO: [ app_end ] --START--
INFO: Run Behavior\ShowPageTraceBehavior [ RunTime:0.001441s ]
INFO: [ app_end ] --END-- [ RunTime:0.001633s ]

[ 2016-12-09T21:08:21+08:00 ] ::1 /EasyTalk/index.php/Home/user/pccenter
INFO: [ app_init ] --START--
INFO: Run Behavior\BuildLiteBehavior [ RunTime:0.000065s ]
INFO: [ app_init ] --END-- [ RunTime:0.001280s ]
INFO: [ app_begin ] --START--
INFO: Run Behavior\ReadHtmlCacheBehavior [ RunTime:0.002006s ]
INFO: [ app_begin ] --END-- [ RunTime:0.002345s ]
INFO: [ view_parse ] --START--
INFO: [ template_filter ] --START--
INFO: Run Behavior\ContentReplaceBehavior [ RunTime:0.000302s ]
INFO: [ template_filter ] --END-- [ RunTime:0.000654s ]
INFO: Run Behavior\ParseTemplateBehavior [ RunTime:0.021123s ]
INFO: [ view_parse ] --END-- [ RunTime:0.021416s ]
INFO: [ view_filter ] --START--
INFO: Run Behavior\WriteHtmlCacheBehavior [ RunTime:0.001022s ]
INFO: [ view_filter ] --END-- [ RunTime:0.001401s ]
INFO: [ app_end ] --START--
INFO: Run Behavior\ShowPageTraceBehavior [ RunTime:0.001461s ]
INFO: [ app_end ] --END-- [ RunTime:0.001690s ]

[ 2016-12-09T21:08:21+08:00 ] ::1 /EasyTalk/index.php/Home/index/checkHasLogin
INFO: [ app_init ] --START--
INFO: Run Behavior\BuildLiteBehavior [ RunTime:0.000072s ]
INFO: [ app_init ] --END-- [ RunTime:0.001474s ]
INFO: [ app_begin ] --START--
INFO: Run Behavior\ReadHtmlCacheBehavior [ RunTime:0.002328s ]
INFO: [ app_begin ] --END-- [ RunTime:0.002827s ]

[ 2016-12-09T21:08:22+08:00 ] ::1 /EasyTalk/index.php/Home/user/personal
INFO: [ app_init ] --START--
INFO: Run Behavior\BuildLiteBehavior [ RunTime:0.000070s ]
INFO: [ app_init ] --END-- [ RunTime:0.001797s ]
INFO: [ app_begin ] --START--
INFO: Run Behavior\ReadHtmlCacheBehavior [ RunTime:0.002540s ]
INFO: [ app_begin ] --END-- [ RunTime:0.002865s ]
SQL: SHOW COLUMNS FROM `user` [ RunTime:0.0090s ]
SQL: SHOW COLUMNS FROM `user` [ RunTime:0.0102s ]
SQL: SELECT * FROM `user` WHERE `id` = 1  [ RunTime:0.0007s ]

[ 2016-12-09T21:08:24+08:00 ] ::1 /EasyTalk/index.php/Home/exercise/practiceclass?lan=01
INFO: [ app_init ] --START--
INFO: Run Behavior\BuildLiteBehavior [ RunTime:0.000059s ]
INFO: [ app_init ] --END-- [ RunTime:0.001160s ]
INFO: [ app_begin ] --START--
INFO: Run Behavior\ReadHtmlCacheBehavior [ RunTime:0.001943s ]
INFO: [ app_begin ] --END-- [ RunTime:0.002258s ]
INFO: [ view_parse ] --START--
INFO: [ template_filter ] --START--
INFO: Run Behavior\ContentReplaceBehavior [ RunTime:0.000262s ]
INFO: [ template_filter ] --END-- [ RunTime:0.000709s ]
INFO: Run Behavior\ParseTemplateBehavior [ RunTime:0.025297s ]
INFO: [ view_parse ] --END-- [ RunTime:0.026215s ]
INFO: [ view_filter ] --START--
INFO: Run Behavior\WriteHtmlCacheBehavior [ RunTime:0.001223s ]
INFO: [ view_filter ] --END-- [ RunTime:0.001459s ]
INFO: [ app_end ] --START--
INFO: Run Behavior\ShowPageTraceBehavior [ RunTime:0.001367s ]
INFO: [ app_end ] --END-- [ RunTime:0.001563s ]

[ 2016-12-09T21:08:24+08:00 ] ::1 /EasyTalk/index.php/Home/index/checkHasLogin
INFO: [ app_init ] --START--
INFO: Run Behavior\BuildLiteBehavior [ RunTime:0.000202s ]
INFO: [ app_init ] --END-- [ RunTime:0.003144s ]
INFO: [ app_begin ] --START--
INFO: Run Behavior\ReadHtmlCacheBehavior [ RunTime:0.001940s ]
INFO: [ app_begin ] --END-- [ RunTime:0.002273s ]

[ 2016-12-09T21:08:24+08:00 ] ::1 /EasyTalk/index.php/Home/exercise/getPages
INFO: [ app_init ] --START--
INFO: Run Behavior\BuildLiteBehavior [ RunTime:0.000043s ]
INFO: [ app_init ] --END-- [ RunTime:0.001022s ]
INFO: [ app_begin ] --START--
INFO: Run Behavior\ReadHtmlCacheBehavior [ RunTime:0.001471s ]
INFO: [ app_begin ] --END-- [ RunTime:0.001702s ]
SQL: SHOW COLUMNS FROM `exercise` [ RunTime:0.0070s ]
SQL: SHOW COLUMNS FROM `exercise` [ RunTime:0.0065s ]
SQL: SELECT COUNT(*) AS tp_count FROM `exercise` WHERE `language` = '德语' LIMIT 1   [ RunTime:0.0004s ]

[ 2016-12-09T21:08:26+08:00 ] ::1 /EasyTalk/index.php/Home/Exercise/practiceclass?lan=02
INFO: [ app_init ] --START--
INFO: Run Behavior\BuildLiteBehavior [ RunTime:0.000074s ]
INFO: [ app_init ] --END-- [ RunTime:0.001827s ]
INFO: [ app_begin ] --START--
INFO: Run Behavior\ReadHtmlCacheBehavior [ RunTime:0.002245s ]
INFO: [ app_begin ] --END-- [ RunTime:0.002686s ]
INFO: [ view_parse ] --START--
INFO: [ template_filter ] --START--
INFO: Run Behavior\ContentReplaceBehavior [ RunTime:0.000295s ]
INFO: [ template_filter ] --END-- [ RunTime:0.000814s ]
INFO: Run Behavior\ParseTemplateBehavior [ RunTime:0.034138s ]
INFO: [ view_parse ] --END-- [ RunTime:0.034519s ]
INFO: [ view_filter ] --START--
INFO: Run Behavior\WriteHtmlCacheBehavior [ RunTime:0.001722s ]
INFO: [ view_filter ] --END-- [ RunTime:0.002855s ]
INFO: [ app_end ] --START--
INFO: Run Behavior\ShowPageTraceBehavior [ RunTime:0.002422s ]
INFO: [ app_end ] --END-- [ RunTime:0.002814s ]

[ 2016-12-09T21:08:27+08:00 ] ::1 /EasyTalk/index.php/Home/index/checkHasLogin
INFO: [ app_init ] --START--
INFO: Run Behavior\BuildLiteBehavior [ RunTime:0.000071s ]
INFO: [ app_init ] --END-- [ RunTime:0.001338s ]
INFO: [ app_begin ] --START--
INFO: Run Behavior\ReadHtmlCacheBehavior [ RunTime:0.001979s ]
INFO: [ app_begin ] --END-- [ RunTime:0.002302s ]

[ 2016-12-09T21:08:27+08:00 ] ::1 /EasyTalk/index.php/Home/Exercise/getPages
INFO: [ app_init ] --START--
INFO: Run Behavior\BuildLiteBehavior [ RunTime:0.000043s ]
INFO: [ app_init ] --END-- [ RunTime:0.000836s ]
INFO: [ app_begin ] --START--
INFO: Run Behavior\ReadHtmlCacheBehavior [ RunTime:0.001564s ]
INFO: [ app_begin ] --END-- [ RunTime:0.001807s ]
SQL: SHOW COLUMNS FROM `exercise` [ RunTime:0.0077s ]
SQL: SHOW COLUMNS FROM `exercise` [ RunTime:0.0056s ]
SQL: SELECT COUNT(*) AS tp_count FROM `exercise` WHERE `language` = '法语' LIMIT 1   [ RunTime:0.0005s ]

[ 2016-12-09T21:08:27+08:00 ] ::1 /EasyTalk/index.php/Home/Exercise/showExercise
INFO: [ app_init ] --START--
INFO: Run Behavior\BuildLiteBehavior [ RunTime:0.000041s ]
INFO: [ app_init ] --END-- [ RunTime:0.000837s ]
INFO: [ app_begin ] --START--
INFO: Run Behavior\ReadHtmlCacheBehavior [ RunTime:0.001593s ]
INFO: [ app_begin ] --END-- [ RunTime:0.001875s ]
SQL: SHOW COLUMNS FROM `exercise` [ RunTime:0.0060s ]
SQL: SHOW COLUMNS FROM `do_exercise` [ RunTime:0.0056s ]
SQL: SELECT `e_id` FROM `do_exercise` WHERE `u_id` = 1  [ RunTime:0.0004s ]
SQL: SHOW COLUMNS FROM `exercise` [ RunTime:0.0076s ]
ERR: 1054:Unknown column 'quantity' in 'field list'
 [ SQL语句 ] : SELECT `e_id`,`language`,`title` AS `testname`,`level` AS `testrank`,`quantity` AS `textnum`,`quit_type`,`suggest_time` FROM `exercise` WHERE `language` = '法语' LIMIT 0,9  
ERR: 1054:Unknown column 'quantity' in 'field list'
 [ SQL语句 ] : SELECT `e_id`,`language`,`title` AS `testname`,`level` AS `testrank`,`quantity` AS `textnum`,`quit_type`,`suggest_time` FROM `exercise` WHERE `language` = '法语' LIMIT 0,9  

[ 2016-12-09T21:08:35+08:00 ] ::1 /EasyTalk/index.php/Home/user/pccenter
INFO: [ app_init ] --START--
INFO: Run Behavior\BuildLiteBehavior [ RunTime:0.000069s ]
INFO: [ app_init ] --END-- [ RunTime:0.001264s ]
INFO: [ app_begin ] --START--
INFO: Run Behavior\ReadHtmlCacheBehavior [ RunTime:0.002104s ]
INFO: [ app_begin ] --END-- [ RunTime:0.002412s ]
INFO: [ view_parse ] --START--
INFO: [ template_filter ] --START--
INFO: Run Behavior\ContentReplaceBehavior [ RunTime:0.000301s ]
INFO: [ template_filter ] --END-- [ RunTime:0.000641s ]
INFO: Run Behavior\ParseTemplateBehavior [ RunTime:0.019139s ]
INFO: [ view_parse ] --END-- [ RunTime:0.019452s ]
INFO: [ view_filter ] --START--
INFO: Run Behavior\WriteHtmlCacheBehavior [ RunTime:0.001482s ]
INFO: [ view_filter ] --END-- [ RunTime:0.001817s ]
INFO: [ app_end ] --START--
INFO: Run Behavior\ShowPageTraceBehavior [ RunTime:0.002054s ]
INFO: [ app_end ] --END-- [ RunTime:0.002392s ]

[ 2016-12-09T21:08:36+08:00 ] ::1 /EasyTalk/index.php/Home/user/pccenter
INFO: [ app_init ] --START--
INFO: Run Behavior\BuildLiteBehavior [ RunTime:0.000070s ]
INFO: [ app_init ] --END-- [ RunTime:0.001747s ]
INFO: [ app_begin ] --START--
INFO: Run Behavior\ReadHtmlCacheBehavior [ RunTime:0.002066s ]
INFO: [ app_begin ] --END-- [ RunTime:0.002437s ]
INFO: [ view_parse ] --START--
INFO: [ template_filter ] --START--
INFO: Run Behavior\ContentReplaceBehavior [ RunTime:0.000183s ]
INFO: [ template_filter ] --END-- [ RunTime:0.000392s ]
INFO: Run Behavior\ParseTemplateBehavior [ RunTime:0.022256s ]
INFO: [ view_parse ] --END-- [ RunTime:0.022536s ]
INFO: [ view_filter ] --START--
INFO: Run Behavior\WriteHtmlCacheBehavior [ RunTime:0.000972s ]
INFO: [ view_filter ] --END-- [ RunTime:0.001178s ]
INFO: [ app_end ] --START--
INFO: Run Behavior\ShowPageTraceBehavior [ RunTime:0.001985s ]
INFO: [ app_end ] --END-- [ RunTime:0.002177s ]

[ 2016-12-09T21:08:37+08:00 ] ::1 /EasyTalk/index.php/Home/index/checkHasLogin
INFO: [ app_init ] --START--
INFO: Run Behavior\BuildLiteBehavior [ RunTime:0.000042s ]
INFO: [ app_init ] --END-- [ RunTime:0.000877s ]
INFO: [ app_begin ] --START--
INFO: Run Behavior\ReadHtmlCacheBehavior [ RunTime:0.001210s ]
INFO: [ app_begin ] --END-- [ RunTime:0.001374s ]

[ 2016-12-09T21:08:37+08:00 ] ::1 /EasyTalk/index.php/Home/user/personal
INFO: [ app_init ] --START--
INFO: Run Behavior\BuildLiteBehavior [ RunTime:0.000040s ]
INFO: [ app_init ] --END-- [ RunTime:0.000866s ]
INFO: [ app_begin ] --START--
INFO: Run Behavior\ReadHtmlCacheBehavior [ RunTime:0.001262s ]
INFO: [ app_begin ] --END-- [ RunTime:0.001424s ]
SQL: SHOW COLUMNS FROM `user` [ RunTime:0.0055s ]
SQL: SHOW COLUMNS FROM `user` [ RunTime:0.0053s ]
SQL: SELECT * FROM `user` WHERE `id` = 1  [ RunTime:0.0006s ]

[ 2016-12-09T21:10:09+08:00 ] ::1 /EasyTalk/index.php/Home/Exercise/practiceclass?lan=02
INFO: [ app_init ] --START--
INFO: Run Behavior\BuildLiteBehavior [ RunTime:0.000042s ]
INFO: [ app_init ] --END-- [ RunTime:0.000945s ]
INFO: [ app_begin ] --START--
INFO: Run Behavior\ReadHtmlCacheBehavior [ RunTime:0.004078s ]
INFO: [ app_begin ] --END-- [ RunTime:0.004303s ]
INFO: [ view_parse ] --START--
INFO: [ template_filter ] --START--
INFO: Run Behavior\ContentReplaceBehavior [ RunTime:0.000157s ]
INFO: [ template_filter ] --END-- [ RunTime:0.000372s ]
INFO: Run Behavior\ParseTemplateBehavior [ RunTime:0.013471s ]
INFO: [ view_parse ] --END-- [ RunTime:0.013723s ]
INFO: [ view_filter ] --START--
INFO: Run Behavior\WriteHtmlCacheBehavior [ RunTime:0.000970s ]
INFO: [ view_filter ] --END-- [ RunTime:0.001162s ]
INFO: [ app_end ] --START--
INFO: Run Behavior\ShowPageTraceBehavior [ RunTime:0.001299s ]
INFO: [ app_end ] --END-- [ RunTime:0.001466s ]

[ 2016-12-09T21:10:09+08:00 ] ::1 /EasyTalk/index.php/Home/index/checkHasLogin
INFO: [ app_init ] --START--
INFO: Run Behavior\BuildLiteBehavior [ RunTime:0.000083s ]
INFO: [ app_init ] --END-- [ RunTime:0.001725s ]
INFO: [ app_begin ] --START--
INFO: Run Behavior\ReadHtmlCacheBehavior [ RunTime:0.001608s ]
INFO: [ app_begin ] --END-- [ RunTime:0.001864s ]

[ 2016-12-09T21:10:09+08:00 ] ::1 /EasyTalk/index.php/Home/Exercise/getPages
INFO: [ app_init ] --START--
INFO: Run Behavior\BuildLiteBehavior [ RunTime:0.000046s ]
INFO: [ app_init ] --END-- [ RunTime:0.001186s ]
INFO: [ app_begin ] --START--
INFO: Run Behavior\ReadHtmlCacheBehavior [ RunTime:0.001118s ]
INFO: [ app_begin ] --END-- [ RunTime:0.001298s ]
SQL: SHOW COLUMNS FROM `exercise` [ RunTime:0.0071s ]
SQL: SHOW COLUMNS FROM `exercise` [ RunTime:0.0053s ]
SQL: SELECT COUNT(*) AS tp_count FROM `exercise` WHERE `language` = '法语' LIMIT 1   [ RunTime:0.0004s ]

[ 2016-12-09T21:10:09+08:00 ] ::1 /EasyTalk/index.php/Home/Exercise/showExercise
INFO: [ app_init ] --START--
INFO: Run Behavior\BuildLiteBehavior [ RunTime:0.000043s ]
INFO: [ app_init ] --END-- [ RunTime:0.001368s ]
INFO: [ app_begin ] --START--
INFO: Run Behavior\ReadHtmlCacheBehavior [ RunTime:0.001069s ]
INFO: [ app_begin ] --END-- [ RunTime:0.001244s ]
SQL: SHOW COLUMNS FROM `exercise` [ RunTime:0.0051s ]
SQL: SHOW COLUMNS FROM `do_exercise` [ RunTime:0.0050s ]
SQL: SELECT `e_id` FROM `do_exercise` WHERE `u_id` = 1  [ RunTime:0.0004s ]
SQL: SHOW COLUMNS FROM `exercise` [ RunTime:0.0052s ]
ERR: 1054:Unknown column 'quantity' in 'field list'
 [ SQL语句 ] : SELECT `e_id`,`language`,`title` AS `testname`,`level` AS `testrank`,`quantity` AS `textnum`,`quit_type`,`suggest_time` FROM `exercise` WHERE `language` = '法语' LIMIT 0,9  
ERR: 1054:Unknown column 'quantity' in 'field list'
 [ SQL语句 ] : SELECT `e_id`,`language`,`title` AS `testname`,`level` AS `testrank`,`quantity` AS `textnum`,`quit_type`,`suggest_time` FROM `exercise` WHERE `language` = '法语' LIMIT 0,9  

[ 2016-12-09T21:10:33+08:00 ] ::1 /EasyTalk/index.php/Home/Exercise/showExercise
INFO: [ app_init ] --START--
INFO: Run Behavior\BuildLiteBehavior [ RunTime:0.000073s ]
INFO: [ app_init ] --END-- [ RunTime:0.002293s ]
INFO: [ app_begin ] --START--
INFO: Run Behavior\ReadHtmlCacheBehavior [ RunTime:0.001918s ]
INFO: [ app_begin ] --END-- [ RunTime:0.002739s ]
NOTIC: [8] Undefined index: page D:\wamp\www\EasyTalk\Application\Home\Controller\ExerciseController.class.php 第 82 行.
NOTIC: [8] Undefined index: lan D:\wamp\www\EasyTalk\Application\Home\Controller\ExerciseController.class.php 第 83 行.
SQL: SHOW COLUMNS FROM `exercise` [ RunTime:0.0083s ]
SQL: SHOW COLUMNS FROM `do_exercise` [ RunTime:0.0086s ]
SQL: SELECT `e_id` FROM `do_exercise` WHERE `u_id` = 1  [ RunTime:0.0009s ]
SQL: SHOW COLUMNS FROM `exercise` [ RunTime:0.0101s ]
ERR: 1064:You have an error in your SQL syntax; check the manual that corresponds to your MySQL server version for the right syntax to use near '-9,9' at line 1
 [ SQL语句 ] : SELECT `e_id`,`language`,`title` AS `testname`,`level` AS `testrank`,`quantity` AS `textnum`,`quit_type`,`suggest_time` FROM `exercise` WHERE `language` = null LIMIT -9,9  
ERR: 1064:You have an error in your SQL syntax; check the manual that corresponds to your MySQL server version for the right syntax to use near '-9,9' at line 1
 [ SQL语句 ] : SELECT `e_id`,`language`,`title` AS `testname`,`level` AS `testrank`,`quantity` AS `textnum`,`quit_type`,`suggest_time` FROM `exercise` WHERE `language` = null LIMIT -9,9  

[ 2016-12-09T21:11:24+08:00 ] ::1 /EasyTalk/index.php/Home/Exercise/showExercise
INFO: [ app_init ] --START--
INFO: Run Behavior\BuildLiteBehavior [ RunTime:0.000042s ]
INFO: [ app_init ] --END-- [ RunTime:0.000900s ]
INFO: [ app_begin ] --START--
INFO: Run Behavior\ReadHtmlCacheBehavior [ RunTime:0.001158s ]
INFO: [ app_begin ] --END-- [ RunTime:0.001363s ]
NOTIC: [8] Undefined index: page D:\wamp\www\EasyTalk\Application\Home\Controller\ExerciseController.class.php 第 82 行.
NOTIC: [8] Undefined index: lan D:\wamp\www\EasyTalk\Application\Home\Controller\ExerciseController.class.php 第 83 行.
SQL: SHOW COLUMNS FROM `exercise` [ RunTime:0.0067s ]
SQL: SHOW COLUMNS FROM `do_exercise` [ RunTime:0.0051s ]
SQL: SELECT `e_id` FROM `do_exercise` WHERE `u_id` = 1  [ RunTime:0.0005s ]
SQL: SHOW COLUMNS FROM `exercise` [ RunTime:0.0060s ]
ERR: 1064:You have an error in your SQL syntax; check the manual that corresponds to your MySQL server version for the right syntax to use near '-9,9' at line 1
 [ SQL语句 ] : SELECT `e_id`,`language`,`title` AS `testname`,`level` AS `testrank`,`quantity` AS `textnum` FROM `exercise` WHERE `language` = null LIMIT -9,9  
ERR: 1064:You have an error in your SQL syntax; check the manual that corresponds to your MySQL server version for the right syntax to use near '-9,9' at line 1
 [ SQL语句 ] : SELECT `e_id`,`language`,`title` AS `testname`,`level` AS `testrank`,`quantity` AS `textnum` FROM `exercise` WHERE `language` = null LIMIT -9,9  

[ 2016-12-09T21:15:37+08:00 ] ::1 /EasyTalk/index.php/Home/Exercise/showExercise
INFO: [ app_init ] --START--
INFO: Run Behavior\BuildLiteBehavior [ RunTime:0.000044s ]
INFO: [ app_init ] --END-- [ RunTime:0.000857s ]
INFO: [ app_begin ] --START--
INFO: Run Behavior\ReadHtmlCacheBehavior [ RunTime:0.002140s ]
INFO: [ app_begin ] --END-- [ RunTime:0.002353s ]
NOTIC: [8] Undefined index: page D:\wamp\www\EasyTalk\Application\Home\Controller\ExerciseController.class.php 第 82 行.
NOTIC: [8] Undefined index: lan D:\wamp\www\EasyTalk\Application\Home\Controller\ExerciseController.class.php 第 83 行.
SQL: SHOW COLUMNS FROM `exercise` [ RunTime:0.6524s ]
SQL: SHOW COLUMNS FROM `do_exercise` [ RunTime:0.0066s ]
SQL: SELECT `e_id` FROM `do_exercise` WHERE `u_id` = 1  [ RunTime:0.0005s ]
SQL: SHOW COLUMNS FROM `exercise` [ RunTime:0.0060s ]
ERR: 1064:You have an error in your SQL syntax; check the manual that corresponds to your MySQL server version for the right syntax to use near '-9,9' at line 1
 [ SQL语句 ] : SELECT `e_id`,`language`,`title` AS `testname`,`level` AS `testrank` FROM `exercise` WHERE `language` = null LIMIT -9,9  
ERR: 1064:You have an error in your SQL syntax; check the manual that corresponds to your MySQL server version for the right syntax to use near '-9,9' at line 1
 [ SQL语句 ] : SELECT `e_id`,`language`,`title` AS `testname`,`level` AS `testrank` FROM `exercise` WHERE `language` = null LIMIT -9,9  

[ 2016-12-09T21:15:51+08:00 ] ::1 /EasyTalk/index.php/Home/index/checkHasLogin
INFO: [ app_init ] --START--
INFO: Run Behavior\BuildLiteBehavior [ RunTime:0.000118s ]
INFO: [ app_init ] --END-- [ RunTime:0.001382s ]
INFO: [ app_begin ] --START--
INFO: Run Behavior\ReadHtmlCacheBehavior [ RunTime:0.002320s ]
INFO: [ app_begin ] --END-- [ RunTime:0.002747s ]

[ 2016-12-09T21:15:51+08:00 ] ::1 /EasyTalk/index.php/Home/Exercise/getPages
INFO: [ app_init ] --START--
INFO: Run Behavior\BuildLiteBehavior [ RunTime:0.000041s ]
INFO: [ app_init ] --END-- [ RunTime:0.000821s ]
INFO: [ app_begin ] --START--
INFO: Run Behavior\ReadHtmlCacheBehavior [ RunTime:0.001014s ]
INFO: [ app_begin ] --END-- [ RunTime:0.001176s ]
SQL: SHOW COLUMNS FROM `exercise` [ RunTime:0.0081s ]
SQL: SHOW COLUMNS FROM `exercise` [ RunTime:0.0065s ]
SQL: SELECT COUNT(*) AS tp_count FROM `exercise` WHERE `language` = '法语' LIMIT 1   [ RunTime:0.0005s ]

[ 2016-12-09T21:15:51+08:00 ] ::1 /EasyTalk/index.php/Home/Exercise/showExercise
INFO: [ app_init ] --START--
INFO: Run Behavior\BuildLiteBehavior [ RunTime:0.000042s ]
INFO: [ app_init ] --END-- [ RunTime:0.000848s ]
INFO: [ app_begin ] --START--
INFO: Run Behavior\ReadHtmlCacheBehavior [ RunTime:0.001130s ]
INFO: [ app_begin ] --END-- [ RunTime:0.001306s ]
SQL: SHOW COLUMNS FROM `exercise` [ RunTime:0.0063s ]
SQL: SHOW COLUMNS FROM `do_exercise` [ RunTime:0.0061s ]
SQL: SELECT `e_id` FROM `do_exercise` WHERE `u_id` = 1  [ RunTime:0.0005s ]
SQL: SHOW COLUMNS FROM `exercise` [ RunTime:0.0066s ]
SQL: SELECT `e_id`,`language`,`title` AS `testname`,`level` AS `testrank` FROM `exercise` WHERE `language` = '法语' LIMIT 0,9   [ RunTime:0.0005s ]
SQL: SHOW COLUMNS FROM `quiz` [ RunTime:0.0086s ]
SQL: SELECT COUNT(*) AS tp_count FROM `quiz` WHERE `e_id` = 1 LIMIT 1   [ RunTime:0.0004s ]
SQL: SELECT COUNT(*) AS tp_count FROM `quiz` WHERE `e_id` = 2 LIMIT 1   [ RunTime:0.0004s ]
SQL: SELECT COUNT(*) AS tp_count FROM `quiz` WHERE `e_id` = 3 LIMIT 1   [ RunTime:0.0003s ]
SQL: SELECT COUNT(*) AS tp_count FROM `quiz` WHERE `e_id` = 4 LIMIT 1   [ RunTime:0.0003s ]
SQL: SELECT COUNT(*) AS tp_count FROM `quiz` WHERE `e_id` = 5 LIMIT 1   [ RunTime:0.0004s ]
SQL: SELECT COUNT(*) AS tp_count FROM `quiz` WHERE `e_id` = 8 LIMIT 1   [ RunTime:0.0003s ]
SQL: SELECT COUNT(*) AS tp_count FROM `quiz` WHERE `e_id` = 9 LIMIT 1   [ RunTime:0.0003s ]
SQL: SELECT COUNT(*) AS tp_count FROM `quiz` WHERE `e_id` = 10 LIMIT 1   [ RunTime:0.0003s ]
SQL: SELECT COUNT(*) AS tp_count FROM `quiz` WHERE `e_id` = 11 LIMIT 1   [ RunTime:0.0003s ]

[ 2016-12-09T21:16:44+08:00 ] ::1 /EasyTalk/index.php/Home/Exercise/practiceclass?lan=02
INFO: [ app_init ] --START--
INFO: Run Behavior\BuildLiteBehavior [ RunTime:0.000052s ]
INFO: [ app_init ] --END-- [ RunTime:0.000967s ]
INFO: [ app_begin ] --START--
INFO: Run Behavior\ReadHtmlCacheBehavior [ RunTime:0.001126s ]
INFO: [ app_begin ] --END-- [ RunTime:0.001392s ]
INFO: [ view_parse ] --START--
INFO: [ template_filter ] --START--
INFO: Run Behavior\ContentReplaceBehavior [ RunTime:0.000146s ]
INFO: [ template_filter ] --END-- [ RunTime:0.000351s ]
INFO: Run Behavior\ParseTemplateBehavior [ RunTime:0.015019s ]
INFO: [ view_parse ] --END-- [ RunTime:0.015239s ]
INFO: [ view_filter ] --START--
INFO: Run Behavior\WriteHtmlCacheBehavior [ RunTime:0.000852s ]
INFO: [ view_filter ] --END-- [ RunTime:0.001030s ]
INFO: [ app_end ] --START--
INFO: Run Behavior\ShowPageTraceBehavior [ RunTime:0.001247s ]
INFO: [ app_end ] --END-- [ RunTime:0.001413s ]

[ 2016-12-09T21:16:44+08:00 ] ::1 /EasyTalk/index.php/Home/index/checkHasLogin
INFO: [ app_init ] --START--
INFO: Run Behavior\BuildLiteBehavior [ RunTime:0.000104s ]
INFO: [ app_init ] --END-- [ RunTime:0.001885s ]
INFO: [ app_begin ] --START--
INFO: Run Behavior\ReadHtmlCacheBehavior [ RunTime:0.002121s ]
INFO: [ app_begin ] --END-- [ RunTime:0.002470s ]

[ 2016-12-09T21:16:44+08:00 ] ::1 /EasyTalk/index.php/Home/Exercise/getPages
INFO: [ app_init ] --START--
INFO: Run Behavior\BuildLiteBehavior [ RunTime:0.000041s ]
INFO: [ app_init ] --END-- [ RunTime:0.000969s ]
INFO: [ app_begin ] --START--
INFO: Run Behavior\ReadHtmlCacheBehavior [ RunTime:0.001092s ]
INFO: [ app_begin ] --END-- [ RunTime:0.001247s ]
SQL: SHOW COLUMNS FROM `exercise` [ RunTime:0.0058s ]
SQL: SHOW COLUMNS FROM `exercise` [ RunTime:0.0053s ]
SQL: SELECT COUNT(*) AS tp_count FROM `exercise` WHERE `language` = '法语' LIMIT 1   [ RunTime:0.0004s ]

[ 2016-12-09T21:16:44+08:00 ] ::1 /EasyTalk/index.php/Home/Exercise/showExercise
INFO: [ app_init ] --START--
INFO: Run Behavior\BuildLiteBehavior [ RunTime:0.000040s ]
INFO: [ app_init ] --END-- [ RunTime:0.000829s ]
INFO: [ app_begin ] --START--
INFO: Run Behavior\ReadHtmlCacheBehavior [ RunTime:0.001153s ]
INFO: [ app_begin ] --END-- [ RunTime:0.001318s ]
SQL: SHOW COLUMNS FROM `exercise` [ RunTime:0.0055s ]
SQL: SHOW COLUMNS FROM `do_exercise` [ RunTime:0.0052s ]
SQL: SELECT `e_id` FROM `do_exercise` WHERE `u_id` = 1  [ RunTime:0.0003s ]
SQL: SHOW COLUMNS FROM `exercise` [ RunTime:0.0052s ]
SQL: SELECT `e_id`,`language`,`title` AS `testname`,`level` AS `testrank` FROM `exercise` WHERE `language` = '法语' LIMIT 0,9   [ RunTime:0.0004s ]
SQL: SHOW COLUMNS FROM `quiz` [ RunTime:0.0054s ]
SQL: SELECT COUNT(*) AS tp_count FROM `quiz` WHERE `e_id` = 1 LIMIT 1   [ RunTime:0.0003s ]
SQL: SELECT COUNT(*) AS tp_count FROM `quiz` WHERE `e_id` = 2 LIMIT 1   [ RunTime:0.0002s ]
SQL: SELECT COUNT(*) AS tp_count FROM `quiz` WHERE `e_id` = 3 LIMIT 1   [ RunTime:0.0003s ]
SQL: SELECT COUNT(*) AS tp_count FROM `quiz` WHERE `e_id` = 4 LIMIT 1   [ RunTime:0.0002s ]
SQL: SELECT COUNT(*) AS tp_count FROM `quiz` WHERE `e_id` = 5 LIMIT 1   [ RunTime:0.0002s ]
SQL: SELECT COUNT(*) AS tp_count FROM `quiz` WHERE `e_id` = 8 LIMIT 1   [ RunTime:0.0002s ]
SQL: SELECT COUNT(*) AS tp_count FROM `quiz` WHERE `e_id` = 9 LIMIT 1   [ RunTime:0.0002s ]
SQL: SELECT COUNT(*) AS tp_count FROM `quiz` WHERE `e_id` = 10 LIMIT 1   [ RunTime:0.0003s ]
SQL: SELECT COUNT(*) AS tp_count FROM `quiz` WHERE `e_id` = 11 LIMIT 1   [ RunTime:0.0002s ]

[ 2016-12-09T21:16:51+08:00 ] ::1 /EasyTalk/index.php/Home/Exercise/practiceclass?lan=04
INFO: [ app_init ] --START--
INFO: Run Behavior\BuildLiteBehavior [ RunTime:0.000072s ]
INFO: [ app_init ] --END-- [ RunTime:0.001703s ]
INFO: [ app_begin ] --START--
INFO: Run Behavior\ReadHtmlCacheBehavior [ RunTime:0.001531s ]
INFO: [ app_begin ] --END-- [ RunTime:0.001786s ]
INFO: [ view_parse ] --START--
INFO: [ template_filter ] --START--
INFO: Run Behavior\ContentReplaceBehavior [ RunTime:0.000143s ]
INFO: [ template_filter ] --END-- [ RunTime:0.000344s ]
INFO: Run Behavior\ParseTemplateBehavior [ RunTime:0.013237s ]
INFO: [ view_parse ] --END-- [ RunTime:0.013436s ]
INFO: [ view_filter ] --START--
INFO: Run Behavior\WriteHtmlCacheBehavior [ RunTime:0.001149s ]
INFO: [ view_filter ] --END-- [ RunTime:0.001334s ]
INFO: [ app_end ] --START--
INFO: Run Behavior\ShowPageTraceBehavior [ RunTime:0.001937s ]
INFO: [ app_end ] --END-- [ RunTime:0.002236s ]

[ 2016-12-09T21:16:51+08:00 ] ::1 /EasyTalk/index.php/Home/index/checkHasLogin
INFO: [ app_init ] --START--
INFO: Run Behavior\BuildLiteBehavior [ RunTime:0.000075s ]
INFO: [ app_init ] --END-- [ RunTime:0.001822s ]
INFO: [ app_begin ] --START--
INFO: Run Behavior\ReadHtmlCacheBehavior [ RunTime:0.002564s ]
INFO: [ app_begin ] --END-- [ RunTime:0.003112s ]

[ 2016-12-09T21:16:51+08:00 ] ::1 /EasyTalk/index.php/Home/Exercise/getPages
INFO: [ app_init ] --START--
INFO: Run Behavior\BuildLiteBehavior [ RunTime:0.000041s ]
INFO: [ app_init ] --END-- [ RunTime:0.000813s ]
INFO: [ app_begin ] --START--
INFO: Run Behavior\ReadHtmlCacheBehavior [ RunTime:0.001203s ]
INFO: [ app_begin ] --END-- [ RunTime:0.001373s ]
SQL: SHOW COLUMNS FROM `exercise` [ RunTime:0.0086s ]
SQL: SHOW COLUMNS FROM `exercise` [ RunTime:0.0057s ]
SQL: SELECT COUNT(*) AS tp_count FROM `exercise` WHERE `language` = '韩语' LIMIT 1   [ RunTime:0.0004s ]

[ 2016-12-09T21:16:51+08:00 ] ::1 /EasyTalk/index.php/Home/Exercise/showExercise
INFO: [ app_init ] --START--
INFO: Run Behavior\BuildLiteBehavior [ RunTime:0.000041s ]
INFO: [ app_init ] --END-- [ RunTime:0.000836s ]
INFO: [ app_begin ] --START--
INFO: Run Behavior\ReadHtmlCacheBehavior [ RunTime:0.001210s ]
INFO: [ app_begin ] --END-- [ RunTime:0.001375s ]
SQL: SHOW COLUMNS FROM `exercise` [ RunTime:0.0062s ]
SQL: SHOW COLUMNS FROM `do_exercise` [ RunTime:0.0071s ]
SQL: SELECT `e_id` FROM `do_exercise` WHERE `u_id` = 1  [ RunTime:0.0004s ]
SQL: SHOW COLUMNS FROM `exercise` [ RunTime:0.0057s ]
SQL: SELECT `e_id`,`language`,`title` AS `testname`,`level` AS `testrank` FROM `exercise` WHERE `language` = '韩语' LIMIT 0,9   [ RunTime:0.0004s ]
SQL: SHOW COLUMNS FROM `quiz` [ RunTime:0.0057s ]
SQL: SELECT COUNT(*) AS tp_count FROM `quiz` WHERE `e_id` = 13 LIMIT 1   [ RunTime:0.0004s ]

[ 2016-12-09T21:16:53+08:00 ] ::1 /EasyTalk/index.php/Home/Exercise/practiceclass?lan=02
INFO: [ app_init ] --START--
INFO: Run Behavior\BuildLiteBehavior [ RunTime:0.000046s ]
INFO: [ app_init ] --END-- [ RunTime:0.001117s ]
INFO: [ app_begin ] --START--
INFO: Run Behavior\ReadHtmlCacheBehavior [ RunTime:0.001376s ]
INFO: [ app_begin ] --END-- [ RunTime:0.001625s ]
INFO: [ view_parse ] --START--
INFO: [ template_filter ] --START--
INFO: Run Behavior\ContentReplaceBehavior [ RunTime:0.000143s ]
INFO: [ template_filter ] --END-- [ RunTime:0.000345s ]
INFO: Run Behavior\ParseTemplateBehavior [ RunTime:0.018130s ]
INFO: [ view_parse ] --END-- [ RunTime:0.018346s ]
INFO: [ view_filter ] --START--
INFO: Run Behavior\WriteHtmlCacheBehavior [ RunTime:0.000898s ]
INFO: [ view_filter ] --END-- [ RunTime:0.001082s ]
INFO: [ app_end ] --START--
INFO: Run Behavior\ShowPageTraceBehavior [ RunTime:0.001314s ]
INFO: [ app_end ] --END-- [ RunTime:0.001487s ]

[ 2016-12-09T21:16:53+08:00 ] ::1 /EasyTalk/index.php/Home/index/checkHasLogin
INFO: [ app_init ] --START--
INFO: Run Behavior\BuildLiteBehavior [ RunTime:0.000043s ]
INFO: [ app_init ] --END-- [ RunTime:0.000894s ]
INFO: [ app_begin ] --START--
INFO: Run Behavior\ReadHtmlCacheBehavior [ RunTime:0.002389s ]
INFO: [ app_begin ] --END-- [ RunTime:0.002662s ]

[ 2016-12-09T21:16:54+08:00 ] ::1 /EasyTalk/index.php/Home/Exercise/getPages
INFO: [ app_init ] --START--
INFO: Run Behavior\BuildLiteBehavior [ RunTime:0.000043s ]
INFO: [ app_init ] --END-- [ RunTime:0.000832s ]
INFO: [ app_begin ] --START--
INFO: Run Behavior\ReadHtmlCacheBehavior [ RunTime:0.001169s ]
INFO: [ app_begin ] --END-- [ RunTime:0.001335s ]
SQL: SHOW COLUMNS FROM `exercise` [ RunTime:0.0077s ]
SQL: SHOW COLUMNS FROM `exercise` [ RunTime:0.0066s ]
SQL: SELECT COUNT(*) AS tp_count FROM `exercise` WHERE `language` = '法语' LIMIT 1   [ RunTime:0.0004s ]

[ 2016-12-09T21:16:54+08:00 ] ::1 /EasyTalk/index.php/Home/Exercise/showExercise
INFO: [ app_init ] --START--
INFO: Run Behavior\BuildLiteBehavior [ RunTime:0.000043s ]
INFO: [ app_init ] --END-- [ RunTime:0.000853s ]
INFO: [ app_begin ] --START--
INFO: Run Behavior\ReadHtmlCacheBehavior [ RunTime:0.001244s ]
INFO: [ app_begin ] --END-- [ RunTime:0.001469s ]
SQL: SHOW COLUMNS FROM `exercise` [ RunTime:0.0062s ]
SQL: SHOW COLUMNS FROM `do_exercise` [ RunTime:0.0054s ]
SQL: SELECT `e_id` FROM `do_exercise` WHERE `u_id` = 1  [ RunTime:0.0003s ]
SQL: SHOW COLUMNS FROM `exercise` [ RunTime:0.0057s ]
SQL: SELECT `e_id`,`language`,`title` AS `testname`,`level` AS `testrank` FROM `exercise` WHERE `language` = '法语' LIMIT 0,9   [ RunTime:0.0004s ]
SQL: SHOW COLUMNS FROM `quiz` [ RunTime:0.0059s ]
SQL: SELECT COUNT(*) AS tp_count FROM `quiz` WHERE `e_id` = 1 LIMIT 1   [ RunTime:0.0003s ]
SQL: SELECT COUNT(*) AS tp_count FROM `quiz` WHERE `e_id` = 2 LIMIT 1   [ RunTime:0.0002s ]
SQL: SELECT COUNT(*) AS tp_count FROM `quiz` WHERE `e_id` = 3 LIMIT 1   [ RunTime:0.0002s ]
SQL: SELECT COUNT(*) AS tp_count FROM `quiz` WHERE `e_id` = 4 LIMIT 1   [ RunTime:0.0003s ]
SQL: SELECT COUNT(*) AS tp_count FROM `quiz` WHERE `e_id` = 5 LIMIT 1   [ RunTime:0.0002s ]
SQL: SELECT COUNT(*) AS tp_count FROM `quiz` WHERE `e_id` = 8 LIMIT 1   [ RunTime:0.0002s ]
SQL: SELECT COUNT(*) AS tp_count FROM `quiz` WHERE `e_id` = 9 LIMIT 1   [ RunTime:0.0002s ]
SQL: SELECT COUNT(*) AS tp_count FROM `quiz` WHERE `e_id` = 10 LIMIT 1   [ RunTime:0.0003s ]
SQL: SELECT COUNT(*) AS tp_count FROM `quiz` WHERE `e_id` = 11 LIMIT 1   [ RunTime:0.0002s ]

[ 2016-12-09T21:17:08+08:00 ] ::1 /EasyTalk/index.php/Home/Exercise/practiceclass?lan=02
INFO: [ app_init ] --START--
INFO: Run Behavior\BuildLiteBehavior [ RunTime:0.000090s ]
INFO: [ app_init ] --END-- [ RunTime:0.001018s ]
INFO: [ app_begin ] --START--
INFO: Run Behavior\ReadHtmlCacheBehavior [ RunTime:0.001755s ]
INFO: [ app_begin ] --END-- [ RunTime:0.001982s ]
INFO: [ view_parse ] --START--
INFO: [ template_filter ] --START--
INFO: Run Behavior\ContentReplaceBehavior [ RunTime:0.000158s ]
INFO: [ template_filter ] --END-- [ RunTime:0.000516s ]
INFO: Run Behavior\ParseTemplateBehavior [ RunTime:0.020462s ]
INFO: [ view_parse ] --END-- [ RunTime:0.020825s ]
INFO: [ view_filter ] --START--
INFO: Run Behavior\WriteHtmlCacheBehavior [ RunTime:0.001521s ]
INFO: [ view_filter ] --END-- [ RunTime:0.001746s ]
INFO: [ app_end ] --START--
INFO: Run Behavior\ShowPageTraceBehavior [ RunTime:0.002444s ]
INFO: [ app_end ] --END-- [ RunTime:0.002770s ]

[ 2016-12-09T21:17:09+08:00 ] ::1 /EasyTalk/index.php/Home/index/checkHasLogin
INFO: [ app_init ] --START--
INFO: Run Behavior\BuildLiteBehavior [ RunTime:0.000042s ]
INFO: [ app_init ] --END-- [ RunTime:0.000894s ]
INFO: [ app_begin ] --START--
INFO: Run Behavior\ReadHtmlCacheBehavior [ RunTime:0.001644s ]
INFO: [ app_begin ] --END-- [ RunTime:0.001951s ]

[ 2016-12-09T21:17:09+08:00 ] ::1 /EasyTalk/index.php/Home/Exercise/getPages
INFO: [ app_init ] --START--
INFO: Run Behavior\BuildLiteBehavior [ RunTime:0.000041s ]
INFO: [ app_init ] --END-- [ RunTime:0.000855s ]
INFO: [ app_begin ] --START--
INFO: Run Behavior\ReadHtmlCacheBehavior [ RunTime:0.001023s ]
INFO: [ app_begin ] --END-- [ RunTime:0.001205s ]
SQL: SHOW COLUMNS FROM `exercise` [ RunTime:0.0066s ]
SQL: SHOW COLUMNS FROM `exercise` [ RunTime:0.0060s ]
SQL: SELECT COUNT(*) AS tp_count FROM `exercise` WHERE `language` = '法语' LIMIT 1   [ RunTime:0.0005s ]

[ 2016-12-09T21:17:09+08:00 ] ::1 /EasyTalk/index.php/Home/Exercise/showExercise
INFO: [ app_init ] --START--
INFO: Run Behavior\BuildLiteBehavior [ RunTime:0.000041s ]
INFO: [ app_init ] --END-- [ RunTime:0.000816s ]
INFO: [ app_begin ] --START--
INFO: Run Behavior\ReadHtmlCacheBehavior [ RunTime:0.001026s ]
INFO: [ app_begin ] --END-- [ RunTime:0.001197s ]
SQL: SHOW COLUMNS FROM `exercise` [ RunTime:0.0065s ]
SQL: SHOW COLUMNS FROM `do_exercise` [ RunTime:0.0057s ]
SQL: SELECT `e_id` FROM `do_exercise` WHERE `u_id` = 1  [ RunTime:0.0003s ]
SQL: SHOW COLUMNS FROM `exercise` [ RunTime:0.0062s ]
SQL: SELECT `e_id`,`language`,`title` AS `testname`,`level` AS `testrank` FROM `exercise` WHERE `language` = '法语' LIMIT 0,9   [ RunTime:0.0004s ]
SQL: SHOW COLUMNS FROM `quiz` [ RunTime:0.0060s ]
SQL: SELECT COUNT(*) AS tp_count FROM `quiz` WHERE `e_id` = 1 LIMIT 1   [ RunTime:0.0003s ]
SQL: SELECT COUNT(*) AS tp_count FROM `quiz` WHERE `e_id` = 2 LIMIT 1   [ RunTime:0.0002s ]
SQL: SELECT COUNT(*) AS tp_count FROM `quiz` WHERE `e_id` = 3 LIMIT 1   [ RunTime:0.0003s ]
SQL: SELECT COUNT(*) AS tp_count FROM `quiz` WHERE `e_id` = 4 LIMIT 1   [ RunTime:0.0002s ]
SQL: SELECT COUNT(*) AS tp_count FROM `quiz` WHERE `e_id` = 5 LIMIT 1   [ RunTime:0.0002s ]
SQL: SELECT COUNT(*) AS tp_count FROM `quiz` WHERE `e_id` = 8 LIMIT 1   [ RunTime:0.0003s ]
SQL: SELECT COUNT(*) AS tp_count FROM `quiz` WHERE `e_id` = 9 LIMIT 1   [ RunTime:0.0003s ]
SQL: SELECT COUNT(*) AS tp_count FROM `quiz` WHERE `e_id` = 10 LIMIT 1   [ RunTime:0.0003s ]
SQL: SELECT COUNT(*) AS tp_count FROM `quiz` WHERE `e_id` = 11 LIMIT 1   [ RunTime:0.0003s ]

[ 2016-12-09T21:17:10+08:00 ] ::1 /EasyTalk/index.php/Home/Exercise/showExercise
INFO: [ app_init ] --START--
INFO: Run Behavior\BuildLiteBehavior [ RunTime:0.000065s ]
INFO: [ app_init ] --END-- [ RunTime:0.001364s ]
INFO: [ app_begin ] --START--
INFO: Run Behavior\ReadHtmlCacheBehavior [ RunTime:0.001111s ]
INFO: [ app_begin ] --END-- [ RunTime:0.001329s ]
SQL: SHOW COLUMNS FROM `exercise` [ RunTime:0.0080s ]
SQL: SHOW COLUMNS FROM `do_exercise` [ RunTime:0.0064s ]
SQL: SELECT `e_id` FROM `do_exercise` WHERE `u_id` = 1  [ RunTime:0.0003s ]
SQL: SHOW COLUMNS FROM `exercise` [ RunTime:0.0074s ]
SQL: SELECT `e_id`,`language`,`title` AS `testname`,`level` AS `testrank` FROM `exercise` WHERE `language` = '法语' LIMIT 9,9   [ RunTime:0.0004s ]
SQL: SHOW COLUMNS FROM `quiz` [ RunTime:0.0056s ]
SQL: SELECT COUNT(*) AS tp_count FROM `quiz` WHERE `e_id` = 13 LIMIT 1   [ RunTime:0.0003s ]

[ 2016-12-09T21:17:13+08:00 ] ::1 /EasyTalk/index.php/Home/Exercise/showExercise
INFO: [ app_init ] --START--
INFO: Run Behavior\BuildLiteBehavior [ RunTime:0.000040s ]
INFO: [ app_init ] --END-- [ RunTime:0.000826s ]
INFO: [ app_begin ] --START--
INFO: Run Behavior\ReadHtmlCacheBehavior [ RunTime:0.001139s ]
INFO: [ app_begin ] --END-- [ RunTime:0.001332s ]
SQL: SHOW COLUMNS FROM `exercise` [ RunTime:0.0055s ]
SQL: SHOW COLUMNS FROM `do_exercise` [ RunTime:0.0053s ]
SQL: SELECT `e_id` FROM `do_exercise` WHERE `u_id` = 1  [ RunTime:0.0004s ]
SQL: SHOW COLUMNS FROM `exercise` [ RunTime:0.0058s ]
SQL: SELECT `e_id`,`language`,`title` AS `testname`,`level` AS `testrank` FROM `exercise` WHERE `language` = '法语' LIMIT 0,9   [ RunTime:0.0005s ]
SQL: SHOW COLUMNS FROM `quiz` [ RunTime:0.0057s ]
SQL: SELECT COUNT(*) AS tp_count FROM `quiz` WHERE `e_id` = 1 LIMIT 1   [ RunTime:0.0004s ]
SQL: SELECT COUNT(*) AS tp_count FROM `quiz` WHERE `e_id` = 2 LIMIT 1   [ RunTime:0.0004s ]
SQL: SELECT COUNT(*) AS tp_count FROM `quiz` WHERE `e_id` = 3 LIMIT 1   [ RunTime:0.0003s ]
SQL: SELECT COUNT(*) AS tp_count FROM `quiz` WHERE `e_id` = 4 LIMIT 1   [ RunTime:0.0003s ]
SQL: SELECT COUNT(*) AS tp_count FROM `quiz` WHERE `e_id` = 5 LIMIT 1   [ RunTime:0.0003s ]
SQL: SELECT COUNT(*) AS tp_count FROM `quiz` WHERE `e_id` = 8 LIMIT 1   [ RunTime:0.0003s ]
SQL: SELECT COUNT(*) AS tp_count FROM `quiz` WHERE `e_id` = 9 LIMIT 1   [ RunTime:0.0003s ]
SQL: SELECT COUNT(*) AS tp_count FROM `quiz` WHERE `e_id` = 10 LIMIT 1   [ RunTime:0.0004s ]
SQL: SELECT COUNT(*) AS tp_count FROM `quiz` WHERE `e_id` = 11 LIMIT 1   [ RunTime:0.0003s ]

[ 2016-12-09T21:23:53+08:00 ] ::1 /EasyTalk/index.php/Home/Exercise/practiceclass?lan=02
INFO: [ app_init ] --START--
INFO: Run Behavior\BuildLiteBehavior [ RunTime:0.000044s ]
INFO: [ app_init ] --END-- [ RunTime:0.001068s ]
INFO: [ app_begin ] --START--
INFO: Run Behavior\ReadHtmlCacheBehavior [ RunTime:0.001382s ]
INFO: [ app_begin ] --END-- [ RunTime:0.001591s ]
INFO: [ view_parse ] --START--
INFO: [ template_filter ] --START--
INFO: Run Behavior\ContentReplaceBehavior [ RunTime:0.000149s ]
INFO: [ template_filter ] --END-- [ RunTime:0.000347s ]
INFO: Run Behavior\ParseTemplateBehavior [ RunTime:0.014547s ]
INFO: [ view_parse ] --END-- [ RunTime:0.014831s ]
INFO: [ view_filter ] --START--
INFO: Run Behavior\WriteHtmlCacheBehavior [ RunTime:0.000870s ]
INFO: [ view_filter ] --END-- [ RunTime:0.001041s ]
INFO: [ app_end ] --START--
INFO: Run Behavior\ShowPageTraceBehavior [ RunTime:0.001890s ]
INFO: [ app_end ] --END-- [ RunTime:0.002077s ]

[ 2016-12-09T21:23:54+08:00 ] ::1 /EasyTalk/index.php/Home/index/checkHasLogin
INFO: [ app_init ] --START--
INFO: Run Behavior\BuildLiteBehavior [ RunTime:0.000130s ]
INFO: [ app_init ] --END-- [ RunTime:0.003839s ]
INFO: [ app_begin ] --START--
INFO: Run Behavior\ReadHtmlCacheBehavior [ RunTime:0.001839s ]
INFO: [ app_begin ] --END-- [ RunTime:0.002172s ]

[ 2016-12-09T21:23:54+08:00 ] ::1 /EasyTalk/index.php/Home/Exercise/getPages
INFO: [ app_init ] --START--
INFO: Run Behavior\BuildLiteBehavior [ RunTime:0.000039s ]
INFO: [ app_init ] --END-- [ RunTime:0.000809s ]
INFO: [ app_begin ] --START--
INFO: Run Behavior\ReadHtmlCacheBehavior [ RunTime:0.001235s ]
INFO: [ app_begin ] --END-- [ RunTime:0.001447s ]
SQL: SHOW COLUMNS FROM `exercise` [ RunTime:0.0058s ]
SQL: SHOW COLUMNS FROM `exercise` [ RunTime:0.0067s ]
SQL: SELECT COUNT(*) AS tp_count FROM `exercise` WHERE `language` = '法语' LIMIT 1   [ RunTime:0.0004s ]

[ 2016-12-09T21:23:54+08:00 ] ::1 /EasyTalk/index.php/Home/Exercise/showExercise
INFO: [ app_init ] --START--
INFO: Run Behavior\BuildLiteBehavior [ RunTime:0.000039s ]
INFO: [ app_init ] --END-- [ RunTime:0.000844s ]
INFO: [ app_begin ] --START--
INFO: Run Behavior\ReadHtmlCacheBehavior [ RunTime:0.001769s ]
INFO: [ app_begin ] --END-- [ RunTime:0.001967s ]
SQL: SHOW COLUMNS FROM `exercise` [ RunTime:0.0055s ]
SQL: SHOW COLUMNS FROM `do_exercise` [ RunTime:0.0054s ]
SQL: SELECT `e_id` FROM `do_exercise` WHERE `u_id` = 1  [ RunTime:0.0003s ]
SQL: SHOW COLUMNS FROM `exercise` [ RunTime:0.0057s ]
SQL: SELECT `e_id`,`language`,`title` AS `testname`,`level` AS `testrank` FROM `exercise` WHERE `language` = '法语' LIMIT 0,9   [ RunTime:0.0004s ]
SQL: SHOW COLUMNS FROM `quiz` [ RunTime:0.0058s ]
SQL: SELECT COUNT(*) AS tp_count FROM `quiz` WHERE `e_id` = 1 LIMIT 1   [ RunTime:0.0003s ]
SQL: SELECT COUNT(*) AS tp_count FROM `quiz` WHERE `e_id` = 2 LIMIT 1   [ RunTime:0.0002s ]
SQL: SELECT COUNT(*) AS tp_count FROM `quiz` WHERE `e_id` = 3 LIMIT 1   [ RunTime:0.0002s ]
SQL: SELECT COUNT(*) AS tp_count FROM `quiz` WHERE `e_id` = 4 LIMIT 1   [ RunTime:0.0002s ]
SQL: SELECT COUNT(*) AS tp_count FROM `quiz` WHERE `e_id` = 5 LIMIT 1   [ RunTime:0.0002s ]
SQL: SELECT COUNT(*) AS tp_count FROM `quiz` WHERE `e_id` = 8 LIMIT 1   [ RunTime:0.0002s ]
SQL: SELECT COUNT(*) AS tp_count FROM `quiz` WHERE `e_id` = 9 LIMIT 1   [ RunTime:0.0002s ]
SQL: SELECT COUNT(*) AS tp_count FROM `quiz` WHERE `e_id` = 10 LIMIT 1   [ RunTime:0.0002s ]
SQL: SELECT COUNT(*) AS tp_count FROM `quiz` WHERE `e_id` = 11 LIMIT 1   [ RunTime:0.0002s ]

[ 2016-12-09T21:23:58+08:00 ] ::1 /EasyTalk/index.php/Home/Exercise/showExercise
INFO: [ app_init ] --START--
INFO: Run Behavior\BuildLiteBehavior [ RunTime:0.000039s ]
INFO: [ app_init ] --END-- [ RunTime:0.001016s ]
INFO: [ app_begin ] --START--
INFO: Run Behavior\ReadHtmlCacheBehavior [ RunTime:0.001251s ]
INFO: [ app_begin ] --END-- [ RunTime:0.001458s ]
SQL: SHOW COLUMNS FROM `exercise` [ RunTime:0.0056s ]
SQL: SHOW COLUMNS FROM `do_exercise` [ RunTime:0.0054s ]
SQL: SELECT `e_id` FROM `do_exercise` WHERE `u_id` = 1  [ RunTime:0.0004s ]
SQL: SHOW COLUMNS FROM `exercise` [ RunTime:0.0053s ]
SQL: SELECT `e_id`,`language`,`title` AS `testname`,`level` AS `testrank` FROM `exercise` WHERE `language` = '法语' LIMIT 9,9   [ RunTime:0.0004s ]
SQL: SHOW COLUMNS FROM `quiz` [ RunTime:0.0056s ]
SQL: SELECT COUNT(*) AS tp_count FROM `quiz` WHERE `e_id` = 13 LIMIT 1   [ RunTime:0.0004s ]

