[ 2017-01-21T14:02:13+08:00 ] 183.61.38.55 /EasyTalk/index.php/?nsukey=dZCkeaSymdKfs08Mo1SQnRsDBKRiru%2F%2BkI%2BNZO2kvHYyBrS2qpvKq08DdTAKrqLnPpbIhFQM5giD%2Fs1ChL0gxs3tCZeNa8nwu0siFDus0qToHrj3oL4p8JWPHE1L%2FjGcMg9Exh8Gptv7JO8IlWUFKfGZt140841yfTNBzjknrDkIQAqgihwb39b6jBGiXeHs
INFO: [ app_init ] --START--
INFO: Run Behavior\BuildLiteBehavior [ RunTime:0.000050s ]
INFO: [ app_init ] --END-- [ RunTime:0.000666s ]
INFO: [ app_begin ] --START--
INFO: Run Behavior\ReadHtmlCacheBehavior [ RunTime:0.000917s ]
INFO: [ app_begin ] --END-- [ RunTime:0.001235s ]
INFO: [ view_parse ] --START--
INFO: [ template_filter ] --START--
INFO: Run Behavior\ContentReplaceBehavior [ RunTime:0.000225s ]
INFO: [ template_filter ] --END-- [ RunTime:0.000477s ]
INFO: Run Behavior\ParseTemplateBehavior [ RunTime:0.011493s ]
INFO: [ view_parse ] --END-- [ RunTime:0.011764s ]
INFO: [ view_filter ] --START--
INFO: Run Behavior\WriteHtmlCacheBehavior [ RunTime:0.000541s ]
INFO: [ view_filter ] --END-- [ RunTime:0.000773s ]
INFO: [ app_end ] --START--
INFO: Run Behavior\ShowPageTraceBehavior [ RunTime:0.000821s ]
INFO: [ app_end ] --END-- [ RunTime:0.001057s ]

[ 2017-01-21T14:02:13+08:00 ] 219.133.40.15 /EasyTalk/index.php/?nsukey=dZCkeaSymdKfs08Mo1SQnRsDBKRiru%2F%2BkI%2BNZO2kvHYyBrS2qpvKq08DdTAKrqLnPpbIhFQM5giD%2Fs1ChL0gxs3tCZeNa8nwu0siFDus0qToHrj3oL4p8JWPHE1L%2FjGcMg9Exh8Gptv7JO8IlWUFKfGZt140841yfTNBzjknrDkIQAqgihwb39b6jBGiXeHs
INFO: [ app_init ] --START--
INFO: Run Behavior\BuildLiteBehavior [ RunTime:0.000048s ]
INFO: [ app_init ] --END-- [ RunTime:0.000693s ]
INFO: [ app_begin ] --START--
INFO: Run Behavior\ReadHtmlCacheBehavior [ RunTime:0.000808s ]
INFO: [ app_begin ] --END-- [ RunTime:0.001077s ]
INFO: [ view_parse ] --START--
INFO: [ template_filter ] --START--
INFO: Run Behavior\ContentReplaceBehavior [ RunTime:0.000220s ]
INFO: [ template_filter ] --END-- [ RunTime:0.000486s ]
INFO: Run Behavior\ParseTemplateBehavior [ RunTime:0.012096s ]
INFO: [ view_parse ] --END-- [ RunTime:0.012386s ]
INFO: [ view_filter ] --START--
INFO: Run Behavior\WriteHtmlCacheBehavior [ RunTime:0.000545s ]
INFO: [ view_filter ] --END-- [ RunTime:0.000773s ]
INFO: [ app_end ] --START--
INFO: Run Behavior\ShowPageTraceBehavior [ RunTime:0.000819s ]
INFO: [ app_end ] --END-- [ RunTime:0.001054s ]

[ 2017-01-21T14:02:13+08:00 ] 14.17.37.143 /EasyTalk/index.php/?nsukey=dZCkeaSymdKfs08Mo1SQnRsDBKRiru%2F%2BkI%2BNZO2kvHYyBrS2qpvKq08DdTAKrqLnPpbIhFQM5giD%2Fs1ChL0gxs3tCZeNa8nwu0siFDus0qToHrj3oL4p8JWPHE1L%2FjGcMg9Exh8Gptv7JO8IlWUFKfGZt140841yfTNBzjknrDkIQAqgihwb39b6jBGiXeHs
INFO: [ app_init ] --START--
INFO: Run Behavior\BuildLiteBehavior [ RunTime:0.000050s ]
INFO: [ app_init ] --END-- [ RunTime:0.000662s ]
INFO: [ app_begin ] --START--
INFO: Run Behavior\ReadHtmlCacheBehavior [ RunTime:0.000850s ]
INFO: [ app_begin ] --END-- [ RunTime:0.001114s ]
INFO: [ view_parse ] --START--
INFO: [ template_filter ] --START--
INFO: Run Behavior\ContentReplaceBehavior [ RunTime:0.000320s ]
INFO: [ template_filter ] --END-- [ RunTime:0.000649s ]
INFO: Run Behavior\ParseTemplateBehavior [ RunTime:0.011924s ]
INFO: [ view_parse ] --END-- [ RunTime:0.012173s ]
INFO: [ view_filter ] --START--
INFO: Run Behavior\WriteHtmlCacheBehavior [ RunTime:0.000537s ]
INFO: [ view_filter ] --END-- [ RunTime:0.000770s ]
INFO: [ app_end ] --START--
INFO: Run Behavior\ShowPageTraceBehavior [ RunTime:0.000918s ]
INFO: [ app_end ] --END-- [ RunTime:0.001155s ]

[ 2017-01-21T14:02:13+08:00 ] 14.17.44.215 /EasyTalk/index.php/?nsukey=dZCkeaSymdKfs08Mo1SQnRsDBKRiru%2F%2BkI%2BNZO2kvHYyBrS2qpvKq08DdTAKrqLnPpbIhFQM5giD%2Fs1ChL0gxs3tCZeNa8nwu0siFDus0qToHrj3oL4p8JWPHE1L%2FjGcMg9Exh8Gptv7JO8IlWUFKfGZt140841yfTNBzjknrDkIQAqgihwb39b6jBGiXeHs
INFO: [ app_init ] --START--
INFO: Run Behavior\BuildLiteBehavior [ RunTime:0.000321s ]
INFO: [ app_init ] --END-- [ RunTime:0.001181s ]
INFO: [ app_begin ] --START--
INFO: Run Behavior\ReadHtmlCacheBehavior [ RunTime:0.000847s ]
INFO: [ app_begin ] --END-- [ RunTime:0.001092s ]
INFO: [ view_parse ] --START--
INFO: [ template_filter ] --START--
INFO: Run Behavior\ContentReplaceBehavior [ RunTime:0.000214s ]
INFO: [ template_filter ] --END-- [ RunTime:0.000468s ]
INFO: Run Behavior\ParseTemplateBehavior [ RunTime:0.011274s ]
INFO: [ view_parse ] --END-- [ RunTime:0.011533s ]
INFO: [ view_filter ] --START--
INFO: Run Behavior\WriteHtmlCacheBehavior [ RunTime:0.000457s ]
INFO: [ view_filter ] --END-- [ RunTime:0.000684s ]
INFO: [ app_end ] --START--
INFO: Run Behavior\ShowPageTraceBehavior [ RunTime:0.000735s ]
INFO: [ app_end ] --END-- [ RunTime:0.000964s ]

[ 2017-01-21T14:02:16+08:00 ] 113.108.0.15 /EasyTalk/index.php/?nsukey=dZCkeaSymdKfs08Mo1SQnRsDBKRiru%2F%2BkI%2BNZO2kvHYyBrS2qpvKq08DdTAKrqLnPpbIhFQM5giD%2Fs1ChL0gxs3tCZeNa8nwu0siFDus0qToHrj3oL4p8JWPHE1L%2FjGcMg9Exh8Gptv7JO8IlWUFKfGZt140841yfTNBzjknrDkIQAqgihwb39b6jBGiXeHs
INFO: [ app_init ] --START--
INFO: Run Behavior\BuildLiteBehavior [ RunTime:0.000049s ]
INFO: [ app_init ] --END-- [ RunTime:0.000657s ]
INFO: [ app_begin ] --START--
INFO: Run Behavior\ReadHtmlCacheBehavior [ RunTime:0.000877s ]
INFO: [ app_begin ] --END-- [ RunTime:0.001122s ]
INFO: [ view_parse ] --START--
INFO: [ template_filter ] --START--
INFO: Run Behavior\ContentReplaceBehavior [ RunTime:0.000211s ]
INFO: [ template_filter ] --END-- [ RunTime:0.000458s ]
INFO: Run Behavior\ParseTemplateBehavior [ RunTime:0.012227s ]
INFO: [ view_parse ] --END-- [ RunTime:0.012468s ]
INFO: [ view_filter ] --START--
INFO: Run Behavior\WriteHtmlCacheBehavior [ RunTime:0.000534s ]
INFO: [ view_filter ] --END-- [ RunTime:0.000768s ]
INFO: [ app_end ] --START--
INFO: Run Behavior\ShowPageTraceBehavior [ RunTime:0.000893s ]
INFO: [ app_end ] --END-- [ RunTime:0.001151s ]

[ 2017-01-21T14:02:16+08:00 ] 14.17.37.143 /EasyTalk/index.php/?nsukey=dZCkeaSymdKfs08Mo1SQnRsDBKRiru%2F%2BkI%2BNZO2kvHYyBrS2qpvKq08DdTAKrqLnPpbIhFQM5giD%2Fs1ChL0gxs3tCZeNa8nwu0siFDus0qToHrj3oL4p8JWPHE1L%2FjGcMg9Exh8Gptv7JO8IlWUFKfGZt140841yfTNBzjknrDkIQAqgihwb39b6jBGiXeHs
INFO: [ app_init ] --START--
INFO: Run Behavior\BuildLiteBehavior [ RunTime:0.000054s ]
INFO: [ app_init ] --END-- [ RunTime:0.000676s ]
INFO: [ app_begin ] --START--
INFO: Run Behavior\ReadHtmlCacheBehavior [ RunTime:0.000839s ]
INFO: [ app_begin ] --END-- [ RunTime:0.001085s ]
INFO: [ view_parse ] --START--
INFO: [ template_filter ] --START--
INFO: Run Behavior\ContentReplaceBehavior [ RunTime:0.000881s ]
INFO: [ template_filter ] --END-- [ RunTime:0.001139s ]
INFO: Run Behavior\ParseTemplateBehavior [ RunTime:0.011951s ]
INFO: [ view_parse ] --END-- [ RunTime:0.012196s ]
INFO: [ view_filter ] --START--
INFO: Run Behavior\WriteHtmlCacheBehavior [ RunTime:0.000547s ]
INFO: [ view_filter ] --END-- [ RunTime:0.000777s ]
INFO: [ app_end ] --START--
INFO: Run Behavior\ShowPageTraceBehavior [ RunTime:0.000810s ]
INFO: [ app_end ] --END-- [ RunTime:0.001041s ]

[ 2017-01-21T14:02:17+08:00 ] 117.136.40.57 /EasyTalk/index.php/?nsukey=dZCkeaSymdKfs08Mo1SQnRsDBKRiru%2F%2BkI%2BNZO2kvHYyBrS2qpvKq08DdTAKrqLnPpbIhFQM5giD%2Fs1ChL0gxs3tCZeNa8nwu0siFDus0qToHrj3oL4p8JWPHE1L%2FjGcMg9Exh8Gptv7JO8IlWUFKfGZt140841yfTNBzjknrDkIQAqgihwb39b6jBGiXeHs
INFO: [ app_init ] --START--
INFO: Run Behavior\BuildLiteBehavior [ RunTime:0.000050s ]
INFO: [ app_init ] --END-- [ RunTime:0.000657s ]
INFO: [ app_begin ] --START--
INFO: Run Behavior\ReadHtmlCacheBehavior [ RunTime:0.000809s ]
INFO: [ app_begin ] --END-- [ RunTime:0.001051s ]
INFO: [ view_parse ] --START--
INFO: [ template_filter ] --START--
INFO: Run Behavior\ContentReplaceBehavior [ RunTime:0.000222s ]
INFO: [ template_filter ] --END-- [ RunTime:0.000493s ]
INFO: Run Behavior\ParseTemplateBehavior [ RunTime:0.011899s ]
INFO: [ view_parse ] --END-- [ RunTime:0.012143s ]
INFO: [ view_filter ] --START--
INFO: Run Behavior\WriteHtmlCacheBehavior [ RunTime:0.000637s ]
INFO: [ view_filter ] --END-- [ RunTime:0.000872s ]
INFO: [ app_end ] --START--
INFO: Run Behavior\ShowPageTraceBehavior [ RunTime:0.000819s ]
INFO: [ app_end ] --END-- [ RunTime:0.001050s ]

[ 2017-01-21T14:02:18+08:00 ] 101.226.125.104 /EasyTalk/index.php
INFO: [ app_init ] --START--
INFO: Run Behavior\BuildLiteBehavior [ RunTime:0.000052s ]
INFO: [ app_init ] --END-- [ RunTime:0.000696s ]
INFO: [ app_begin ] --START--
INFO: Run Behavior\ReadHtmlCacheBehavior [ RunTime:0.000864s ]
INFO: [ app_begin ] --END-- [ RunTime:0.001111s ]
INFO: [ view_parse ] --START--
INFO: [ template_filter ] --START--
INFO: Run Behavior\ContentReplaceBehavior [ RunTime:0.000212s ]
INFO: [ template_filter ] --END-- [ RunTime:0.000490s ]
INFO: Run Behavior\ParseTemplateBehavior [ RunTime:0.012185s ]
INFO: [ view_parse ] --END-- [ RunTime:0.012443s ]
INFO: [ view_filter ] --START--
INFO: Run Behavior\WriteHtmlCacheBehavior [ RunTime:0.000586s ]
INFO: [ view_filter ] --END-- [ RunTime:0.000817s ]
INFO: [ app_end ] --START--
INFO: Run Behavior\ShowPageTraceBehavior [ RunTime:0.000841s ]
INFO: [ app_end ] --END-- [ RunTime:0.001119s ]

[ 2017-01-21T14:02:22+08:00 ] 117.136.40.57 /EasyTalk/index.php/Home/index/checkHasLogin
INFO: [ app_init ] --START--
INFO: Run Behavior\BuildLiteBehavior [ RunTime:0.000048s ]
INFO: [ app_init ] --END-- [ RunTime:0.000653s ]
INFO: [ app_begin ] --START--
INFO: Run Behavior\ReadHtmlCacheBehavior [ RunTime:0.000736s ]
INFO: [ app_begin ] --END-- [ RunTime:0.000936s ]

[ 2017-01-21T14:02:22+08:00 ] 101.226.33.221 /EasyTalk/index.php/?nsukey=dZCkeaSymdKfs08Mo1SQnRsDBKRiru%2F%2BkI%2BNZO2kvHYyBrS2qpvKq08DdTAKrqLnPpbIhFQM5giD%2Fs1ChL0gxs3tCZeNa8nwu0siFDus0qToHrj3oL4p8JWPHE1L%2FjGcMg9Exh8Gptv7JO8IlWUFKfGZt140841yfTNBzjknrDkIQAqgihwb39b6jBGiXeHs
INFO: [ app_init ] --START--
INFO: Run Behavior\BuildLiteBehavior [ RunTime:0.000050s ]
INFO: [ app_init ] --END-- [ RunTime:0.000616s ]
INFO: [ app_begin ] --START--
INFO: Run Behavior\ReadHtmlCacheBehavior [ RunTime:0.000658s ]
INFO: [ app_begin ] --END-- [ RunTime:0.000907s ]
INFO: [ view_parse ] --START--
INFO: [ template_filter ] --START--
INFO: Run Behavior\ContentReplaceBehavior [ RunTime:0.000206s ]
INFO: [ template_filter ] --END-- [ RunTime:0.000459s ]
INFO: Run Behavior\ParseTemplateBehavior [ RunTime:0.010235s ]
INFO: [ view_parse ] --END-- [ RunTime:0.010479s ]
INFO: [ view_filter ] --START--
INFO: Run Behavior\WriteHtmlCacheBehavior [ RunTime:0.000376s ]
INFO: [ view_filter ] --END-- [ RunTime:0.000602s ]
INFO: [ app_end ] --START--
INFO: Run Behavior\ShowPageTraceBehavior [ RunTime:0.000674s ]
INFO: [ app_end ] --END-- [ RunTime:0.000904s ]

[ 2017-01-21T14:02:22+08:00 ] 117.136.40.57 /EasyTalk/index.php/Home/index/showIndexPic
INFO: [ app_init ] --START--
INFO: Run Behavior\BuildLiteBehavior [ RunTime:0.000072s ]
INFO: [ app_init ] --END-- [ RunTime:0.000685s ]
INFO: [ app_begin ] --START--
INFO: Run Behavior\ReadHtmlCacheBehavior [ RunTime:0.000787s ]
INFO: [ app_begin ] --END-- [ RunTime:0.001023s ]
SQL: SHOW COLUMNS FROM `indexpic` [ RunTime:0.0549s ]
SQL: SELECT * FROM `indexpic` WHERE `pic` <> ''  [ RunTime:0.0006s ]

[ 2017-01-21T14:02:22+08:00 ] 117.136.40.57 /EasyTalk/index.php/Home/index/showGuide
INFO: [ app_init ] --START--
INFO: Run Behavior\BuildLiteBehavior [ RunTime:0.000168s ]
INFO: [ app_init ] --END-- [ RunTime:0.000715s ]
INFO: [ app_begin ] --START--
INFO: Run Behavior\ReadHtmlCacheBehavior [ RunTime:0.000632s ]
INFO: [ app_begin ] --END-- [ RunTime:0.000910s ]
SQL: SHOW COLUMNS FROM `tags` [ RunTime:0.0025s ]
SQL: SELECT * FROM `tags`  [ RunTime:0.0003s ]

[ 2017-01-21T14:02:23+08:00 ] 101.226.79.182 /EasyTalk/index.php/?nsukey=dZCkeaSymdKfs08Mo1SQnRsDBKRiru%2F%2BkI%2BNZO2kvHYyBrS2qpvKq08DdTAKrqLnPpbIhFQM5giD%2Fs1ChL0gxs3tCZeNa8nwu0siFDus0qToHrj3oL4p8JWPHE1L%2FjGcMg9Exh8Gptv7JO8IlWUFKfGZt140841yfTNBzjknrDkIQAqgihwb39b6jBGiXeHs
INFO: [ app_init ] --START--
INFO: Run Behavior\BuildLiteBehavior [ RunTime:0.000048s ]
INFO: [ app_init ] --END-- [ RunTime:0.000625s ]
INFO: [ app_begin ] --START--
INFO: Run Behavior\ReadHtmlCacheBehavior [ RunTime:0.000705s ]
INFO: [ app_begin ] --END-- [ RunTime:0.000959s ]
INFO: [ view_parse ] --START--
INFO: [ template_filter ] --START--
INFO: Run Behavior\ContentReplaceBehavior [ RunTime:0.000202s ]
INFO: [ template_filter ] --END-- [ RunTime:0.000443s ]
INFO: Run Behavior\ParseTemplateBehavior [ RunTime:0.010375s ]
INFO: [ view_parse ] --END-- [ RunTime:0.010617s ]
INFO: [ view_filter ] --START--
INFO: Run Behavior\WriteHtmlCacheBehavior [ RunTime:0.000372s ]
INFO: [ view_filter ] --END-- [ RunTime:0.000597s ]
INFO: [ app_end ] --START--
INFO: Run Behavior\ShowPageTraceBehavior [ RunTime:0.000660s ]
INFO: [ app_end ] --END-- [ RunTime:0.000887s ]

[ 2017-01-21T14:02:26+08:00 ] 117.136.40.57 /EasyTalk/index.php/?nsukey=rTjulfzcmvefmTlB7I2mosnSVaupqmt3lJTncIx%2B1sdZj4%2B8e0utbDaLINMKXCQ%2Bp%2FcCjpKmcnLzrlioDYpxA5EhNli2triVzQ83CwoyB6BU44DAHRosV7vk5SEpy1vukzTJcSKJbsszr6%2Bd0SWkAkM3CNOrHca7oGZF20ET4ksHATjJy9wdd0DY97Evn3h4
INFO: [ app_init ] --START--
INFO: Run Behavior\BuildLiteBehavior [ RunTime:0.000048s ]
INFO: [ app_init ] --END-- [ RunTime:0.000655s ]
INFO: [ app_begin ] --START--
INFO: Run Behavior\ReadHtmlCacheBehavior [ RunTime:0.000841s ]
INFO: [ app_begin ] --END-- [ RunTime:0.001081s ]
INFO: [ view_parse ] --START--
INFO: [ template_filter ] --START--
INFO: Run Behavior\ContentReplaceBehavior [ RunTime:0.000208s ]
INFO: [ template_filter ] --END-- [ RunTime:0.000451s ]
INFO: Run Behavior\ParseTemplateBehavior [ RunTime:0.011420s ]
INFO: [ view_parse ] --END-- [ RunTime:0.011662s ]
INFO: [ view_filter ] --START--
INFO: Run Behavior\WriteHtmlCacheBehavior [ RunTime:0.000536s ]
INFO: [ view_filter ] --END-- [ RunTime:0.000762s ]
INFO: [ app_end ] --START--
INFO: Run Behavior\ShowPageTraceBehavior [ RunTime:0.000819s ]
INFO: [ app_end ] --END-- [ RunTime:0.001051s ]

[ 2017-01-21T14:02:27+08:00 ] 117.136.40.57 /EasyTalk/index.php/Home/index/checkHasLogin
INFO: [ app_init ] --START--
INFO: Run Behavior\BuildLiteBehavior [ RunTime:0.000048s ]
INFO: [ app_init ] --END-- [ RunTime:0.000652s ]
INFO: [ app_begin ] --START--
INFO: Run Behavior\ReadHtmlCacheBehavior [ RunTime:0.001194s ]
INFO: [ app_begin ] --END-- [ RunTime:0.001539s ]

[ 2017-01-21T14:02:27+08:00 ] 117.136.40.57 /EasyTalk/index.php/Home/index/showIndexPic
INFO: [ app_init ] --START--
INFO: Run Behavior\BuildLiteBehavior [ RunTime:0.000049s ]
INFO: [ app_init ] --END-- [ RunTime:0.000679s ]
INFO: [ app_begin ] --START--
INFO: Run Behavior\ReadHtmlCacheBehavior [ RunTime:0.000814s ]
INFO: [ app_begin ] --END-- [ RunTime:0.001014s ]
SQL: SHOW COLUMNS FROM `indexpic` [ RunTime:0.0159s ]
SQL: SELECT * FROM `indexpic` WHERE `pic` <> ''  [ RunTime:0.0004s ]

[ 2017-01-21T14:02:27+08:00 ] 117.136.40.57 /EasyTalk/index.php/Home/index/showGuide
INFO: [ app_init ] --START--
INFO: Run Behavior\BuildLiteBehavior [ RunTime:0.000057s ]
INFO: [ app_init ] --END-- [ RunTime:0.006738s ]
INFO: [ app_begin ] --START--
INFO: Run Behavior\ReadHtmlCacheBehavior [ RunTime:0.000766s ]
INFO: [ app_begin ] --END-- [ RunTime:0.000972s ]
SQL: SHOW COLUMNS FROM `tags` [ RunTime:0.0020s ]
SQL: SELECT * FROM `tags`  [ RunTime:0.0003s ]

[ 2017-01-21T14:03:12+08:00 ] 14.17.37.144 /EasyTalk/index.php/?nsukey=rTjulfzcmvefmTlB7I2mosnSVaupqmt3lJTncIx%2B1sdZj4%2B8e0utbDaLINMKXCQ%2Bp%2FcCjpKmcnLzrlioDYpxA5EhNli2triVzQ83CwoyB6BU44DAHRosV7vk5SEpy1vukzTJcSKJbsszr6%2Bd0SWkAkM3CNOrHca7oGZF20ET4ksHATjJy9wdd0DY97Evn3h4
INFO: [ app_init ] --START--
INFO: Run Behavior\BuildLiteBehavior [ RunTime:0.000050s ]
INFO: [ app_init ] --END-- [ RunTime:0.000610s ]
INFO: [ app_begin ] --START--
INFO: Run Behavior\ReadHtmlCacheBehavior [ RunTime:0.001017s ]
INFO: [ app_begin ] --END-- [ RunTime:0.001386s ]
INFO: [ view_parse ] --START--
INFO: [ template_filter ] --START--
INFO: Run Behavior\ContentReplaceBehavior [ RunTime:0.000219s ]
INFO: [ template_filter ] --END-- [ RunTime:0.000494s ]
INFO: Run Behavior\ParseTemplateBehavior [ RunTime:0.010983s ]
INFO: [ view_parse ] --END-- [ RunTime:0.011227s ]
INFO: [ view_filter ] --START--
INFO: Run Behavior\WriteHtmlCacheBehavior [ RunTime:0.000482s ]
INFO: [ view_filter ] --END-- [ RunTime:0.000706s ]
INFO: [ app_end ] --START--
INFO: Run Behavior\ShowPageTraceBehavior [ RunTime:0.000755s ]
INFO: [ app_end ] --END-- [ RunTime:0.000988s ]

[ 2017-01-21T14:03:12+08:00 ] 183.60.52.5 /EasyTalk/index.php/?nsukey=rTjulfzcmvefmTlB7I2mosnSVaupqmt3lJTncIx%2B1sdZj4%2B8e0utbDaLINMKXCQ%2Bp%2FcCjpKmcnLzrlioDYpxA5EhNli2triVzQ83CwoyB6BU44DAHRosV7vk5SEpy1vukzTJcSKJbsszr6%2Bd0SWkAkM3CNOrHca7oGZF20ET4ksHATjJy9wdd0DY97Evn3h4
INFO: [ app_init ] --START--
INFO: Run Behavior\BuildLiteBehavior [ RunTime:0.000052s ]
INFO: [ app_init ] --END-- [ RunTime:0.000610s ]
INFO: [ app_begin ] --START--
INFO: Run Behavior\ReadHtmlCacheBehavior [ RunTime:0.000649s ]
INFO: [ app_begin ] --END-- [ RunTime:0.000901s ]
INFO: [ view_parse ] --START--
INFO: [ template_filter ] --START--
INFO: Run Behavior\ContentReplaceBehavior [ RunTime:0.000207s ]
INFO: [ template_filter ] --END-- [ RunTime:0.000451s ]
INFO: Run Behavior\ParseTemplateBehavior [ RunTime:0.010591s ]
INFO: [ view_parse ] --END-- [ RunTime:0.010905s ]
INFO: [ view_filter ] --START--
INFO: Run Behavior\WriteHtmlCacheBehavior [ RunTime:0.000372s ]
INFO: [ view_filter ] --END-- [ RunTime:0.000609s ]
INFO: [ app_end ] --START--
INFO: Run Behavior\ShowPageTraceBehavior [ RunTime:0.000648s ]
INFO: [ app_end ] --END-- [ RunTime:0.000877s ]

[ 2017-01-21T14:03:13+08:00 ] 117.136.40.57 /EasyTalk/index.php/?nsukey=rTjulfzcmvefmTlB7I2mosnSVaupqmt3lJTncIx%2B1sdZj4%2B8e0utbDaLINMKXCQ%2Bp%2FcCjpKmcnLzrlioDYpxA5EhNli2triVzQ83CwoyB6BU44DAHRosV7vk5SEpy1vukzTJcSKJbsszr6%2Bd0SWkAkM3CNOrHca7oGZF20ET4ksHATjJy9wdd0DY97Evn3h4
INFO: [ app_init ] --START--
INFO: Run Behavior\BuildLiteBehavior [ RunTime:0.000051s ]
INFO: [ app_init ] --END-- [ RunTime:0.000643s ]
INFO: [ app_begin ] --START--
INFO: Run Behavior\ReadHtmlCacheBehavior [ RunTime:0.000679s ]
INFO: [ app_begin ] --END-- [ RunTime:0.000920s ]
INFO: [ view_parse ] --START--
INFO: [ template_filter ] --START--
INFO: Run Behavior\ContentReplaceBehavior [ RunTime:0.000230s ]
INFO: [ template_filter ] --END-- [ RunTime:0.000483s ]
INFO: Run Behavior\ParseTemplateBehavior [ RunTime:0.011142s ]
INFO: [ view_parse ] --END-- [ RunTime:0.011408s ]
INFO: [ view_filter ] --START--
INFO: Run Behavior\WriteHtmlCacheBehavior [ RunTime:0.000381s ]
INFO: [ view_filter ] --END-- [ RunTime:0.000612s ]
INFO: [ app_end ] --START--
INFO: Run Behavior\ShowPageTraceBehavior [ RunTime:0.000669s ]
INFO: [ app_end ] --END-- [ RunTime:0.000923s ]

[ 2017-01-21T14:03:14+08:00 ] 117.136.40.57 /EasyTalk/index.php/Home/index/checkHasLogin
INFO: [ app_init ] --START--
INFO: Run Behavior\BuildLiteBehavior [ RunTime:0.000048s ]
INFO: [ app_init ] --END-- [ RunTime:0.000600s ]
INFO: [ app_begin ] --START--
INFO: Run Behavior\ReadHtmlCacheBehavior [ RunTime:0.000622s ]
INFO: [ app_begin ] --END-- [ RunTime:0.000822s ]

[ 2017-01-21T14:03:14+08:00 ] 117.136.40.57 /EasyTalk/index.php/Home/index/showIndexPic
INFO: [ app_init ] --START--
INFO: Run Behavior\BuildLiteBehavior [ RunTime:0.000050s ]
INFO: [ app_init ] --END-- [ RunTime:0.000600s ]
INFO: [ app_begin ] --START--
INFO: Run Behavior\ReadHtmlCacheBehavior [ RunTime:0.000786s ]
INFO: [ app_begin ] --END-- [ RunTime:0.001009s ]
SQL: SHOW COLUMNS FROM `indexpic` [ RunTime:0.0026s ]
SQL: SELECT * FROM `indexpic` WHERE `pic` <> ''  [ RunTime:0.0004s ]

[ 2017-01-21T14:03:14+08:00 ] 117.136.40.57 /EasyTalk/index.php/Home/index/showGuide
INFO: [ app_init ] --START--
INFO: Run Behavior\BuildLiteBehavior [ RunTime:0.000049s ]
INFO: [ app_init ] --END-- [ RunTime:0.000650s ]
INFO: [ app_begin ] --START--
INFO: Run Behavior\ReadHtmlCacheBehavior [ RunTime:0.000772s ]
INFO: [ app_begin ] --END-- [ RunTime:0.000977s ]
SQL: SHOW COLUMNS FROM `tags` [ RunTime:0.0020s ]
SQL: SELECT * FROM `tags`  [ RunTime:0.0003s ]

[ 2017-01-21T14:03:22+08:00 ] 101.226.33.206 /EasyTalk/index.php/?nsukey=rTjulfzcmvefmTlB7I2mosnSVaupqmt3lJTncIx%2B1sdZj4%2B8e0utbDaLINMKXCQ%2Bp%2FcCjpKmcnLzrlioDYpxA5EhNli2triVzQ83CwoyB6BU44DAHRosV7vk5SEpy1vukzTJcSKJbsszr6%2Bd0SWkAkM3CNOrHca7oGZF20ET4ksHATjJy9wdd0DY97Evn3h4
INFO: [ app_init ] --START--
INFO: Run Behavior\BuildLiteBehavior [ RunTime:0.000052s ]
INFO: [ app_init ] --END-- [ RunTime:0.000681s ]
INFO: [ app_begin ] --START--
INFO: Run Behavior\ReadHtmlCacheBehavior [ RunTime:0.000870s ]
INFO: [ app_begin ] --END-- [ RunTime:0.001112s ]
INFO: [ view_parse ] --START--
INFO: [ template_filter ] --START--
INFO: Run Behavior\ContentReplaceBehavior [ RunTime:0.000201s ]
INFO: [ template_filter ] --END-- [ RunTime:0.000443s ]
INFO: Run Behavior\ParseTemplateBehavior [ RunTime:0.011485s ]
INFO: [ view_parse ] --END-- [ RunTime:0.011728s ]
INFO: [ view_filter ] --START--
INFO: Run Behavior\WriteHtmlCacheBehavior [ RunTime:0.000550s ]
INFO: [ view_filter ] --END-- [ RunTime:0.000778s ]
INFO: [ app_end ] --START--
INFO: Run Behavior\ShowPageTraceBehavior [ RunTime:0.000881s ]
INFO: [ app_end ] --END-- [ RunTime:0.001131s ]

