[ 2017-01-09T23:37:22+08:00 ] 58.63.114.75 /EasyTalk/
INFO: [ app_init ] --START--
INFO: Run Behavior\BuildLiteBehavior [ RunTime:0.000056s ]
INFO: [ app_init ] --END-- [ RunTime:0.003107s ]
INFO: [ app_begin ] --START--
INFO: Run Behavior\ReadHtmlCacheBehavior [ RunTime:0.006707s ]
INFO: [ app_begin ] --END-- [ RunTime:0.006947s ]
INFO: [ view_parse ] --START--
INFO: [ template_filter ] --START--
INFO: Run Behavior\ContentReplaceBehavior [ RunTime:0.000212s ]
INFO: [ template_filter ] --END-- [ RunTime:0.000483s ]
INFO: Run Behavior\ParseTemplateBehavior [ RunTime:0.063819s ]
INFO: [ view_parse ] --END-- [ RunTime:0.064178s ]
INFO: [ view_filter ] --START--
INFO: Run Behavior\WriteHtmlCacheBehavior [ RunTime:0.002765s ]
INFO: [ view_filter ] --END-- [ RunTime:0.002994s ]
INFO: [ app_end ] --START--
INFO: Run Behavior\ShowPageTraceBehavior [ RunTime:0.001893s ]
INFO: [ app_end ] --END-- [ RunTime:0.002124s ]

[ 2017-01-09T23:37:23+08:00 ] 58.63.114.75 /EasyTalk/
INFO: [ app_init ] --START--
INFO: Run Behavior\BuildLiteBehavior [ RunTime:0.000057s ]
INFO: [ app_init ] --END-- [ RunTime:0.000825s ]
INFO: [ app_begin ] --START--
INFO: Run Behavior\ReadHtmlCacheBehavior [ RunTime:0.000909s ]
INFO: [ app_begin ] --END-- [ RunTime:0.001152s ]
INFO: [ view_parse ] --START--
INFO: [ template_filter ] --START--
INFO: Run Behavior\ContentReplaceBehavior [ RunTime:0.000188s ]
INFO: [ template_filter ] --END-- [ RunTime:0.000446s ]
INFO: Run Behavior\ParseTemplateBehavior [ RunTime:0.011769s ]
INFO: [ view_parse ] --END-- [ RunTime:0.012024s ]
INFO: [ view_filter ] --START--
INFO: Run Behavior\WriteHtmlCacheBehavior [ RunTime:0.000554s ]
INFO: [ view_filter ] --END-- [ RunTime:0.000786s ]
INFO: [ app_end ] --START--
INFO: Run Behavior\ShowPageTraceBehavior [ RunTime:0.000814s ]
INFO: [ app_end ] --END-- [ RunTime:0.001052s ]

