[ 2016-09-26T16:44:13+08:00 ] ::1 /jobBook/error/WentWrong
ERR: 无法加载模块:Error

[ 2016-09-26T18:53:40+08:00 ] ::1 /jobBook/lidmin.php/Home/Feedback/feedback/p/2.html
ERR: 无法加载模块:Lidmin.php

[ 2016-09-26T18:53:42+08:00 ] ::1 /jobBook/lidmin.php/Home/Feedback/feedback/p/2.html
ERR: 无法加载模块:Lidmin.php

[ 2016-09-26T18:53:44+08:00 ] ::1 /jobBook/lidmin.php/Home/Feedback/feedback/p/2.html
ERR: 无法加载模块:Lidmin.php

[ 2016-09-26T18:54:35+08:00 ] ::1 /jobBook/lidmin.php/Home/Feedback/feedback/p/2.html
ERR: 无法加载模块:Lidmin.php

[ 2016-09-26T18:54:35+08:00 ] ::1 /jobBook/lidmin.php/Home/Feedback/feedback/p/2.html
ERR: 无法加载模块:Lidmin.php

[ 2016-09-26T18:54:36+08:00 ] ::1 /jobBook/lidmin.php/Home/Feedback/feedback/p/2.html
ERR: 无法加载模块:Lidmin.php

[ 2016-09-26T18:54:46+08:00 ] ::1 /jobBook/lidmin.php/Home/Feedback/feedback/p/2.html
ERR: 无法加载模块:Lidmin.php

[ 2016-09-26T18:54:47+08:00 ] ::1 /jobBook/lidmin.php/Home/Feedback/feedback/p/2.html
ERR: 无法加载模块:Lidmin.php

[ 2016-09-26T18:54:47+08:00 ] ::1 /jobBook/lidmin.php/Home/Feedback/feedback/p/2.html
ERR: 无法加载模块:Lidmin.php

[ 2016-09-26T18:54:47+08:00 ] ::1 /jobBook/lidmin.php/Home/Feedback/feedback/p/2.html
ERR: 无法加载模块:Lidmin.php

[ 2016-09-26T18:54:47+08:00 ] ::1 /jobBook/lidmin.php/Home/Feedback/feedback/p/2.html
ERR: 无法加载模块:Lidmin.php

[ 2016-09-26T18:54:47+08:00 ] ::1 /jobBook/lidmin.php/Home/Feedback/feedback/p/2.html
ERR: 无法加载模块:Lidmin.php

[ 2016-09-26T18:54:47+08:00 ] ::1 /jobBook/lidmin.php/Home/Feedback/feedback/p/2.html
ERR: 无法加载模块:Lidmin.php

[ 2016-09-26T18:54:48+08:00 ] ::1 /jobBook/lidmin.php/Home/Feedback/feedback/p/2.html
ERR: 无法加载模块:Lidmin.php

[ 2016-09-26T18:54:48+08:00 ] ::1 /jobBook/lidmin.php/Home/Feedback/feedback/p/2.html
ERR: 无法加载模块:Lidmin.php

[ 2016-09-26T18:54:48+08:00 ] ::1 /jobBook/lidmin.php/Home/Feedback/feedback/p/2.html
ERR: 无法加载模块:Lidmin.php

[ 2016-09-26T18:54:52+08:00 ] ::1 /jobBook/lidmin.php/Home/Feedback/feedback
ERR: 无法加载模块:Lidmin.php

[ 2016-09-26T18:55:00+08:00 ] ::1 /jobBook/lidmin.php/Home/Feedback/feedback
ERR: 无法加载模块:Lidmin.php

[ 2016-09-26T18:55:00+08:00 ] ::1 /jobBook/lidmin.php/Home/Feedback/feedback
ERR: 无法加载模块:Lidmin.php

[ 2016-09-26T18:55:01+08:00 ] ::1 /jobBook/lidmin.php/Home/Feedback/feedback
ERR: 无法加载模块:Lidmin.php

[ 2016-09-26T18:55:01+08:00 ] ::1 /jobBook/lidmin.php/Home/Feedback/feedback
ERR: 无法加载模块:Lidmin.php

[ 2016-09-26T18:55:01+08:00 ] ::1 /jobBook/lidmin.php/Home/Feedback/feedback
ERR: 无法加载模块:Lidmin.php

[ 2016-09-26T18:55:14+08:00 ] ::1 /jobBook/lidmin.php/Home/Feedback/feedback
ERR: 无法加载模块:Lidmin.php

[ 2016-09-26T18:55:15+08:00 ] ::1 /jobBook/lidmin.php/Home/Feedback/feedback
ERR: 无法加载模块:Lidmin.php

[ 2016-09-26T18:56:21+08:00 ] ::1 /jobBook/lidmin.php/Home/Feedback/feedback/p/2.html
ERR: 无法加载模块:Lidmin.php

[ 2016-09-26T18:56:24+08:00 ] ::1 /jobBook/lidmin.php/Home/Feedback/feedback/p/2.html
ERR: 无法加载模块:Lidmin.php

[ 2016-09-26T18:56:26+08:00 ] ::1 /jobBook/lidmin.php/Home/Feedback/feedback/p/2.html
ERR: 无法加载模块:Lidmin.php

[ 2016-09-26T18:56:45+08:00 ] ::1 /jobBook/lidmin.php/Home/Feedback/feedback/p/2.html
ERR: 无法加载模块:Lidmin.php

[ 2016-09-26T18:56:49+08:00 ] ::1 /jobBook/lidmin.php/Home/Feedback/feedback
ERR: 无法加载模块:Lidmin.php

[ 2016-09-26T18:56:56+08:00 ] ::1 /jobBook/lidmin.php/Home/index/index
ERR: 无法加载模块:Lidmin.php

