[ 2016-11-25T19:58:19+08:00 ] ::1 /EasyTalk/Public/src/images/teacherQF.png
INFO: [ app_init ] --START--
INFO: Run Behavior\BuildLiteBehavior [ RunTime:0.000073s ]
INFO: [ app_init ] --END-- [ RunTime:0.001487s ]
ERR: 无法加载模块:Public

[ 2016-11-25T19:58:26+08:00 ] ::1 /EasyTalk/Public/src/images/teacherQF.png
INFO: [ app_init ] --START--
INFO: Run Behavior\BuildLiteBehavior [ RunTime:0.000071s ]
INFO: [ app_init ] --END-- [ RunTime:0.002606s ]
ERR: 无法加载模块:Public

[ 2016-11-25T19:58:32+08:00 ] ::1 /EasyTalk/Public/src/images/teacherQF.png
INFO: [ app_init ] --START--
INFO: Run Behavior\BuildLiteBehavior [ RunTime:0.000041s ]
INFO: [ app_init ] --END-- [ RunTime:0.000906s ]
ERR: 无法加载模块:Public

[ 2016-11-25T20:01:58+08:00 ] ::1 /EasyTalk/Public/src/images/teacherQF.png
INFO: [ app_init ] --START--
INFO: Run Behavior\BuildLiteBehavior [ RunTime:0.000133s ]
INFO: [ app_init ] --END-- [ RunTime:0.001704s ]
ERR: 无法加载模块:Public

[ 2016-11-25T20:08:28+08:00 ] ::1 /EasyTalk/Public/src/images/teacherQF.png
INFO: [ app_init ] --START--
INFO: Run Behavior\BuildLiteBehavior [ RunTime:0.000070s ]
INFO: [ app_init ] --END-- [ RunTime:0.001371s ]
ERR: 无法加载模块:Public

[ 2016-11-25T20:15:27+08:00 ] ::1 /EasyTalk/Public/src/images/teacherQF.png
INFO: [ app_init ] --START--
INFO: Run Behavior\BuildLiteBehavior [ RunTime:0.000066s ]
INFO: [ app_init ] --END-- [ RunTime:0.001325s ]
ERR: 无法加载模块:Public

[ 2016-11-25T20:15:32+08:00 ] ::1 /EasyTalk/Public/src/images/teacherQF.png
INFO: [ app_init ] --START--
INFO: Run Behavior\BuildLiteBehavior [ RunTime:0.000072s ]
INFO: [ app_init ] --END-- [ RunTime:0.001844s ]
ERR: 无法加载模块:Public

[ 2016-11-25T20:19:25+08:00 ] ::1 /EasyTalk/Public/src/images/teacherQF.png
INFO: [ app_init ] --START--
INFO: Run Behavior\BuildLiteBehavior [ RunTime:0.000072s ]
INFO: [ app_init ] --END-- [ RunTime:0.001403s ]
ERR: 无法加载模块:Public

[ 2016-11-25T20:21:12+08:00 ] ::1 /EasyTalk/Public/src/images/teacherQF.png
INFO: [ app_init ] --START--
INFO: Run Behavior\BuildLiteBehavior [ RunTime:0.000067s ]
INFO: [ app_init ] --END-- [ RunTime:0.003596s ]
ERR: 无法加载模块:Public

[ 2016-11-25T20:21:42+08:00 ] ::1 /EasyTalk/Public/src/images/teacherQF.png
INFO: [ app_init ] --START--
INFO: Run Behavior\BuildLiteBehavior [ RunTime:0.000065s ]
INFO: [ app_init ] --END-- [ RunTime:0.001311s ]
ERR: 无法加载模块:Public

[ 2016-11-25T20:22:09+08:00 ] ::1 /EasyTalk/Public/src/images/teacherQF.png
INFO: [ app_init ] --START--
INFO: Run Behavior\BuildLiteBehavior [ RunTime:0.000068s ]
INFO: [ app_init ] --END-- [ RunTime:0.008258s ]
ERR: 无法加载模块:Public

[ 2016-11-25T20:23:17+08:00 ] ::1 /EasyTalk/Public/src/images/teacherQF.png
INFO: [ app_init ] --START--
INFO: Run Behavior\BuildLiteBehavior [ RunTime:0.000074s ]
INFO: [ app_init ] --END-- [ RunTime:0.001321s ]
ERR: 无法加载模块:Public

[ 2016-11-25T20:23:22+08:00 ] ::1 /EasyTalk/Public/src/images/teacherQF.png
INFO: [ app_init ] --START--
INFO: Run Behavior\BuildLiteBehavior [ RunTime:0.000169s ]
INFO: [ app_init ] --END-- [ RunTime:0.004006s ]
ERR: 无法加载模块:Public

[ 2016-11-25T20:23:35+08:00 ] ::1 /EasyTalk/Public/src/images/teacherQF.png
INFO: [ app_init ] --START--
INFO: Run Behavior\BuildLiteBehavior [ RunTime:0.000070s ]
INFO: [ app_init ] --END-- [ RunTime:0.001689s ]
ERR: 无法加载模块:Public

[ 2016-11-25T20:26:46+08:00 ] ::1 /EasyTalk/Public/src/images/teacherQF.png
INFO: [ app_init ] --START--
INFO: Run Behavior\BuildLiteBehavior [ RunTime:0.000064s ]
INFO: [ app_init ] --END-- [ RunTime:0.001251s ]
ERR: 无法加载模块:Public

[ 2016-11-25T20:27:05+08:00 ] ::1 /EasyTalk/Public/src/images/teacherQF.png
INFO: [ app_init ] --START--
INFO: Run Behavior\BuildLiteBehavior [ RunTime:0.000070s ]
INFO: [ app_init ] --END-- [ RunTime:0.002359s ]
ERR: 无法加载模块:Public

[ 2016-11-25T20:27:08+08:00 ] ::1 /EasyTalk/Public/src/images/teacherQF.png
INFO: [ app_init ] --START--
INFO: Run Behavior\BuildLiteBehavior [ RunTime:0.000066s ]
INFO: [ app_init ] --END-- [ RunTime:0.002288s ]
ERR: 无法加载模块:Public

[ 2016-11-25T20:40:38+08:00 ] ::1 /EasyTalk/checkHasLogin
INFO: [ app_init ] --START--
INFO: Run Behavior\BuildLiteBehavior [ RunTime:0.000072s ]
INFO: [ app_init ] --END-- [ RunTime:0.002056s ]
ERR: 无法加载模块:CheckHasLogin

[ 2016-11-25T20:40:46+08:00 ] ::1 /EasyTalk/checkHasLogin
INFO: [ app_init ] --START--
INFO: Run Behavior\BuildLiteBehavior [ RunTime:0.000062s ]
INFO: [ app_init ] --END-- [ RunTime:0.001016s ]
ERR: 无法加载模块:CheckHasLogin

[ 2016-11-25T20:41:00+08:00 ] ::1 /EasyTalk/checkHasLogin
INFO: [ app_init ] --START--
INFO: Run Behavior\BuildLiteBehavior [ RunTime:0.000091s ]
INFO: [ app_init ] --END-- [ RunTime:0.001346s ]
ERR: 无法加载模块:CheckHasLogin

[ 2016-11-25T20:41:02+08:00 ] ::1 /EasyTalk/checkHasLogin
INFO: [ app_init ] --START--
INFO: Run Behavior\BuildLiteBehavior [ RunTime:0.000134s ]
INFO: [ app_init ] --END-- [ RunTime:0.002894s ]
ERR: 无法加载模块:CheckHasLogin

[ 2016-11-25T20:41:08+08:00 ] ::1 /EasyTalk/checkHasLogin
INFO: [ app_init ] --START--
INFO: Run Behavior\BuildLiteBehavior [ RunTime:0.000072s ]
INFO: [ app_init ] --END-- [ RunTime:0.001767s ]
ERR: 无法加载模块:CheckHasLogin

[ 2016-11-25T20:48:45+08:00 ] ::1 /EasyTalk/logout
INFO: [ app_init ] --START--
INFO: Run Behavior\BuildLiteBehavior [ RunTime:0.000042s ]
INFO: [ app_init ] --END-- [ RunTime:0.000860s ]
ERR: 无法加载模块:Logout

[ 2016-11-25T23:28:52+08:00 ] ::1 /EasyTalk/Public/src/images/teacherQF.png
INFO: [ app_init ] --START--
INFO: Run Behavior\BuildLiteBehavior [ RunTime:0.000074s ]
INFO: [ app_init ] --END-- [ RunTime:0.001244s ]
ERR: 无法加载模块:Public

[ 2016-11-25T23:28:59+08:00 ] ::1 /EasyTalk/Public/src/images/teacherQF.png
INFO: [ app_init ] --START--
INFO: Run Behavior\BuildLiteBehavior [ RunTime:0.000068s ]
INFO: [ app_init ] --END-- [ RunTime:0.001384s ]
ERR: 无法加载模块:Public

