[ 2016-11-13T10:57:51+08:00 ] ::1 /EasyTalk/__ROOT__/index.php/Home/Index/do_login
INFO: [ app_init ] --START--
INFO: Run Behavior\BuildLiteBehavior [ RunTime:0.000039s ]
INFO: [ app_init ] --END-- [ RunTime:0.000780s ]
ERR: 无法加载模块:__ROOT__

[ 2016-11-13T10:57:58+08:00 ] ::1 /EasyTalk/__ROOT__/index.php/Home/Index/do_login
INFO: [ app_init ] --START--
INFO: Run Behavior\BuildLiteBehavior [ RunTime:0.000037s ]
INFO: [ app_init ] --END-- [ RunTime:0.000737s ]
ERR: 无法加载模块:__ROOT__

[ 2016-11-13T10:58:00+08:00 ] ::1 /EasyTalk/__ROOT__/index.php/Home/Index/do_login
INFO: [ app_init ] --START--
INFO: Run Behavior\BuildLiteBehavior [ RunTime:0.000038s ]
INFO: [ app_init ] --END-- [ RunTime:0.000806s ]
ERR: 无法加载模块:__ROOT__

[ 2016-11-13T10:58:01+08:00 ] ::1 /EasyTalk/__ROOT__/index.php/Home/Index/do_login
INFO: [ app_init ] --START--
INFO: Run Behavior\BuildLiteBehavior [ RunTime:0.000039s ]
INFO: [ app_init ] --END-- [ RunTime:0.000834s ]
ERR: 无法加载模块:__ROOT__

[ 2016-11-13T11:12:01+08:00 ] ::1 /EasyTalk/do_login
INFO: [ app_init ] --START--
INFO: Run Behavior\BuildLiteBehavior [ RunTime:0.000040s ]
INFO: [ app_init ] --END-- [ RunTime:0.000818s ]
ERR: 无法加载模块:Do_login

[ 2016-11-13T11:12:37+08:00 ] ::1 /EasyTalk/index/do_login
INFO: [ app_init ] --START--
INFO: Run Behavior\BuildLiteBehavior [ RunTime:0.000037s ]
INFO: [ app_init ] --END-- [ RunTime:0.000751s ]
ERR: 无法加载模块:Index

