[ 2016-11-27T00:51:53+08:00 ] ::1 /EasyTalk/Public/src/images/teacherQF.png
INFO: [ app_init ] --START--
INFO: Run Behavior\BuildLiteBehavior [ RunTime:0.000042s ]
INFO: [ app_init ] --END-- [ RunTime:0.000920s ]
ERR: 无法加载模块:Public

[ 2016-11-27T00:52:01+08:00 ] ::1 /EasyTalk/Public/src/images/teacherQF.png
INFO: [ app_init ] --START--
INFO: Run Behavior\BuildLiteBehavior [ RunTime:0.000077s ]
INFO: [ app_init ] --END-- [ RunTime:0.003867s ]
ERR: 无法加载模块:Public

[ 2016-11-27T00:52:06+08:00 ] ::1 /EasyTalk/Public/src/images/teacherQF.png
INFO: [ app_init ] --START--
INFO: Run Behavior\BuildLiteBehavior [ RunTime:0.000072s ]
INFO: [ app_init ] --END-- [ RunTime:0.002291s ]
ERR: 无法加载模块:Public

[ 2016-11-27T00:52:14+08:00 ] ::1 /EasyTalk/Public/src/images/teacherQF.png
INFO: [ app_init ] --START--
INFO: Run Behavior\BuildLiteBehavior [ RunTime:0.000078s ]
INFO: [ app_init ] --END-- [ RunTime:0.001494s ]
ERR: 无法加载模块:Public

[ 2016-11-27T00:52:19+08:00 ] ::1 /EasyTalk/Public/src/images/teacherQF.png
INFO: [ app_init ] --START--
INFO: Run Behavior\BuildLiteBehavior [ RunTime:0.000078s ]
INFO: [ app_init ] --END-- [ RunTime:0.002242s ]
ERR: 无法加载模块:Public

[ 2016-11-27T00:52:29+08:00 ] ::1 /EasyTalk/Public/src/images/teacherQF.png
INFO: [ app_init ] --START--
INFO: Run Behavior\BuildLiteBehavior [ RunTime:0.000077s ]
INFO: [ app_init ] --END-- [ RunTime:0.001557s ]
ERR: 无法加载模块:Public

[ 2016-11-27T00:52:34+08:00 ] ::1 /EasyTalk/Public/src/images/teacherQF.png
INFO: [ app_init ] --START--
INFO: Run Behavior\BuildLiteBehavior [ RunTime:0.000082s ]
INFO: [ app_init ] --END-- [ RunTime:0.001521s ]
ERR: 无法加载模块:Public

[ 2016-11-27T00:52:37+08:00 ] ::1 /EasyTalk/Public/src/images/teacherQF.png
INFO: [ app_init ] --START--
INFO: Run Behavior\BuildLiteBehavior [ RunTime:0.000081s ]
INFO: [ app_init ] --END-- [ RunTime:0.001523s ]
ERR: 无法加载模块:Public

[ 2016-11-27T00:57:52+08:00 ] ::1 /EasyTalk/index.php/verify
INFO: [ app_init ] --START--
INFO: Run Behavior\BuildLiteBehavior [ RunTime:0.000040s ]
INFO: [ app_init ] --END-- [ RunTime:0.000850s ]
ERR: 无法加载模块:Verify

[ 2016-11-27T00:59:39+08:00 ] ::1 /EasyTalk/Public/src/images/teacherQF.png
INFO: [ app_init ] --START--
INFO: Run Behavior\BuildLiteBehavior [ RunTime:0.000098s ]
INFO: [ app_init ] --END-- [ RunTime:0.001717s ]
ERR: 无法加载模块:Public

[ 2016-11-27T00:59:50+08:00 ] ::1 /EasyTalk/Public/src/images/teacherQF.png
INFO: [ app_init ] --START--
INFO: Run Behavior\BuildLiteBehavior [ RunTime:0.000073s ]
INFO: [ app_init ] --END-- [ RunTime:0.001520s ]
ERR: 无法加载模块:Public

[ 2016-11-27T13:03:51+08:00 ] ::1 /EasyTalk/index.php/verify
INFO: [ app_init ] --START--
INFO: Run Behavior\BuildLiteBehavior [ RunTime:0.000066s ]
INFO: [ app_init ] --END-- [ RunTime:0.001058s ]
ERR: 无法加载模块:Verify

[ 2016-11-27T13:04:16+08:00 ] ::1 /EasyTalk/index.php/verify
INFO: [ app_init ] --START--
INFO: Run Behavior\BuildLiteBehavior [ RunTime:0.000041s ]
INFO: [ app_init ] --END-- [ RunTime:0.000928s ]
ERR: 无法加载模块:Verify

[ 2016-11-27T13:29:06+08:00 ] ::1 /EasyTalk/Public/src/images/teacherQF.png
INFO: [ app_init ] --START--
INFO: Run Behavior\BuildLiteBehavior [ RunTime:0.000064s ]
INFO: [ app_init ] --END-- [ RunTime:0.000974s ]
ERR: 无法加载模块:Public

[ 2016-11-27T13:29:12+08:00 ] ::1 /EasyTalk/Public/src/images/teacherQF.png
INFO: [ app_init ] --START--
INFO: Run Behavior\BuildLiteBehavior [ RunTime:0.000073s ]
INFO: [ app_init ] --END-- [ RunTime:0.002530s ]
ERR: 无法加载模块:Public

[ 2016-11-27T13:29:15+08:00 ] ::1 /EasyTalk/Public/src/images/teacherQF.png
INFO: [ app_init ] --START--
INFO: Run Behavior\BuildLiteBehavior [ RunTime:0.000073s ]
INFO: [ app_init ] --END-- [ RunTime:0.001776s ]
ERR: 无法加载模块:Public

[ 2016-11-27T14:03:27+08:00 ] ::1 /EasyTalk/index.php/index
INFO: [ app_init ] --START--
INFO: Run Behavior\BuildLiteBehavior [ RunTime:0.000000s ]
INFO: [ app_init ] --END-- [ RunTime:0.002000s ]
ERR: 无法加载模块:Index

[ 2016-11-27T14:03:52+08:00 ] ::1 /EasyTalk/index.php/index
INFO: [ app_init ] --START--
INFO: Run Behavior\BuildLiteBehavior [ RunTime:0.000000s ]
INFO: [ app_init ] --END-- [ RunTime:0.001000s ]
ERR: 无法加载模块:Index

[ 2016-11-27T14:05:13+08:00 ] ::1 /EasyTalk/Public/src/images/teacherQF.png
INFO: [ app_init ] --START--
INFO: Run Behavior\BuildLiteBehavior [ RunTime:0.000000s ]
INFO: [ app_init ] --END-- [ RunTime:0.001000s ]
ERR: 无法加载模块:Public

