[ 2016-12-17T00:50:16+08:00 ] ::1 /EasyTalk/xx.php
INFO: [ app_init ] --START--
INFO: Run Behavior\BuildLiteBehavior [ RunTime:0.000071s ]
INFO: [ app_init ] --END-- [ RunTime:0.001564s ]
ERR: 无法加载模块:Xx

[ 2016-12-17T01:10:29+08:00 ] ::1 /EasyTalk/index.php/xx.php
INFO: [ app_init ] --START--
INFO: Run Behavior\BuildLiteBehavior [ RunTime:0.000075s ]
INFO: [ app_init ] --END-- [ RunTime:0.003265s ]
ERR: 无法加载模块:Xx

[ 2016-12-17T01:11:10+08:00 ] ::1 /EasyTalk/index.php/xx.php
INFO: [ app_init ] --START--
INFO: Run Behavior\BuildLiteBehavior [ RunTime:0.000406s ]
INFO: [ app_init ] --END-- [ RunTime:0.001709s ]
ERR: 无法加载模块:Xx

[ 2016-12-17T12:31:31+08:00 ] ::1 /EasyTalk/xx.php
INFO: [ app_init ] --START--
INFO: Run Behavior\BuildLiteBehavior [ RunTime:0.000000s ]
INFO: [ app_init ] --END-- [ RunTime:0.000000s ]
ERR: 无法加载模块:Xx

[ 2016-12-17T14:01:36+08:00 ] ::1 /EasyTalk/xx.php
INFO: [ app_init ] --START--
INFO: Run Behavior\BuildLiteBehavior [ RunTime:0.000000s ]
INFO: [ app_init ] --END-- [ RunTime:0.000000s ]
ERR: 无法加载模块:Xx

[ 2016-12-17T14:01:38+08:00 ] ::1 /EasyTalk/xx.php
INFO: [ app_init ] --START--
INFO: Run Behavior\BuildLiteBehavior [ RunTime:0.000000s ]
INFO: [ app_init ] --END-- [ RunTime:0.000000s ]
ERR: 无法加载模块:Xx

[ 2016-12-17T17:18:15+08:00 ] ::1 /EasyTalk/xx.php
INFO: [ app_init ] --START--
INFO: Run Behavior\BuildLiteBehavior [ RunTime:0.000062s ]
INFO: [ app_init ] --END-- [ RunTime:0.001288s ]
ERR: 无法加载模块:Xx

[ 2016-12-17T17:23:24+08:00 ] ::1 /EasyTalk/xx.php
INFO: [ app_init ] --START--
INFO: Run Behavior\BuildLiteBehavior [ RunTime:0.000058s ]
INFO: [ app_init ] --END-- [ RunTime:0.001672s ]
ERR: 无法加载模块:Xx

[ 2016-12-17T17:23:29+08:00 ] ::1 /EasyTalk/xx.php
INFO: [ app_init ] --START--
INFO: Run Behavior\BuildLiteBehavior [ RunTime:0.000061s ]
INFO: [ app_init ] --END-- [ RunTime:0.000954s ]
ERR: 无法加载模块:Xx

[ 2016-12-17T20:33:13+08:00 ] 127.0.0.1 /EasyTalk/Public/src/userHead/2016-12-17/1481977857.jpg
INFO: [ app_init ] --START--
INFO: Run Behavior\BuildLiteBehavior [ RunTime:0.000046s ]
INFO: [ app_init ] --END-- [ RunTime:0.001442s ]
ERR: 无法加载模块:Public

[ 2016-12-17T20:33:15+08:00 ] 127.0.0.1 /EasyTalk/Public/src/userHead/2016-12-17/1481977857.jpg
INFO: [ app_init ] --START--
INFO: Run Behavior\BuildLiteBehavior [ RunTime:0.000043s ]
INFO: [ app_init ] --END-- [ RunTime:0.000932s ]
ERR: 无法加载模块:Public

[ 2016-12-17T20:33:16+08:00 ] 127.0.0.1 /EasyTalk/Public/src/userHead/2016-12-17/1481977857.jpg
INFO: [ app_init ] --START--
INFO: Run Behavior\BuildLiteBehavior [ RunTime:0.000071s ]
INFO: [ app_init ] --END-- [ RunTime:0.001454s ]
ERR: 无法加载模块:Public

[ 2016-12-17T20:33:25+08:00 ] 127.0.0.1 /EasyTalk/Public/src/userHead/2016-12-17/1481977869.jpg
INFO: [ app_init ] --START--
INFO: Run Behavior\BuildLiteBehavior [ RunTime:0.000042s ]
INFO: [ app_init ] --END-- [ RunTime:0.000840s ]
ERR: 无法加载模块:Public

[ 2016-12-17T20:33:27+08:00 ] 127.0.0.1 /EasyTalk/Public/src/userHead/2016-12-17/1481977869.jpg
INFO: [ app_init ] --START--
INFO: Run Behavior\BuildLiteBehavior [ RunTime:0.000083s ]
INFO: [ app_init ] --END-- [ RunTime:0.001588s ]
ERR: 无法加载模块:Public

[ 2016-12-17T20:33:36+08:00 ] 127.0.0.1 /EasyTalk/Public/src/userHead/2016-12-17/1481977869.jpg
INFO: [ app_init ] --START--
INFO: Run Behavior\BuildLiteBehavior [ RunTime:0.000068s ]
INFO: [ app_init ] --END-- [ RunTime:0.001525s ]
ERR: 无法加载模块:Public

[ 2016-12-17T20:33:48+08:00 ] 127.0.0.1 /EasyTalk/Public/src/userHead/2016-12-17/1481977888.jpg
INFO: [ app_init ] --START--
INFO: Run Behavior\BuildLiteBehavior [ RunTime:0.000043s ]
INFO: [ app_init ] --END-- [ RunTime:0.000904s ]
ERR: 无法加载模块:Public

[ 2016-12-17T20:36:04+08:00 ] 127.0.0.1 /EasyTalk/Public/src/userHead/2016-12-17/1481977888.jpg
INFO: [ app_init ] --START--
INFO: Run Behavior\BuildLiteBehavior [ RunTime:0.000045s ]
INFO: [ app_init ] --END-- [ RunTime:0.000843s ]
ERR: 无法加载模块:Public

