[ 2016-11-22T20:10:14+08:00 ] ::1 /EasyTalk/Public/src/images/teacherQF.png
INFO: [ app_init ] --START--
INFO: Run Behavior\BuildLiteBehavior [ RunTime:0.000071s ]
INFO: [ app_init ] --END-- [ RunTime:0.001486s ]
ERR: 无法加载模块:Public

[ 2016-11-22T20:10:18+08:00 ] ::1 /EasyTalk/Public/src/images/teacherQF.png
INFO: [ app_init ] --START--
INFO: Run Behavior\BuildLiteBehavior [ RunTime:0.000067s ]
INFO: [ app_init ] --END-- [ RunTime:0.001519s ]
ERR: 无法加载模块:Public

[ 2016-11-22T20:10:24+08:00 ] ::1 /EasyTalk/Public/src/images/teacherQF.png
INFO: [ app_init ] --START--
INFO: Run Behavior\BuildLiteBehavior [ RunTime:0.000073s ]
INFO: [ app_init ] --END-- [ RunTime:0.001454s ]
ERR: 无法加载模块:Public

[ 2016-11-22T20:10:33+08:00 ] ::1 /EasyTalk/Public/src/images/teacherQF.png
INFO: [ app_init ] --START--
INFO: Run Behavior\BuildLiteBehavior [ RunTime:0.000063s ]
INFO: [ app_init ] --END-- [ RunTime:0.002106s ]
ERR: 无法加载模块:Public

[ 2016-11-22T20:11:59+08:00 ] 127.0.0.1 /EasyTalk/Public/src/head/default.jpg
INFO: [ app_init ] --START--
INFO: Run Behavior\BuildLiteBehavior [ RunTime:0.000068s ]
INFO: [ app_init ] --END-- [ RunTime:0.001393s ]
ERR: 无法加载模块:Public

[ 2016-11-22T20:12:16+08:00 ] 127.0.0.1 /EasyTalk/Public/src/head/default.jpg
INFO: [ app_init ] --START--
INFO: Run Behavior\BuildLiteBehavior [ RunTime:0.000042s ]
INFO: [ app_init ] --END-- [ RunTime:0.000903s ]
ERR: 无法加载模块:Public

[ 2016-11-22T20:13:10+08:00 ] 127.0.0.1 /EasyTalk/Public/src/head/default.jpg
INFO: [ app_init ] --START--
INFO: Run Behavior\BuildLiteBehavior [ RunTime:0.000042s ]
INFO: [ app_init ] --END-- [ RunTime:0.000882s ]
ERR: 无法加载模块:Public

[ 2016-11-22T20:34:52+08:00 ] ::1 /EasyTalk/Public/src/images/teacherQF.png
INFO: [ app_init ] --START--
INFO: Run Behavior\BuildLiteBehavior [ RunTime:0.000116s ]
INFO: [ app_init ] --END-- [ RunTime:0.002486s ]
ERR: 无法加载模块:Public

[ 2016-11-22T20:40:32+08:00 ] ::1 /EasyTalk/Public/src/images/teacherQF.png
INFO: [ app_init ] --START--
INFO: Run Behavior\BuildLiteBehavior [ RunTime:0.000070s ]
INFO: [ app_init ] --END-- [ RunTime:0.001460s ]
ERR: 无法加载模块:Public

[ 2016-11-22T20:43:10+08:00 ] ::1 /EasyTalk/Public/src/images/teacherQF.png
INFO: [ app_init ] --START--
INFO: Run Behavior\BuildLiteBehavior [ RunTime:0.000042s ]
INFO: [ app_init ] --END-- [ RunTime:0.000922s ]
ERR: 无法加载模块:Public

[ 2016-11-22T20:44:05+08:00 ] ::1 /EasyTalk/Public/src/images/teacherQF.png
INFO: [ app_init ] --START--
INFO: Run Behavior\BuildLiteBehavior [ RunTime:0.000071s ]
INFO: [ app_init ] --END-- [ RunTime:0.001455s ]
ERR: 无法加载模块:Public

[ 2016-11-22T20:44:10+08:00 ] ::1 /EasyTalk/Public/src/images/teacherQF.png
INFO: [ app_init ] --START--
INFO: Run Behavior\BuildLiteBehavior [ RunTime:0.000071s ]
INFO: [ app_init ] --END-- [ RunTime:0.001355s ]
ERR: 无法加载模块:Public

[ 2016-11-22T20:47:51+08:00 ] ::1 /EasyTalk/Public/src/images/teacherQF.png
INFO: [ app_init ] --START--
INFO: Run Behavior\BuildLiteBehavior [ RunTime:0.000066s ]
INFO: [ app_init ] --END-- [ RunTime:0.001645s ]
ERR: 无法加载模块:Public

[ 2016-11-22T20:48:25+08:00 ] ::1 /EasyTalk/Public/src/images/teacherQF.png
INFO: [ app_init ] --START--
INFO: Run Behavior\BuildLiteBehavior [ RunTime:0.000065s ]
INFO: [ app_init ] --END-- [ RunTime:0.002103s ]
ERR: 无法加载模块:Public

[ 2016-11-22T23:54:22+08:00 ] ::1 /EasyTalk/Public/src/images/teacherQF.png
INFO: [ app_init ] --START--
INFO: Run Behavior\BuildLiteBehavior [ RunTime:0.000230s ]
INFO: [ app_init ] --END-- [ RunTime:0.001620s ]
ERR: 无法加载模块:Public

[ 2016-11-22T23:56:21+08:00 ] ::1 /EasyTalk/Public/src/images/teacherQF.png
INFO: [ app_init ] --START--
INFO: Run Behavior\BuildLiteBehavior [ RunTime:0.000186s ]
INFO: [ app_init ] --END-- [ RunTime:0.002622s ]
ERR: 无法加载模块:Public

[ 2016-11-22T23:57:51+08:00 ] ::1 /EasyTalk/Public/src/images/teacherQF.png
INFO: [ app_init ] --START--
INFO: Run Behavior\BuildLiteBehavior [ RunTime:0.000073s ]
INFO: [ app_init ] --END-- [ RunTime:0.001539s ]
ERR: 无法加载模块:Public

[ 2016-11-22T23:58:19+08:00 ] ::1 /EasyTalk/Public/src/images/teacherQF.png
INFO: [ app_init ] --START--
INFO: Run Behavior\BuildLiteBehavior [ RunTime:0.000410s ]
INFO: [ app_init ] --END-- [ RunTime:0.002974s ]
ERR: 无法加载模块:Public

