[ 2016-10-31T21:45:29+08:00 ] ::1 /jobBook/Public/js/jquery-1.7.2.min.js
ERR: 无法加载模块:Public

[ 2016-10-31T21:45:29+08:00 ] ::1 /jobBook/Public/js/wysihtml5-0.3.0.js
ERR: 无法加载模块:Public

[ 2016-10-31T21:45:29+08:00 ] ::1 /jobBook/Public/js/bootstrap-wysihtml5.js
ERR: 无法加载模块:Public

[ 2016-10-31T21:47:27+08:00 ] ::1 /jobBook/Public/js/bootstrap-wysihtml5.js
ERR: 无法加载模块:Public

[ 2016-10-31T21:47:27+08:00 ] ::1 /jobBook/Public/js/jquery-1.7.2.min.js
ERR: 无法加载模块:Public

[ 2016-10-31T21:47:28+08:00 ] ::1 /jobBook/Public/js/wysihtml5-0.3.0.js
ERR: 无法加载模块:Public

[ 2016-10-31T21:55:08+08:00 ] ::1 /jobBook/Public/js/bootstrap-wysihtml5.js
ERR: 无法加载模块:Public

[ 2016-10-31T21:55:14+08:00 ] ::1 /jobBook/Public/js/bootstrap-wysihtml5.js
ERR: 无法加载模块:Public

[ 2016-10-31T21:57:00+08:00 ] ::1 /jobBook/Public/js/bootstrap-wysihtml5.js
ERR: 无法加载模块:Public

[ 2016-10-31T21:58:01+08:00 ] ::1 /jobBook/Public/js/bootstrap-wysihtml5.js
ERR: 无法加载模块:Public

[ 2016-10-31T21:58:01+08:00 ] ::1 /jobBook/Public/fonts/icomoon.ttf?-qdfu1s
ERR: 无法加载模块:Public

[ 2016-10-31T21:58:02+08:00 ] ::1 /jobBook/Public/fonts/icomoon.woff?-qdfu1s
ERR: 无法加载模块:Public

[ 2016-10-31T22:01:58+08:00 ] ::1 /jobBook/Public/js/bootstrap-wysihtml5.js
ERR: 无法加载模块:Public

[ 2016-10-31T22:02:42+08:00 ] ::1 /jobBook/Public/js/bootstrap-wysihtml5.js
ERR: 无法加载模块:Public

[ 2016-10-31T22:04:36+08:00 ] ::1 /jobBook/Public/js/bootstrap-wysihtml5.js
ERR: 无法加载模块:Public

[ 2016-10-31T22:04:48+08:00 ] ::1 /jobBook/Public/js/bootstrap-wysihtml5.js
ERR: 无法加载模块:Public

[ 2016-10-31T22:10:19+08:00 ] ::1 /jobBook/Public/js/bootstrap-wysihtml5.js
ERR: 无法加载模块:Public

[ 2016-10-31T22:13:25+08:00 ] ::1 /jobBook/Public/js/bootstrap-wysihtml5.js
ERR: 无法加载模块:Public

[ 2016-10-31T22:14:55+08:00 ] ::1 /jobBook/Public/js/bootstrap-wysihtml5.js
ERR: 无法加载模块:Public

[ 2016-10-31T22:30:40+08:00 ] ::1 /jobBook/Public/css/bootstrap-wysihtml5.css
ERR: 无法加载模块:Public

[ 2016-10-31T22:30:40+08:00 ] ::1 /jobBook/Public/js/wysihtml5-0.3.0.js
ERR: 无法加载模块:Public

[ 2016-10-31T22:32:10+08:00 ] ::1 /jobBook/Public/js/bootstrap-wysihtml5.js
ERR: 无法加载模块:Public

[ 2016-10-31T22:37:39+08:00 ] ::1 /jobBook/Public/js/bootstrap-wysihtml5.js
ERR: 无法加载模块:Public

[ 2016-10-31T22:37:58+08:00 ] ::1 /jobBook/Public/js/bootstrap-wysihtml5.js
ERR: 无法加载模块:Public

