[ 2016-11-01T20:46:27+08:00 ] ::1 /jobBook/Public/js/bootstrap-wysihtml5.js
ERR: 无法加载模块:Public

[ 2016-11-01T20:58:03+08:00 ] ::1 /jobBook/Public/js/bootstrap-wysihtml5.js
ERR: 无法加载模块:Public

[ 2016-11-01T20:58:13+08:00 ] ::1 /jobBook/Public/js/bootstrap-wysihtml5.js
ERR: 无法加载模块:Public

[ 2016-11-01T21:02:09+08:00 ] ::1 /jobBook/Public/js/bootstrap-wysihtml5.js
ERR: 无法加载模块:Public

[ 2016-11-01T21:03:10+08:00 ] ::1 /jobBook/Public/js/bootstrap-wysihtml5.js
ERR: 无法加载模块:Public

[ 2016-11-01T21:03:10+08:00 ] ::1 /jobBook/Public/js/wangEditor.min.js
ERR: 无法加载模块:Public

[ 2016-11-01T21:03:13+08:00 ] ::1 /jobBook/Public/js/wangEditor.min.js
ERR: 无法加载模块:Public

[ 2016-11-01T21:03:13+08:00 ] ::1 /jobBook/Public/js/bootstrap-wysihtml5.js
ERR: 无法加载模块:Public

[ 2016-11-01T21:03:14+08:00 ] ::1 /jobBook/Public/js/wangEditor.min.js
ERR: 无法加载模块:Public

[ 2016-11-01T21:03:14+08:00 ] ::1 /jobBook/Public/js/bootstrap-wysihtml5.js
ERR: 无法加载模块:Public

[ 2016-11-01T21:03:39+08:00 ] ::1 /jobBook/Public/js/bootstrap-wysihtml5.js
ERR: 无法加载模块:Public

[ 2016-11-01T21:09:56+08:00 ] ::1 /jobBook/Public/js/bootstrap-wysihtml5.js
ERR: 无法加载模块:Public

[ 2016-11-01T21:13:57+08:00 ] ::1 /jobBook/Public/js/bootstrap-wysihtml5.js
ERR: 无法加载模块:Public

[ 2016-11-01T21:14:31+08:00 ] ::1 /jobBook/Public/js/bootstrap-wysihtml5.js
ERR: 无法加载模块:Public

[ 2016-11-01T21:15:40+08:00 ] ::1 /jobBook/Public/js/bootstrap-wysihtml5.js
ERR: 无法加载模块:Public

[ 2016-11-01T21:15:53+08:00 ] ::1 /jobBook/Public/js/bootstrap-wysihtml5.js
ERR: 无法加载模块:Public

[ 2016-11-01T21:16:17+08:00 ] ::1 /jobBook/Public/js/bootstrap-wysihtml5.js
ERR: 无法加载模块:Public

[ 2016-11-01T21:16:26+08:00 ] ::1 /jobBook/Public/css/bootstrap-wysihtml5.css
ERR: 无法加载模块:Public

[ 2016-11-01T21:16:26+08:00 ] ::1 /jobBook/Public/js/wysihtml5-0.3.0.js
ERR: 无法加载模块:Public

[ 2016-11-01T21:16:29+08:00 ] ::1 /jobBook/Public/css/bootstrap-wysihtml5.css
ERR: 无法加载模块:Public

[ 2016-11-01T21:16:29+08:00 ] ::1 /jobBook/Public/js/wysihtml5-0.3.0.js
ERR: 无法加载模块:Public

[ 2016-11-01T21:18:52+08:00 ] ::1 /jobBook/Public/js/bootstrap-wysihtml5.js
ERR: 无法加载模块:Public

[ 2016-11-01T21:18:55+08:00 ] ::1 /jobBook/Public/js/bootstrap-wysihtml5.js
ERR: 无法加载模块:Public

[ 2016-11-01T21:19:04+08:00 ] ::1 /jobBook/Public/js/bootstrap-wysihtml5.js
ERR: 无法加载模块:Public

[ 2016-11-01T21:19:13+08:00 ] ::1 /jobBook/Public/js/bootstrap-wysihtml5.js
ERR: 无法加载模块:Public

[ 2016-11-01T21:23:32+08:00 ] ::1 /jobBook/Public/js/bootstrap-wysihtml5.js
ERR: 无法加载模块:Public

[ 2016-11-01T21:24:16+08:00 ] ::1 /jobBook/Public/js/bootstrap-wysihtml5.js
ERR: 无法加载模块:Public

[ 2016-11-01T21:26:32+08:00 ] ::1 /jobBook/Public/js/bootstrap-wysihtml5.js
ERR: 无法加载模块:Public

[ 2016-11-01T21:34:25+08:00 ] ::1 /jobBook/Public/js/bootstrap-wysihtml5.js
ERR: 无法加载模块:Public

[ 2016-11-01T21:40:10+08:00 ] ::1 /jobBook/Public/js/bootstrap-wysihtml5.js
ERR: 无法加载模块:Public

[ 2016-11-01T21:43:00+08:00 ] ::1 /jobBook/Public/js/bootstrap-wysihtml5.js
ERR: 无法加载模块:Public

[ 2016-11-01T21:46:22+08:00 ] ::1 /jobBook/Public/js/bootstrap-wysihtml5.js
ERR: 无法加载模块:Public

[ 2016-11-01T21:46:31+08:00 ] ::1 /jobBook/Public/js/bootstrap-wysihtml5.js
ERR: 无法加载模块:Public

[ 2016-11-01T21:46:45+08:00 ] ::1 /jobBook/Public/js/bootstrap-wysihtml5.js
ERR: 无法加载模块:Public

[ 2016-11-01T21:49:54+08:00 ] ::1 /jobBook/Public/js/bootstrap-wysihtml5.js
ERR: 无法加载模块:Public

[ 2016-11-01T22:06:38+08:00 ] ::1 /jobBook/Public/js/wysihtml5-0.3.0.js
ERR: 无法加载模块:Public

[ 2016-11-01T22:07:03+08:00 ] ::1 /jobBook/Public/js/wysihtml5-0.3.0.js
ERR: 无法加载模块:Public

[ 2016-11-01T22:20:24+08:00 ] ::1 /jobBook/Public/js/wysihtml5-0.3.0.js
ERR: 无法加载模块:Public

[ 2016-11-01T23:42:42+08:00 ] ::1 /jobBook/Public/js/wysihtml5-0.3.0.js
ERR: 无法加载模块:Public

