[ 2016-12-04T00:18:34+08:00 ] ::1 /EasyTalk/public/154440157.jpg
INFO: [ app_init ] --START--
INFO: Run Behavior\BuildLiteBehavior [ RunTime:0.000068s ]
INFO: [ app_init ] --END-- [ RunTime:0.005331s ]
ERR: 无法加载模块:Public

[ 2016-12-04T01:35:52+08:00 ] 127.0.0.1 /EasyTalk/Public/src/teacherHead/2016-12-04/1480786361.jpg
INFO: [ app_init ] --START--
INFO: Run Behavior\BuildLiteBehavior [ RunTime:0.000041s ]
INFO: [ app_init ] --END-- [ RunTime:0.000862s ]
ERR: 无法加载模块:Public

[ 2016-12-04T01:42:45+08:00 ] 127.0.0.1 /EasyTalk/Public/src/userHead/2016-12-04/1480786961.jpg
INFO: [ app_init ] --START--
INFO: Run Behavior\BuildLiteBehavior [ RunTime:0.000063s ]
INFO: [ app_init ] --END-- [ RunTime:0.001891s ]
ERR: 无法加载模块:Public

[ 2016-12-04T01:42:47+08:00 ] 127.0.0.1 /EasyTalk/Public/src/userHead/2016-12-04/1480786961.jpg
INFO: [ app_init ] --START--
INFO: Run Behavior\BuildLiteBehavior [ RunTime:0.000126s ]
INFO: [ app_init ] --END-- [ RunTime:0.001707s ]
ERR: 无法加载模块:Public

[ 2016-12-04T01:43:16+08:00 ] 127.0.0.1 /EasyTalk/Public/src/userHead/2016-12-04/1480786993.jpg
INFO: [ app_init ] --START--
INFO: Run Behavior\BuildLiteBehavior [ RunTime:0.000044s ]
INFO: [ app_init ] --END-- [ RunTime:0.001151s ]
ERR: 无法加载模块:Public

[ 2016-12-04T01:43:18+08:00 ] 127.0.0.1 /EasyTalk/Public/src/userHead/2016-12-04/1480786993.jpg
INFO: [ app_init ] --START--
INFO: Run Behavior\BuildLiteBehavior [ RunTime:0.000042s ]
INFO: [ app_init ] --END-- [ RunTime:0.001194s ]
ERR: 无法加载模块:Public

[ 2016-12-04T01:43:51+08:00 ] 127.0.0.1 /EasyTalk/Public/src/userHead/2016-12-04/1480787028.jpg
INFO: [ app_init ] --START--
INFO: Run Behavior\BuildLiteBehavior [ RunTime:0.000042s ]
INFO: [ app_init ] --END-- [ RunTime:0.000873s ]
ERR: 无法加载模块:Public

[ 2016-12-04T01:43:54+08:00 ] 127.0.0.1 /EasyTalk/Public/src/userHead/2016-12-04/1480787028.jpg
INFO: [ app_init ] --START--
INFO: Run Behavior\BuildLiteBehavior [ RunTime:0.000222s ]
INFO: [ app_init ] --END-- [ RunTime:0.002335s ]
ERR: 无法加载模块:Public

[ 2016-12-04T16:59:06+08:00 ] ::1 /EasyTalk/BackendPublic/js/Chart.min.js
INFO: [ app_init ] --START--
INFO: Run Behavior\BuildLiteBehavior [ RunTime:0.000000s ]
INFO: [ app_init ] --END-- [ RunTime:0.001000s ]
ERR: 无法加载模块:BackendPublic

[ 2016-12-04T17:02:19+08:00 ] ::1 /EasyTalk/BackendPublic/js/Chart.min.js
INFO: [ app_init ] --START--
INFO: Run Behavior\BuildLiteBehavior [ RunTime:0.000000s ]
INFO: [ app_init ] --END-- [ RunTime:0.001000s ]
ERR: 无法加载模块:BackendPublic

[ 2016-12-04T17:02:20+08:00 ] ::1 /EasyTalk/BackendPublic/js/Chart.min.js
INFO: [ app_init ] --START--
INFO: Run Behavior\BuildLiteBehavior [ RunTime:0.000000s ]
INFO: [ app_init ] --END-- [ RunTime:0.000000s ]
ERR: 无法加载模块:BackendPublic

[ 2016-12-04T17:02:36+08:00 ] ::1 /EasyTalk/BackendPublic/js/Chart.min.js
INFO: [ app_init ] --START--
INFO: Run Behavior\BuildLiteBehavior [ RunTime:0.000000s ]
INFO: [ app_init ] --END-- [ RunTime:0.001000s ]
ERR: 无法加载模块:BackendPublic

[ 2016-12-04T17:02:36+08:00 ] ::1 /EasyTalk/BackendPublic/js/Chart.min.js
INFO: [ app_init ] --START--
INFO: Run Behavior\BuildLiteBehavior [ RunTime:0.000000s ]
INFO: [ app_init ] --END-- [ RunTime:0.001000s ]
ERR: 无法加载模块:BackendPublic

[ 2016-12-04T17:02:50+08:00 ] ::1 /EasyTalk/BackendPublic/js/Chart.min.js
INFO: [ app_init ] --START--
INFO: Run Behavior\BuildLiteBehavior [ RunTime:0.000000s ]
INFO: [ app_init ] --END-- [ RunTime:0.001000s ]
ERR: 无法加载模块:BackendPublic

[ 2016-12-04T17:03:11+08:00 ] ::1 /EasyTalk/BackendPublic/js/Chart.min.js
INFO: [ app_init ] --START--
INFO: Run Behavior\BuildLiteBehavior [ RunTime:0.001000s ]
INFO: [ app_init ] --END-- [ RunTime:0.001000s ]
ERR: 无法加载模块:BackendPublic

[ 2016-12-04T17:03:25+08:00 ] ::1 /EasyTalk/BackendPublic/js/Chart.min.js
INFO: [ app_init ] --START--
INFO: Run Behavior\BuildLiteBehavior [ RunTime:0.000000s ]
INFO: [ app_init ] --END-- [ RunTime:0.001000s ]
ERR: 无法加载模块:BackendPublic

[ 2016-12-04T17:03:46+08:00 ] ::1 /EasyTalk/BackendPublic/js/Chart.min.js
INFO: [ app_init ] --START--
INFO: Run Behavior\BuildLiteBehavior [ RunTime:0.000000s ]
INFO: [ app_init ] --END-- [ RunTime:0.001000s ]
ERR: 无法加载模块:BackendPublic

[ 2016-12-04T17:03:46+08:00 ] ::1 /EasyTalk/BackendPublic/js/Chart.min.js
INFO: [ app_init ] --START--
INFO: Run Behavior\BuildLiteBehavior [ RunTime:0.000000s ]
INFO: [ app_init ] --END-- [ RunTime:0.001000s ]
ERR: 无法加载模块:BackendPublic

[ 2016-12-04T17:04:10+08:00 ] ::1 /EasyTalk/BackendPublic/js/Chart.min.js
INFO: [ app_init ] --START--
INFO: Run Behavior\BuildLiteBehavior [ RunTime:0.000000s ]
INFO: [ app_init ] --END-- [ RunTime:0.000000s ]
ERR: 无法加载模块:BackendPublic

[ 2016-12-04T17:04:42+08:00 ] ::1 /EasyTalk/BackendPublic/js/Chart.min.js
INFO: [ app_init ] --START--
INFO: Run Behavior\BuildLiteBehavior [ RunTime:0.001000s ]
INFO: [ app_init ] --END-- [ RunTime:0.002000s ]
ERR: 无法加载模块:BackendPublic

[ 2016-12-04T17:05:06+08:00 ] ::1 /EasyTalk/BackendPublic/js/Chart.min.js
INFO: [ app_init ] --START--
INFO: Run Behavior\BuildLiteBehavior [ RunTime:0.000000s ]
INFO: [ app_init ] --END-- [ RunTime:0.000000s ]
ERR: 无法加载模块:BackendPublic

[ 2016-12-04T17:05:14+08:00 ] ::1 /EasyTalk/BackendPublic/js/Chart.min.js
INFO: [ app_init ] --START--
INFO: Run Behavior\BuildLiteBehavior [ RunTime:0.000000s ]
INFO: [ app_init ] --END-- [ RunTime:0.001000s ]
ERR: 无法加载模块:BackendPublic

[ 2016-12-04T17:05:40+08:00 ] ::1 /EasyTalk/BackendPublic/js/Chart.min.js
INFO: [ app_init ] --START--
INFO: Run Behavior\BuildLiteBehavior [ RunTime:0.000000s ]
INFO: [ app_init ] --END-- [ RunTime:0.001000s ]
ERR: 无法加载模块:BackendPublic

[ 2016-12-04T17:05:59+08:00 ] ::1 /EasyTalk/BackendPublic/js/Chart.min.js
INFO: [ app_init ] --START--
INFO: Run Behavior\BuildLiteBehavior [ RunTime:0.000000s ]
INFO: [ app_init ] --END-- [ RunTime:0.001000s ]
ERR: 无法加载模块:BackendPublic

[ 2016-12-04T17:06:34+08:00 ] ::1 /EasyTalk/BackendPublic/js/Chart.min.js
INFO: [ app_init ] --START--
INFO: Run Behavior\BuildLiteBehavior [ RunTime:0.000000s ]
INFO: [ app_init ] --END-- [ RunTime:0.000000s ]
ERR: 无法加载模块:BackendPublic

[ 2016-12-04T17:06:50+08:00 ] ::1 /EasyTalk/BackendPublic/js/Chart.min.js
INFO: [ app_init ] --START--
INFO: Run Behavior\BuildLiteBehavior [ RunTime:0.000000s ]
INFO: [ app_init ] --END-- [ RunTime:0.000000s ]
ERR: 无法加载模块:BackendPublic

[ 2016-12-04T17:06:58+08:00 ] ::1 /EasyTalk/BackendPublic/js/Chart.min.js
INFO: [ app_init ] --START--
INFO: Run Behavior\BuildLiteBehavior [ RunTime:0.000000s ]
INFO: [ app_init ] --END-- [ RunTime:0.000000s ]
ERR: 无法加载模块:BackendPublic

[ 2016-12-04T17:07:06+08:00 ] ::1 /EasyTalk/BackendPublic/js/Chart.min.js
INFO: [ app_init ] --START--
INFO: Run Behavior\BuildLiteBehavior [ RunTime:0.000000s ]
INFO: [ app_init ] --END-- [ RunTime:0.000000s ]
ERR: 无法加载模块:BackendPublic

[ 2016-12-04T17:08:33+08:00 ] ::1 /EasyTalk/BackendPublic/js/Chart.min.js
INFO: [ app_init ] --START--
INFO: Run Behavior\BuildLiteBehavior [ RunTime:0.000000s ]
INFO: [ app_init ] --END-- [ RunTime:0.001000s ]
ERR: 无法加载模块:BackendPublic

[ 2016-12-04T17:09:38+08:00 ] ::1 /EasyTalk/BackendPublic/js/Chart.min.js
INFO: [ app_init ] --START--
INFO: Run Behavior\BuildLiteBehavior [ RunTime:0.000000s ]
INFO: [ app_init ] --END-- [ RunTime:0.001000s ]
ERR: 无法加载模块:BackendPublic

[ 2016-12-04T17:09:50+08:00 ] ::1 /EasyTalk/BackendPublic/js/Chart.min.js
INFO: [ app_init ] --START--
INFO: Run Behavior\BuildLiteBehavior [ RunTime:0.000000s ]
INFO: [ app_init ] --END-- [ RunTime:0.000000s ]
ERR: 无法加载模块:BackendPublic

[ 2016-12-04T17:10:11+08:00 ] ::1 /EasyTalk/BackendPublic/js/Chart.min.js
INFO: [ app_init ] --START--
INFO: Run Behavior\BuildLiteBehavior [ RunTime:0.000000s ]
INFO: [ app_init ] --END-- [ RunTime:0.000000s ]
ERR: 无法加载模块:BackendPublic

[ 2016-12-04T17:11:07+08:00 ] ::1 /EasyTalk/BackendPublic/js/Chart.min.js
INFO: [ app_init ] --START--
INFO: Run Behavior\BuildLiteBehavior [ RunTime:0.000000s ]
INFO: [ app_init ] --END-- [ RunTime:0.000000s ]
ERR: 无法加载模块:BackendPublic

[ 2016-12-04T17:12:12+08:00 ] ::1 /EasyTalk/BackendPublic/js/Chart.min.js
INFO: [ app_init ] --START--
INFO: Run Behavior\BuildLiteBehavior [ RunTime:0.000000s ]
INFO: [ app_init ] --END-- [ RunTime:0.000000s ]
ERR: 无法加载模块:BackendPublic

[ 2016-12-04T17:12:42+08:00 ] ::1 /EasyTalk/BackendPublic/js/Chart.min.js
INFO: [ app_init ] --START--
INFO: Run Behavior\BuildLiteBehavior [ RunTime:0.000000s ]
INFO: [ app_init ] --END-- [ RunTime:0.000000s ]
ERR: 无法加载模块:BackendPublic

[ 2016-12-04T17:13:24+08:00 ] ::1 /EasyTalk/BackendPublic/js/Chart.min.js
INFO: [ app_init ] --START--
INFO: Run Behavior\BuildLiteBehavior [ RunTime:0.000000s ]
INFO: [ app_init ] --END-- [ RunTime:0.000000s ]
ERR: 无法加载模块:BackendPublic

[ 2016-12-04T17:13:56+08:00 ] ::1 /EasyTalk/BackendPublic/js/Chart.min.js
INFO: [ app_init ] --START--
INFO: Run Behavior\BuildLiteBehavior [ RunTime:0.000000s ]
INFO: [ app_init ] --END-- [ RunTime:0.001000s ]
ERR: 无法加载模块:BackendPublic

[ 2016-12-04T17:14:49+08:00 ] ::1 /EasyTalk/BackendPublic/js/Chart.min.js
INFO: [ app_init ] --START--
INFO: Run Behavior\BuildLiteBehavior [ RunTime:0.000000s ]
INFO: [ app_init ] --END-- [ RunTime:0.001000s ]
ERR: 无法加载模块:BackendPublic

[ 2016-12-04T17:15:41+08:00 ] ::1 /EasyTalk/BackendPublic/js/Chart.min.js
INFO: [ app_init ] --START--
INFO: Run Behavior\BuildLiteBehavior [ RunTime:0.000000s ]
INFO: [ app_init ] --END-- [ RunTime:0.001000s ]
ERR: 无法加载模块:BackendPublic

[ 2016-12-04T17:15:55+08:00 ] ::1 /EasyTalk/BackendPublic/js/Chart.min.js
INFO: [ app_init ] --START--
INFO: Run Behavior\BuildLiteBehavior [ RunTime:0.000000s ]
INFO: [ app_init ] --END-- [ RunTime:0.000000s ]
ERR: 无法加载模块:BackendPublic

[ 2016-12-04T17:16:07+08:00 ] ::1 /EasyTalk/BackendPublic/js/Chart.min.js
INFO: [ app_init ] --START--
INFO: Run Behavior\BuildLiteBehavior [ RunTime:0.000000s ]
INFO: [ app_init ] --END-- [ RunTime:0.001000s ]
ERR: 无法加载模块:BackendPublic

[ 2016-12-04T17:16:29+08:00 ] ::1 /EasyTalk/BackendPublic/js/Chart.min.js
INFO: [ app_init ] --START--
INFO: Run Behavior\BuildLiteBehavior [ RunTime:0.000000s ]
INFO: [ app_init ] --END-- [ RunTime:0.000000s ]
ERR: 无法加载模块:BackendPublic

[ 2016-12-04T17:16:43+08:00 ] ::1 /EasyTalk/BackendPublic/js/Chart.min.js
INFO: [ app_init ] --START--
INFO: Run Behavior\BuildLiteBehavior [ RunTime:0.000000s ]
INFO: [ app_init ] --END-- [ RunTime:0.001000s ]
ERR: 无法加载模块:BackendPublic

[ 2016-12-04T17:17:06+08:00 ] ::1 /EasyTalk/BackendPublic/js/Chart.min.js
INFO: [ app_init ] --START--
INFO: Run Behavior\BuildLiteBehavior [ RunTime:0.000000s ]
INFO: [ app_init ] --END-- [ RunTime:0.000000s ]
ERR: 无法加载模块:BackendPublic

[ 2016-12-04T17:17:26+08:00 ] ::1 /EasyTalk/BackendPublic/js/Chart.min.js
INFO: [ app_init ] --START--
INFO: Run Behavior\BuildLiteBehavior [ RunTime:0.000000s ]
INFO: [ app_init ] --END-- [ RunTime:0.000000s ]
ERR: 无法加载模块:BackendPublic

[ 2016-12-04T17:17:41+08:00 ] ::1 /EasyTalk/BackendPublic/js/Chart.min.js
INFO: [ app_init ] --START--
INFO: Run Behavior\BuildLiteBehavior [ RunTime:0.000000s ]
INFO: [ app_init ] --END-- [ RunTime:0.000000s ]
ERR: 无法加载模块:BackendPublic

[ 2016-12-04T17:17:55+08:00 ] ::1 /EasyTalk/BackendPublic/js/Chart.min.js
INFO: [ app_init ] --START--
INFO: Run Behavior\BuildLiteBehavior [ RunTime:0.000000s ]
INFO: [ app_init ] --END-- [ RunTime:0.000000s ]
ERR: 无法加载模块:BackendPublic

[ 2016-12-04T17:18:39+08:00 ] ::1 /EasyTalk/BackendPublic/js/Chart.min.js
INFO: [ app_init ] --START--
INFO: Run Behavior\BuildLiteBehavior [ RunTime:0.000000s ]
INFO: [ app_init ] --END-- [ RunTime:0.000000s ]
ERR: 无法加载模块:BackendPublic

[ 2016-12-04T17:19:05+08:00 ] ::1 /EasyTalk/BackendPublic/js/Chart.min.js
INFO: [ app_init ] --START--
INFO: Run Behavior\BuildLiteBehavior [ RunTime:0.000000s ]
INFO: [ app_init ] --END-- [ RunTime:0.001001s ]
ERR: 无法加载模块:BackendPublic

[ 2016-12-04T17:19:31+08:00 ] ::1 /EasyTalk/BackendPublic/js/Chart.min.js
INFO: [ app_init ] --START--
INFO: Run Behavior\BuildLiteBehavior [ RunTime:0.000000s ]
INFO: [ app_init ] --END-- [ RunTime:0.000000s ]
ERR: 无法加载模块:BackendPublic

[ 2016-12-04T17:19:55+08:00 ] ::1 /EasyTalk/BackendPublic/js/Chart.min.js
INFO: [ app_init ] --START--
INFO: Run Behavior\BuildLiteBehavior [ RunTime:0.000000s ]
INFO: [ app_init ] --END-- [ RunTime:0.000000s ]
ERR: 无法加载模块:BackendPublic

[ 2016-12-04T17:20:08+08:00 ] ::1 /EasyTalk/BackendPublic/js/Chart.min.js
INFO: [ app_init ] --START--
INFO: Run Behavior\BuildLiteBehavior [ RunTime:0.000000s ]
INFO: [ app_init ] --END-- [ RunTime:0.000000s ]
ERR: 无法加载模块:BackendPublic

[ 2016-12-04T17:21:33+08:00 ] ::1 /EasyTalk/BackendPublic/js/Chart.min.js
INFO: [ app_init ] --START--
INFO: Run Behavior\BuildLiteBehavior [ RunTime:0.000000s ]
INFO: [ app_init ] --END-- [ RunTime:0.001000s ]
ERR: 无法加载模块:BackendPublic

[ 2016-12-04T17:21:46+08:00 ] ::1 /EasyTalk/BackendPublic/js/Chart.min.js
INFO: [ app_init ] --START--
INFO: Run Behavior\BuildLiteBehavior [ RunTime:0.000000s ]
INFO: [ app_init ] --END-- [ RunTime:0.001000s ]
ERR: 无法加载模块:BackendPublic

[ 2016-12-04T17:22:26+08:00 ] ::1 /EasyTalk/BackendPublic/js/Chart.min.js
INFO: [ app_init ] --START--
INFO: Run Behavior\BuildLiteBehavior [ RunTime:0.000000s ]
INFO: [ app_init ] --END-- [ RunTime:0.001000s ]
ERR: 无法加载模块:BackendPublic

[ 2016-12-04T17:22:27+08:00 ] ::1 /EasyTalk/BackendPublic/js/Chart.min.js
INFO: [ app_init ] --START--
INFO: Run Behavior\BuildLiteBehavior [ RunTime:0.000000s ]
INFO: [ app_init ] --END-- [ RunTime:0.001000s ]
ERR: 无法加载模块:BackendPublic

[ 2016-12-04T17:22:27+08:00 ] ::1 /EasyTalk/BackendPublic/js/Chart.min.js
INFO: [ app_init ] --START--
INFO: Run Behavior\BuildLiteBehavior [ RunTime:0.000000s ]
INFO: [ app_init ] --END-- [ RunTime:0.001000s ]
ERR: 无法加载模块:BackendPublic

[ 2016-12-04T17:22:27+08:00 ] ::1 /EasyTalk/BackendPublic/js/Chart.min.js
INFO: [ app_init ] --START--
INFO: Run Behavior\BuildLiteBehavior [ RunTime:0.000000s ]
INFO: [ app_init ] --END-- [ RunTime:0.000000s ]
ERR: 无法加载模块:BackendPublic

[ 2016-12-04T17:22:32+08:00 ] ::1 /EasyTalk/BackendPublic/js/Chart.min.js
INFO: [ app_init ] --START--
INFO: Run Behavior\BuildLiteBehavior [ RunTime:0.000000s ]
INFO: [ app_init ] --END-- [ RunTime:0.001000s ]
ERR: 无法加载模块:BackendPublic

