[ 2016-12-22T16:59:19+08:00 ] ::1 /EasyTalk/xx.php
INFO: [ app_init ] --START--
INFO: Run Behavior\BuildLiteBehavior [ RunTime:0.000069s ]
INFO: [ app_init ] --END-- [ RunTime:0.001448s ]
ERR: 无法加载模块:Xx

[ 2016-12-22T16:59:26+08:00 ] ::1 /EasyTalk/xx.php
INFO: [ app_init ] --START--
INFO: Run Behavior\BuildLiteBehavior [ RunTime:0.000043s ]
INFO: [ app_init ] --END-- [ RunTime:0.000891s ]
ERR: 无法加载模块:Xx

[ 2016-12-22T18:11:54+08:00 ] ::1 /EasyTalk/xx.php
INFO: [ app_init ] --START--
INFO: Run Behavior\BuildLiteBehavior [ RunTime:0.000071s ]
INFO: [ app_init ] --END-- [ RunTime:0.001324s ]
ERR: 无法加载模块:Xx

[ 2016-12-22T19:23:10+08:00 ] ::1 /EasyTalk/xx.php
INFO: [ app_init ] --START--
INFO: Run Behavior\BuildLiteBehavior [ RunTime:0.000000s ]
INFO: [ app_init ] --END-- [ RunTime:0.000000s ]
ERR: 无法加载模块:Xx

[ 2016-12-22T19:23:17+08:00 ] ::1 /EasyTalk/xx.php
INFO: [ app_init ] --START--
INFO: Run Behavior\BuildLiteBehavior [ RunTime:0.000000s ]
INFO: [ app_init ] --END-- [ RunTime:0.001000s ]
ERR: 无法加载模块:Xx

[ 2016-12-22T19:23:37+08:00 ] ::1 /EasyTalk/index.php/xx.php
INFO: [ app_init ] --START--
INFO: Run Behavior\BuildLiteBehavior [ RunTime:0.000000s ]
INFO: [ app_init ] --END-- [ RunTime:0.001000s ]
ERR: 无法加载模块:Xx

[ 2016-12-22T20:02:17+08:00 ] ::1 /EasyTalk/BackendPublic/js/appiccl.js
INFO: [ app_init ] --START--
INFO: Run Behavior\BuildLiteBehavior [ RunTime:0.000000s ]
INFO: [ app_init ] --END-- [ RunTime:0.001000s ]
ERR: 无法加载模块:BackendPublic

[ 2016-12-22T20:03:09+08:00 ] ::1 /EasyTalk/BackendPublic/js/adiccl.js
INFO: [ app_init ] --START--
INFO: Run Behavior\BuildLiteBehavior [ RunTime:0.000000s ]
INFO: [ app_init ] --END-- [ RunTime:0.001000s ]
ERR: 无法加载模块:BackendPublic

