[ 2016-11-12T22:02:30+08:00 ] ::1 /EasyTalk/__MODULE__/index/do_login
INFO: [ app_init ] --START--
INFO: Run Behavior\BuildLiteBehavior [ RunTime:0.000058s ]
INFO: [ app_init ] --END-- [ RunTime:0.000900s ]
ERR: 无法加载模块:__MODULE__

[ 2016-11-12T22:02:31+08:00 ] ::1 /EasyTalk/__MODULE__/index/do_login
INFO: [ app_init ] --START--
INFO: Run Behavior\BuildLiteBehavior [ RunTime:0.000048s ]
INFO: [ app_init ] --END-- [ RunTime:0.001023s ]
ERR: 无法加载模块:__MODULE__

[ 2016-11-12T22:02:31+08:00 ] ::1 /EasyTalk/__MODULE__/index/do_login
INFO: [ app_init ] --START--
INFO: Run Behavior\BuildLiteBehavior [ RunTime:0.000045s ]
INFO: [ app_init ] --END-- [ RunTime:0.001008s ]
ERR: 无法加载模块:__MODULE__

[ 2016-11-12T22:02:31+08:00 ] ::1 /EasyTalk/__MODULE__/index/do_login
INFO: [ app_init ] --START--
INFO: Run Behavior\BuildLiteBehavior [ RunTime:0.000039s ]
INFO: [ app_init ] --END-- [ RunTime:0.000821s ]
ERR: 无法加载模块:__MODULE__

[ 2016-11-12T22:02:31+08:00 ] ::1 /EasyTalk/__MODULE__/index/do_login
INFO: [ app_init ] --START--
INFO: Run Behavior\BuildLiteBehavior [ RunTime:0.000039s ]
INFO: [ app_init ] --END-- [ RunTime:0.000805s ]
ERR: 无法加载模块:__MODULE__

[ 2016-11-12T22:02:31+08:00 ] ::1 /EasyTalk/__MODULE__/index/do_login
INFO: [ app_init ] --START--
INFO: Run Behavior\BuildLiteBehavior [ RunTime:0.000039s ]
INFO: [ app_init ] --END-- [ RunTime:0.000804s ]
ERR: 无法加载模块:__MODULE__

[ 2016-11-12T22:02:31+08:00 ] ::1 /EasyTalk/__MODULE__/index/do_login
INFO: [ app_init ] --START--
INFO: Run Behavior\BuildLiteBehavior [ RunTime:0.000045s ]
INFO: [ app_init ] --END-- [ RunTime:0.001073s ]
ERR: 无法加载模块:__MODULE__

[ 2016-11-12T22:02:31+08:00 ] ::1 /EasyTalk/__MODULE__/index/do_login
INFO: [ app_init ] --START--
INFO: Run Behavior\BuildLiteBehavior [ RunTime:0.000039s ]
INFO: [ app_init ] --END-- [ RunTime:0.000832s ]
ERR: 无法加载模块:__MODULE__

[ 2016-11-12T22:02:31+08:00 ] ::1 /EasyTalk/__MODULE__/index/do_login
INFO: [ app_init ] --START--
INFO: Run Behavior\BuildLiteBehavior [ RunTime:0.000079s ]
INFO: [ app_init ] --END-- [ RunTime:0.001365s ]
ERR: 无法加载模块:__MODULE__

[ 2016-11-12T22:02:32+08:00 ] ::1 /EasyTalk/__MODULE__/index/do_login
INFO: [ app_init ] --START--
INFO: Run Behavior\BuildLiteBehavior [ RunTime:0.000042s ]
INFO: [ app_init ] --END-- [ RunTime:0.000763s ]
ERR: 无法加载模块:__MODULE__

[ 2016-11-12T22:02:32+08:00 ] ::1 /EasyTalk/__MODULE__/index/do_login
INFO: [ app_init ] --START--
INFO: Run Behavior\BuildLiteBehavior [ RunTime:0.000045s ]
INFO: [ app_init ] --END-- [ RunTime:0.000856s ]
ERR: 无法加载模块:__MODULE__

[ 2016-11-12T22:02:32+08:00 ] ::1 /EasyTalk/__MODULE__/index/do_login
INFO: [ app_init ] --START--
INFO: Run Behavior\BuildLiteBehavior [ RunTime:0.000041s ]
INFO: [ app_init ] --END-- [ RunTime:0.000921s ]
ERR: 无法加载模块:__MODULE__

[ 2016-11-12T22:02:33+08:00 ] ::1 /EasyTalk/__MODULE__/index/do_login
INFO: [ app_init ] --START--
INFO: Run Behavior\BuildLiteBehavior [ RunTime:0.000038s ]
INFO: [ app_init ] --END-- [ RunTime:0.000721s ]
ERR: 无法加载模块:__MODULE__

[ 2016-11-12T22:02:33+08:00 ] ::1 /EasyTalk/__MODULE__/index/do_login
INFO: [ app_init ] --START--
INFO: Run Behavior\BuildLiteBehavior [ RunTime:0.000044s ]
INFO: [ app_init ] --END-- [ RunTime:0.000961s ]
ERR: 无法加载模块:__MODULE__

[ 2016-11-12T22:02:34+08:00 ] ::1 /EasyTalk/__MODULE__/index/do_login
INFO: [ app_init ] --START--
INFO: Run Behavior\BuildLiteBehavior [ RunTime:0.000042s ]
INFO: [ app_init ] --END-- [ RunTime:0.000888s ]
ERR: 无法加载模块:__MODULE__

[ 2016-11-12T22:02:34+08:00 ] ::1 /EasyTalk/__MODULE__/index/do_login
INFO: [ app_init ] --START--
INFO: Run Behavior\BuildLiteBehavior [ RunTime:0.000052s ]
INFO: [ app_init ] --END-- [ RunTime:0.001144s ]
ERR: 无法加载模块:__MODULE__

[ 2016-11-12T22:02:34+08:00 ] ::1 /EasyTalk/__MODULE__/index/do_login
INFO: [ app_init ] --START--
INFO: Run Behavior\BuildLiteBehavior [ RunTime:0.000042s ]
INFO: [ app_init ] --END-- [ RunTime:0.000860s ]
ERR: 无法加载模块:__MODULE__

[ 2016-11-12T22:02:34+08:00 ] ::1 /EasyTalk/__MODULE__/index/do_login
INFO: [ app_init ] --START--
INFO: Run Behavior\BuildLiteBehavior [ RunTime:0.000044s ]
INFO: [ app_init ] --END-- [ RunTime:0.000960s ]
ERR: 无法加载模块:__MODULE__

[ 2016-11-12T22:02:59+08:00 ] ::1 /EasyTalk/__MODULE__/index/do_login
INFO: [ app_init ] --START--
INFO: Run Behavior\BuildLiteBehavior [ RunTime:0.000038s ]
INFO: [ app_init ] --END-- [ RunTime:0.000844s ]
ERR: 无法加载模块:__MODULE__

[ 2016-11-12T22:02:59+08:00 ] ::1 /EasyTalk/__MODULE__/index/do_login
INFO: [ app_init ] --START--
INFO: Run Behavior\BuildLiteBehavior [ RunTime:0.000044s ]
INFO: [ app_init ] --END-- [ RunTime:0.000928s ]
ERR: 无法加载模块:__MODULE__

[ 2016-11-12T22:02:59+08:00 ] ::1 /EasyTalk/__MODULE__/index/do_login
INFO: [ app_init ] --START--
INFO: Run Behavior\BuildLiteBehavior [ RunTime:0.000039s ]
INFO: [ app_init ] --END-- [ RunTime:0.001039s ]
ERR: 无法加载模块:__MODULE__

[ 2016-11-12T22:02:59+08:00 ] ::1 /EasyTalk/__MODULE__/index/do_login
INFO: [ app_init ] --START--
INFO: Run Behavior\BuildLiteBehavior [ RunTime:0.000040s ]
INFO: [ app_init ] --END-- [ RunTime:0.000813s ]
ERR: 无法加载模块:__MODULE__

[ 2016-11-12T22:02:59+08:00 ] ::1 /EasyTalk/__MODULE__/index/do_login
INFO: [ app_init ] --START--
INFO: Run Behavior\BuildLiteBehavior [ RunTime:0.000038s ]
INFO: [ app_init ] --END-- [ RunTime:0.000930s ]
ERR: 无法加载模块:__MODULE__

[ 2016-11-12T22:03:32+08:00 ] ::1 /EasyTalk/__MODULE__/index/do_login
INFO: [ app_init ] --START--
INFO: Run Behavior\BuildLiteBehavior [ RunTime:0.000039s ]
INFO: [ app_init ] --END-- [ RunTime:0.000930s ]
ERR: 无法加载模块:__MODULE__

[ 2016-11-12T22:03:32+08:00 ] ::1 /EasyTalk/__MODULE__/index/do_login
INFO: [ app_init ] --START--
INFO: Run Behavior\BuildLiteBehavior [ RunTime:0.000053s ]
INFO: [ app_init ] --END-- [ RunTime:0.001031s ]
ERR: 无法加载模块:__MODULE__

[ 2016-11-12T22:03:32+08:00 ] ::1 /EasyTalk/__MODULE__/index/do_login
INFO: [ app_init ] --START--
INFO: Run Behavior\BuildLiteBehavior [ RunTime:0.000039s ]
INFO: [ app_init ] --END-- [ RunTime:0.000856s ]
ERR: 无法加载模块:__MODULE__

[ 2016-11-12T22:03:32+08:00 ] ::1 /EasyTalk/__MODULE__/index/do_login
INFO: [ app_init ] --START--
INFO: Run Behavior\BuildLiteBehavior [ RunTime:0.000037s ]
INFO: [ app_init ] --END-- [ RunTime:0.000766s ]
ERR: 无法加载模块:__MODULE__

