[ 2016-12-03T23:43:12+08:00 ] 127.0.0.1 /EasyTalk/Public/src/userHead/2016-12-03/1480779660.jpg
INFO: [ app_init ] --START--
INFO: Run Behavior\BuildLiteBehavior [ RunTime:0.000071s ]
INFO: [ app_init ] --END-- [ RunTime:0.002618s ]
ERR: 无法加载模块:Public

[ 2016-12-03T23:43:14+08:00 ] 127.0.0.1 /EasyTalk/Public/src/userHead/2016-12-03/1480779660.jpg
INFO: [ app_init ] --START--
INFO: Run Behavior\BuildLiteBehavior [ RunTime:0.000043s ]
INFO: [ app_init ] --END-- [ RunTime:0.000949s ]
ERR: 无法加载模块:Public

[ 2016-12-03T23:43:15+08:00 ] 127.0.0.1 /EasyTalk/Public/src/userHead/2016-12-03/1480779660.jpg
INFO: [ app_init ] --START--
INFO: Run Behavior\BuildLiteBehavior [ RunTime:0.000071s ]
INFO: [ app_init ] --END-- [ RunTime:0.001458s ]
ERR: 无法加载模块:Public

[ 2016-12-03T23:43:17+08:00 ] 127.0.0.1 /EasyTalk/Public/src/userHead/2016-12-03/1480779660.jpg
INFO: [ app_init ] --START--
INFO: Run Behavior\BuildLiteBehavior [ RunTime:0.000045s ]
INFO: [ app_init ] --END-- [ RunTime:0.001179s ]
ERR: 无法加载模块:Public

[ 2016-12-03T23:43:19+08:00 ] 127.0.0.1 /EasyTalk/Public/src/userHead/2016-12-03/1480779660.jpg
INFO: [ app_init ] --START--
INFO: Run Behavior\BuildLiteBehavior [ RunTime:0.000168s ]
INFO: [ app_init ] --END-- [ RunTime:0.005235s ]
ERR: 无法加载模块:Public

[ 2016-12-03T23:44:13+08:00 ] 127.0.0.1 /EasyTalk/Public/src/userHead/2016-12-03/1480779660.jpg
INFO: [ app_init ] --START--
INFO: Run Behavior\BuildLiteBehavior [ RunTime:0.000043s ]
INFO: [ app_init ] --END-- [ RunTime:0.000906s ]
ERR: 无法加载模块:Public

[ 2016-12-03T23:50:36+08:00 ] 127.0.0.1 /EasyTalk/Public/src/userHead/2016-12-03/1480779660.jpg
INFO: [ app_init ] --START--
INFO: Run Behavior\BuildLiteBehavior [ RunTime:0.000073s ]
INFO: [ app_init ] --END-- [ RunTime:0.001701s ]
ERR: 无法加载模块:Public

