[ 2016-09-24T11:15:08+08:00 ] ::1 /jobBook/admin.php/Home/job/css/bootstrap-fileupload.min.css
ERR: 非法操作:css

[ 2016-09-24T11:15:08+08:00 ] ::1 /jobBook/admin.php/Home/job/css/style-responsive.css
ERR: 非法操作:css

[ 2016-09-24T11:15:08+08:00 ] ::1 /jobBook/admin.php/Home/job/js/modernizr.min.js
ERR: 非法操作:js

[ 2016-09-24T11:15:08+08:00 ] ::1 /jobBook/admin.php/Home/job/js/jquery-ui-1.9.2.custom.min.js
ERR: 非法操作:js

[ 2016-09-24T11:15:08+08:00 ] ::1 /jobBook/admin.php/Home/job/css/style.css
ERR: 非法操作:css

[ 2016-09-24T11:15:08+08:00 ] ::1 /jobBook/admin.php/Home/job/js/jquery-migrate-1.2.1.min.js
ERR: 非法操作:js

[ 2016-09-24T11:15:08+08:00 ] ::1 /jobBook/admin.php/Home/job/js/bootstrap.min.js
ERR: 非法操作:js

[ 2016-09-24T11:15:08+08:00 ] ::1 /jobBook/admin.php/Home/job/js/jquery.nicescroll.js
ERR: 非法操作:js

[ 2016-09-24T11:15:08+08:00 ] ::1 /jobBook/admin.php/Home/job/js/jquery-tags-input/jquery.tagsinput.css
ERR: 非法操作:js

[ 2016-09-24T11:15:08+08:00 ] ::1 /jobBook/admin.php/Home/job/js/jquery-tags-input/jquery.tagsinput.js
ERR: 非法操作:js

[ 2016-09-24T11:15:08+08:00 ] ::1 /jobBook/admin.php/Home/job/js/tagsinput-init.js
ERR: 非法操作:js

[ 2016-09-24T11:15:08+08:00 ] ::1 /jobBook/admin.php/Home/job/js/bootstrap-fileupload.min.js
ERR: 非法操作:js

[ 2016-09-24T11:15:08+08:00 ] ::1 /jobBook/admin.php/Home/job/js/scripts.js
ERR: 非法操作:js

[ 2016-09-24T11:15:08+08:00 ] ::1 /jobBook/admin.php/Home/job/js/bootstrap3-typeahead.min.js
ERR: 非法操作:js

[ 2016-09-24T11:15:08+08:00 ] ::1 /jobBook/admin.php/Home/job/js/jquery-1.10.2.min.js
ERR: 非法操作:js

[ 2016-09-24T11:21:31+08:00 ] ::1 /jobBook/admin.php/Home/job/css/style.css
ERR: 非法操作:css

[ 2016-09-24T11:21:31+08:00 ] ::1 /jobBook/admin.php/Home/job/css/style-responsive.css
ERR: 非法操作:css

[ 2016-09-24T11:21:32+08:00 ] ::1 /jobBook/admin.php/Home/job/js/jquery-migrate-1.2.1.min.js
ERR: 非法操作:js

[ 2016-09-24T11:21:32+08:00 ] ::1 /jobBook/admin.php/Home/job/js/modernizr.min.js
ERR: 非法操作:js

[ 2016-09-24T11:21:32+08:00 ] ::1 /jobBook/admin.php/Home/job/js/jquery.nicescroll.js
ERR: 非法操作:js

[ 2016-09-24T11:21:32+08:00 ] ::1 /jobBook/admin.php/Home/job/js/scripts.js
ERR: 非法操作:js

[ 2016-09-24T11:21:32+08:00 ] ::1 /jobBook/admin.php/Home/job/js/jquery-1.10.2.min.js
ERR: 非法操作:js

[ 2016-09-24T11:21:32+08:00 ] ::1 /jobBook/admin.php/Home/job/js/jquery-ui-1.9.2.custom.min.js
ERR: 非法操作:js

[ 2016-09-24T11:21:32+08:00 ] ::1 /jobBook/admin.php/Home/job/js/bootstrap.min.js
ERR: 非法操作:js

[ 2016-09-24T11:21:39+08:00 ] ::1 /jobBook/admin.php/Home/job/css/bootstrap-fileupload.min.css
ERR: 非法操作:css

[ 2016-09-24T11:21:39+08:00 ] ::1 /jobBook/admin.php/Home/job/js/jquery-tags-input/jquery.tagsinput.css
ERR: 非法操作:js

[ 2016-09-24T11:21:39+08:00 ] ::1 /jobBook/admin.php/Home/job/js/jquery.nicescroll.js
ERR: 非法操作:js

[ 2016-09-24T11:21:39+08:00 ] ::1 /jobBook/admin.php/Home/job/js/bootstrap3-typeahead.min.js
ERR: 非法操作:js

[ 2016-09-24T11:21:39+08:00 ] ::1 /jobBook/admin.php/Home/job/js/jquery-ui-1.9.2.custom.min.js
ERR: 非法操作:js

[ 2016-09-24T11:21:39+08:00 ] ::1 /jobBook/admin.php/Home/job/js/bootstrap.min.js
ERR: 非法操作:js

[ 2016-09-24T11:21:39+08:00 ] ::1 /jobBook/admin.php/Home/job/js/modernizr.min.js
ERR: 非法操作:js

[ 2016-09-24T11:21:39+08:00 ] ::1 /jobBook/admin.php/Home/job/js/jquery-migrate-1.2.1.min.js
ERR: 非法操作:js

[ 2016-09-24T11:21:39+08:00 ] ::1 /jobBook/admin.php/Home/job/css/style-responsive.css
ERR: 非法操作:css

[ 2016-09-24T11:21:39+08:00 ] ::1 /jobBook/admin.php/Home/job/js/scripts.js
ERR: 非法操作:js

[ 2016-09-24T11:21:39+08:00 ] ::1 /jobBook/admin.php/Home/job/js/tagsinput-init.js
ERR: 非法操作:js

[ 2016-09-24T11:21:39+08:00 ] ::1 /jobBook/admin.php/Home/job/js/bootstrap-fileupload.min.js
ERR: 非法操作:js

[ 2016-09-24T11:21:39+08:00 ] ::1 /jobBook/admin.php/Home/job/css/style.css
ERR: 非法操作:css

[ 2016-09-24T11:21:39+08:00 ] ::1 /jobBook/admin.php/Home/job/js/jquery-1.10.2.min.js
ERR: 非法操作:js

[ 2016-09-24T11:21:39+08:00 ] ::1 /jobBook/admin.php/Home/job/js/jquery-tags-input/jquery.tagsinput.js
ERR: 非法操作:js

[ 2016-09-24T11:22:37+08:00 ] ::1 /jobBook/admin.php/Home/job/css/style.css
ERR: 非法操作:css

[ 2016-09-24T11:22:37+08:00 ] ::1 /jobBook/admin.php/Home/job/js/modernizr.min.js
ERR: 非法操作:js

[ 2016-09-24T11:22:37+08:00 ] ::1 /jobBook/admin.php/Home/job/css/style-responsive.css
ERR: 非法操作:css

[ 2016-09-24T11:22:37+08:00 ] ::1 /jobBook/admin.php/Home/job/js/scripts.js
ERR: 非法操作:js

[ 2016-09-24T11:22:37+08:00 ] ::1 /jobBook/admin.php/Home/job/js/jquery.nicescroll.js
ERR: 非法操作:js

[ 2016-09-24T11:22:37+08:00 ] ::1 /jobBook/admin.php/Home/job/js/jquery-migrate-1.2.1.min.js
ERR: 非法操作:js

[ 2016-09-24T11:22:37+08:00 ] ::1 /jobBook/admin.php/Home/job/js/bootstrap.min.js
ERR: 非法操作:js

[ 2016-09-24T11:22:37+08:00 ] ::1 /jobBook/admin.php/Home/job/js/jquery-1.10.2.min.js
ERR: 非法操作:js

[ 2016-09-24T11:22:37+08:00 ] ::1 /jobBook/admin.php/Home/job/js/jquery-ui-1.9.2.custom.min.js
ERR: 非法操作:js

[ 2016-09-24T11:22:43+08:00 ] ::1 /jobBook/admin.php/Home/job/js/jquery-1.10.2.min.js
ERR: 非法操作:js

[ 2016-09-24T11:22:43+08:00 ] ::1 /jobBook/admin.php/Home/job/css/style.css
ERR: 非法操作:css

[ 2016-09-24T11:22:43+08:00 ] ::1 /jobBook/admin.php/Home/job/js/jquery.nicescroll.js
ERR: 非法操作:js

[ 2016-09-24T11:22:43+08:00 ] ::1 /jobBook/admin.php/Home/job/js/modernizr.min.js
ERR: 非法操作:js

[ 2016-09-24T11:22:43+08:00 ] ::1 /jobBook/admin.php/Home/job/js/bootstrap.min.js
ERR: 非法操作:js

[ 2016-09-24T11:22:43+08:00 ] ::1 /jobBook/admin.php/Home/job/js/jquery-migrate-1.2.1.min.js
ERR: 非法操作:js

[ 2016-09-24T11:22:43+08:00 ] ::1 /jobBook/admin.php/Home/job/js/jquery-ui-1.9.2.custom.min.js
ERR: 非法操作:js

[ 2016-09-24T11:22:43+08:00 ] ::1 /jobBook/admin.php/Home/job/css/style-responsive.css
ERR: 非法操作:css

[ 2016-09-24T11:22:43+08:00 ] ::1 /jobBook/admin.php/Home/job/js/scripts.js
ERR: 非法操作:js

[ 2016-09-24T11:22:48+08:00 ] ::1 /jobBook/admin.php/Home/job/css/bootstrap-fileupload.min.css
ERR: 非法操作:css

[ 2016-09-24T11:22:48+08:00 ] ::1 /jobBook/admin.php/Home/job/js/jquery-tags-input/jquery.tagsinput.css
ERR: 非法操作:js

[ 2016-09-24T11:22:49+08:00 ] ::1 /jobBook/admin.php/Home/job/js/jquery-ui-1.9.2.custom.min.js
ERR: 非法操作:js

[ 2016-09-24T11:22:49+08:00 ] ::1 /jobBook/admin.php/Home/job/js/jquery-migrate-1.2.1.min.js
ERR: 非法操作:js

[ 2016-09-24T11:22:49+08:00 ] ::1 /jobBook/admin.php/Home/job/js/scripts.js
ERR: 非法操作:js

[ 2016-09-24T11:22:49+08:00 ] ::1 /jobBook/admin.php/Home/job/js/modernizr.min.js
ERR: 非法操作:js

[ 2016-09-24T11:22:49+08:00 ] ::1 /jobBook/admin.php/Home/job/js/jquery-1.10.2.min.js
ERR: 非法操作:js

[ 2016-09-24T11:22:49+08:00 ] ::1 /jobBook/admin.php/Home/job/css/style.css
ERR: 非法操作:css

[ 2016-09-24T11:22:49+08:00 ] ::1 /jobBook/admin.php/Home/job/js/jquery.nicescroll.js
ERR: 非法操作:js

[ 2016-09-24T11:22:49+08:00 ] ::1 /jobBook/admin.php/Home/job/css/style-responsive.css
ERR: 非法操作:css

[ 2016-09-24T11:22:49+08:00 ] ::1 /jobBook/admin.php/Home/job/js/bootstrap.min.js
ERR: 非法操作:js

[ 2016-09-24T11:22:49+08:00 ] ::1 /jobBook/admin.php/Home/job/js/jquery-tags-input/jquery.tagsinput.js
ERR: 非法操作:js

[ 2016-09-24T11:22:49+08:00 ] ::1 /jobBook/admin.php/Home/job/js/tagsinput-init.js
ERR: 非法操作:js

[ 2016-09-24T11:22:49+08:00 ] ::1 /jobBook/admin.php/Home/job/js/bootstrap-fileupload.min.js
ERR: 非法操作:js

[ 2016-09-24T11:22:54+08:00 ] ::1 /jobBook/admin.php/Home/job/css/style.css
ERR: 非法操作:css

[ 2016-09-24T11:22:54+08:00 ] ::1 /jobBook/admin.php/Home/job/js/jquery-migrate-1.2.1.min.js
ERR: 非法操作:js

[ 2016-09-24T11:22:54+08:00 ] ::1 /jobBook/admin.php/Home/job/js/modernizr.min.js
ERR: 非法操作:js

[ 2016-09-24T11:22:54+08:00 ] ::1 /jobBook/admin.php/Home/job/js/jquery.nicescroll.js
ERR: 非法操作:js

[ 2016-09-24T11:22:54+08:00 ] ::1 /jobBook/admin.php/Home/job/js/bootstrap.min.js
ERR: 非法操作:js

[ 2016-09-24T11:22:54+08:00 ] ::1 /jobBook/admin.php/Home/job/css/style-responsive.css
ERR: 非法操作:css

[ 2016-09-24T11:22:54+08:00 ] ::1 /jobBook/admin.php/Home/job/js/jquery-ui-1.9.2.custom.min.js
ERR: 非法操作:js

[ 2016-09-24T11:22:54+08:00 ] ::1 /jobBook/admin.php/Home/job/js/jquery-1.10.2.min.js
ERR: 非法操作:js

[ 2016-09-24T11:22:54+08:00 ] ::1 /jobBook/admin.php/Home/job/js/scripts.js
ERR: 非法操作:js

[ 2016-09-24T11:22:56+08:00 ] ::1 /jobBook/admin.php/Home/job/css/bootstrap-fileupload.min.css
ERR: 非法操作:css

[ 2016-09-24T11:22:56+08:00 ] ::1 /jobBook/admin.php/Home/job/css/style.css
ERR: 非法操作:css

[ 2016-09-24T11:22:56+08:00 ] ::1 /jobBook/admin.php/Home/job/js/jquery-tags-input/jquery.tagsinput.css
ERR: 非法操作:js

[ 2016-09-24T11:22:56+08:00 ] ::1 /jobBook/admin.php/Home/job/css/style-responsive.css
ERR: 非法操作:css

[ 2016-09-24T11:22:56+08:00 ] ::1 /jobBook/admin.php/Home/job/js/modernizr.min.js
ERR: 非法操作:js

[ 2016-09-24T11:22:56+08:00 ] ::1 /jobBook/admin.php/Home/job/js/jquery-ui-1.9.2.custom.min.js
ERR: 非法操作:js

[ 2016-09-24T11:22:56+08:00 ] ::1 /jobBook/admin.php/Home/job/js/bootstrap.min.js
ERR: 非法操作:js

[ 2016-09-24T11:22:57+08:00 ] ::1 /jobBook/admin.php/Home/job/js/jquery-1.10.2.min.js
ERR: 非法操作:js

[ 2016-09-24T11:22:57+08:00 ] ::1 /jobBook/admin.php/Home/job/js/scripts.js
ERR: 非法操作:js

[ 2016-09-24T11:22:57+08:00 ] ::1 /jobBook/admin.php/Home/job/js/bootstrap3-typeahead.min.js
ERR: 非法操作:js

[ 2016-09-24T11:22:57+08:00 ] ::1 /jobBook/admin.php/Home/job/js/jquery-migrate-1.2.1.min.js
ERR: 非法操作:js

[ 2016-09-24T11:22:57+08:00 ] ::1 /jobBook/admin.php/Home/job/js/jquery.nicescroll.js
ERR: 非法操作:js

[ 2016-09-24T11:22:57+08:00 ] ::1 /jobBook/admin.php/Home/job/js/tagsinput-init.js
ERR: 非法操作:js

[ 2016-09-24T11:22:57+08:00 ] ::1 /jobBook/admin.php/Home/job/js/bootstrap-fileupload.min.js
ERR: 非法操作:js

[ 2016-09-24T11:22:57+08:00 ] ::1 /jobBook/admin.php/Home/job/js/jquery-tags-input/jquery.tagsinput.js
ERR: 非法操作:js

[ 2016-09-24T11:24:10+08:00 ] ::1 /jobBook/admin.php/Home/job/feedback.html
ERR: 非法操作:feedback

[ 2016-09-24T11:52:30+08:00 ] ::1 /jobBook/admin.php/Home/Job/upload_company
ERR: 模板不存在:./Admin/Home/View/Job/upload_company.html

[ 2016-09-24T11:53:56+08:00 ] ::1 /jobBook/admin.php/Home/Job/__MODULE__/error/WentWrong
ERR: 非法操作:__MODULE__

[ 2016-09-24T19:01:11+08:00 ] ::1 /jobBook/admin.php/Home/Job/css/style-responsive.css
ERR: 非法操作:css

[ 2016-09-24T19:01:11+08:00 ] ::1 /jobBook/admin.php/Home/Job/js/jquery.nicescroll.js
ERR: 非法操作:js

[ 2016-09-24T19:01:11+08:00 ] ::1 /jobBook/admin.php/Home/Job/js/jquery-migrate-1.2.1.min.js
ERR: 非法操作:js

[ 2016-09-24T19:01:11+08:00 ] ::1 /jobBook/admin.php/Home/Job/css/style.css
ERR: 非法操作:css

[ 2016-09-24T19:01:11+08:00 ] ::1 /jobBook/admin.php/Home/Job/js/modernizr.min.js
ERR: 非法操作:js

[ 2016-09-24T19:01:11+08:00 ] ::1 /jobBook/admin.php/Home/Job/js/jquery-1.10.2.min.js
ERR: 非法操作:js

[ 2016-09-24T19:01:11+08:00 ] ::1 /jobBook/admin.php/Home/Job/js/bootstrap.min.js
ERR: 非法操作:js

[ 2016-09-24T19:01:12+08:00 ] ::1 /jobBook/admin.php/Home/Job/js/jquery-ui-1.9.2.custom.min.js
ERR: 非法操作:js

[ 2016-09-24T19:01:12+08:00 ] ::1 /jobBook/admin.php/Home/Job/js/scripts.js
ERR: 非法操作:js

[ 2016-09-24T19:02:22+08:00 ] ::1 /jobBook/admin.php/Home/Job/css/style.css
ERR: 非法操作:css

[ 2016-09-24T19:02:22+08:00 ] ::1 /jobBook/admin.php/Home/Job/css/style-responsive.css
ERR: 非法操作:css

[ 2016-09-24T19:02:22+08:00 ] ::1 /jobBook/admin.php/Home/Job/js/jquery-1.10.2.min.js
ERR: 非法操作:js

[ 2016-09-24T19:02:22+08:00 ] ::1 /jobBook/admin.php/Home/Job/js/jquery-ui-1.9.2.custom.min.js
ERR: 非法操作:js

[ 2016-09-24T19:02:22+08:00 ] ::1 /jobBook/admin.php/Home/Job/js/scripts.js
ERR: 非法操作:js

[ 2016-09-24T19:02:22+08:00 ] ::1 /jobBook/admin.php/Home/Job/js/jquery-migrate-1.2.1.min.js
ERR: 非法操作:js

[ 2016-09-24T19:02:22+08:00 ] ::1 /jobBook/admin.php/Home/Job/js/bootstrap.min.js
ERR: 非法操作:js

[ 2016-09-24T19:02:22+08:00 ] ::1 /jobBook/admin.php/Home/Job/js/jquery.nicescroll.js
ERR: 非法操作:js

[ 2016-09-24T19:02:22+08:00 ] ::1 /jobBook/admin.php/Home/Job/js/modernizr.min.js
ERR: 非法操作:js

[ 2016-09-24T21:52:33+08:00 ] ::1 /jobBook/admin.php/Home/Job/css/bootstrap-fileupload.min.css
ERR: 非法操作:css

[ 2016-09-24T21:52:33+08:00 ] ::1 /jobBook/admin.php/Home/Job/css/style.css
ERR: 非法操作:css

[ 2016-09-24T21:52:33+08:00 ] ::1 /jobBook/admin.php/Home/Job/js/modernizr.min.js
ERR: 非法操作:js

[ 2016-09-24T21:52:33+08:00 ] ::1 /jobBook/admin.php/Home/Job/js/jquery-1.10.2.min.js
ERR: 非法操作:js

[ 2016-09-24T21:52:33+08:00 ] ::1 /jobBook/admin.php/Home/Job/js/jquery-ui-1.9.2.custom.min.js
ERR: 非法操作:js

[ 2016-09-24T21:52:33+08:00 ] ::1 /jobBook/admin.php/Home/Job/js/jquery-tags-input/jquery.tagsinput.css
ERR: 非法操作:js

[ 2016-09-24T21:52:33+08:00 ] ::1 /jobBook/admin.php/Home/Job/js/scripts.js
ERR: 非法操作:js

[ 2016-09-24T21:52:33+08:00 ] ::1 /jobBook/admin.php/Home/Job/css/style-responsive.css
ERR: 非法操作:css

[ 2016-09-24T21:52:33+08:00 ] ::1 /jobBook/admin.php/Home/Job/js/tagsinput-init.js
ERR: 非法操作:js

[ 2016-09-24T21:52:33+08:00 ] ::1 /jobBook/admin.php/Home/Job/js/jquery-tags-input/jquery.tagsinput.js
ERR: 非法操作:js

[ 2016-09-24T21:52:33+08:00 ] ::1 /jobBook/admin.php/Home/Job/js/jquery-migrate-1.2.1.min.js
ERR: 非法操作:js

[ 2016-09-24T21:52:33+08:00 ] ::1 /jobBook/admin.php/Home/Job/js/bootstrap-fileupload.min.js
ERR: 非法操作:js

[ 2016-09-24T21:52:34+08:00 ] ::1 /jobBook/admin.php/Home/Job/js/bootstrap.min.js
ERR: 非法操作:js

[ 2016-09-24T21:52:34+08:00 ] ::1 /jobBook/admin.php/Home/Job/js/jquery.nicescroll.js
ERR: 非法操作:js

[ 2016-09-24T21:53:21+08:00 ] ::1 /jobBook/admin.php/Home/Job/js/jquery-1.10.2.min.js
ERR: 非法操作:js

[ 2016-09-24T21:53:21+08:00 ] ::1 /jobBook/admin.php/Home/Job/js/jquery-ui-1.9.2.custom.min.js
ERR: 非法操作:js

[ 2016-09-24T21:53:21+08:00 ] ::1 /jobBook/admin.php/Home/Job/js/bootstrap.min.js
ERR: 非法操作:js

[ 2016-09-24T21:53:21+08:00 ] ::1 /jobBook/admin.php/Home/Job/js/jquery-tags-input/jquery.tagsinput.js
ERR: 非法操作:js

[ 2016-09-24T21:53:21+08:00 ] ::1 /jobBook/admin.php/Home/Job/js/jquery-migrate-1.2.1.min.js
ERR: 非法操作:js

[ 2016-09-24T21:53:21+08:00 ] ::1 /jobBook/admin.php/Home/Job/js/modernizr.min.js
ERR: 非法操作:js

[ 2016-09-24T21:53:21+08:00 ] ::1 /jobBook/admin.php/Home/Job/js/bootstrap-fileupload.min.js
ERR: 非法操作:js

[ 2016-09-24T21:53:21+08:00 ] ::1 /jobBook/admin.php/Home/Job/js/tagsinput-init.js
ERR: 非法操作:js

[ 2016-09-24T21:53:21+08:00 ] ::1 /jobBook/admin.php/Home/Job/js/jquery.nicescroll.js
ERR: 非法操作:js

[ 2016-09-24T21:53:21+08:00 ] ::1 /jobBook/admin.php/Home/Job/js/scripts.js
ERR: 非法操作:js

[ 2016-09-24T21:53:33+08:00 ] ::1 /jobBook/admin.php/Home/Job/js/scripts.js
ERR: 非法操作:js

[ 2016-09-24T21:53:33+08:00 ] ::1 /jobBook/admin.php/Home/Job/js/modernizr.min.js
ERR: 非法操作:js

[ 2016-09-24T21:53:33+08:00 ] ::1 /jobBook/admin.php/Home/Job/js/jquery-migrate-1.2.1.min.js
ERR: 非法操作:js

[ 2016-09-24T21:53:33+08:00 ] ::1 /jobBook/admin.php/Home/Job/js/bootstrap.min.js
ERR: 非法操作:js

[ 2016-09-24T21:53:33+08:00 ] ::1 /jobBook/admin.php/Home/Job/js/tagsinput-init.js
ERR: 非法操作:js

[ 2016-09-24T21:53:33+08:00 ] ::1 /jobBook/admin.php/Home/Job/js/jquery-tags-input/jquery.tagsinput.js
ERR: 非法操作:js

[ 2016-09-24T21:53:33+08:00 ] ::1 /jobBook/admin.php/Home/Job/js/jquery-ui-1.9.2.custom.min.js
ERR: 非法操作:js

[ 2016-09-24T21:53:33+08:00 ] ::1 /jobBook/admin.php/Home/Job/js/jquery.nicescroll.js
ERR: 非法操作:js

[ 2016-09-24T21:53:33+08:00 ] ::1 /jobBook/admin.php/Home/Job/js/bootstrap-fileupload.min.js
ERR: 非法操作:js

[ 2016-09-24T21:53:33+08:00 ] ::1 /jobBook/admin.php/Home/Job/js/jquery-1.10.2.min.js
ERR: 非法操作:js

[ 2016-09-24T21:53:41+08:00 ] ::1 /jobBook/admin.php/Home/Job/js/modernizr.min.js
ERR: 非法操作:js

[ 2016-09-24T21:53:41+08:00 ] ::1 /jobBook/admin.php/Home/Job/js/jquery-tags-input/jquery.tagsinput.js
ERR: 非法操作:js

[ 2016-09-24T21:53:41+08:00 ] ::1 /jobBook/admin.php/Home/Job/js/scripts.js
ERR: 非法操作:js

[ 2016-09-24T21:53:41+08:00 ] ::1 /jobBook/admin.php/Home/Job/js/jquery.nicescroll.js
ERR: 非法操作:js

[ 2016-09-24T21:53:41+08:00 ] ::1 /jobBook/admin.php/Home/Job/js/bootstrap-fileupload.min.js
ERR: 非法操作:js

[ 2016-09-24T21:53:41+08:00 ] ::1 /jobBook/admin.php/Home/Job/js/tagsinput-init.js
ERR: 非法操作:js

[ 2016-09-24T21:53:41+08:00 ] ::1 /jobBook/admin.php/Home/Job/js/jquery-1.10.2.min.js
ERR: 非法操作:js

[ 2016-09-24T21:53:41+08:00 ] ::1 /jobBook/admin.php/Home/Job/js/jquery-ui-1.9.2.custom.min.js
ERR: 非法操作:js

[ 2016-09-24T21:53:41+08:00 ] ::1 /jobBook/admin.php/Home/Job/js/bootstrap.min.js
ERR: 非法操作:js

[ 2016-09-24T21:53:41+08:00 ] ::1 /jobBook/admin.php/Home/Job/js/jquery-migrate-1.2.1.min.js
ERR: 非法操作:js

[ 2016-09-24T21:54:02+08:00 ] ::1 /jobBook/admin.php/Home/Job/js/tagsinput-init.js
ERR: 非法操作:js

[ 2016-09-24T21:54:02+08:00 ] ::1 /jobBook/admin.php/Home/Job/js/jquery-tags-input/jquery.tagsinput.js
ERR: 非法操作:js

[ 2016-09-24T21:54:02+08:00 ] ::1 /jobBook/admin.php/Home/Job/js/jquery-1.10.2.min.js
ERR: 非法操作:js

[ 2016-09-24T21:54:02+08:00 ] ::1 /jobBook/admin.php/Home/Job/js/jquery-ui-1.9.2.custom.min.js
ERR: 非法操作:js

[ 2016-09-24T21:54:02+08:00 ] ::1 /jobBook/admin.php/Home/Job/js/bootstrap.min.js
ERR: 非法操作:js

[ 2016-09-24T21:54:02+08:00 ] ::1 /jobBook/admin.php/Home/Job/js/bootstrap-fileupload.min.js
ERR: 非法操作:js

[ 2016-09-24T21:54:02+08:00 ] ::1 /jobBook/admin.php/Home/Job/js/modernizr.min.js
ERR: 非法操作:js

[ 2016-09-24T21:54:02+08:00 ] ::1 /jobBook/admin.php/Home/Job/js/jquery-migrate-1.2.1.min.js
ERR: 非法操作:js

[ 2016-09-24T21:54:02+08:00 ] ::1 /jobBook/admin.php/Home/Job/js/scripts.js
ERR: 非法操作:js

[ 2016-09-24T21:54:02+08:00 ] ::1 /jobBook/admin.php/Home/Job/js/jquery.nicescroll.js
ERR: 非法操作:js

[ 2016-09-24T21:54:13+08:00 ] ::1 /jobBook/admin.php/Home/Job/js/jquery-ui-1.9.2.custom.min.js
ERR: 非法操作:js

[ 2016-09-24T21:54:13+08:00 ] ::1 /jobBook/admin.php/Home/Job/js/jquery-migrate-1.2.1.min.js
ERR: 非法操作:js

[ 2016-09-24T21:54:13+08:00 ] ::1 /jobBook/admin.php/Home/Job/js/jquery.nicescroll.js
ERR: 非法操作:js

[ 2016-09-24T21:54:13+08:00 ] ::1 /jobBook/admin.php/Home/Job/js/tagsinput-init.js
ERR: 非法操作:js

[ 2016-09-24T21:54:13+08:00 ] ::1 /jobBook/admin.php/Home/Job/js/bootstrap-fileupload.min.js
ERR: 非法操作:js

[ 2016-09-24T21:54:13+08:00 ] ::1 /jobBook/admin.php/Home/Job/js/modernizr.min.js
ERR: 非法操作:js

[ 2016-09-24T21:54:13+08:00 ] ::1 /jobBook/admin.php/Home/Job/js/bootstrap.min.js
ERR: 非法操作:js

[ 2016-09-24T21:54:13+08:00 ] ::1 /jobBook/admin.php/Home/Job/js/scripts.js
ERR: 非法操作:js

[ 2016-09-24T21:54:13+08:00 ] ::1 /jobBook/admin.php/Home/Job/js/jquery-tags-input/jquery.tagsinput.js
ERR: 非法操作:js

[ 2016-09-24T21:54:13+08:00 ] ::1 /jobBook/admin.php/Home/Job/js/jquery-1.10.2.min.js
ERR: 非法操作:js

[ 2016-09-24T22:11:08+08:00 ] ::1 /jobBook/admin.php/Home/article
ERR: 非法操作:index

[ 2016-09-24T22:36:09+08:00 ] ::1 /jobBook/admin.php/Home/Job/do_company/job_company_search
ERR: 参数错误或者未定义:com_id

[ 2016-09-24T23:14:49+08:00 ] ::1 /jobBook/admin.php/Home/Job/do_company/com_id/4/error/WentWrong
ERR: 参数错误或者未定义:companyname

[ 2016-09-24T23:15:08+08:00 ] ::1 /jobBook/admin.php/Home/Job/error/WentWrong
ERR: 非法操作:error

