[ 2016-12-16T21:56:38+08:00 ] ::1 /EasyTalk/admin.php/Home/Administration/adminlogin
INFO: [ app_init ] --START--
INFO: Run Behavior\BuildLiteBehavior [ RunTime:0.000042s ]
INFO: [ app_init ] --END-- [ RunTime:0.000817s ]
INFO: [ app_begin ] --START--
INFO: Run Behavior\ReadHtmlCacheBehavior [ RunTime:0.001055s ]
INFO: [ app_begin ] --END-- [ RunTime:0.001250s ]
INFO: [ view_parse ] --START--
INFO: [ template_filter ] --START--
INFO: Run Behavior\ContentReplaceBehavior [ RunTime:0.000144s ]
INFO: [ template_filter ] --END-- [ RunTime:0.000436s ]
INFO: Run Behavior\ParseTemplateBehavior [ RunTime:0.046188s ]
INFO: [ view_parse ] --END-- [ RunTime:0.046449s ]
INFO: [ view_filter ] --START--
INFO: Run Behavior\WriteHtmlCacheBehavior [ RunTime:0.000883s ]
INFO: [ view_filter ] --END-- [ RunTime:0.001081s ]
INFO: [ app_end ] --START--
INFO: Run Behavior\ShowPageTraceBehavior [ RunTime:0.001225s ]
INFO: [ app_end ] --END-- [ RunTime:0.001449s ]

[ 2016-12-16T21:56:38+08:00 ] ::1 /EasyTalk/admin.php/Home/Administration/adminlogin
INFO: [ app_init ] --START--
INFO: Run Behavior\BuildLiteBehavior [ RunTime:0.000042s ]
INFO: [ app_init ] --END-- [ RunTime:0.000861s ]
INFO: [ app_begin ] --START--
INFO: Run Behavior\ReadHtmlCacheBehavior [ RunTime:0.000937s ]
INFO: [ app_begin ] --END-- [ RunTime:0.001124s ]
INFO: [ view_parse ] --START--
INFO: [ template_filter ] --START--
INFO: Run Behavior\ContentReplaceBehavior [ RunTime:0.000132s ]
INFO: [ template_filter ] --END-- [ RunTime:0.000355s ]
INFO: Run Behavior\ParseTemplateBehavior [ RunTime:0.012415s ]
INFO: [ view_parse ] --END-- [ RunTime:0.012674s ]
INFO: [ view_filter ] --START--
INFO: Run Behavior\WriteHtmlCacheBehavior [ RunTime:0.000753s ]
INFO: [ view_filter ] --END-- [ RunTime:0.000939s ]
INFO: [ app_end ] --START--
INFO: Run Behavior\ShowPageTraceBehavior [ RunTime:0.001120s ]
INFO: [ app_end ] --END-- [ RunTime:0.001290s ]

[ 2016-12-16T21:56:52+08:00 ] ::1 /EasyTalk/admin.php/Home/Administration/adexe_edi_sm.html?html=112&e_id=1&x_id=3&t_id=1
INFO: [ app_init ] --START--
INFO: Run Behavior\BuildLiteBehavior [ RunTime:0.000068s ]
INFO: [ app_init ] --END-- [ RunTime:0.001688s ]
INFO: [ app_begin ] --START--
INFO: Run Behavior\ReadHtmlCacheBehavior [ RunTime:0.002227s ]
INFO: [ app_begin ] --END-- [ RunTime:0.002610s ]
INFO: [ view_parse ] --START--
INFO: [ template_filter ] --START--
INFO: Run Behavior\ContentReplaceBehavior [ RunTime:0.000324s ]
INFO: [ template_filter ] --END-- [ RunTime:0.000695s ]
INFO: Run Behavior\ParseTemplateBehavior [ RunTime:1.464506s ]
INFO: [ view_parse ] --END-- [ RunTime:1.464865s ]
INFO: [ view_filter ] --START--
INFO: Run Behavior\WriteHtmlCacheBehavior [ RunTime:0.004191s ]
INFO: [ view_filter ] --END-- [ RunTime:0.004439s ]
INFO: [ app_end ] --START--
INFO: Run Behavior\ShowPageTraceBehavior [ RunTime:0.003012s ]
INFO: [ app_end ] --END-- [ RunTime:0.003421s ]

[ 2016-12-16T21:56:52+08:00 ] ::1 /EasyTalk/admin.php/Home/Administration/checkXiaoti
INFO: [ app_init ] --START--
INFO: Run Behavior\BuildLiteBehavior [ RunTime:0.000064s ]
INFO: [ app_init ] --END-- [ RunTime:0.001371s ]
INFO: [ app_begin ] --START--
INFO: Run Behavior\ReadHtmlCacheBehavior [ RunTime:0.002790s ]
INFO: [ app_begin ] --END-- [ RunTime:0.003100s ]
SQL: SHOW COLUMNS FROM `admin` [ RunTime:0.0087s ]
SQL: SHOW COLUMNS FROM `quiz` [ RunTime:0.0083s ]
SQL: SELECT * FROM `quiz` WHERE `e_id` = 1 AND `dati` = 1 AND `xiaoti` = 3  [ RunTime:0.0007s ]

[ 2016-12-16T21:56:52+08:00 ] ::1 /EasyTalk/admin.php/Home/Administration/checkLogin
INFO: [ app_init ] --START--
INFO: Run Behavior\BuildLiteBehavior [ RunTime:0.000071s ]
INFO: [ app_init ] --END-- [ RunTime:0.001461s ]
INFO: [ app_begin ] --START--
INFO: Run Behavior\ReadHtmlCacheBehavior [ RunTime:0.001699s ]
INFO: [ app_begin ] --END-- [ RunTime:0.002007s ]

[ 2016-12-16T21:56:55+08:00 ] ::1 /EasyTalk/admin.php/Home/Administration/adminlogin.html
INFO: [ app_init ] --START--
INFO: Run Behavior\BuildLiteBehavior [ RunTime:0.000039s ]
INFO: [ app_init ] --END-- [ RunTime:0.000876s ]
INFO: [ app_begin ] --START--
INFO: Run Behavior\ReadHtmlCacheBehavior [ RunTime:0.001501s ]
INFO: [ app_begin ] --END-- [ RunTime:0.001831s ]
INFO: [ view_parse ] --START--
INFO: [ template_filter ] --START--
INFO: Run Behavior\ContentReplaceBehavior [ RunTime:0.000213s ]
INFO: [ template_filter ] --END-- [ RunTime:0.000565s ]
INFO: Run Behavior\ParseTemplateBehavior [ RunTime:0.016386s ]
INFO: [ view_parse ] --END-- [ RunTime:0.016690s ]
INFO: [ view_filter ] --START--
INFO: Run Behavior\WriteHtmlCacheBehavior [ RunTime:0.001121s ]
INFO: [ view_filter ] --END-- [ RunTime:0.001431s ]
INFO: [ app_end ] --START--
INFO: Run Behavior\ShowPageTraceBehavior [ RunTime:0.001699s ]
INFO: [ app_end ] --END-- [ RunTime:0.002011s ]

[ 2016-12-16T21:57:01+08:00 ] ::1 /EasyTalk/admin.php/Home/Administration/doAdLogin
INFO: [ app_init ] --START--
INFO: Run Behavior\BuildLiteBehavior [ RunTime:0.000038s ]
INFO: [ app_init ] --END-- [ RunTime:0.000921s ]
INFO: [ app_begin ] --START--
INFO: Run Behavior\ReadHtmlCacheBehavior [ RunTime:0.001065s ]
INFO: [ app_begin ] --END-- [ RunTime:0.001242s ]
SQL: SHOW COLUMNS FROM `admin` [ RunTime:0.0052s ]
SQL: SHOW COLUMNS FROM `admin` [ RunTime:0.0057s ]
SQL: SELECT * FROM `admin` WHERE `a_name` = 'admin' AND `a_password` = 'c33367701511b4f6020ec61ded352059'  [ RunTime:0.0004s ]

[ 2016-12-16T21:57:02+08:00 ] ::1 /EasyTalk/admin.php/Home/Administration/aduser.html?html=11
INFO: [ app_init ] --START--
INFO: Run Behavior\BuildLiteBehavior [ RunTime:0.000040s ]
INFO: [ app_init ] --END-- [ RunTime:0.000857s ]
INFO: [ app_begin ] --START--
INFO: Run Behavior\ReadHtmlCacheBehavior [ RunTime:0.000944s ]
INFO: [ app_begin ] --END-- [ RunTime:0.001129s ]
INFO: [ view_parse ] --START--
INFO: [ template_filter ] --START--
INFO: Run Behavior\ContentReplaceBehavior [ RunTime:0.000223s ]
INFO: [ template_filter ] --END-- [ RunTime:0.000433s ]
INFO: Run Behavior\ParseTemplateBehavior [ RunTime:0.029244s ]
INFO: [ view_parse ] --END-- [ RunTime:0.029563s ]
INFO: [ view_filter ] --START--
INFO: Run Behavior\WriteHtmlCacheBehavior [ RunTime:0.001121s ]
INFO: [ view_filter ] --END-- [ RunTime:0.001355s ]
INFO: [ app_end ] --START--
INFO: Run Behavior\ShowPageTraceBehavior [ RunTime:0.001759s ]
INFO: [ app_end ] --END-- [ RunTime:0.002346s ]

[ 2016-12-16T21:57:02+08:00 ] ::1 /EasyTalk/admin.php/Home/Administration/getData
INFO: [ app_init ] --START--
INFO: Run Behavior\BuildLiteBehavior [ RunTime:0.000074s ]
INFO: [ app_init ] --END-- [ RunTime:0.001659s ]
INFO: [ app_begin ] --START--
INFO: Run Behavior\ReadHtmlCacheBehavior [ RunTime:0.001740s ]
INFO: [ app_begin ] --END-- [ RunTime:0.002082s ]
SQL: SHOW COLUMNS FROM `admin` [ RunTime:0.0097s ]
SQL: SHOW COLUMNS FROM `user` [ RunTime:0.0092s ]
SQL: SELECT `id`,`username`,`email`,`QQ`,`register_time` FROM `user`  [ RunTime:0.0012s ]

[ 2016-12-16T21:57:02+08:00 ] ::1 /EasyTalk/admin.php/Home/Administration/checkLogin
INFO: [ app_init ] --START--
INFO: Run Behavior\BuildLiteBehavior [ RunTime:0.000075s ]
INFO: [ app_init ] --END-- [ RunTime:0.001407s ]
INFO: [ app_begin ] --START--
INFO: Run Behavior\ReadHtmlCacheBehavior [ RunTime:0.001896s ]
INFO: [ app_begin ] --END-- [ RunTime:0.002236s ]

[ 2016-12-16T21:57:02+08:00 ] ::1 /EasyTalk/admin.php/Home/Administration/getName
INFO: [ app_init ] --START--
INFO: Run Behavior\BuildLiteBehavior [ RunTime:0.000040s ]
INFO: [ app_init ] --END-- [ RunTime:0.000863s ]
INFO: [ app_begin ] --START--
INFO: Run Behavior\ReadHtmlCacheBehavior [ RunTime:0.000929s ]
INFO: [ app_begin ] --END-- [ RunTime:0.001156s ]

[ 2016-12-16T21:57:04+08:00 ] ::1 /EasyTalk/admin.php/Home/Administration/adclass?html=14
INFO: [ app_init ] --START--
INFO: Run Behavior\BuildLiteBehavior [ RunTime:0.000039s ]
INFO: [ app_init ] --END-- [ RunTime:0.000915s ]
INFO: [ app_begin ] --START--
INFO: Run Behavior\ReadHtmlCacheBehavior [ RunTime:0.000965s ]
INFO: [ app_begin ] --END-- [ RunTime:0.001152s ]
INFO: [ view_parse ] --START--
INFO: [ template_filter ] --START--
INFO: Run Behavior\ContentReplaceBehavior [ RunTime:0.000245s ]
INFO: [ template_filter ] --END-- [ RunTime:0.000498s ]
INFO: Run Behavior\ParseTemplateBehavior [ RunTime:0.118445s ]
INFO: [ view_parse ] --END-- [ RunTime:0.118706s ]
INFO: [ view_filter ] --START--
INFO: Run Behavior\WriteHtmlCacheBehavior [ RunTime:0.000810s ]
INFO: [ view_filter ] --END-- [ RunTime:0.000983s ]
INFO: [ app_end ] --START--
INFO: Run Behavior\ShowPageTraceBehavior [ RunTime:0.001214s ]
INFO: [ app_end ] --END-- [ RunTime:0.001402s ]

[ 2016-12-16T21:57:04+08:00 ] ::1 /EasyTalk/admin.php/Home/Administration/getData
INFO: [ app_init ] --START--
INFO: Run Behavior\BuildLiteBehavior [ RunTime:0.000065s ]
INFO: [ app_init ] --END-- [ RunTime:0.001889s ]
INFO: [ app_begin ] --START--
INFO: Run Behavior\ReadHtmlCacheBehavior [ RunTime:0.001536s ]
INFO: [ app_begin ] --END-- [ RunTime:0.001795s ]
SQL: SHOW COLUMNS FROM `admin` [ RunTime:0.0086s ]
SQL: SHOW COLUMNS FROM `course` [ RunTime:0.0066s ]
SQL: SELECT `c_id`,`c_title`,`t_name`,`cost`,`level`,`c_language`,`c_credit` FROM `course`  [ RunTime:0.0008s ]
SQL: SHOW COLUMNS FROM `takes` [ RunTime:0.0090s ]
SQL: SELECT COUNT(*) AS tp_count FROM `takes` WHERE `c_id` = 1 LIMIT 1   [ RunTime:0.0004s ]
SQL: SELECT COUNT(*) AS tp_count FROM `takes` WHERE `c_id` = 2 LIMIT 1   [ RunTime:0.0004s ]
SQL: SELECT COUNT(*) AS tp_count FROM `takes` WHERE `c_id` = 3 LIMIT 1   [ RunTime:0.0004s ]
SQL: SELECT COUNT(*) AS tp_count FROM `takes` WHERE `c_id` = 4 LIMIT 1   [ RunTime:0.0006s ]
SQL: SELECT COUNT(*) AS tp_count FROM `takes` WHERE `c_id` = 5 LIMIT 1   [ RunTime:0.0004s ]
SQL: SELECT COUNT(*) AS tp_count FROM `takes` WHERE `c_id` = 6 LIMIT 1   [ RunTime:0.0003s ]
SQL: SELECT COUNT(*) AS tp_count FROM `takes` WHERE `c_id` = 9 LIMIT 1   [ RunTime:0.0004s ]
SQL: SELECT COUNT(*) AS tp_count FROM `takes` WHERE `c_id` = 12 LIMIT 1   [ RunTime:0.0006s ]
SQL: SELECT COUNT(*) AS tp_count FROM `takes` WHERE `c_id` = 13 LIMIT 1   [ RunTime:0.0012s ]

[ 2016-12-16T21:57:04+08:00 ] ::1 /EasyTalk/admin.php/Home/Administration/checkLogin
INFO: [ app_init ] --START--
INFO: Run Behavior\BuildLiteBehavior [ RunTime:0.000088s ]
INFO: [ app_init ] --END-- [ RunTime:0.001565s ]
INFO: [ app_begin ] --START--
INFO: Run Behavior\ReadHtmlCacheBehavior [ RunTime:0.001521s ]
INFO: [ app_begin ] --END-- [ RunTime:0.001836s ]

[ 2016-12-16T21:57:04+08:00 ] ::1 /EasyTalk/admin.php/Home/Administration/getName
INFO: [ app_init ] --START--
INFO: Run Behavior\BuildLiteBehavior [ RunTime:0.000039s ]
INFO: [ app_init ] --END-- [ RunTime:0.000875s ]
INFO: [ app_begin ] --START--
INFO: Run Behavior\ReadHtmlCacheBehavior [ RunTime:0.001116s ]
INFO: [ app_begin ] --END-- [ RunTime:0.001291s ]

[ 2016-12-16T21:57:07+08:00 ] ::1 /EasyTalk/admin.php/Home/Administration/adexe_index?html=15
INFO: [ app_init ] --START--
INFO: Run Behavior\BuildLiteBehavior [ RunTime:0.000065s ]
INFO: [ app_init ] --END-- [ RunTime:0.001327s ]
INFO: [ app_begin ] --START--
INFO: Run Behavior\ReadHtmlCacheBehavior [ RunTime:0.001628s ]
INFO: [ app_begin ] --END-- [ RunTime:0.001972s ]
INFO: [ view_parse ] --START--
INFO: [ template_filter ] --START--
INFO: Run Behavior\ContentReplaceBehavior [ RunTime:0.000202s ]
INFO: [ template_filter ] --END-- [ RunTime:0.000456s ]
INFO: Run Behavior\ParseTemplateBehavior [ RunTime:0.028960s ]
INFO: [ view_parse ] --END-- [ RunTime:0.029258s ]
INFO: [ view_filter ] --START--
INFO: Run Behavior\WriteHtmlCacheBehavior [ RunTime:0.000808s ]
INFO: [ view_filter ] --END-- [ RunTime:0.000975s ]
INFO: [ app_end ] --START--
INFO: Run Behavior\ShowPageTraceBehavior [ RunTime:0.001144s ]
INFO: [ app_end ] --END-- [ RunTime:0.001310s ]

[ 2016-12-16T21:57:07+08:00 ] ::1 /EasyTalk/admin.php/Home/Administration/getAllExercises
INFO: [ app_init ] --START--
INFO: Run Behavior\BuildLiteBehavior [ RunTime:0.000065s ]
INFO: [ app_init ] --END-- [ RunTime:0.001594s ]
INFO: [ app_begin ] --START--
INFO: Run Behavior\ReadHtmlCacheBehavior [ RunTime:0.001619s ]
INFO: [ app_begin ] --END-- [ RunTime:0.001844s ]
SQL: SHOW COLUMNS FROM `exercise` [ RunTime:0.0066s ]
SQL: SELECT * FROM `exercise`  [ RunTime:0.0006s ]

[ 2016-12-16T21:57:07+08:00 ] ::1 /EasyTalk/admin.php/Home/Administration/checkLogin
INFO: [ app_init ] --START--
INFO: Run Behavior\BuildLiteBehavior [ RunTime:0.000062s ]
INFO: [ app_init ] --END-- [ RunTime:0.001319s ]
INFO: [ app_begin ] --START--
INFO: Run Behavior\ReadHtmlCacheBehavior [ RunTime:0.001319s ]
INFO: [ app_begin ] --END-- [ RunTime:0.001851s ]

[ 2016-12-16T21:57:07+08:00 ] ::1 /EasyTalk/admin.php/Home/Administration/getName
INFO: [ app_init ] --START--
INFO: Run Behavior\BuildLiteBehavior [ RunTime:0.000040s ]
INFO: [ app_init ] --END-- [ RunTime:0.000885s ]
INFO: [ app_begin ] --START--
INFO: Run Behavior\ReadHtmlCacheBehavior [ RunTime:0.001612s ]
INFO: [ app_begin ] --END-- [ RunTime:0.001913s ]

[ 2016-12-16T21:57:08+08:00 ] ::1 /EasyTalk/admin.php/Home/Administration/adexe_is_exe.html?html=114&e_id=1
INFO: [ app_init ] --START--
INFO: Run Behavior\BuildLiteBehavior [ RunTime:0.000037s ]
INFO: [ app_init ] --END-- [ RunTime:0.000808s ]
INFO: [ app_begin ] --START--
INFO: Run Behavior\ReadHtmlCacheBehavior [ RunTime:0.000920s ]
INFO: [ app_begin ] --END-- [ RunTime:0.001111s ]
INFO: [ view_parse ] --START--
INFO: [ template_filter ] --START--
INFO: Run Behavior\ContentReplaceBehavior [ RunTime:0.000414s ]
INFO: [ template_filter ] --END-- [ RunTime:0.000897s ]
INFO: Run Behavior\ParseTemplateBehavior [ RunTime:0.043033s ]
INFO: [ view_parse ] --END-- [ RunTime:0.043293s ]
INFO: [ view_filter ] --START--
INFO: Run Behavior\WriteHtmlCacheBehavior [ RunTime:0.000733s ]
INFO: [ view_filter ] --END-- [ RunTime:0.000941s ]
INFO: [ app_end ] --START--
INFO: Run Behavior\ShowPageTraceBehavior [ RunTime:0.001393s ]
INFO: [ app_end ] --END-- [ RunTime:0.001575s ]

[ 2016-12-16T21:57:09+08:00 ] ::1 /EasyTalk/admin.php/Home/Administration/checkLogin
INFO: [ app_init ] --START--
INFO: Run Behavior\BuildLiteBehavior [ RunTime:0.000091s ]
INFO: [ app_init ] --END-- [ RunTime:0.001448s ]
INFO: [ app_begin ] --START--
INFO: Run Behavior\ReadHtmlCacheBehavior [ RunTime:0.001033s ]
INFO: [ app_begin ] --END-- [ RunTime:0.001257s ]

[ 2016-12-16T21:57:09+08:00 ] ::1 /EasyTalk/admin.php/Home/Administration/getOneExe
INFO: [ app_init ] --START--
INFO: Run Behavior\BuildLiteBehavior [ RunTime:0.000071s ]
INFO: [ app_init ] --END-- [ RunTime:0.001957s ]
INFO: [ app_begin ] --START--
INFO: Run Behavior\ReadHtmlCacheBehavior [ RunTime:0.001683s ]
INFO: [ app_begin ] --END-- [ RunTime:0.001914s ]
SQL: SHOW COLUMNS FROM `admin` [ RunTime:0.0084s ]
SQL: SHOW COLUMNS FROM `exercise` [ RunTime:0.0076s ]
SQL: SELECT * FROM `exercise` WHERE `e_id` = 1  [ RunTime:0.0004s ]
SQL: SHOW COLUMNS FROM `quiz` [ RunTime:0.0072s ]
SQL: SELECT COUNT(*) AS tp_count FROM `quiz` WHERE `e_id` = 1 AND `xiaoti` > 0 LIMIT 1   [ RunTime:0.0004s ]
SQL: SELECT SUM(point) AS tp_sum FROM `quiz` WHERE `e_id` = 1 LIMIT 1   [ RunTime:0.0003s ]
SQL: SELECT `dati`,`da_des` FROM `quiz` WHERE `e_id` = 1 GROUP BY dati  [ RunTime:0.0048s ]

[ 2016-12-16T21:57:09+08:00 ] ::1 /EasyTalk/admin.php/Home/Administration/getName
INFO: [ app_init ] --START--
INFO: Run Behavior\BuildLiteBehavior [ RunTime:0.000041s ]
INFO: [ app_init ] --END-- [ RunTime:0.001040s ]
INFO: [ app_begin ] --START--
INFO: Run Behavior\ReadHtmlCacheBehavior [ RunTime:0.001029s ]
INFO: [ app_begin ] --END-- [ RunTime:0.001248s ]

[ 2016-12-16T21:57:09+08:00 ] ::1 /EasyTalk/admin.php/Home/Administration/getXiaoti
INFO: [ app_init ] --START--
INFO: Run Behavior\BuildLiteBehavior [ RunTime:0.000070s ]
INFO: [ app_init ] --END-- [ RunTime:0.001351s ]
INFO: [ app_begin ] --START--
INFO: Run Behavior\ReadHtmlCacheBehavior [ RunTime:0.001761s ]
INFO: [ app_begin ] --END-- [ RunTime:0.002088s ]
SQL: SHOW COLUMNS FROM `admin` [ RunTime:0.0084s ]
SQL: SHOW COLUMNS FROM `quiz` [ RunTime:0.0069s ]
SQL: SELECT * FROM `quiz` WHERE `e_id` = 1 AND `dati` = 2 AND `xiaoti` > 0  [ RunTime:0.0006s ]

[ 2016-12-16T21:57:09+08:00 ] ::1 /EasyTalk/admin.php/Home/Administration/getXiaoti
INFO: [ app_init ] --START--
INFO: Run Behavior\BuildLiteBehavior [ RunTime:0.000061s ]
INFO: [ app_init ] --END-- [ RunTime:0.001359s ]
INFO: [ app_begin ] --START--
INFO: Run Behavior\ReadHtmlCacheBehavior [ RunTime:0.001856s ]
INFO: [ app_begin ] --END-- [ RunTime:0.002196s ]
SQL: SHOW COLUMNS FROM `admin` [ RunTime:0.0084s ]
SQL: SHOW COLUMNS FROM `quiz` [ RunTime:0.0089s ]
SQL: SELECT * FROM `quiz` WHERE `e_id` = 1 AND `dati` = 1 AND `xiaoti` > 0  [ RunTime:0.0019s ]

[ 2016-12-16T21:57:09+08:00 ] ::1 /EasyTalk/admin.php/Home/Administration/getXiaoti
INFO: [ app_init ] --START--
INFO: Run Behavior\BuildLiteBehavior [ RunTime:0.000094s ]
INFO: [ app_init ] --END-- [ RunTime:0.001341s ]
INFO: [ app_begin ] --START--
INFO: Run Behavior\ReadHtmlCacheBehavior [ RunTime:0.001629s ]
INFO: [ app_begin ] --END-- [ RunTime:0.001903s ]
SQL: SHOW COLUMNS FROM `admin` [ RunTime:0.0065s ]
SQL: SHOW COLUMNS FROM `quiz` [ RunTime:0.0066s ]
SQL: SELECT * FROM `quiz` WHERE `e_id` = 1 AND `dati` = 4 AND `xiaoti` > 0  [ RunTime:0.0005s ]

[ 2016-12-16T21:57:09+08:00 ] ::1 /EasyTalk/admin.php/Home/Administration/getXiaoti
INFO: [ app_init ] --START--
INFO: Run Behavior\BuildLiteBehavior [ RunTime:0.000070s ]
INFO: [ app_init ] --END-- [ RunTime:0.001640s ]
INFO: [ app_begin ] --START--
INFO: Run Behavior\ReadHtmlCacheBehavior [ RunTime:0.001587s ]
INFO: [ app_begin ] --END-- [ RunTime:0.001822s ]
SQL: SHOW COLUMNS FROM `admin` [ RunTime:0.0055s ]
SQL: SHOW COLUMNS FROM `quiz` [ RunTime:0.0056s ]
SQL: SELECT * FROM `quiz` WHERE `e_id` = 1 AND `dati` = 3 AND `xiaoti` > 0  [ RunTime:0.0007s ]

[ 2016-12-16T21:57:50+08:00 ] ::1 /EasyTalk/admin.php/Home/Administration/adexe_index?html=15
INFO: [ app_init ] --START--
INFO: Run Behavior\BuildLiteBehavior [ RunTime:0.000041s ]
INFO: [ app_init ] --END-- [ RunTime:0.000849s ]
INFO: [ app_begin ] --START--
INFO: Run Behavior\ReadHtmlCacheBehavior [ RunTime:0.001282s ]
INFO: [ app_begin ] --END-- [ RunTime:0.001478s ]
INFO: [ view_parse ] --START--
INFO: [ template_filter ] --START--
INFO: Run Behavior\ContentReplaceBehavior [ RunTime:0.000175s ]
INFO: [ template_filter ] --END-- [ RunTime:0.000374s ]
INFO: Run Behavior\ParseTemplateBehavior [ RunTime:0.016134s ]
INFO: [ view_parse ] --END-- [ RunTime:0.016353s ]
INFO: [ view_filter ] --START--
INFO: Run Behavior\WriteHtmlCacheBehavior [ RunTime:0.000744s ]
INFO: [ view_filter ] --END-- [ RunTime:0.000928s ]
INFO: [ app_end ] --START--
INFO: Run Behavior\ShowPageTraceBehavior [ RunTime:0.001410s ]
INFO: [ app_end ] --END-- [ RunTime:0.001581s ]

[ 2016-12-16T21:57:51+08:00 ] ::1 /EasyTalk/admin.php/Home/Administration/checkLogin
INFO: [ app_init ] --START--
INFO: Run Behavior\BuildLiteBehavior [ RunTime:0.000071s ]
INFO: [ app_init ] --END-- [ RunTime:0.001267s ]
INFO: [ app_begin ] --START--
INFO: Run Behavior\ReadHtmlCacheBehavior [ RunTime:0.003987s ]
INFO: [ app_begin ] --END-- [ RunTime:0.004560s ]

[ 2016-12-16T21:57:51+08:00 ] ::1 /EasyTalk/admin.php/Home/Administration/getAllExercises
INFO: [ app_init ] --START--
INFO: Run Behavior\BuildLiteBehavior [ RunTime:0.000068s ]
INFO: [ app_init ] --END-- [ RunTime:0.001659s ]
INFO: [ app_begin ] --START--
INFO: Run Behavior\ReadHtmlCacheBehavior [ RunTime:0.002368s ]
INFO: [ app_begin ] --END-- [ RunTime:0.002725s ]
SQL: SHOW COLUMNS FROM `exercise` [ RunTime:0.0084s ]
SQL: SELECT * FROM `exercise`  [ RunTime:0.0007s ]

[ 2016-12-16T21:57:51+08:00 ] ::1 /EasyTalk/admin.php/Home/Administration/getName
INFO: [ app_init ] --START--
INFO: Run Behavior\BuildLiteBehavior [ RunTime:0.000075s ]
INFO: [ app_init ] --END-- [ RunTime:0.001477s ]
INFO: [ app_begin ] --START--
INFO: Run Behavior\ReadHtmlCacheBehavior [ RunTime:0.001769s ]
INFO: [ app_begin ] --END-- [ RunTime:0.002065s ]

[ 2016-12-16T21:57:52+08:00 ] ::1 /EasyTalk/admin.php/Home/Administration/adexe_exe.html?html=113&e_id=1
INFO: [ app_init ] --START--
INFO: Run Behavior\BuildLiteBehavior [ RunTime:0.000040s ]
INFO: [ app_init ] --END-- [ RunTime:0.000841s ]
INFO: [ app_begin ] --START--
INFO: Run Behavior\ReadHtmlCacheBehavior [ RunTime:0.001166s ]
INFO: [ app_begin ] --END-- [ RunTime:0.001366s ]
INFO: [ view_parse ] --START--
INFO: [ template_filter ] --START--
INFO: Run Behavior\ContentReplaceBehavior [ RunTime:0.000211s ]
INFO: [ template_filter ] --END-- [ RunTime:0.000415s ]
INFO: Run Behavior\ParseTemplateBehavior [ RunTime:0.041240s ]
INFO: [ view_parse ] --END-- [ RunTime:0.041457s ]
INFO: [ view_filter ] --START--
INFO: Run Behavior\WriteHtmlCacheBehavior [ RunTime:0.000778s ]
INFO: [ view_filter ] --END-- [ RunTime:0.000947s ]
INFO: [ app_end ] --START--
INFO: Run Behavior\ShowPageTraceBehavior [ RunTime:0.001158s ]
INFO: [ app_end ] --END-- [ RunTime:0.001323s ]

[ 2016-12-16T21:57:53+08:00 ] ::1 /EasyTalk/admin.php/Home/Administration/checkLogin
INFO: [ app_init ] --START--
INFO: Run Behavior\BuildLiteBehavior [ RunTime:0.000064s ]
INFO: [ app_init ] --END-- [ RunTime:0.001404s ]
INFO: [ app_begin ] --START--
INFO: Run Behavior\ReadHtmlCacheBehavior [ RunTime:0.001717s ]
INFO: [ app_begin ] --END-- [ RunTime:0.002024s ]

[ 2016-12-16T21:57:53+08:00 ] ::1 /EasyTalk/admin.php/Home/Administration/getOneExe
INFO: [ app_init ] --START--
INFO: Run Behavior\BuildLiteBehavior [ RunTime:0.000061s ]
INFO: [ app_init ] --END-- [ RunTime:0.001411s ]
INFO: [ app_begin ] --START--
INFO: Run Behavior\ReadHtmlCacheBehavior [ RunTime:0.002165s ]
INFO: [ app_begin ] --END-- [ RunTime:0.002452s ]
SQL: SHOW COLUMNS FROM `admin` [ RunTime:0.0065s ]
SQL: SHOW COLUMNS FROM `exercise` [ RunTime:0.0077s ]
SQL: SELECT * FROM `exercise` WHERE `e_id` = 1  [ RunTime:0.0007s ]
SQL: SHOW COLUMNS FROM `quiz` [ RunTime:0.0081s ]
SQL: SELECT COUNT(*) AS tp_count FROM `quiz` WHERE `e_id` = 1 AND `xiaoti` > 0 LIMIT 1   [ RunTime:0.0005s ]
SQL: SELECT SUM(point) AS tp_sum FROM `quiz` WHERE `e_id` = 1 LIMIT 1   [ RunTime:0.0004s ]
SQL: SELECT `dati`,`da_des` FROM `quiz` WHERE `e_id` = 1 GROUP BY dati  [ RunTime:0.0069s ]

[ 2016-12-16T21:57:53+08:00 ] ::1 /EasyTalk/admin.php/Home/Administration/getName
INFO: [ app_init ] --START--
INFO: Run Behavior\BuildLiteBehavior [ RunTime:0.000044s ]
INFO: [ app_init ] --END-- [ RunTime:0.001067s ]
INFO: [ app_begin ] --START--
INFO: Run Behavior\ReadHtmlCacheBehavior [ RunTime:0.001298s ]
INFO: [ app_begin ] --END-- [ RunTime:0.001525s ]

[ 2016-12-16T21:57:53+08:00 ] ::1 /EasyTalk/admin.php/Home/Administration/getXiaoti
INFO: [ app_init ] --START--
INFO: Run Behavior\BuildLiteBehavior [ RunTime:0.000129s ]
INFO: [ app_init ] --END-- [ RunTime:0.001832s ]
INFO: [ app_begin ] --START--
INFO: Run Behavior\ReadHtmlCacheBehavior [ RunTime:0.001694s ]
INFO: [ app_begin ] --END-- [ RunTime:0.002005s ]
SQL: SHOW COLUMNS FROM `admin` [ RunTime:0.0082s ]
SQL: SHOW COLUMNS FROM `quiz` [ RunTime:0.0078s ]
SQL: SELECT * FROM `quiz` WHERE `e_id` = 1 AND `dati` = 1 AND `xiaoti` > 0  [ RunTime:0.0005s ]

[ 2016-12-16T21:57:53+08:00 ] ::1 /EasyTalk/admin.php/Home/Administration/getXiaoti
INFO: [ app_init ] --START--
INFO: Run Behavior\BuildLiteBehavior [ RunTime:0.000058s ]
INFO: [ app_init ] --END-- [ RunTime:0.002848s ]
INFO: [ app_begin ] --START--
INFO: Run Behavior\ReadHtmlCacheBehavior [ RunTime:0.001689s ]
INFO: [ app_begin ] --END-- [ RunTime:0.002003s ]
SQL: SHOW COLUMNS FROM `admin` [ RunTime:0.0106s ]
SQL: SHOW COLUMNS FROM `quiz` [ RunTime:0.0095s ]
SQL: SELECT * FROM `quiz` WHERE `e_id` = 1 AND `dati` = 2 AND `xiaoti` > 0  [ RunTime:0.0019s ]

[ 2016-12-16T21:57:53+08:00 ] ::1 /EasyTalk/admin.php/Home/Administration/getXiaoti
INFO: [ app_init ] --START--
INFO: Run Behavior\BuildLiteBehavior [ RunTime:0.000066s ]
INFO: [ app_init ] --END-- [ RunTime:0.001244s ]
INFO: [ app_begin ] --START--
INFO: Run Behavior\ReadHtmlCacheBehavior [ RunTime:0.002892s ]
INFO: [ app_begin ] --END-- [ RunTime:0.003339s ]
SQL: SHOW COLUMNS FROM `admin` [ RunTime:0.0117s ]
SQL: SHOW COLUMNS FROM `quiz` [ RunTime:0.0123s ]
SQL: SELECT * FROM `quiz` WHERE `e_id` = 1 AND `dati` = 3 AND `xiaoti` > 0  [ RunTime:0.0009s ]

[ 2016-12-16T21:57:53+08:00 ] ::1 /EasyTalk/admin.php/Home/Administration/getXiaoti
INFO: [ app_init ] --START--
INFO: Run Behavior\BuildLiteBehavior [ RunTime:0.000068s ]
INFO: [ app_init ] --END-- [ RunTime:0.001739s ]
INFO: [ app_begin ] --START--
INFO: Run Behavior\ReadHtmlCacheBehavior [ RunTime:0.001952s ]
INFO: [ app_begin ] --END-- [ RunTime:0.002227s ]
SQL: SHOW COLUMNS FROM `admin` [ RunTime:0.0118s ]
SQL: SHOW COLUMNS FROM `quiz` [ RunTime:0.0132s ]
SQL: SELECT * FROM `quiz` WHERE `e_id` = 1 AND `dati` = 4 AND `xiaoti` > 0  [ RunTime:0.0021s ]

[ 2016-12-16T21:57:55+08:00 ] ::1 /EasyTalk/admin.php/Home/Administration/adexe_edi_big.html?html=111&e_id=1&t_id=1
INFO: [ app_init ] --START--
INFO: Run Behavior\BuildLiteBehavior [ RunTime:0.000040s ]
INFO: [ app_init ] --END-- [ RunTime:0.000980s ]
INFO: [ app_begin ] --START--
INFO: Run Behavior\ReadHtmlCacheBehavior [ RunTime:0.001495s ]
INFO: [ app_begin ] --END-- [ RunTime:0.001774s ]
INFO: [ view_parse ] --START--
INFO: [ template_filter ] --START--
INFO: Run Behavior\ContentReplaceBehavior [ RunTime:0.000160s ]
INFO: [ template_filter ] --END-- [ RunTime:0.000375s ]
INFO: Run Behavior\ParseTemplateBehavior [ RunTime:0.026373s ]
INFO: [ view_parse ] --END-- [ RunTime:0.026650s ]
INFO: [ view_filter ] --START--
INFO: Run Behavior\WriteHtmlCacheBehavior [ RunTime:0.000684s ]
INFO: [ view_filter ] --END-- [ RunTime:0.000849s ]
INFO: [ app_end ] --START--
INFO: Run Behavior\ShowPageTraceBehavior [ RunTime:0.001227s ]
INFO: [ app_end ] --END-- [ RunTime:0.001431s ]

[ 2016-12-16T21:57:55+08:00 ] ::1 /EasyTalk/admin.php/Home/Administration/checkLogin
INFO: [ app_init ] --START--
INFO: Run Behavior\BuildLiteBehavior [ RunTime:0.000066s ]
INFO: [ app_init ] --END-- [ RunTime:0.001351s ]
INFO: [ app_begin ] --START--
INFO: Run Behavior\ReadHtmlCacheBehavior [ RunTime:0.001431s ]
INFO: [ app_begin ] --END-- [ RunTime:0.001727s ]

[ 2016-12-16T21:57:55+08:00 ] ::1 /EasyTalk/admin.php/Home/Administration/checkDati
INFO: [ app_init ] --START--
INFO: Run Behavior\BuildLiteBehavior [ RunTime:0.000064s ]
INFO: [ app_init ] --END-- [ RunTime:0.001286s ]
INFO: [ app_begin ] --START--
INFO: Run Behavior\ReadHtmlCacheBehavior [ RunTime:0.001727s ]
INFO: [ app_begin ] --END-- [ RunTime:0.002176s ]
SQL: SHOW COLUMNS FROM `admin` [ RunTime:0.0107s ]
SQL: SHOW COLUMNS FROM `quiz` [ RunTime:0.0082s ]
SQL: SELECT `da_des` FROM `quiz` WHERE `dati` = 1 AND `e_id` = 1  [ RunTime:0.0006s ]

[ 2016-12-16T21:57:55+08:00 ] ::1 /EasyTalk/admin.php/Home/Administration/checkLogin
INFO: [ app_init ] --START--
INFO: Run Behavior\BuildLiteBehavior [ RunTime:0.000056s ]
INFO: [ app_init ] --END-- [ RunTime:0.001220s ]
INFO: [ app_begin ] --START--
INFO: Run Behavior\ReadHtmlCacheBehavior [ RunTime:0.002099s ]
INFO: [ app_begin ] --END-- [ RunTime:0.002376s ]

[ 2016-12-16T21:57:55+08:00 ] ::1 /EasyTalk/admin.php/Home/Administration/getOneTeacher
INFO: [ app_init ] --START--
INFO: Run Behavior\BuildLiteBehavior [ RunTime:0.000040s ]
INFO: [ app_init ] --END-- [ RunTime:0.001030s ]
INFO: [ app_begin ] --START--
INFO: Run Behavior\ReadHtmlCacheBehavior [ RunTime:0.001147s ]
INFO: [ app_begin ] --END-- [ RunTime:0.001440s ]
SQL: SHOW COLUMNS FROM `admin` [ RunTime:0.0082s ]
SQL: SHOW COLUMNS FROM `teacher` [ RunTime:0.0058s ]
SQL: SELECT * FROM `teacher` WHERE `t_id` = 0  [ RunTime:0.0005s ]
NOTIC: [8] Undefined offset: 0 D:\wamp\www\EasyTalk\Admin\Home\Model\AdminModel.class.php 第 30 行.

[ 2016-12-16T21:57:55+08:00 ] ::1 /EasyTalk/admin.php/Home/Administration/getName
INFO: [ app_init ] --START--
INFO: Run Behavior\BuildLiteBehavior [ RunTime:0.000039s ]
INFO: [ app_init ] --END-- [ RunTime:0.000898s ]
INFO: [ app_begin ] --START--
INFO: Run Behavior\ReadHtmlCacheBehavior [ RunTime:0.001466s ]
INFO: [ app_begin ] --END-- [ RunTime:0.001698s ]

[ 2016-12-16T21:58:00+08:00 ] ::1 /EasyTalk/admin.php/Home/Administration/updateDati
INFO: [ app_init ] --START--
INFO: Run Behavior\BuildLiteBehavior [ RunTime:0.000040s ]
INFO: [ app_init ] --END-- [ RunTime:0.000998s ]
INFO: [ app_begin ] --START--
INFO: Run Behavior\ReadHtmlCacheBehavior [ RunTime:0.001152s ]
INFO: [ app_begin ] --END-- [ RunTime:0.001347s ]
SQL: SHOW COLUMNS FROM `admin` [ RunTime:0.0069s ]
SQL: SHOW COLUMNS FROM `quiz` [ RunTime:0.0056s ]
SQL: UPDATE `quiz` SET `da_des`='基础语法：根据第一单元学到的语法，选出你认为正确的选项' WHERE `e_id` = 1 AND `dati` = 1 [ RunTime:0.1113s ]

[ 2016-12-16T21:58:01+08:00 ] ::1 /EasyTalk/admin.php/Home/Administration/adexe_exe.html?html=113&e_id=1
INFO: [ app_init ] --START--
INFO: Run Behavior\BuildLiteBehavior [ RunTime:0.000040s ]
INFO: [ app_init ] --END-- [ RunTime:0.000819s ]
INFO: [ app_begin ] --START--
INFO: Run Behavior\ReadHtmlCacheBehavior [ RunTime:0.001061s ]
INFO: [ app_begin ] --END-- [ RunTime:0.001240s ]
INFO: [ view_parse ] --START--
INFO: [ template_filter ] --START--
INFO: Run Behavior\ContentReplaceBehavior [ RunTime:0.000241s ]
INFO: [ template_filter ] --END-- [ RunTime:0.000440s ]
INFO: Run Behavior\ParseTemplateBehavior [ RunTime:0.016509s ]
INFO: [ view_parse ] --END-- [ RunTime:0.016752s ]
INFO: [ view_filter ] --START--
INFO: Run Behavior\WriteHtmlCacheBehavior [ RunTime:0.000713s ]
INFO: [ view_filter ] --END-- [ RunTime:0.000877s ]
INFO: [ app_end ] --START--
INFO: Run Behavior\ShowPageTraceBehavior [ RunTime:0.001090s ]
INFO: [ app_end ] --END-- [ RunTime:0.001256s ]

[ 2016-12-16T21:58:01+08:00 ] ::1 /EasyTalk/admin.php/Home/Administration/checkLogin
INFO: [ app_init ] --START--
INFO: Run Behavior\BuildLiteBehavior [ RunTime:0.000071s ]
INFO: [ app_init ] --END-- [ RunTime:0.001383s ]
INFO: [ app_begin ] --START--
INFO: Run Behavior\ReadHtmlCacheBehavior [ RunTime:0.002305s ]
INFO: [ app_begin ] --END-- [ RunTime:0.002603s ]

[ 2016-12-16T21:58:01+08:00 ] ::1 /EasyTalk/admin.php/Home/Administration/getOneExe
INFO: [ app_init ] --START--
INFO: Run Behavior\BuildLiteBehavior [ RunTime:0.000070s ]
INFO: [ app_init ] --END-- [ RunTime:0.002073s ]
INFO: [ app_begin ] --START--
INFO: Run Behavior\ReadHtmlCacheBehavior [ RunTime:0.003041s ]
INFO: [ app_begin ] --END-- [ RunTime:0.003368s ]
SQL: SHOW COLUMNS FROM `admin` [ RunTime:0.0089s ]
SQL: SHOW COLUMNS FROM `exercise` [ RunTime:0.0059s ]
SQL: SELECT * FROM `exercise` WHERE `e_id` = 1  [ RunTime:0.0004s ]
SQL: SHOW COLUMNS FROM `quiz` [ RunTime:0.0078s ]
SQL: SELECT COUNT(*) AS tp_count FROM `quiz` WHERE `e_id` = 1 AND `xiaoti` > 0 LIMIT 1   [ RunTime:0.0009s ]
SQL: SELECT SUM(point) AS tp_sum FROM `quiz` WHERE `e_id` = 1 LIMIT 1   [ RunTime:0.0004s ]
SQL: SELECT `dati`,`da_des` FROM `quiz` WHERE `e_id` = 1 GROUP BY dati  [ RunTime:0.0066s ]

[ 2016-12-16T21:58:01+08:00 ] ::1 /EasyTalk/admin.php/Home/Administration/getName
INFO: [ app_init ] --START--
INFO: Run Behavior\BuildLiteBehavior [ RunTime:0.000061s ]
INFO: [ app_init ] --END-- [ RunTime:0.001347s ]
INFO: [ app_begin ] --START--
INFO: Run Behavior\ReadHtmlCacheBehavior [ RunTime:0.002520s ]
INFO: [ app_begin ] --END-- [ RunTime:0.002813s ]

[ 2016-12-16T21:58:01+08:00 ] ::1 /EasyTalk/admin.php/Home/Administration/getXiaoti
INFO: [ app_init ] --START--
INFO: Run Behavior\BuildLiteBehavior [ RunTime:0.000100s ]
INFO: [ app_init ] --END-- [ RunTime:0.001307s ]
INFO: [ app_begin ] --START--
INFO: Run Behavior\ReadHtmlCacheBehavior [ RunTime:0.001596s ]
INFO: [ app_begin ] --END-- [ RunTime:0.001859s ]
SQL: SHOW COLUMNS FROM `admin` [ RunTime:0.0110s ]
SQL: SHOW COLUMNS FROM `quiz` [ RunTime:0.0098s ]
SQL: SELECT * FROM `quiz` WHERE `e_id` = 1 AND `dati` = 1 AND `xiaoti` > 0  [ RunTime:0.0006s ]

[ 2016-12-16T21:58:01+08:00 ] ::1 /EasyTalk/admin.php/Home/Administration/getXiaoti
INFO: [ app_init ] --START--
INFO: Run Behavior\BuildLiteBehavior [ RunTime:0.000061s ]
INFO: [ app_init ] --END-- [ RunTime:0.001815s ]
INFO: [ app_begin ] --START--
INFO: Run Behavior\ReadHtmlCacheBehavior [ RunTime:0.001617s ]
INFO: [ app_begin ] --END-- [ RunTime:0.001891s ]
SQL: SHOW COLUMNS FROM `admin` [ RunTime:0.0057s ]
SQL: SHOW COLUMNS FROM `quiz` [ RunTime:0.0061s ]
SQL: SELECT * FROM `quiz` WHERE `e_id` = 1 AND `dati` = 3 AND `xiaoti` > 0  [ RunTime:0.0006s ]

[ 2016-12-16T21:58:01+08:00 ] ::1 /EasyTalk/admin.php/Home/Administration/getXiaoti
INFO: [ app_init ] --START--
INFO: Run Behavior\BuildLiteBehavior [ RunTime:0.000174s ]
INFO: [ app_init ] --END-- [ RunTime:0.002034s ]
INFO: [ app_begin ] --START--
INFO: Run Behavior\ReadHtmlCacheBehavior [ RunTime:0.001918s ]
INFO: [ app_begin ] --END-- [ RunTime:0.002259s ]
SQL: SHOW COLUMNS FROM `admin` [ RunTime:0.0058s ]
SQL: SHOW COLUMNS FROM `quiz` [ RunTime:0.0061s ]
SQL: SELECT * FROM `quiz` WHERE `e_id` = 1 AND `dati` = 2 AND `xiaoti` > 0  [ RunTime:0.0005s ]

[ 2016-12-16T21:58:01+08:00 ] ::1 /EasyTalk/admin.php/Home/Administration/getXiaoti
INFO: [ app_init ] --START--
INFO: Run Behavior\BuildLiteBehavior [ RunTime:0.000073s ]
INFO: [ app_init ] --END-- [ RunTime:0.001466s ]
INFO: [ app_begin ] --START--
INFO: Run Behavior\ReadHtmlCacheBehavior [ RunTime:0.001860s ]
INFO: [ app_begin ] --END-- [ RunTime:0.002176s ]
SQL: SHOW COLUMNS FROM `admin` [ RunTime:0.0055s ]
SQL: SHOW COLUMNS FROM `quiz` [ RunTime:0.0054s ]
SQL: SELECT * FROM `quiz` WHERE `e_id` = 1 AND `dati` = 4 AND `xiaoti` > 0  [ RunTime:0.0004s ]

[ 2016-12-16T21:58:05+08:00 ] ::1 /EasyTalk/admin.php/Home/Administration/adexe_edi_sm.html?html=112&e_id=1&x_id=1&t_id=1
INFO: [ app_init ] --START--
INFO: Run Behavior\BuildLiteBehavior [ RunTime:0.000040s ]
INFO: [ app_init ] --END-- [ RunTime:0.000899s ]
INFO: [ app_begin ] --START--
INFO: Run Behavior\ReadHtmlCacheBehavior [ RunTime:0.001940s ]
INFO: [ app_begin ] --END-- [ RunTime:0.002183s ]
INFO: [ view_parse ] --START--
INFO: [ template_filter ] --START--
INFO: Run Behavior\ContentReplaceBehavior [ RunTime:0.000201s ]
INFO: [ template_filter ] --END-- [ RunTime:0.000416s ]
INFO: Run Behavior\ParseTemplateBehavior [ RunTime:0.014215s ]
INFO: [ view_parse ] --END-- [ RunTime:0.014449s ]
INFO: [ view_filter ] --START--
INFO: Run Behavior\WriteHtmlCacheBehavior [ RunTime:0.000756s ]
INFO: [ view_filter ] --END-- [ RunTime:0.000931s ]
INFO: [ app_end ] --START--
INFO: Run Behavior\ShowPageTraceBehavior [ RunTime:0.001369s ]
INFO: [ app_end ] --END-- [ RunTime:0.001577s ]

[ 2016-12-16T21:58:05+08:00 ] ::1 /EasyTalk/admin.php/Home/Administration/checkLogin
INFO: [ app_init ] --START--
INFO: Run Behavior\BuildLiteBehavior [ RunTime:0.000074s ]
INFO: [ app_init ] --END-- [ RunTime:0.002182s ]
INFO: [ app_begin ] --START--
INFO: Run Behavior\ReadHtmlCacheBehavior [ RunTime:0.001804s ]
INFO: [ app_begin ] --END-- [ RunTime:0.002126s ]

[ 2016-12-16T21:58:05+08:00 ] ::1 /EasyTalk/admin.php/Home/Administration/checkXiaoti
INFO: [ app_init ] --START--
INFO: Run Behavior\BuildLiteBehavior [ RunTime:0.000068s ]
INFO: [ app_init ] --END-- [ RunTime:0.001377s ]
INFO: [ app_begin ] --START--
INFO: Run Behavior\ReadHtmlCacheBehavior [ RunTime:0.002208s ]
INFO: [ app_begin ] --END-- [ RunTime:0.002553s ]
SQL: SHOW COLUMNS FROM `admin` [ RunTime:0.0085s ]
SQL: SHOW COLUMNS FROM `quiz` [ RunTime:0.0101s ]
SQL: SELECT * FROM `quiz` WHERE `e_id` = 1 AND `dati` = 1 AND `xiaoti` = 1  [ RunTime:0.0008s ]

[ 2016-12-16T21:58:05+08:00 ] ::1 /EasyTalk/admin.php/Home/Administration/getName
INFO: [ app_init ] --START--
INFO: Run Behavior\BuildLiteBehavior [ RunTime:0.000062s ]
INFO: [ app_init ] --END-- [ RunTime:0.001347s ]
INFO: [ app_begin ] --START--
INFO: Run Behavior\ReadHtmlCacheBehavior [ RunTime:0.003251s ]
INFO: [ app_begin ] --END-- [ RunTime:0.003522s ]

[ 2016-12-16T21:58:09+08:00 ] ::1 /EasyTalk/admin.php/Home/Administration/updateXiaoti
INFO: [ app_init ] --START--
INFO: Run Behavior\BuildLiteBehavior [ RunTime:0.000041s ]
INFO: [ app_init ] --END-- [ RunTime:0.001098s ]
INFO: [ app_begin ] --START--
INFO: Run Behavior\ReadHtmlCacheBehavior [ RunTime:0.001492s ]
INFO: [ app_begin ] --END-- [ RunTime:0.001666s ]
SQL: SHOW COLUMNS FROM `admin` [ RunTime:0.0050s ]
SQL: SHOW COLUMNS FROM `quiz` [ RunTime:0.0050s ]
SQL: UPDATE `quiz` SET `title`='Were  you _____ Canada  during  the  summer  holiday?',`answer`='A',`point`='2',`ABCD`='in,on,at,by' WHERE `e_id` = 1 AND `dati` = 1 AND `xiaoti` = 1 [ RunTime:0.1073s ]

[ 2016-12-16T21:58:10+08:00 ] ::1 /EasyTalk/admin.php/Home/Administration/adexe_exe.html?html=113&e_id=1
INFO: [ app_init ] --START--
INFO: Run Behavior\BuildLiteBehavior [ RunTime:0.000040s ]
INFO: [ app_init ] --END-- [ RunTime:0.000835s ]
INFO: [ app_begin ] --START--
INFO: Run Behavior\ReadHtmlCacheBehavior [ RunTime:0.001171s ]
INFO: [ app_begin ] --END-- [ RunTime:0.001368s ]
INFO: [ view_parse ] --START--
INFO: [ template_filter ] --START--
INFO: Run Behavior\ContentReplaceBehavior [ RunTime:0.000234s ]
INFO: [ template_filter ] --END-- [ RunTime:0.000480s ]
INFO: Run Behavior\ParseTemplateBehavior [ RunTime:0.015705s ]
INFO: [ view_parse ] --END-- [ RunTime:0.015947s ]
INFO: [ view_filter ] --START--
INFO: Run Behavior\WriteHtmlCacheBehavior [ RunTime:0.000926s ]
INFO: [ view_filter ] --END-- [ RunTime:0.001109s ]
INFO: [ app_end ] --START--
INFO: Run Behavior\ShowPageTraceBehavior [ RunTime:0.001169s ]
INFO: [ app_end ] --END-- [ RunTime:0.001343s ]

[ 2016-12-16T21:58:10+08:00 ] ::1 /EasyTalk/admin.php/Home/Administration/checkLogin
INFO: [ app_init ] --START--
INFO: Run Behavior\BuildLiteBehavior [ RunTime:0.000068s ]
INFO: [ app_init ] --END-- [ RunTime:0.001352s ]
INFO: [ app_begin ] --START--
INFO: Run Behavior\ReadHtmlCacheBehavior [ RunTime:0.001790s ]
INFO: [ app_begin ] --END-- [ RunTime:0.002103s ]

[ 2016-12-16T21:58:10+08:00 ] ::1 /EasyTalk/admin.php/Home/Administration/getOneExe
INFO: [ app_init ] --START--
INFO: Run Behavior\BuildLiteBehavior [ RunTime:0.000089s ]
INFO: [ app_init ] --END-- [ RunTime:0.001568s ]
INFO: [ app_begin ] --START--
INFO: Run Behavior\ReadHtmlCacheBehavior [ RunTime:0.001825s ]
INFO: [ app_begin ] --END-- [ RunTime:0.002129s ]
SQL: SHOW COLUMNS FROM `admin` [ RunTime:0.0075s ]
SQL: SHOW COLUMNS FROM `exercise` [ RunTime:0.0082s ]
SQL: SELECT * FROM `exercise` WHERE `e_id` = 1  [ RunTime:0.0006s ]
SQL: SHOW COLUMNS FROM `quiz` [ RunTime:0.0062s ]
SQL: SELECT COUNT(*) AS tp_count FROM `quiz` WHERE `e_id` = 1 AND `xiaoti` > 0 LIMIT 1   [ RunTime:0.0004s ]
SQL: SELECT SUM(point) AS tp_sum FROM `quiz` WHERE `e_id` = 1 LIMIT 1   [ RunTime:0.0006s ]
SQL: SELECT `dati`,`da_des` FROM `quiz` WHERE `e_id` = 1 GROUP BY dati  [ RunTime:0.0064s ]

[ 2016-12-16T21:58:10+08:00 ] ::1 /EasyTalk/admin.php/Home/Administration/getName
INFO: [ app_init ] --START--
INFO: Run Behavior\BuildLiteBehavior [ RunTime:0.000070s ]
INFO: [ app_init ] --END-- [ RunTime:0.001406s ]
INFO: [ app_begin ] --START--
INFO: Run Behavior\ReadHtmlCacheBehavior [ RunTime:0.001782s ]
INFO: [ app_begin ] --END-- [ RunTime:0.002103s ]

[ 2016-12-16T21:58:10+08:00 ] ::1 /EasyTalk/admin.php/Home/Administration/getXiaoti
INFO: [ app_init ] --START--
INFO: Run Behavior\BuildLiteBehavior [ RunTime:0.000065s ]
INFO: [ app_init ] --END-- [ RunTime:0.001287s ]
INFO: [ app_begin ] --START--
INFO: Run Behavior\ReadHtmlCacheBehavior [ RunTime:0.001853s ]
INFO: [ app_begin ] --END-- [ RunTime:0.002154s ]
SQL: SHOW COLUMNS FROM `admin` [ RunTime:0.0074s ]
SQL: SHOW COLUMNS FROM `quiz` [ RunTime:0.0061s ]
SQL: SELECT * FROM `quiz` WHERE `e_id` = 1 AND `dati` = 1 AND `xiaoti` > 0  [ RunTime:0.0007s ]

[ 2016-12-16T21:58:10+08:00 ] ::1 /EasyTalk/admin.php/Home/Administration/getXiaoti
INFO: [ app_init ] --START--
INFO: Run Behavior\BuildLiteBehavior [ RunTime:0.000081s ]
INFO: [ app_init ] --END-- [ RunTime:0.001689s ]
INFO: [ app_begin ] --START--
INFO: Run Behavior\ReadHtmlCacheBehavior [ RunTime:0.001598s ]
INFO: [ app_begin ] --END-- [ RunTime:0.001883s ]
SQL: SHOW COLUMNS FROM `admin` [ RunTime:0.0085s ]
SQL: SHOW COLUMNS FROM `quiz` [ RunTime:0.0069s ]
SQL: SELECT * FROM `quiz` WHERE `e_id` = 1 AND `dati` = 3 AND `xiaoti` > 0  [ RunTime:0.0005s ]

[ 2016-12-16T21:58:10+08:00 ] ::1 /EasyTalk/admin.php/Home/Administration/getXiaoti
INFO: [ app_init ] --START--
INFO: Run Behavior\BuildLiteBehavior [ RunTime:0.000065s ]
INFO: [ app_init ] --END-- [ RunTime:0.001393s ]
INFO: [ app_begin ] --START--
INFO: Run Behavior\ReadHtmlCacheBehavior [ RunTime:0.003624s ]
INFO: [ app_begin ] --END-- [ RunTime:0.003928s ]
SQL: SHOW COLUMNS FROM `admin` [ RunTime:0.0070s ]
SQL: SHOW COLUMNS FROM `quiz` [ RunTime:0.0054s ]
SQL: SELECT * FROM `quiz` WHERE `e_id` = 1 AND `dati` = 2 AND `xiaoti` > 0  [ RunTime:0.0010s ]

[ 2016-12-16T21:58:10+08:00 ] ::1 /EasyTalk/admin.php/Home/Administration/getXiaoti
INFO: [ app_init ] --START--
INFO: Run Behavior\BuildLiteBehavior [ RunTime:0.000070s ]
INFO: [ app_init ] --END-- [ RunTime:0.001321s ]
INFO: [ app_begin ] --START--
INFO: Run Behavior\ReadHtmlCacheBehavior [ RunTime:0.001373s ]
INFO: [ app_begin ] --END-- [ RunTime:0.001631s ]
SQL: SHOW COLUMNS FROM `admin` [ RunTime:0.0055s ]
SQL: SHOW COLUMNS FROM `quiz` [ RunTime:0.0053s ]
SQL: SELECT * FROM `quiz` WHERE `e_id` = 1 AND `dati` = 4 AND `xiaoti` > 0  [ RunTime:0.0004s ]

[ 2016-12-16T21:58:29+08:00 ] ::1 /EasyTalk/admin.php/Home/Administration/adexe_edi_sm.html?html=112&e_id=1&x_id=1&t_id=3
INFO: [ app_init ] --START--
INFO: Run Behavior\BuildLiteBehavior [ RunTime:0.000041s ]
INFO: [ app_init ] --END-- [ RunTime:0.000859s ]
INFO: [ app_begin ] --START--
INFO: Run Behavior\ReadHtmlCacheBehavior [ RunTime:0.001071s ]
INFO: [ app_begin ] --END-- [ RunTime:0.001248s ]
INFO: [ view_parse ] --START--
INFO: [ template_filter ] --START--
INFO: Run Behavior\ContentReplaceBehavior [ RunTime:0.000199s ]
INFO: [ template_filter ] --END-- [ RunTime:0.000396s ]
INFO: Run Behavior\ParseTemplateBehavior [ RunTime:0.017965s ]
INFO: [ view_parse ] --END-- [ RunTime:0.018175s ]
INFO: [ view_filter ] --START--
INFO: Run Behavior\WriteHtmlCacheBehavior [ RunTime:0.001359s ]
INFO: [ view_filter ] --END-- [ RunTime:0.001566s ]
INFO: [ app_end ] --START--
INFO: Run Behavior\ShowPageTraceBehavior [ RunTime:0.001257s ]
INFO: [ app_end ] --END-- [ RunTime:0.001474s ]

[ 2016-12-16T21:58:29+08:00 ] ::1 /EasyTalk/admin.php/Home/Administration/checkLogin
INFO: [ app_init ] --START--
INFO: Run Behavior\BuildLiteBehavior [ RunTime:0.000057s ]
INFO: [ app_init ] --END-- [ RunTime:0.000997s ]
INFO: [ app_begin ] --START--
INFO: Run Behavior\ReadHtmlCacheBehavior [ RunTime:0.001653s ]
INFO: [ app_begin ] --END-- [ RunTime:0.001951s ]

[ 2016-12-16T21:58:29+08:00 ] ::1 /EasyTalk/admin.php/Home/Administration/checkXiaoti
INFO: [ app_init ] --START--
INFO: Run Behavior\BuildLiteBehavior [ RunTime:0.000043s ]
INFO: [ app_init ] --END-- [ RunTime:0.001317s ]
INFO: [ app_begin ] --START--
INFO: Run Behavior\ReadHtmlCacheBehavior [ RunTime:0.001534s ]
INFO: [ app_begin ] --END-- [ RunTime:0.001813s ]
SQL: SHOW COLUMNS FROM `admin` [ RunTime:0.0080s ]
SQL: SHOW COLUMNS FROM `quiz` [ RunTime:0.0073s ]
SQL: SELECT * FROM `quiz` WHERE `e_id` = 1 AND `dati` = 3 AND `xiaoti` = 1  [ RunTime:0.0006s ]

[ 2016-12-16T21:58:29+08:00 ] ::1 /EasyTalk/admin.php/Home/Administration/getName
INFO: [ app_init ] --START--
INFO: Run Behavior\BuildLiteBehavior [ RunTime:0.000039s ]
INFO: [ app_init ] --END-- [ RunTime:0.000968s ]
INFO: [ app_begin ] --START--
INFO: Run Behavior\ReadHtmlCacheBehavior [ RunTime:0.001058s ]
INFO: [ app_begin ] --END-- [ RunTime:0.001212s ]

[ 2016-12-16T21:58:33+08:00 ] ::1 /EasyTalk/admin.php/Home/Administration/updateXiaoti
INFO: [ app_init ] --START--
INFO: Run Behavior\BuildLiteBehavior [ RunTime:0.000039s ]
INFO: [ app_init ] --END-- [ RunTime:0.000855s ]
INFO: [ app_begin ] --START--
INFO: Run Behavior\ReadHtmlCacheBehavior [ RunTime:0.001143s ]
INFO: [ app_begin ] --END-- [ RunTime:0.001306s ]
SQL: SHOW COLUMNS FROM `admin` [ RunTime:0.0054s ]
SQL: SHOW COLUMNS FROM `quiz` [ RunTime:0.0056s ]
SQL: UPDATE `quiz` SET `title`='Don\'t feel worried about your child. The whole class would be ___ to the new classmate.',`answer`='B',`point`='2',`ABCD`='friend,friendly,more friendly,most friendly' WHERE `e_id` = 1 AND `dati` = 3 AND `xiaoti` = 1 [ RunTime:0.1582s ]

[ 2016-12-16T21:58:34+08:00 ] ::1 /EasyTalk/admin.php/Home/Administration/adexe_exe.html?html=113&e_id=1
INFO: [ app_init ] --START--
INFO: Run Behavior\BuildLiteBehavior [ RunTime:0.000040s ]
INFO: [ app_init ] --END-- [ RunTime:0.000811s ]
INFO: [ app_begin ] --START--
INFO: Run Behavior\ReadHtmlCacheBehavior [ RunTime:0.001183s ]
INFO: [ app_begin ] --END-- [ RunTime:0.001383s ]
INFO: [ view_parse ] --START--
INFO: [ template_filter ] --START--
INFO: Run Behavior\ContentReplaceBehavior [ RunTime:0.000212s ]
INFO: [ template_filter ] --END-- [ RunTime:0.000413s ]
INFO: Run Behavior\ParseTemplateBehavior [ RunTime:0.014107s ]
INFO: [ view_parse ] --END-- [ RunTime:0.014326s ]
INFO: [ view_filter ] --START--
INFO: Run Behavior\WriteHtmlCacheBehavior [ RunTime:0.000962s ]
INFO: [ view_filter ] --END-- [ RunTime:0.001132s ]
INFO: [ app_end ] --START--
INFO: Run Behavior\ShowPageTraceBehavior [ RunTime:0.001111s ]
INFO: [ app_end ] --END-- [ RunTime:0.001280s ]

[ 2016-12-16T21:58:34+08:00 ] ::1 /EasyTalk/admin.php/Home/Administration/checkLogin
INFO: [ app_init ] --START--
INFO: Run Behavior\BuildLiteBehavior [ RunTime:0.000068s ]
INFO: [ app_init ] --END-- [ RunTime:0.001296s ]
INFO: [ app_begin ] --START--
INFO: Run Behavior\ReadHtmlCacheBehavior [ RunTime:0.001664s ]
INFO: [ app_begin ] --END-- [ RunTime:0.001958s ]

[ 2016-12-16T21:58:34+08:00 ] ::1 /EasyTalk/admin.php/Home/Administration/getOneExe
INFO: [ app_init ] --START--
INFO: Run Behavior\BuildLiteBehavior [ RunTime:0.000067s ]
INFO: [ app_init ] --END-- [ RunTime:0.002155s ]
INFO: [ app_begin ] --START--
INFO: Run Behavior\ReadHtmlCacheBehavior [ RunTime:0.001141s ]
INFO: [ app_begin ] --END-- [ RunTime:0.001362s ]
SQL: SHOW COLUMNS FROM `admin` [ RunTime:0.0083s ]
SQL: SHOW COLUMNS FROM `exercise` [ RunTime:0.0081s ]
SQL: SELECT * FROM `exercise` WHERE `e_id` = 1  [ RunTime:0.0007s ]
SQL: SHOW COLUMNS FROM `quiz` [ RunTime:0.0061s ]
SQL: SELECT COUNT(*) AS tp_count FROM `quiz` WHERE `e_id` = 1 AND `xiaoti` > 0 LIMIT 1   [ RunTime:0.0005s ]
SQL: SELECT SUM(point) AS tp_sum FROM `quiz` WHERE `e_id` = 1 LIMIT 1   [ RunTime:0.0004s ]
SQL: SELECT `dati`,`da_des` FROM `quiz` WHERE `e_id` = 1 GROUP BY dati  [ RunTime:0.0067s ]

[ 2016-12-16T21:58:34+08:00 ] ::1 /EasyTalk/admin.php/Home/Administration/getName
INFO: [ app_init ] --START--
INFO: Run Behavior\BuildLiteBehavior [ RunTime:0.000086s ]
INFO: [ app_init ] --END-- [ RunTime:0.001180s ]
INFO: [ app_begin ] --START--
INFO: Run Behavior\ReadHtmlCacheBehavior [ RunTime:0.001733s ]
INFO: [ app_begin ] --END-- [ RunTime:0.002013s ]

[ 2016-12-16T21:58:34+08:00 ] ::1 /EasyTalk/admin.php/Home/Administration/getXiaoti
INFO: [ app_init ] --START--
INFO: Run Behavior\BuildLiteBehavior [ RunTime:0.000064s ]
INFO: [ app_init ] --END-- [ RunTime:0.001241s ]
INFO: [ app_begin ] --START--
INFO: Run Behavior\ReadHtmlCacheBehavior [ RunTime:0.001599s ]
INFO: [ app_begin ] --END-- [ RunTime:0.001883s ]
SQL: SHOW COLUMNS FROM `admin` [ RunTime:0.0094s ]
SQL: SHOW COLUMNS FROM `quiz` [ RunTime:0.0058s ]
SQL: SELECT * FROM `quiz` WHERE `e_id` = 1 AND `dati` = 1 AND `xiaoti` > 0  [ RunTime:0.0005s ]

[ 2016-12-16T21:58:34+08:00 ] ::1 /EasyTalk/admin.php/Home/Administration/getXiaoti
INFO: [ app_init ] --START--
INFO: Run Behavior\BuildLiteBehavior [ RunTime:0.000063s ]
INFO: [ app_init ] --END-- [ RunTime:0.001366s ]
INFO: [ app_begin ] --START--
INFO: Run Behavior\ReadHtmlCacheBehavior [ RunTime:0.001680s ]
INFO: [ app_begin ] --END-- [ RunTime:0.001943s ]
SQL: SHOW COLUMNS FROM `admin` [ RunTime:0.0076s ]
SQL: SHOW COLUMNS FROM `quiz` [ RunTime:0.0063s ]
SQL: SELECT * FROM `quiz` WHERE `e_id` = 1 AND `dati` = 3 AND `xiaoti` > 0  [ RunTime:0.0004s ]

[ 2016-12-16T21:58:34+08:00 ] ::1 /EasyTalk/admin.php/Home/Administration/getXiaoti
INFO: [ app_init ] --START--
INFO: Run Behavior\BuildLiteBehavior [ RunTime:0.000067s ]
INFO: [ app_init ] --END-- [ RunTime:0.001226s ]
INFO: [ app_begin ] --START--
INFO: Run Behavior\ReadHtmlCacheBehavior [ RunTime:0.001625s ]
INFO: [ app_begin ] --END-- [ RunTime:0.001922s ]
SQL: SHOW COLUMNS FROM `admin` [ RunTime:0.0051s ]
SQL: SHOW COLUMNS FROM `quiz` [ RunTime:0.0053s ]
SQL: SELECT * FROM `quiz` WHERE `e_id` = 1 AND `dati` = 4 AND `xiaoti` > 0  [ RunTime:0.0005s ]

[ 2016-12-16T21:58:34+08:00 ] ::1 /EasyTalk/admin.php/Home/Administration/getXiaoti
INFO: [ app_init ] --START--
INFO: Run Behavior\BuildLiteBehavior [ RunTime:0.000064s ]
INFO: [ app_init ] --END-- [ RunTime:0.001356s ]
INFO: [ app_begin ] --START--
INFO: Run Behavior\ReadHtmlCacheBehavior [ RunTime:0.001545s ]
INFO: [ app_begin ] --END-- [ RunTime:0.001846s ]
SQL: SHOW COLUMNS FROM `admin` [ RunTime:0.0053s ]
SQL: SHOW COLUMNS FROM `quiz` [ RunTime:0.0054s ]
SQL: SELECT * FROM `quiz` WHERE `e_id` = 1 AND `dati` = 2 AND `xiaoti` > 0  [ RunTime:0.0004s ]

[ 2016-12-16T21:58:44+08:00 ] ::1 /EasyTalk/admin.php/Home/Administration/releaseExe
INFO: [ app_init ] --START--
INFO: Run Behavior\BuildLiteBehavior [ RunTime:0.000040s ]
INFO: [ app_init ] --END-- [ RunTime:0.000811s ]
INFO: [ app_begin ] --START--
INFO: Run Behavior\ReadHtmlCacheBehavior [ RunTime:0.000947s ]
INFO: [ app_begin ] --END-- [ RunTime:0.001116s ]
SQL: SHOW COLUMNS FROM `admin` [ RunTime:0.0049s ]
SQL: SHOW COLUMNS FROM `quiz` [ RunTime:0.0053s ]
SQL: DELETE FROM `quiz` WHERE `xiaoti` = 0 AND `e_id` = 1 [ RunTime:0.0004s ]
SQL: SHOW COLUMNS FROM `exercise` [ RunTime:0.0049s ]
SQL: UPDATE `exercise` SET `release`='1',`re_time`='2016-12-16' WHERE `e_id` = 1 [ RunTime:0.1448s ]

[ 2016-12-16T21:58:44+08:00 ] ::1 /EasyTalk/admin.php/Home/Administration/adexe_index?html=15
INFO: [ app_init ] --START--
INFO: Run Behavior\BuildLiteBehavior [ RunTime:0.000042s ]
INFO: [ app_init ] --END-- [ RunTime:0.001428s ]
INFO: [ app_begin ] --START--
INFO: Run Behavior\ReadHtmlCacheBehavior [ RunTime:0.000934s ]
INFO: [ app_begin ] --END-- [ RunTime:0.001125s ]
INFO: [ view_parse ] --START--
INFO: [ template_filter ] --START--
INFO: Run Behavior\ContentReplaceBehavior [ RunTime:0.000176s ]
INFO: [ template_filter ] --END-- [ RunTime:0.000385s ]
INFO: Run Behavior\ParseTemplateBehavior [ RunTime:0.016952s ]
INFO: [ view_parse ] --END-- [ RunTime:0.017162s ]
INFO: [ view_filter ] --START--
INFO: Run Behavior\WriteHtmlCacheBehavior [ RunTime:0.000714s ]
INFO: [ view_filter ] --END-- [ RunTime:0.000889s ]
INFO: [ app_end ] --START--
INFO: Run Behavior\ShowPageTraceBehavior [ RunTime:0.001064s ]
INFO: [ app_end ] --END-- [ RunTime:0.001230s ]

[ 2016-12-16T21:58:44+08:00 ] ::1 /EasyTalk/admin.php/Home/Administration/getAllExercises
INFO: [ app_init ] --START--
INFO: Run Behavior\BuildLiteBehavior [ RunTime:0.000310s ]
INFO: [ app_init ] --END-- [ RunTime:0.001634s ]
INFO: [ app_begin ] --START--
INFO: Run Behavior\ReadHtmlCacheBehavior [ RunTime:0.001983s ]
INFO: [ app_begin ] --END-- [ RunTime:0.002293s ]
SQL: SHOW COLUMNS FROM `exercise` [ RunTime:0.0069s ]
SQL: SELECT * FROM `exercise`  [ RunTime:0.0005s ]

[ 2016-12-16T21:58:44+08:00 ] ::1 /EasyTalk/admin.php/Home/Administration/checkLogin
INFO: [ app_init ] --START--
INFO: Run Behavior\BuildLiteBehavior [ RunTime:0.000072s ]
INFO: [ app_init ] --END-- [ RunTime:0.001517s ]
INFO: [ app_begin ] --START--
INFO: Run Behavior\ReadHtmlCacheBehavior [ RunTime:0.001544s ]
INFO: [ app_begin ] --END-- [ RunTime:0.001849s ]

[ 2016-12-16T21:58:45+08:00 ] ::1 /EasyTalk/admin.php/Home/Administration/getName
INFO: [ app_init ] --START--
INFO: Run Behavior\BuildLiteBehavior [ RunTime:0.000064s ]
INFO: [ app_init ] --END-- [ RunTime:0.001050s ]
INFO: [ app_begin ] --START--
INFO: Run Behavior\ReadHtmlCacheBehavior [ RunTime:0.001336s ]
INFO: [ app_begin ] --END-- [ RunTime:0.001542s ]

