[ 2016-12-31T08:15:50+08:00 ] 42.156.251.187 /EasyTalk/admin.php/Home/Administration/adminlogin
INFO: [ app_init ] --START--
INFO: Run Behavior\BuildLiteBehavior [ RunTime:0.000057s ]
INFO: [ app_init ] --END-- [ RunTime:0.001833s ]
INFO: [ app_begin ] --START--
INFO: Run Behavior\ReadHtmlCacheBehavior [ RunTime:0.002190s ]
INFO: [ app_begin ] --END-- [ RunTime:0.002443s ]
INFO: [ view_parse ] --START--
INFO: [ template_filter ] --START--
INFO: Run Behavior\ContentReplaceBehavior [ RunTime:0.000426s ]
INFO: [ template_filter ] --END-- [ RunTime:0.000696s ]
INFO: Run Behavior\ParseTemplateBehavior [ RunTime:0.043394s ]
INFO: [ view_parse ] --END-- [ RunTime:0.043644s ]
INFO: [ view_filter ] --START--
INFO: Run Behavior\WriteHtmlCacheBehavior [ RunTime:0.001955s ]
INFO: [ view_filter ] --END-- [ RunTime:0.002200s ]
INFO: [ app_end ] --START--
INFO: Run Behavior\ShowPageTraceBehavior [ RunTime:0.001833s ]
INFO: [ app_end ] --END-- [ RunTime:0.002068s ]

[ 2016-12-31T08:16:10+08:00 ] 42.156.251.187 /easytalk/admin.php/home/administration/adminlogin
INFO: [ app_init ] --START--
INFO: Run Behavior\BuildLiteBehavior [ RunTime:0.000051s ]
INFO: [ app_init ] --END-- [ RunTime:0.000657s ]
INFO: [ app_begin ] --START--
INFO: Run Behavior\ReadHtmlCacheBehavior [ RunTime:0.000668s ]
INFO: [ app_begin ] --END-- [ RunTime:0.000918s ]
INFO: [ view_parse ] --START--
INFO: [ template_filter ] --START--
INFO: Run Behavior\ContentReplaceBehavior [ RunTime:0.000143s ]
INFO: [ template_filter ] --END-- [ RunTime:0.000398s ]
INFO: Run Behavior\ParseTemplateBehavior [ RunTime:0.008038s ]
INFO: [ view_parse ] --END-- [ RunTime:0.008281s ]
INFO: [ view_filter ] --START--
INFO: Run Behavior\WriteHtmlCacheBehavior [ RunTime:0.000395s ]
INFO: [ view_filter ] --END-- [ RunTime:0.000688s ]
INFO: [ app_end ] --START--
INFO: Run Behavior\ShowPageTraceBehavior [ RunTime:0.000642s ]
INFO: [ app_end ] --END-- [ RunTime:0.000915s ]

