[ 2016-10-31T21:44:19+08:00 ] ::1 /jobBook/admin.php/Home/job/upload_job
ERR: 非法操作:upload_job

[ 2016-10-31T21:45:22+08:00 ] ::1 /jobBook/admin.php/Home/article/article_load
ERR: 非法操作:article_load

[ 2016-10-31T21:57:00+08:00 ] ::1 /jobBook/admin.php/Home/article/emotions.data
INFO: [ app_begin ] --START--
INFO: Run Behavior\ReadHtmlCacheBehavior [ RunTime:0.001332s ]
INFO: [ app_begin ] --END-- [ RunTime:0.002325s ]
ERR: 非法操作:emotions.data

[ 2016-10-31T21:58:01+08:00 ] ::1 /jobBook/admin.php/Home/article/emotions.data
INFO: [ app_begin ] --START--
INFO: Run Behavior\ReadHtmlCacheBehavior [ RunTime:0.001659s ]
INFO: [ app_begin ] --END-- [ RunTime:0.002956s ]
ERR: 非法操作:emotions.data

[ 2016-10-31T22:01:58+08:00 ] ::1 /jobBook/admin.php/Home/article/emotions.data
INFO: [ app_begin ] --START--
INFO: Run Behavior\ReadHtmlCacheBehavior [ RunTime:0.001048s ]
INFO: [ app_begin ] --END-- [ RunTime:0.002051s ]
ERR: 非法操作:emotions.data

[ 2016-10-31T22:02:43+08:00 ] ::1 /jobBook/admin.php/Home/article/emotions.data
INFO: [ app_begin ] --START--
INFO: Run Behavior\ReadHtmlCacheBehavior [ RunTime:0.001072s ]
INFO: [ app_begin ] --END-- [ RunTime:0.001893s ]
ERR: 非法操作:emotions.data

[ 2016-10-31T22:04:36+08:00 ] ::1 /jobBook/admin.php/Home/article/emotions.data
INFO: [ app_begin ] --START--
INFO: Run Behavior\ReadHtmlCacheBehavior [ RunTime:0.001472s ]
INFO: [ app_begin ] --END-- [ RunTime:0.002401s ]
ERR: 非法操作:emotions.data

[ 2016-10-31T22:04:49+08:00 ] ::1 /jobBook/admin.php/Home/article/emotions.data
INFO: [ app_begin ] --START--
INFO: Run Behavior\ReadHtmlCacheBehavior [ RunTime:0.001383s ]
INFO: [ app_begin ] --END-- [ RunTime:0.002556s ]
ERR: 非法操作:emotions.data

[ 2016-10-31T22:10:20+08:00 ] ::1 /jobBook/admin.php/Home/Article/emotions.data
INFO: [ app_begin ] --START--
INFO: Run Behavior\ReadHtmlCacheBehavior [ RunTime:0.001364s ]
INFO: [ app_begin ] --END-- [ RunTime:0.002351s ]
ERR: 非法操作:emotions.data

[ 2016-10-31T22:13:26+08:00 ] ::1 /jobBook/admin.php/Home/Article/emotions.data
INFO: [ app_begin ] --START--
INFO: Run Behavior\ReadHtmlCacheBehavior [ RunTime:0.002607s ]
INFO: [ app_begin ] --END-- [ RunTime:0.004003s ]
ERR: 非法操作:emotions.data

[ 2016-10-31T22:14:55+08:00 ] ::1 /jobBook/admin.php/Home/Article/emotions.data
INFO: [ app_begin ] --START--
INFO: Run Behavior\ReadHtmlCacheBehavior [ RunTime:0.001284s ]
INFO: [ app_begin ] --END-- [ RunTime:0.002098s ]
ERR: 非法操作:emotions.data

[ 2016-10-31T22:20:00+08:00 ] ::1 /jobBook/admin.php/Home/Article/emotions.data
INFO: [ app_begin ] --START--
INFO: Run Behavior\ReadHtmlCacheBehavior [ RunTime:0.001356s ]
INFO: [ app_begin ] --END-- [ RunTime:0.002193s ]
ERR: 非法操作:emotions.data

[ 2016-10-31T22:21:33+08:00 ] ::1 /jobBook/admin.php/Home/Article/emotions.data
INFO: [ app_begin ] --START--
INFO: Run Behavior\ReadHtmlCacheBehavior [ RunTime:0.001394s ]
INFO: [ app_begin ] --END-- [ RunTime:0.002312s ]
ERR: 非法操作:emotions.data

[ 2016-10-31T22:22:31+08:00 ] ::1 /jobBook/admin.php/Home/Article/%3C!DOCTYPE%20HTML%20PUBLIC%20%22-//IETF//DTD%20HTML%202.0//EN%22%3E%3Chtml%3E%3Chead%3E%3Ctitle%3E404%20Not%20Found%3C/title%3E%3C/head%3E%3Cbody%3E%3Ch1%3ENot%20Found%3C/h1%3E%3Cp%3EThe%20requested%20URL%20/upload%20was%20not%20found%20on%20this%20server.%3C/p%3E%3C/body%3E%3C/html%3E
ERR: 非法操作:

[ 2016-10-31T22:22:45+08:00 ] ::1 /jobBook/admin.php/Home/Article/%3C!DOCTYPE%20HTML%20PUBLIC%20%22-//IETF//DTD%20HTML%202.0//EN%22%3E%3Chtml%3E%3Chead%3E%3Ctitle%3E404%20Not%20Found%3C/title%3E%3C/head%3E%3Cbody%3E%3Ch1%3ENot%20Found%3C/h1%3E%3Cp%3EThe%20requested%20URL%20/upload%20was%20not%20found%20on%20this%20server.%3C/p%3E%3C/body%3E%3C/html%3E
ERR: 非法操作:

[ 2016-10-31T22:23:09+08:00 ] ::1 /jobBook/admin.php/Home/Article/%3C!DOCTYPE%20HTML%20PUBLIC%20%22-//IETF//DTD%20HTML%202.0//EN%22%3E%3Chtml%3E%3Chead%3E%3Ctitle%3E404%20Not%20Found%3C/title%3E%3C/head%3E%3Cbody%3E%3Ch1%3ENot%20Found%3C/h1%3E%3Cp%3EThe%20requested%20URL%20/upload%20was%20not%20found%20on%20this%20server.%3C/p%3E%3C/body%3E%3C/html%3E
ERR: 非法操作:

[ 2016-10-31T22:24:18+08:00 ] ::1 /jobBook/admin.php/Home/Article/emotions.data
INFO: [ app_begin ] --START--
INFO: Run Behavior\ReadHtmlCacheBehavior [ RunTime:0.001504s ]
INFO: [ app_begin ] --END-- [ RunTime:0.002979s ]
ERR: 非法操作:emotions.data

[ 2016-10-31T22:32:10+08:00 ] ::1 /jobBook/admin.php/Home/article/emotions.data
INFO: [ app_begin ] --START--
INFO: Run Behavior\ReadHtmlCacheBehavior [ RunTime:0.001793s ]
INFO: [ app_begin ] --END-- [ RunTime:0.003010s ]
ERR: 非法操作:emotions.data

[ 2016-10-31T22:37:40+08:00 ] ::1 /jobBook/admin.php/Home/article/emotions.data
INFO: [ app_begin ] --START--
INFO: Run Behavior\ReadHtmlCacheBehavior [ RunTime:0.004715s ]
INFO: [ app_begin ] --END-- [ RunTime:0.008527s ]
ERR: 非法操作:emotions.data

[ 2016-10-31T22:37:59+08:00 ] ::1 /jobBook/admin.php/Home/article/emotions.data
INFO: [ app_begin ] --START--
INFO: Run Behavior\ReadHtmlCacheBehavior [ RunTime:0.004727s ]
INFO: [ app_begin ] --END-- [ RunTime:0.006831s ]
ERR: 非法操作:emotions.data

