[ 2016-11-01T20:46:13+08:00 ] ::1 /jobBook/admin.php/Home/article/article_load
ERR: 非法操作:article_load

[ 2016-11-01T20:46:28+08:00 ] ::1 /jobBook/admin.php/Home/article/emotions.data
INFO: [ app_begin ] --START--
INFO: Run Behavior\ReadHtmlCacheBehavior [ RunTime:0.001428s ]
INFO: [ app_begin ] --END-- [ RunTime:0.002666s ]
ERR: 非法操作:emotions.data

[ 2016-11-01T20:58:04+08:00 ] ::1 /jobBook/admin.php/Home/article/emotions.data
INFO: [ app_begin ] --START--
INFO: Run Behavior\ReadHtmlCacheBehavior [ RunTime:0.001947s ]
INFO: [ app_begin ] --END-- [ RunTime:0.003304s ]
ERR: 非法操作:emotions.data

[ 2016-11-01T20:58:14+08:00 ] ::1 /jobBook/admin.php/Home/article/emotions.data
INFO: [ app_begin ] --START--
INFO: Run Behavior\ReadHtmlCacheBehavior [ RunTime:0.001303s ]
INFO: [ app_begin ] --END-- [ RunTime:0.002204s ]
ERR: 非法操作:emotions.data

[ 2016-11-01T21:02:09+08:00 ] ::1 /jobBook/admin.php/Home/article/emotions.data
INFO: [ app_begin ] --START--
INFO: Run Behavior\ReadHtmlCacheBehavior [ RunTime:0.001128s ]
INFO: [ app_begin ] --END-- [ RunTime:0.002284s ]
ERR: 非法操作:emotions.data

[ 2016-11-01T21:03:40+08:00 ] ::1 /jobBook/admin.php/Home/article/emotions.data
INFO: [ app_begin ] --START--
INFO: Run Behavior\ReadHtmlCacheBehavior [ RunTime:0.001649s ]
INFO: [ app_begin ] --END-- [ RunTime:0.002841s ]
ERR: 非法操作:emotions.data

[ 2016-11-01T21:09:57+08:00 ] ::1 /jobBook/admin.php/Home/article/emotions.data
INFO: [ app_begin ] --START--
INFO: Run Behavior\ReadHtmlCacheBehavior [ RunTime:0.002550s ]
INFO: [ app_begin ] --END-- [ RunTime:0.004090s ]
ERR: 非法操作:emotions.data

[ 2016-11-01T21:13:58+08:00 ] ::1 /jobBook/admin.php/Home/article/emotions.data
INFO: [ app_begin ] --START--
INFO: Run Behavior\ReadHtmlCacheBehavior [ RunTime:0.001209s ]
INFO: [ app_begin ] --END-- [ RunTime:0.002212s ]
ERR: 非法操作:emotions.data

[ 2016-11-01T21:14:31+08:00 ] ::1 /jobBook/admin.php/Home/article/emotions.data
INFO: [ app_begin ] --START--
INFO: Run Behavior\ReadHtmlCacheBehavior [ RunTime:0.002067s ]
INFO: [ app_begin ] --END-- [ RunTime:0.003426s ]
ERR: 非法操作:emotions.data

[ 2016-11-01T21:15:40+08:00 ] ::1 /jobBook/admin.php/Home/article/emotions.data
INFO: [ app_begin ] --START--
INFO: Run Behavior\ReadHtmlCacheBehavior [ RunTime:0.001636s ]
INFO: [ app_begin ] --END-- [ RunTime:0.002488s ]
ERR: 非法操作:emotions.data

[ 2016-11-01T21:15:54+08:00 ] ::1 /jobBook/admin.php/Home/article/emotions.data
INFO: [ app_begin ] --START--
INFO: Run Behavior\ReadHtmlCacheBehavior [ RunTime:0.001869s ]
INFO: [ app_begin ] --END-- [ RunTime:0.003089s ]
ERR: 非法操作:emotions.data

[ 2016-11-01T21:16:17+08:00 ] ::1 /jobBook/admin.php/Home/article/emotions.data
INFO: [ app_begin ] --START--
INFO: Run Behavior\ReadHtmlCacheBehavior [ RunTime:0.001672s ]
INFO: [ app_begin ] --END-- [ RunTime:0.002665s ]
ERR: 非法操作:emotions.data

[ 2016-11-01T21:19:04+08:00 ] ::1 /jobBook/admin.php/Home/article/emotions.data
INFO: [ app_begin ] --START--
INFO: Run Behavior\ReadHtmlCacheBehavior [ RunTime:0.001077s ]
INFO: [ app_begin ] --END-- [ RunTime:0.002146s ]
ERR: 非法操作:emotions.data

[ 2016-11-01T21:19:14+08:00 ] ::1 /jobBook/admin.php/Home/article/emotions.data
INFO: [ app_begin ] --START--
INFO: Run Behavior\ReadHtmlCacheBehavior [ RunTime:0.002175s ]
INFO: [ app_begin ] --END-- [ RunTime:0.003760s ]
ERR: 非法操作:emotions.data

