[ 2016-12-14T20:21:44+08:00 ] ::1 /EasyTalk/admin.php/Home/Administration/adclass
INFO: [ app_init ] --START--
INFO: Run Behavior\BuildLiteBehavior [ RunTime:0.000000s ]
INFO: [ app_init ] --END-- [ RunTime:0.044003s ]
INFO: [ app_begin ] --START--
INFO: Run Behavior\ReadHtmlCacheBehavior [ RunTime:0.005000s ]
INFO: [ app_begin ] --END-- [ RunTime:0.005000s ]
INFO: [ view_parse ] --START--
INFO: [ template_filter ] --START--
INFO: Run Behavior\ContentReplaceBehavior [ RunTime:0.033002s ]
INFO: [ template_filter ] --END-- [ RunTime:0.033002s ]
INFO: Run Behavior\ParseTemplateBehavior [ RunTime:0.118007s ]
INFO: [ view_parse ] --END-- [ RunTime:0.118007s ]
INFO: [ view_filter ] --START--
INFO: Run Behavior\WriteHtmlCacheBehavior [ RunTime:0.042002s ]
INFO: [ view_filter ] --END-- [ RunTime:0.042002s ]
INFO: [ app_end ] --START--
INFO: Run Behavior\ShowPageTraceBehavior [ RunTime:0.260015s ]
INFO: [ app_end ] --END-- [ RunTime:0.260015s ]

[ 2016-12-14T20:21:44+08:00 ] ::1 /EasyTalk/admin.php/Home/Administration/checkLogin
INFO: [ app_init ] --START--
INFO: Run Behavior\BuildLiteBehavior [ RunTime:0.000000s ]
INFO: [ app_init ] --END-- [ RunTime:0.001000s ]
INFO: [ app_begin ] --START--
INFO: Run Behavior\ReadHtmlCacheBehavior [ RunTime:0.000000s ]
INFO: [ app_begin ] --END-- [ RunTime:0.000000s ]

