[ 2017-04-05T09:58:27+08:00 ] 157.122.68.165 /EasyTalk/admin.php/Home/Administration/checkLogin
INFO: [ app_init ] --START--
INFO: Run Behavior\BuildLiteBehavior [ RunTime:0.000050s ]
INFO: [ app_init ] --END-- [ RunTime:0.000670s ]
INFO: [ app_begin ] --START--
INFO: Run Behavior\ReadHtmlCacheBehavior [ RunTime:0.000832s ]
INFO: [ app_begin ] --END-- [ RunTime:0.001043s ]

[ 2017-04-05T19:40:29+08:00 ] 113.108.11.52 /EasyTalk/admin.php/Home/Administration/adminlogin?nsukey=RaUZWOdNGiX4swsXHTbwuqklAfbR1iRIqjZTDEisBSh7hGZEQZlgJh%2BxRGei%2FmUArTTVIftfa4VILNALnPJNHSp16H3%2BxL9ZWx%2B8Sph952BeCCUiAtgJ7qqqaGvJZrltRftRyYjlD37Zu45PhWfq0BNf5xq0xdCcBuHQPv%2BqS2mcd9TcVilhjWWYhaM%2FmC7Y
INFO: [ app_init ] --START--
INFO: Run Behavior\BuildLiteBehavior [ RunTime:0.000051s ]
INFO: [ app_init ] --END-- [ RunTime:0.000661s ]
INFO: [ app_begin ] --START--
INFO: Run Behavior\ReadHtmlCacheBehavior [ RunTime:0.000789s ]
INFO: [ app_begin ] --END-- [ RunTime:0.001053s ]
INFO: [ view_parse ] --START--
INFO: [ template_filter ] --START--
INFO: Run Behavior\ContentReplaceBehavior [ RunTime:0.000170s ]
INFO: [ template_filter ] --END-- [ RunTime:0.000473s ]
INFO: Run Behavior\ParseTemplateBehavior [ RunTime:0.094172s ]
INFO: [ view_parse ] --END-- [ RunTime:0.094428s ]
INFO: [ view_filter ] --START--
INFO: Run Behavior\WriteHtmlCacheBehavior [ RunTime:0.000492s ]
INFO: [ view_filter ] --END-- [ RunTime:0.000728s ]
INFO: [ app_end ] --START--
INFO: Run Behavior\ShowPageTraceBehavior [ RunTime:0.000782s ]
INFO: [ app_end ] --END-- [ RunTime:0.001028s ]

[ 2017-04-05T19:40:29+08:00 ] 219.133.40.14 /EasyTalk/admin.php/Home/Administration/adminlogin?nsukey=RaUZWOdNGiX4swsXHTbwuqklAfbR1iRIqjZTDEisBSh7hGZEQZlgJh%2BxRGei%2FmUArTTVIftfa4VILNALnPJNHSp16H3%2BxL9ZWx%2B8Sph952BeCCUiAtgJ7qqqaGvJZrltRftRyYjlD37Zu45PhWfq0BNf5xq0xdCcBuHQPv%2BqS2mcd9TcVilhjWWYhaM%2FmC7Y
INFO: [ app_init ] --START--
INFO: Run Behavior\BuildLiteBehavior [ RunTime:0.000057s ]
INFO: [ app_init ] --END-- [ RunTime:0.000679s ]
INFO: [ app_begin ] --START--
INFO: Run Behavior\ReadHtmlCacheBehavior [ RunTime:0.000700s ]
INFO: [ app_begin ] --END-- [ RunTime:0.000964s ]
INFO: [ view_parse ] --START--
INFO: [ template_filter ] --START--
INFO: Run Behavior\ContentReplaceBehavior [ RunTime:0.000158s ]
INFO: [ template_filter ] --END-- [ RunTime:0.000412s ]
INFO: Run Behavior\ParseTemplateBehavior [ RunTime:0.008082s ]
INFO: [ view_parse ] --END-- [ RunTime:0.008332s ]
INFO: [ view_filter ] --START--
INFO: Run Behavior\WriteHtmlCacheBehavior [ RunTime:0.000382s ]
INFO: [ view_filter ] --END-- [ RunTime:0.000636s ]
INFO: [ app_end ] --START--
INFO: Run Behavior\ShowPageTraceBehavior [ RunTime:0.000652s ]
INFO: [ app_end ] --END-- [ RunTime:0.000893s ]

[ 2017-04-05T19:40:34+08:00 ] 139.59.246.248 /EasyTalk/admin.php/Home/Administration/adminlogin?nsukey=RaUZWOdNGiX4swsXHTbwuqklAfbR1iRIqjZTDEisBSh7hGZEQZlgJh%2BxRGei%2FmUArTTVIftfa4VILNALnPJNHSp16H3%2BxL9ZWx%2B8Sph952BeCCUiAtgJ7qqqaGvJZrltRftRyYjlD37Zu45PhWfq0BNf5xq0xdCcBuHQPv%2BqS2mcd9TcVilhjWWYhaM%2FmC7Y
INFO: [ app_init ] --START--
INFO: Run Behavior\BuildLiteBehavior [ RunTime:0.000066s ]
INFO: [ app_init ] --END-- [ RunTime:0.000705s ]
INFO: [ app_begin ] --START--
INFO: Run Behavior\ReadHtmlCacheBehavior [ RunTime:0.000783s ]
INFO: [ app_begin ] --END-- [ RunTime:0.001043s ]
INFO: [ view_parse ] --START--
INFO: [ template_filter ] --START--
INFO: Run Behavior\ContentReplaceBehavior [ RunTime:0.000166s ]
INFO: [ template_filter ] --END-- [ RunTime:0.000444s ]
INFO: Run Behavior\ParseTemplateBehavior [ RunTime:0.009294s ]
INFO: [ view_parse ] --END-- [ RunTime:0.009575s ]
INFO: [ view_filter ] --START--
INFO: Run Behavior\WriteHtmlCacheBehavior [ RunTime:0.000475s ]
INFO: [ view_filter ] --END-- [ RunTime:0.000721s ]
INFO: [ app_end ] --START--
INFO: Run Behavior\ShowPageTraceBehavior [ RunTime:0.000754s ]
INFO: [ app_end ] --END-- [ RunTime:0.001003s ]

[ 2017-04-05T19:51:00+08:00 ] 14.17.37.102 /EasyTalk/admin.php/Home/Administration/adminlogin?nsukey=srARuxFzCdNkm6KQ%2FcBLwMCBeAxgFLznZ2unbHUtiljTAj4OiBZFueN%2BcBup6NboFPdxJkn3m1Gs2KZLPzgS05FiWFZMZXG7sQHTWuikqzAPd%2F7PH4T62XXDQbpYjHGkK2YAMUM372XOfy6e%2FiUup3trGgCvnN4K6JCGaWaWgafrsGNPwmb3W3xCu113pfwA
INFO: [ app_init ] --START--
INFO: Run Behavior\BuildLiteBehavior [ RunTime:0.000054s ]
INFO: [ app_init ] --END-- [ RunTime:0.000675s ]
INFO: [ app_begin ] --START--
INFO: Run Behavior\ReadHtmlCacheBehavior [ RunTime:0.000859s ]
INFO: [ app_begin ] --END-- [ RunTime:0.001109s ]
INFO: [ view_parse ] --START--
INFO: [ template_filter ] --START--
INFO: Run Behavior\ContentReplaceBehavior [ RunTime:0.000159s ]
INFO: [ template_filter ] --END-- [ RunTime:0.000436s ]
INFO: Run Behavior\ParseTemplateBehavior [ RunTime:0.009344s ]
INFO: [ view_parse ] --END-- [ RunTime:0.009593s ]
INFO: [ view_filter ] --START--
INFO: Run Behavior\WriteHtmlCacheBehavior [ RunTime:0.000462s ]
INFO: [ view_filter ] --END-- [ RunTime:0.000701s ]
INFO: [ app_end ] --START--
INFO: Run Behavior\ShowPageTraceBehavior [ RunTime:0.000744s ]
INFO: [ app_end ] --END-- [ RunTime:0.000985s ]

[ 2017-04-05T19:51:00+08:00 ] 14.17.37.102 /EasyTalk/admin.php/Home/Administration/adminlogin?nsukey=srARuxFzCdNkm6KQ%2FcBLwMCBeAxgFLznZ2unbHUtiljTAj4OiBZFueN%2BcBup6NboFPdxJkn3m1Gs2KZLPzgS05FiWFZMZXG7sQHTWuikqzAPd%2F7PH4T62XXDQbpYjHGkK2YAMUM372XOfy6e%2FiUup3trGgCvnN4K6JCGaWaWgafrsGNPwmb3W3xCu113pfwA
INFO: [ app_init ] --START--
INFO: Run Behavior\BuildLiteBehavior [ RunTime:0.000078s ]
INFO: [ app_init ] --END-- [ RunTime:0.000780s ]
INFO: [ app_begin ] --START--
INFO: Run Behavior\ReadHtmlCacheBehavior [ RunTime:0.000670s ]
INFO: [ app_begin ] --END-- [ RunTime:0.000921s ]
INFO: [ view_parse ] --START--
INFO: [ template_filter ] --START--
INFO: Run Behavior\ContentReplaceBehavior [ RunTime:0.000167s ]
INFO: [ template_filter ] --END-- [ RunTime:0.000488s ]
INFO: Run Behavior\ParseTemplateBehavior [ RunTime:0.009855s ]
INFO: [ view_parse ] --END-- [ RunTime:0.010104s ]
INFO: [ view_filter ] --START--
INFO: Run Behavior\WriteHtmlCacheBehavior [ RunTime:0.000385s ]
INFO: [ view_filter ] --END-- [ RunTime:0.000623s ]
INFO: [ app_end ] --START--
INFO: Run Behavior\ShowPageTraceBehavior [ RunTime:0.000647s ]
INFO: [ app_end ] --END-- [ RunTime:0.000888s ]

[ 2017-04-05T19:51:01+08:00 ] 157.122.68.184 /EasyTalk/admin.php/Home/Administration/adminlogin?nsukey=srARuxFzCdNkm6KQ%2FcBLwMCBeAxgFLznZ2unbHUtiljTAj4OiBZFueN%2BcBup6NboFPdxJkn3m1Gs2KZLPzgS05FiWFZMZXG7sQHTWuikqzAPd%2F7PH4T62XXDQbpYjHGkK2YAMUM372XOfy6e%2FiUup3trGgCvnN4K6JCGaWaWgafrsGNPwmb3W3xCu113pfwA
INFO: [ app_init ] --START--
INFO: Run Behavior\BuildLiteBehavior [ RunTime:0.000072s ]
INFO: [ app_init ] --END-- [ RunTime:0.000711s ]
INFO: [ app_begin ] --START--
INFO: Run Behavior\ReadHtmlCacheBehavior [ RunTime:0.000681s ]
INFO: [ app_begin ] --END-- [ RunTime:0.000949s ]
INFO: [ view_parse ] --START--
INFO: [ template_filter ] --START--
INFO: Run Behavior\ContentReplaceBehavior [ RunTime:0.000161s ]
INFO: [ template_filter ] --END-- [ RunTime:0.000431s ]
INFO: Run Behavior\ParseTemplateBehavior [ RunTime:0.008265s ]
INFO: [ view_parse ] --END-- [ RunTime:0.008516s ]
INFO: [ view_filter ] --START--
INFO: Run Behavior\WriteHtmlCacheBehavior [ RunTime:0.000386s ]
INFO: [ view_filter ] --END-- [ RunTime:0.000622s ]
INFO: [ app_end ] --START--
INFO: Run Behavior\ShowPageTraceBehavior [ RunTime:0.000649s ]
INFO: [ app_end ] --END-- [ RunTime:0.000889s ]

[ 2017-04-05T19:51:06+08:00 ] 157.122.68.184 /EasyTalk/admin.php/Home/teacher/teacherlogin
INFO: [ app_init ] --START--
INFO: Run Behavior\BuildLiteBehavior [ RunTime:0.000055s ]
INFO: [ app_init ] --END-- [ RunTime:0.000637s ]
INFO: [ app_begin ] --START--
INFO: Run Behavior\ReadHtmlCacheBehavior [ RunTime:0.000673s ]
INFO: [ app_begin ] --END-- [ RunTime:0.000927s ]
INFO: [ view_parse ] --START--
INFO: [ template_filter ] --START--
INFO: Run Behavior\ContentReplaceBehavior [ RunTime:0.000148s ]
INFO: [ template_filter ] --END-- [ RunTime:0.000421s ]
INFO: Run Behavior\ParseTemplateBehavior [ RunTime:0.024118s ]
INFO: [ view_parse ] --END-- [ RunTime:0.024504s ]
INFO: [ view_filter ] --START--
INFO: Run Behavior\WriteHtmlCacheBehavior [ RunTime:0.000380s ]
INFO: [ view_filter ] --END-- [ RunTime:0.000618s ]
INFO: [ app_end ] --START--
INFO: Run Behavior\ShowPageTraceBehavior [ RunTime:0.000668s ]
INFO: [ app_end ] --END-- [ RunTime:0.000907s ]

[ 2017-04-05T19:51:10+08:00 ] 180.153.214.188 /EasyTalk/admin.php/Home/Administration/adminlogin?nsukey=srARuxFzCdNkm6KQ%2FcBLwMCBeAxgFLznZ2unbHUtiljTAj4OiBZFueN%2BcBup6NboFPdxJkn3m1Gs2KZLPzgS05FiWFZMZXG7sQHTWuikqzAPd%2F7PH4T62XXDQbpYjHGkK2YAMUM372XOfy6e%2FiUup3trGgCvnN4K6JCGaWaWgafrsGNPwmb3W3xCu113pfwA
INFO: [ app_init ] --START--
INFO: Run Behavior\BuildLiteBehavior [ RunTime:0.000053s ]
INFO: [ app_init ] --END-- [ RunTime:0.000673s ]
INFO: [ app_begin ] --START--
INFO: Run Behavior\ReadHtmlCacheBehavior [ RunTime:0.000851s ]
INFO: [ app_begin ] --END-- [ RunTime:0.001103s ]
INFO: [ view_parse ] --START--
INFO: [ template_filter ] --START--
INFO: Run Behavior\ContentReplaceBehavior [ RunTime:0.000161s ]
INFO: [ template_filter ] --END-- [ RunTime:0.000416s ]
INFO: Run Behavior\ParseTemplateBehavior [ RunTime:0.009006s ]
INFO: [ view_parse ] --END-- [ RunTime:0.009258s ]
INFO: [ view_filter ] --START--
INFO: Run Behavior\WriteHtmlCacheBehavior [ RunTime:0.000538s ]
INFO: [ view_filter ] --END-- [ RunTime:0.000778s ]
INFO: [ app_end ] --START--
INFO: Run Behavior\ShowPageTraceBehavior [ RunTime:0.000810s ]
INFO: [ app_end ] --END-- [ RunTime:0.001057s ]

[ 2017-04-05T19:51:32+08:00 ] 14.17.37.161 /EasyTalk/admin.php/Home/Administration/adminlogin?nsukey=eD%2B2%2FtWu%2Fu3nvcC3WE5WAtioH%2BljBan1iTaNSu%2Bjgoawe%2Bn9%2F53XZawYZooxKz1Q3cfJ2VFQKBj6RaYp3lD1wWg64sX2xkUN71Q1ax0WNADmAVbcLfQT%2F1OsdEHXEdnOE9EXhI6Jwm70KCOvsomvlUr6LzDfkpVRoRf%2FW1mSx%2BLIYXWo5Jpew1AoOlXLxgrl
INFO: [ app_init ] --START--
INFO: Run Behavior\BuildLiteBehavior [ RunTime:0.000051s ]
INFO: [ app_init ] --END-- [ RunTime:0.000667s ]
INFO: [ app_begin ] --START--
INFO: Run Behavior\ReadHtmlCacheBehavior [ RunTime:0.000765s ]
INFO: [ app_begin ] --END-- [ RunTime:0.001019s ]
INFO: [ view_parse ] --START--
INFO: [ template_filter ] --START--
INFO: Run Behavior\ContentReplaceBehavior [ RunTime:0.000164s ]
INFO: [ template_filter ] --END-- [ RunTime:0.000419s ]
INFO: Run Behavior\ParseTemplateBehavior [ RunTime:0.008883s ]
INFO: [ view_parse ] --END-- [ RunTime:0.009141s ]
INFO: [ view_filter ] --START--
INFO: Run Behavior\WriteHtmlCacheBehavior [ RunTime:0.000493s ]
INFO: [ view_filter ] --END-- [ RunTime:0.000751s ]
INFO: [ app_end ] --START--
INFO: Run Behavior\ShowPageTraceBehavior [ RunTime:0.000837s ]
INFO: [ app_end ] --END-- [ RunTime:0.001116s ]

[ 2017-04-05T19:51:32+08:00 ] 113.108.0.14 /EasyTalk/admin.php/Home/Administration/adminlogin?nsukey=eD%2B2%2FtWu%2Fu3nvcC3WE5WAtioH%2BljBan1iTaNSu%2Bjgoawe%2Bn9%2F53XZawYZooxKz1Q3cfJ2VFQKBj6RaYp3lD1wWg64sX2xkUN71Q1ax0WNADmAVbcLfQT%2F1OsdEHXEdnOE9EXhI6Jwm70KCOvsomvlUr6LzDfkpVRoRf%2FW1mSx%2BLIYXWo5Jpew1AoOlXLxgrl
INFO: [ app_init ] --START--
INFO: Run Behavior\BuildLiteBehavior [ RunTime:0.000050s ]
INFO: [ app_init ] --END-- [ RunTime:0.000627s ]
INFO: [ app_begin ] --START--
INFO: Run Behavior\ReadHtmlCacheBehavior [ RunTime:0.000689s ]
INFO: [ app_begin ] --END-- [ RunTime:0.000940s ]
INFO: [ view_parse ] --START--
INFO: [ template_filter ] --START--
INFO: Run Behavior\ContentReplaceBehavior [ RunTime:0.000155s ]
INFO: [ template_filter ] --END-- [ RunTime:0.000406s ]
INFO: Run Behavior\ParseTemplateBehavior [ RunTime:0.008073s ]
INFO: [ view_parse ] --END-- [ RunTime:0.008327s ]
INFO: [ view_filter ] --START--
INFO: Run Behavior\WriteHtmlCacheBehavior [ RunTime:0.000379s ]
INFO: [ view_filter ] --END-- [ RunTime:0.000619s ]
INFO: [ app_end ] --START--
INFO: Run Behavior\ShowPageTraceBehavior [ RunTime:0.000645s ]
INFO: [ app_end ] --END-- [ RunTime:0.000884s ]

[ 2017-04-05T19:51:33+08:00 ] 157.122.68.184 /EasyTalk/admin.php/Home/Administration/adminlogin?nsukey=eD%2B2%2FtWu%2Fu3nvcC3WE5WAtioH%2BljBan1iTaNSu%2Bjgoawe%2Bn9%2F53XZawYZooxKz1Q3cfJ2VFQKBj6RaYp3lD1wWg64sX2xkUN71Q1ax0WNADmAVbcLfQT%2F1OsdEHXEdnOE9EXhI6Jwm70KCOvsomvlUr6LzDfkpVRoRf%2FW1mSx%2BLIYXWo5Jpew1AoOlXLxgrl
INFO: [ app_init ] --START--
INFO: Run Behavior\BuildLiteBehavior [ RunTime:0.000076s ]
INFO: [ app_init ] --END-- [ RunTime:0.001087s ]
INFO: [ app_begin ] --START--
INFO: Run Behavior\ReadHtmlCacheBehavior [ RunTime:0.000822s ]
INFO: [ app_begin ] --END-- [ RunTime:0.001084s ]
INFO: [ view_parse ] --START--
INFO: [ template_filter ] --START--
INFO: Run Behavior\ContentReplaceBehavior [ RunTime:0.000198s ]
INFO: [ template_filter ] --END-- [ RunTime:0.000517s ]
INFO: Run Behavior\ParseTemplateBehavior [ RunTime:0.009575s ]
INFO: [ view_parse ] --END-- [ RunTime:0.009876s ]
INFO: [ view_filter ] --START--
INFO: Run Behavior\WriteHtmlCacheBehavior [ RunTime:0.000399s ]
INFO: [ view_filter ] --END-- [ RunTime:0.000635s ]
INFO: [ app_end ] --START--
INFO: Run Behavior\ShowPageTraceBehavior [ RunTime:0.000682s ]
INFO: [ app_end ] --END-- [ RunTime:0.000931s ]

[ 2017-04-05T19:51:42+08:00 ] 140.207.124.105 /EasyTalk/admin.php/Home/Administration/adminlogin?nsukey=eD%2B2%2FtWu%2Fu3nvcC3WE5WAtioH%2BljBan1iTaNSu%2Bjgoawe%2Bn9%2F53XZawYZooxKz1Q3cfJ2VFQKBj6RaYp3lD1wWg64sX2xkUN71Q1ax0WNADmAVbcLfQT%2F1OsdEHXEdnOE9EXhI6Jwm70KCOvsomvlUr6LzDfkpVRoRf%2FW1mSx%2BLIYXWo5Jpew1AoOlXLxgrl
INFO: [ app_init ] --START--
INFO: Run Behavior\BuildLiteBehavior [ RunTime:0.000053s ]
INFO: [ app_init ] --END-- [ RunTime:0.000634s ]
INFO: [ app_begin ] --START--
INFO: Run Behavior\ReadHtmlCacheBehavior [ RunTime:0.000865s ]
INFO: [ app_begin ] --END-- [ RunTime:0.001138s ]
INFO: [ view_parse ] --START--
INFO: [ template_filter ] --START--
INFO: Run Behavior\ContentReplaceBehavior [ RunTime:0.000164s ]
INFO: [ template_filter ] --END-- [ RunTime:0.000434s ]
INFO: Run Behavior\ParseTemplateBehavior [ RunTime:0.008517s ]
INFO: [ view_parse ] --END-- [ RunTime:0.008770s ]
INFO: [ view_filter ] --START--
INFO: Run Behavior\WriteHtmlCacheBehavior [ RunTime:0.000480s ]
INFO: [ view_filter ] --END-- [ RunTime:0.000730s ]
INFO: [ app_end ] --START--
INFO: Run Behavior\ShowPageTraceBehavior [ RunTime:0.000732s ]
INFO: [ app_end ] --END-- [ RunTime:0.000978s ]

[ 2017-04-05T19:51:49+08:00 ] 157.122.68.184 /EasyTalk/admin.php/Home/Administration/doAdLogin
INFO: [ app_init ] --START--
INFO: Run Behavior\BuildLiteBehavior [ RunTime:0.000053s ]
INFO: [ app_init ] --END-- [ RunTime:0.000637s ]
INFO: [ app_begin ] --START--
INFO: Run Behavior\ReadHtmlCacheBehavior [ RunTime:0.000646s ]
INFO: [ app_begin ] --END-- [ RunTime:0.000856s ]
SQL: SHOW COLUMNS FROM `admin` [ RunTime:0.0035s ]
SQL: SHOW COLUMNS FROM `admin` [ RunTime:0.0016s ]
SQL: SELECT * FROM `admin` WHERE `a_name` = '玛拉娣' AND `a_password` = '8ddcff3a80f4189ca1c9d4d902c3c909'  [ RunTime:0.0004s ]

[ 2017-04-05T19:52:02+08:00 ] 113.108.0.15 /EasyTalk/admin.php/Home/Administration/adminlogin?nsukey=ZE8UsCgUfw%2BtoM7DmDUesKkmM66MJh4pSLreVVq%2FwpX1qpj%2BnODHYrNZk0%2FXcE21nh%2BA6lU2xI5PeLtOIpHG83oBsF%2B%2BTy4LATpbQGyD2VrAcxEIG9emtJxiaxgfyBWuWjuhiTjzjCrJWaJSDdOFfbmRWn9WqhP9TiJz%2Bh5orQ%2Fp38eGcyEAMehNS0AcngN6
INFO: [ app_init ] --START--
INFO: Run Behavior\BuildLiteBehavior [ RunTime:0.000091s ]
INFO: [ app_init ] --END-- [ RunTime:0.000726s ]
INFO: [ app_begin ] --START--
INFO: Run Behavior\ReadHtmlCacheBehavior [ RunTime:0.000685s ]
INFO: [ app_begin ] --END-- [ RunTime:0.000938s ]
INFO: [ view_parse ] --START--
INFO: [ template_filter ] --START--
INFO: Run Behavior\ContentReplaceBehavior [ RunTime:0.000162s ]
INFO: [ template_filter ] --END-- [ RunTime:0.000413s ]
INFO: Run Behavior\ParseTemplateBehavior [ RunTime:0.007938s ]
INFO: [ view_parse ] --END-- [ RunTime:0.008190s ]
INFO: [ view_filter ] --START--
INFO: Run Behavior\WriteHtmlCacheBehavior [ RunTime:0.000379s ]
INFO: [ view_filter ] --END-- [ RunTime:0.000615s ]
INFO: [ app_end ] --START--
INFO: Run Behavior\ShowPageTraceBehavior [ RunTime:0.000756s ]
INFO: [ app_end ] --END-- [ RunTime:0.001044s ]

[ 2017-04-05T19:52:02+08:00 ] 14.17.37.143 /EasyTalk/admin.php/Home/Administration/adminlogin?nsukey=ZE8UsCgUfw%2BtoM7DmDUesKkmM66MJh4pSLreVVq%2FwpX1qpj%2BnODHYrNZk0%2FXcE21nh%2BA6lU2xI5PeLtOIpHG83oBsF%2B%2BTy4LATpbQGyD2VrAcxEIG9emtJxiaxgfyBWuWjuhiTjzjCrJWaJSDdOFfbmRWn9WqhP9TiJz%2Bh5orQ%2Fp38eGcyEAMehNS0AcngN6
INFO: [ app_init ] --START--
INFO: Run Behavior\BuildLiteBehavior [ RunTime:0.000055s ]
INFO: [ app_init ] --END-- [ RunTime:0.000671s ]
INFO: [ app_begin ] --START--
INFO: Run Behavior\ReadHtmlCacheBehavior [ RunTime:0.000657s ]
INFO: [ app_begin ] --END-- [ RunTime:0.000911s ]
INFO: [ view_parse ] --START--
INFO: [ template_filter ] --START--
INFO: Run Behavior\ContentReplaceBehavior [ RunTime:0.000160s ]
INFO: [ template_filter ] --END-- [ RunTime:0.000426s ]
INFO: Run Behavior\ParseTemplateBehavior [ RunTime:0.008133s ]
INFO: [ view_parse ] --END-- [ RunTime:0.008402s ]
INFO: [ view_filter ] --START--
INFO: Run Behavior\WriteHtmlCacheBehavior [ RunTime:0.000546s ]
INFO: [ view_filter ] --END-- [ RunTime:0.000866s ]
INFO: [ app_end ] --START--
INFO: Run Behavior\ShowPageTraceBehavior [ RunTime:0.000655s ]
INFO: [ app_end ] --END-- [ RunTime:0.000897s ]

[ 2017-04-05T19:52:02+08:00 ] 157.122.68.184 /EasyTalk/admin.php/Home/Administration/adminlogin?nsukey=ZE8UsCgUfw%2BtoM7DmDUesKkmM66MJh4pSLreVVq%2FwpX1qpj%2BnODHYrNZk0%2FXcE21nh%2BA6lU2xI5PeLtOIpHG83oBsF%2B%2BTy4LATpbQGyD2VrAcxEIG9emtJxiaxgfyBWuWjuhiTjzjCrJWaJSDdOFfbmRWn9WqhP9TiJz%2Bh5orQ%2Fp38eGcyEAMehNS0AcngN6
INFO: [ app_init ] --START--
INFO: Run Behavior\BuildLiteBehavior [ RunTime:0.000054s ]
INFO: [ app_init ] --END-- [ RunTime:0.000654s ]
INFO: [ app_begin ] --START--
INFO: Run Behavior\ReadHtmlCacheBehavior [ RunTime:0.000674s ]
INFO: [ app_begin ] --END-- [ RunTime:0.000924s ]
INFO: [ view_parse ] --START--
INFO: [ template_filter ] --START--
INFO: Run Behavior\ContentReplaceBehavior [ RunTime:0.000161s ]
INFO: [ template_filter ] --END-- [ RunTime:0.000416s ]
INFO: Run Behavior\ParseTemplateBehavior [ RunTime:0.008413s ]
INFO: [ view_parse ] --END-- [ RunTime:0.008725s ]
INFO: [ view_filter ] --START--
INFO: Run Behavior\WriteHtmlCacheBehavior [ RunTime:0.000429s ]
INFO: [ view_filter ] --END-- [ RunTime:0.000716s ]
INFO: [ app_end ] --START--
INFO: Run Behavior\ShowPageTraceBehavior [ RunTime:0.000772s ]
INFO: [ app_end ] --END-- [ RunTime:0.001082s ]

[ 2017-04-05T19:52:13+08:00 ] 157.122.68.184 /EasyTalk/admin.php/Home/Administration/doAdLogin
INFO: [ app_init ] --START--
INFO: Run Behavior\BuildLiteBehavior [ RunTime:0.000049s ]
INFO: [ app_init ] --END-- [ RunTime:0.000619s ]
INFO: [ app_begin ] --START--
INFO: Run Behavior\ReadHtmlCacheBehavior [ RunTime:0.000627s ]
INFO: [ app_begin ] --END-- [ RunTime:0.000836s ]
SQL: SHOW COLUMNS FROM `admin` [ RunTime:0.0025s ]
SQL: SHOW COLUMNS FROM `admin` [ RunTime:0.0016s ]
SQL: SELECT * FROM `admin` WHERE `a_name` = '玛拉娣' AND `a_password` = '8ddcff3a80f4189ca1c9d4d902c3c909'  [ RunTime:0.0004s ]

[ 2017-04-05T19:52:25+08:00 ] 157.122.68.184 /EasyTalk/admin.php/Home/teacher/teacherlogin
INFO: [ app_init ] --START--
INFO: Run Behavior\BuildLiteBehavior [ RunTime:0.000053s ]
INFO: [ app_init ] --END-- [ RunTime:0.000633s ]
INFO: [ app_begin ] --START--
INFO: Run Behavior\ReadHtmlCacheBehavior [ RunTime:0.001085s ]
INFO: [ app_begin ] --END-- [ RunTime:0.001469s ]
INFO: [ view_parse ] --START--
INFO: [ template_filter ] --START--
INFO: Run Behavior\ContentReplaceBehavior [ RunTime:0.000175s ]
INFO: [ template_filter ] --END-- [ RunTime:0.000503s ]
INFO: Run Behavior\ParseTemplateBehavior [ RunTime:0.009928s ]
INFO: [ view_parse ] --END-- [ RunTime:0.010296s ]
INFO: [ view_filter ] --START--
INFO: Run Behavior\WriteHtmlCacheBehavior [ RunTime:0.000454s ]
INFO: [ view_filter ] --END-- [ RunTime:0.000696s ]
INFO: [ app_end ] --START--
INFO: Run Behavior\ShowPageTraceBehavior [ RunTime:0.000719s ]
INFO: [ app_end ] --END-- [ RunTime:0.000960s ]

[ 2017-04-05T19:52:31+08:00 ] 183.61.51.179 /EasyTalk/admin.php/Home/teacher/teacherlogin?nsukey=7BgckTg5ml%2FEklmWcmBKgSDkwPn0927l4lLe6D0iQao9T8xTnwSvlUz6UlisVWqrPeTqiVR0NPCwHPm2z6CJwDqP4jVEsJoAmoTFZawCn1oIpfWHR6UggHQQsUUPIw%2F3Vjplkq6Yn4azpbxoMYx5NiN9jhuKVOnWVREmtArMYpyJTwewZGAb%2BgwINZ%2FV5XQz
INFO: [ app_init ] --START--
INFO: Run Behavior\BuildLiteBehavior [ RunTime:0.000073s ]
INFO: [ app_init ] --END-- [ RunTime:0.000708s ]
INFO: [ app_begin ] --START--
INFO: Run Behavior\ReadHtmlCacheBehavior [ RunTime:0.000992s ]
INFO: [ app_begin ] --END-- [ RunTime:0.001444s ]
INFO: [ view_parse ] --START--
INFO: [ template_filter ] --START--
INFO: Run Behavior\ContentReplaceBehavior [ RunTime:0.000180s ]
INFO: [ template_filter ] --END-- [ RunTime:0.000476s ]
INFO: Run Behavior\ParseTemplateBehavior [ RunTime:0.008684s ]
INFO: [ view_parse ] --END-- [ RunTime:0.008936s ]
INFO: [ view_filter ] --START--
INFO: Run Behavior\WriteHtmlCacheBehavior [ RunTime:0.000466s ]
INFO: [ view_filter ] --END-- [ RunTime:0.000732s ]
INFO: [ app_end ] --START--
INFO: Run Behavior\ShowPageTraceBehavior [ RunTime:0.000801s ]
INFO: [ app_end ] --END-- [ RunTime:0.001047s ]

[ 2017-04-05T19:52:32+08:00 ] 183.61.51.226 /EasyTalk/admin.php/Home/teacher/teacherlogin?nsukey=7BgckTg5ml%2FEklmWcmBKgSDkwPn0927l4lLe6D0iQao9T8xTnwSvlUz6UlisVWqrPeTqiVR0NPCwHPm2z6CJwDqP4jVEsJoAmoTFZawCn1oIpfWHR6UggHQQsUUPIw%2F3Vjplkq6Yn4azpbxoMYx5NiN9jhuKVOnWVREmtArMYpyJTwewZGAb%2BgwINZ%2FV5XQz
INFO: [ app_init ] --START--
INFO: Run Behavior\BuildLiteBehavior [ RunTime:0.000054s ]
INFO: [ app_init ] --END-- [ RunTime:0.000653s ]
INFO: [ app_begin ] --START--
INFO: Run Behavior\ReadHtmlCacheBehavior [ RunTime:0.000672s ]
INFO: [ app_begin ] --END-- [ RunTime:0.000920s ]
INFO: [ view_parse ] --START--
INFO: [ template_filter ] --START--
INFO: Run Behavior\ContentReplaceBehavior [ RunTime:0.000180s ]
INFO: [ template_filter ] --END-- [ RunTime:0.000434s ]
INFO: Run Behavior\ParseTemplateBehavior [ RunTime:0.008426s ]
INFO: [ view_parse ] --END-- [ RunTime:0.008695s ]
INFO: [ view_filter ] --START--
INFO: Run Behavior\WriteHtmlCacheBehavior [ RunTime:0.000380s ]
INFO: [ view_filter ] --END-- [ RunTime:0.000629s ]
INFO: [ app_end ] --START--
INFO: Run Behavior\ShowPageTraceBehavior [ RunTime:0.000660s ]
INFO: [ app_end ] --END-- [ RunTime:0.000902s ]

[ 2017-04-05T19:52:32+08:00 ] 157.122.68.184 /EasyTalk/admin.php/Home/teacher/teacherlogin?nsukey=7BgckTg5ml%2FEklmWcmBKgSDkwPn0927l4lLe6D0iQao9T8xTnwSvlUz6UlisVWqrPeTqiVR0NPCwHPm2z6CJwDqP4jVEsJoAmoTFZawCn1oIpfWHR6UggHQQsUUPIw%2F3Vjplkq6Yn4azpbxoMYx5NiN9jhuKVOnWVREmtArMYpyJTwewZGAb%2BgwINZ%2FV5XQz
INFO: [ app_init ] --START--
INFO: Run Behavior\BuildLiteBehavior [ RunTime:0.000050s ]
INFO: [ app_init ] --END-- [ RunTime:0.000617s ]
INFO: [ app_begin ] --START--
INFO: Run Behavior\ReadHtmlCacheBehavior [ RunTime:0.000648s ]
INFO: [ app_begin ] --END-- [ RunTime:0.000899s ]
INFO: [ view_parse ] --START--
INFO: [ template_filter ] --START--
INFO: Run Behavior\ContentReplaceBehavior [ RunTime:0.000148s ]
INFO: [ template_filter ] --END-- [ RunTime:0.000395s ]
INFO: Run Behavior\ParseTemplateBehavior [ RunTime:0.008063s ]
INFO: [ view_parse ] --END-- [ RunTime:0.008312s ]
INFO: [ view_filter ] --START--
INFO: Run Behavior\WriteHtmlCacheBehavior [ RunTime:0.000380s ]
INFO: [ view_filter ] --END-- [ RunTime:0.000618s ]
INFO: [ app_end ] --START--
INFO: Run Behavior\ShowPageTraceBehavior [ RunTime:0.000665s ]
INFO: [ app_end ] --END-- [ RunTime:0.000903s ]

[ 2017-04-05T19:52:35+08:00 ] 180.163.2.116 /EasyTalk/admin.php/Home/teacher/teacherlogin
INFO: [ app_init ] --START--
INFO: Run Behavior\BuildLiteBehavior [ RunTime:0.000050s ]
INFO: [ app_init ] --END-- [ RunTime:0.000652s ]
INFO: [ app_begin ] --START--
INFO: Run Behavior\ReadHtmlCacheBehavior [ RunTime:0.000638s ]
INFO: [ app_begin ] --END-- [ RunTime:0.000889s ]
INFO: [ view_parse ] --START--
INFO: [ template_filter ] --START--
INFO: Run Behavior\ContentReplaceBehavior [ RunTime:0.000134s ]
INFO: [ template_filter ] --END-- [ RunTime:0.000385s ]
INFO: Run Behavior\ParseTemplateBehavior [ RunTime:0.007873s ]
INFO: [ view_parse ] --END-- [ RunTime:0.008134s ]
INFO: [ view_filter ] --START--
INFO: Run Behavior\WriteHtmlCacheBehavior [ RunTime:0.000380s ]
INFO: [ view_filter ] --END-- [ RunTime:0.000616s ]
INFO: [ app_end ] --START--
INFO: Run Behavior\ShowPageTraceBehavior [ RunTime:0.000714s ]
INFO: [ app_end ] --END-- [ RunTime:0.000958s ]

[ 2017-04-05T19:52:41+08:00 ] 157.122.68.184 /EasyTalk/admin.php/Home/teacher/doLogin
INFO: [ app_init ] --START--
INFO: Run Behavior\BuildLiteBehavior [ RunTime:0.000050s ]
INFO: [ app_init ] --END-- [ RunTime:0.000666s ]
INFO: [ app_begin ] --START--
INFO: Run Behavior\ReadHtmlCacheBehavior [ RunTime:0.000788s ]
INFO: [ app_begin ] --END-- [ RunTime:0.000999s ]
SQL: SHOW COLUMNS FROM `teacher` [ RunTime:0.0036s ]
SQL: SHOW COLUMNS FROM `teacher` [ RunTime:0.0017s ]
SQL: SELECT * FROM `teacher` WHERE `t_name` = '玛拉娣' AND `t_password` = '8ddcff3a80f4189ca1c9d4d902c3c909'  [ RunTime:0.0005s ]

[ 2017-04-05T19:52:43+08:00 ] 157.122.68.184 /EasyTalk/admin.php/Home/teacher/tcclass.html?lan=21
INFO: [ app_init ] --START--
INFO: Run Behavior\BuildLiteBehavior [ RunTime:0.000051s ]
INFO: [ app_init ] --END-- [ RunTime:0.000770s ]
INFO: [ app_begin ] --START--
INFO: Run Behavior\ReadHtmlCacheBehavior [ RunTime:0.000819s ]
INFO: [ app_begin ] --END-- [ RunTime:0.001078s ]
INFO: [ view_parse ] --START--
INFO: [ template_filter ] --START--
INFO: Run Behavior\ContentReplaceBehavior [ RunTime:0.000172s ]
INFO: [ template_filter ] --END-- [ RunTime:0.000498s ]
INFO: Run Behavior\ParseTemplateBehavior [ RunTime:0.044890s ]
INFO: [ view_parse ] --END-- [ RunTime:0.045197s ]
INFO: [ view_filter ] --START--
INFO: Run Behavior\WriteHtmlCacheBehavior [ RunTime:0.000554s ]
INFO: [ view_filter ] --END-- [ RunTime:0.000816s ]
INFO: [ app_end ] --START--
INFO: Run Behavior\ShowPageTraceBehavior [ RunTime:0.000831s ]
INFO: [ app_end ] --END-- [ RunTime:0.001103s ]

[ 2017-04-05T19:52:44+08:00 ] 157.122.68.184 /EasyTalk/admin.php/Home/teacher/checkLogin
INFO: [ app_init ] --START--
INFO: Run Behavior\BuildLiteBehavior [ RunTime:0.000050s ]
INFO: [ app_init ] --END-- [ RunTime:0.000653s ]
INFO: [ app_begin ] --START--
INFO: Run Behavior\ReadHtmlCacheBehavior [ RunTime:0.000646s ]
INFO: [ app_begin ] --END-- [ RunTime:0.000900s ]

[ 2017-04-05T19:52:44+08:00 ] 157.122.68.184 /EasyTalk/admin.php/Home/teacher/getClass
INFO: [ app_init ] --START--
INFO: Run Behavior\BuildLiteBehavior [ RunTime:0.000054s ]
INFO: [ app_init ] --END-- [ RunTime:0.000754s ]
INFO: [ app_begin ] --START--
INFO: Run Behavior\ReadHtmlCacheBehavior [ RunTime:0.000828s ]
INFO: [ app_begin ] --END-- [ RunTime:0.001045s ]
SQL: SHOW COLUMNS FROM `teacher` [ RunTime:0.0021s ]
SQL: SHOW COLUMNS FROM `course` [ RunTime:0.0021s ]
SQL: SELECT c.c_id,`c_title`,`c_language`,`level`,`username`,`buytime`,`finishtime` FROM `course` `c`,`takes` `t`,`user` `u` WHERE (  c.c_id=t.c_id ) AND (  t.user_id=u.id ) AND `t_name` = '玛拉娣' AND (  finished=c_credit )  [ RunTime:0.0197s ]

[ 2017-04-05T19:52:44+08:00 ] 157.122.68.184 /EasyTalk/admin.php/Home/teacher/getTeacherInfo
INFO: [ app_init ] --START--
INFO: Run Behavior\BuildLiteBehavior [ RunTime:0.000051s ]
INFO: [ app_init ] --END-- [ RunTime:0.000789s ]
INFO: [ app_begin ] --START--
INFO: Run Behavior\ReadHtmlCacheBehavior [ RunTime:0.000657s ]
INFO: [ app_begin ] --END-- [ RunTime:0.000865s ]
SQL: SHOW COLUMNS FROM `teacher` [ RunTime:0.0021s ]
SQL: SHOW COLUMNS FROM `teacher` [ RunTime:0.0021s ]
SQL: SELECT * FROM `teacher` WHERE `t_id` = 6  [ RunTime:0.0004s ]

[ 2017-04-05T19:52:53+08:00 ] 14.17.37.68 /EasyTalk/admin.php/Home/Administration/adminlogin?nsukey=8I3yU6URGW1el%2BK9GgNBQkSi1fUQXw8L%2FE3KM1PcdyNSsOUHe9%2FVTPxgwQVdMYkg2o85F3pRnMvpXxJRoMTzKqe1ZCYcHpsM1N1IWCdl1X%2FCrpALpY6Og%2BRkpdydKwA%2FssHP020KsaboJXnwgYAZsXsn90wOXRxRFbx%2BV6eSklU%3D
INFO: [ app_init ] --START--
INFO: Run Behavior\BuildLiteBehavior [ RunTime:0.000050s ]
INFO: [ app_init ] --END-- [ RunTime:0.000605s ]
INFO: [ app_begin ] --START--
INFO: Run Behavior\ReadHtmlCacheBehavior [ RunTime:0.000856s ]
INFO: [ app_begin ] --END-- [ RunTime:0.001108s ]
INFO: [ view_parse ] --START--
INFO: [ template_filter ] --START--
INFO: Run Behavior\ContentReplaceBehavior [ RunTime:0.000154s ]
INFO: [ template_filter ] --END-- [ RunTime:0.000407s ]
INFO: Run Behavior\ParseTemplateBehavior [ RunTime:0.008348s ]
INFO: [ view_parse ] --END-- [ RunTime:0.008599s ]
INFO: [ view_filter ] --START--
INFO: Run Behavior\WriteHtmlCacheBehavior [ RunTime:0.000374s ]
INFO: [ view_filter ] --END-- [ RunTime:0.000608s ]
INFO: [ app_end ] --START--
INFO: Run Behavior\ShowPageTraceBehavior [ RunTime:0.000637s ]
INFO: [ app_end ] --END-- [ RunTime:0.000877s ]

[ 2017-04-05T19:52:53+08:00 ] 113.108.0.15 /EasyTalk/admin.php/Home/Administration/adminlogin?nsukey=8I3yU6URGW1el%2BK9GgNBQkSi1fUQXw8L%2FE3KM1PcdyNSsOUHe9%2FVTPxgwQVdMYkg2o85F3pRnMvpXxJRoMTzKqe1ZCYcHpsM1N1IWCdl1X%2FCrpALpY6Og%2BRkpdydKwA%2FssHP020KsaboJXnwgYAZsXsn90wOXRxRFbx%2BV6eSklU%3D
INFO: [ app_init ] --START--
INFO: Run Behavior\BuildLiteBehavior [ RunTime:0.000065s ]
INFO: [ app_init ] --END-- [ RunTime:0.000631s ]
INFO: [ app_begin ] --START--
INFO: Run Behavior\ReadHtmlCacheBehavior [ RunTime:0.000921s ]
INFO: [ app_begin ] --END-- [ RunTime:0.001168s ]
INFO: [ view_parse ] --START--
INFO: [ template_filter ] --START--
INFO: Run Behavior\ContentReplaceBehavior [ RunTime:0.000152s ]
INFO: [ template_filter ] --END-- [ RunTime:0.000401s ]
INFO: Run Behavior\ParseTemplateBehavior [ RunTime:0.007959s ]
INFO: [ view_parse ] --END-- [ RunTime:0.008217s ]
INFO: [ view_filter ] --START--
INFO: Run Behavior\WriteHtmlCacheBehavior [ RunTime:0.000381s ]
INFO: [ view_filter ] --END-- [ RunTime:0.000626s ]
INFO: [ app_end ] --START--
INFO: Run Behavior\ShowPageTraceBehavior [ RunTime:0.000642s ]
INFO: [ app_end ] --END-- [ RunTime:0.000883s ]

[ 2017-04-05T19:52:53+08:00 ] 157.122.68.184 /EasyTalk/admin.php/Home/Administration/adminlogin?nsukey=8I3yU6URGW1el%2BK9GgNBQkSi1fUQXw8L%2FE3KM1PcdyNSsOUHe9%2FVTPxgwQVdMYkg2o85F3pRnMvpXxJRoMTzKqe1ZCYcHpsM1N1IWCdl1X%2FCrpALpY6Og%2BRkpdydKwA%2FssHP020KsaboJXnwgYAZsXsn90wOXRxRFbx%2BV6eSklU%3D
INFO: [ app_init ] --START--
INFO: Run Behavior\BuildLiteBehavior [ RunTime:0.000050s ]
INFO: [ app_init ] --END-- [ RunTime:0.000653s ]
INFO: [ app_begin ] --START--
INFO: Run Behavior\ReadHtmlCacheBehavior [ RunTime:0.000824s ]
INFO: [ app_begin ] --END-- [ RunTime:0.001133s ]
INFO: [ view_parse ] --START--
INFO: [ template_filter ] --START--
INFO: Run Behavior\ContentReplaceBehavior [ RunTime:0.000155s ]
INFO: [ template_filter ] --END-- [ RunTime:0.000410s ]
INFO: Run Behavior\ParseTemplateBehavior [ RunTime:0.007955s ]
INFO: [ view_parse ] --END-- [ RunTime:0.008209s ]
INFO: [ view_filter ] --START--
INFO: Run Behavior\WriteHtmlCacheBehavior [ RunTime:0.000383s ]
INFO: [ view_filter ] --END-- [ RunTime:0.000619s ]
INFO: [ app_end ] --START--
INFO: Run Behavior\ShowPageTraceBehavior [ RunTime:0.000732s ]
INFO: [ app_end ] --END-- [ RunTime:0.001029s ]

[ 2017-04-05T19:52:55+08:00 ] 157.122.68.184 /EasyTalk/admin.php/Home/teacher/teacherlogin
INFO: [ app_init ] --START--
INFO: Run Behavior\BuildLiteBehavior [ RunTime:0.000066s ]
INFO: [ app_init ] --END-- [ RunTime:0.000772s ]
INFO: [ app_begin ] --START--
INFO: Run Behavior\ReadHtmlCacheBehavior [ RunTime:0.000792s ]
INFO: [ app_begin ] --END-- [ RunTime:0.001111s ]
INFO: [ view_parse ] --START--
INFO: [ template_filter ] --START--
INFO: Run Behavior\ContentReplaceBehavior [ RunTime:0.000141s ]
INFO: [ template_filter ] --END-- [ RunTime:0.000395s ]
INFO: Run Behavior\ParseTemplateBehavior [ RunTime:0.008294s ]
INFO: [ view_parse ] --END-- [ RunTime:0.008601s ]
INFO: [ view_filter ] --START--
INFO: Run Behavior\WriteHtmlCacheBehavior [ RunTime:0.000383s ]
INFO: [ view_filter ] --END-- [ RunTime:0.000616s ]
INFO: [ app_end ] --START--
INFO: Run Behavior\ShowPageTraceBehavior [ RunTime:0.000669s ]
INFO: [ app_end ] --END-- [ RunTime:0.000909s ]

[ 2017-04-05T19:53:00+08:00 ] 113.108.0.14 /EasyTalk/admin.php/Home/teacher/teacherlogin?nsukey=WMwbqNsOcxWOA4Sl0khyvbJKLKsEkA1FxXiqc%2B4CZgtKEe9i7l8%2FnqP6quvJy4PUeWq0EJR0clGrIAyLQ3dv%2F1EmK9YA71SlCeDFV24BbMlt%2B1T1J6P%2F76KOm5jE28E1RyO7nuDamO%2F3s3KI4rphebo29rfcCCJTk25er8DkB%2FmqMisCKeK1%2BKKo14ASblit
INFO: [ app_init ] --START--
INFO: Run Behavior\BuildLiteBehavior [ RunTime:0.000055s ]
INFO: [ app_init ] --END-- [ RunTime:0.000726s ]
INFO: [ app_begin ] --START--
INFO: Run Behavior\ReadHtmlCacheBehavior [ RunTime:0.000847s ]
INFO: [ app_begin ] --END-- [ RunTime:0.001129s ]
INFO: [ view_parse ] --START--
INFO: [ template_filter ] --START--
INFO: Run Behavior\ContentReplaceBehavior [ RunTime:0.000257s ]
INFO: [ template_filter ] --END-- [ RunTime:0.000723s ]
INFO: Run Behavior\ParseTemplateBehavior [ RunTime:0.012266s ]
INFO: [ view_parse ] --END-- [ RunTime:0.012615s ]
INFO: [ view_filter ] --START--
INFO: Run Behavior\WriteHtmlCacheBehavior [ RunTime:0.000889s ]
INFO: [ view_filter ] --END-- [ RunTime:0.001294s ]
INFO: [ app_end ] --START--
INFO: Run Behavior\ShowPageTraceBehavior [ RunTime:0.001202s ]
INFO: [ app_end ] --END-- [ RunTime:0.001482s ]

[ 2017-04-05T19:53:00+08:00 ] 183.61.51.179 /EasyTalk/admin.php/Home/teacher/teacherlogin?nsukey=WMwbqNsOcxWOA4Sl0khyvbJKLKsEkA1FxXiqc%2B4CZgtKEe9i7l8%2FnqP6quvJy4PUeWq0EJR0clGrIAyLQ3dv%2F1EmK9YA71SlCeDFV24BbMlt%2B1T1J6P%2F76KOm5jE28E1RyO7nuDamO%2F3s3KI4rphebo29rfcCCJTk25er8DkB%2FmqMisCKeK1%2BKKo14ASblit
INFO: [ app_init ] --START--
INFO: Run Behavior\BuildLiteBehavior [ RunTime:0.000052s ]
INFO: [ app_init ] --END-- [ RunTime:0.000676s ]
INFO: [ app_begin ] --START--
INFO: Run Behavior\ReadHtmlCacheBehavior [ RunTime:0.000869s ]
INFO: [ app_begin ] --END-- [ RunTime:0.001153s ]
INFO: [ view_parse ] --START--
INFO: [ template_filter ] --START--
INFO: Run Behavior\ContentReplaceBehavior [ RunTime:0.000156s ]
INFO: [ template_filter ] --END-- [ RunTime:0.000409s ]
INFO: Run Behavior\ParseTemplateBehavior [ RunTime:0.008974s ]
INFO: [ view_parse ] --END-- [ RunTime:0.009223s ]
INFO: [ view_filter ] --START--
INFO: Run Behavior\WriteHtmlCacheBehavior [ RunTime:0.000539s ]
INFO: [ view_filter ] --END-- [ RunTime:0.000773s ]
INFO: [ app_end ] --START--
INFO: Run Behavior\ShowPageTraceBehavior [ RunTime:0.000826s ]
INFO: [ app_end ] --END-- [ RunTime:0.001068s ]

[ 2017-04-05T19:53:00+08:00 ] 157.122.68.184 /EasyTalk/admin.php/Home/teacher/teacherlogin?nsukey=WMwbqNsOcxWOA4Sl0khyvbJKLKsEkA1FxXiqc%2B4CZgtKEe9i7l8%2FnqP6quvJy4PUeWq0EJR0clGrIAyLQ3dv%2F1EmK9YA71SlCeDFV24BbMlt%2B1T1J6P%2F76KOm5jE28E1RyO7nuDamO%2F3s3KI4rphebo29rfcCCJTk25er8DkB%2FmqMisCKeK1%2BKKo14ASblit
INFO: [ app_init ] --START--
INFO: Run Behavior\BuildLiteBehavior [ RunTime:0.000052s ]
INFO: [ app_init ] --END-- [ RunTime:0.000623s ]
INFO: [ app_begin ] --START--
INFO: Run Behavior\ReadHtmlCacheBehavior [ RunTime:0.000660s ]
INFO: [ app_begin ] --END-- [ RunTime:0.000905s ]
INFO: [ view_parse ] --START--
INFO: [ template_filter ] --START--
INFO: Run Behavior\ContentReplaceBehavior [ RunTime:0.000155s ]
INFO: [ template_filter ] --END-- [ RunTime:0.000403s ]
INFO: Run Behavior\ParseTemplateBehavior [ RunTime:0.007988s ]
INFO: [ view_parse ] --END-- [ RunTime:0.008241s ]
INFO: [ view_filter ] --START--
INFO: Run Behavior\WriteHtmlCacheBehavior [ RunTime:0.000376s ]
INFO: [ view_filter ] --END-- [ RunTime:0.000614s ]
INFO: [ app_end ] --START--
INFO: Run Behavior\ShowPageTraceBehavior [ RunTime:0.000657s ]
INFO: [ app_end ] --END-- [ RunTime:0.000890s ]

[ 2017-04-05T19:53:02+08:00 ] 180.153.205.254 /EasyTalk/admin.php/Home/Administration/adminlogin?nsukey=8I3yU6URGW1el%2BK9GgNBQkSi1fUQXw8L%2FE3KM1PcdyNSsOUHe9%2FVTPxgwQVdMYkg2o85F3pRnMvpXxJRoMTzKqe1ZCYcHpsM1N1IWCdl1X%2FCrpALpY6Og%2BRkpdydKwA%2FssHP020KsaboJXnwgYAZsXsn90wOXRxRFbx%2BV6eSklU%3D
INFO: [ app_init ] --START--
INFO: Run Behavior\BuildLiteBehavior [ RunTime:0.000059s ]
INFO: [ app_init ] --END-- [ RunTime:0.000704s ]
INFO: [ app_begin ] --START--
INFO: Run Behavior\ReadHtmlCacheBehavior [ RunTime:0.000883s ]
INFO: [ app_begin ] --END-- [ RunTime:0.001138s ]
INFO: [ view_parse ] --START--
INFO: [ template_filter ] --START--
INFO: Run Behavior\ContentReplaceBehavior [ RunTime:0.000157s ]
INFO: [ template_filter ] --END-- [ RunTime:0.000410s ]
INFO: Run Behavior\ParseTemplateBehavior [ RunTime:0.009235s ]
INFO: [ view_parse ] --END-- [ RunTime:0.009492s ]
INFO: [ view_filter ] --START--
INFO: Run Behavior\WriteHtmlCacheBehavior [ RunTime:0.000615s ]
INFO: [ view_filter ] --END-- [ RunTime:0.000854s ]
INFO: [ app_end ] --START--
INFO: Run Behavior\ShowPageTraceBehavior [ RunTime:0.000924s ]
INFO: [ app_end ] --END-- [ RunTime:0.001168s ]

[ 2017-04-05T19:53:11+08:00 ] 157.122.68.184 /EasyTalk/admin.php/Home/teacher/doLogin
INFO: [ app_init ] --START--
INFO: Run Behavior\BuildLiteBehavior [ RunTime:0.000054s ]
INFO: [ app_init ] --END-- [ RunTime:0.000671s ]
INFO: [ app_begin ] --START--
INFO: Run Behavior\ReadHtmlCacheBehavior [ RunTime:0.000801s ]
INFO: [ app_begin ] --END-- [ RunTime:0.001031s ]
SQL: SHOW COLUMNS FROM `teacher` [ RunTime:0.0021s ]
SQL: SHOW COLUMNS FROM `teacher` [ RunTime:0.0017s ]
SQL: SELECT * FROM `teacher` WHERE `t_name` = '玛拉娣' AND `t_password` = '8ddcff3a80f4189ca1c9d4d902c3c909'  [ RunTime:0.0007s ]

[ 2017-04-05T19:53:12+08:00 ] 157.122.68.184 /EasyTalk/admin.php/Home/teacher/tcclass.html?lan=21
INFO: [ app_init ] --START--
INFO: Run Behavior\BuildLiteBehavior [ RunTime:0.000055s ]
INFO: [ app_init ] --END-- [ RunTime:0.000680s ]
INFO: [ app_begin ] --START--
INFO: Run Behavior\ReadHtmlCacheBehavior [ RunTime:0.001067s ]
INFO: [ app_begin ] --END-- [ RunTime:0.001492s ]
INFO: [ view_parse ] --START--
INFO: [ template_filter ] --START--
INFO: Run Behavior\ContentReplaceBehavior [ RunTime:0.000174s ]
INFO: [ template_filter ] --END-- [ RunTime:0.000483s ]
INFO: Run Behavior\ParseTemplateBehavior [ RunTime:0.009767s ]
INFO: [ view_parse ] --END-- [ RunTime:0.010157s ]
INFO: [ view_filter ] --START--
INFO: Run Behavior\WriteHtmlCacheBehavior [ RunTime:0.000713s ]
INFO: [ view_filter ] --END-- [ RunTime:0.000971s ]
INFO: [ app_end ] --START--
INFO: Run Behavior\ShowPageTraceBehavior [ RunTime:0.000859s ]
INFO: [ app_end ] --END-- [ RunTime:0.001124s ]

[ 2017-04-05T19:53:12+08:00 ] 157.122.68.184 /EasyTalk/admin.php/Home/teacher/checkLogin
INFO: [ app_init ] --START--
INFO: Run Behavior\BuildLiteBehavior [ RunTime:0.000053s ]
INFO: [ app_init ] --END-- [ RunTime:0.000633s ]
INFO: [ app_begin ] --START--
INFO: Run Behavior\ReadHtmlCacheBehavior [ RunTime:0.000681s ]
INFO: [ app_begin ] --END-- [ RunTime:0.000892s ]

[ 2017-04-05T19:53:12+08:00 ] 157.122.68.184 /EasyTalk/admin.php/Home/teacher/getClass
INFO: [ app_init ] --START--
INFO: Run Behavior\BuildLiteBehavior [ RunTime:0.000051s ]
INFO: [ app_init ] --END-- [ RunTime:0.000718s ]
INFO: [ app_begin ] --START--
INFO: Run Behavior\ReadHtmlCacheBehavior [ RunTime:0.000734s ]
INFO: [ app_begin ] --END-- [ RunTime:0.000979s ]
SQL: SHOW COLUMNS FROM `teacher` [ RunTime:0.0021s ]
SQL: SHOW COLUMNS FROM `course` [ RunTime:0.0018s ]
SQL: SELECT c.c_id,`c_title`,`c_language`,`level`,`username`,`buytime`,`finishtime` FROM `course` `c`,`takes` `t`,`user` `u` WHERE (  c.c_id=t.c_id ) AND (  t.user_id=u.id ) AND `t_name` = '玛拉娣' AND (  finished=c_credit )  [ RunTime:0.0005s ]

[ 2017-04-05T19:53:12+08:00 ] 157.122.68.184 /EasyTalk/admin.php/Home/teacher/getTeacherInfo
INFO: [ app_init ] --START--
INFO: Run Behavior\BuildLiteBehavior [ RunTime:0.000051s ]
INFO: [ app_init ] --END-- [ RunTime:0.000634s ]
INFO: [ app_begin ] --START--
INFO: Run Behavior\ReadHtmlCacheBehavior [ RunTime:0.000721s ]
INFO: [ app_begin ] --END-- [ RunTime:0.000971s ]
SQL: SHOW COLUMNS FROM `teacher` [ RunTime:0.0059s ]
SQL: SHOW COLUMNS FROM `teacher` [ RunTime:0.0018s ]
SQL: SELECT * FROM `teacher` WHERE `t_id` = 6  [ RunTime:0.0004s ]

[ 2017-04-05T19:53:15+08:00 ] 14.17.37.143 /EasyTalk/admin.php/Home/teacher/tcclass.html?lan=21&nsukey=xSRq%2F%2F0nyxRMbZmlZdmNLoasxtP2qVP5CE0N0B68e0VcGmIFAbNp%2F4xJdWzW5esm5bGC7jTGdHTp07tPLdAfgThrRmQBA4k0rbTUdn67cvhi7I9Cxf0l9g2a4s%2BS%2Ft5IsuA69syJp%2FHMc5w2yVO98jLdd3EMIEHxAPTie2MxdXKLHC99tRL40xXBoN9a%2FZRn
INFO: [ app_init ] --START--
INFO: Run Behavior\BuildLiteBehavior [ RunTime:0.000051s ]
INFO: [ app_init ] --END-- [ RunTime:0.000672s ]
INFO: [ app_begin ] --START--
INFO: Run Behavior\ReadHtmlCacheBehavior [ RunTime:0.000847s ]
INFO: [ app_begin ] --END-- [ RunTime:0.001099s ]
INFO: [ view_parse ] --START--
INFO: [ template_filter ] --START--
INFO: Run Behavior\ContentReplaceBehavior [ RunTime:0.000165s ]
INFO: [ template_filter ] --END-- [ RunTime:0.000419s ]
INFO: Run Behavior\ParseTemplateBehavior [ RunTime:0.009383s ]
INFO: [ view_parse ] --END-- [ RunTime:0.009634s ]
INFO: [ view_filter ] --START--
INFO: Run Behavior\WriteHtmlCacheBehavior [ RunTime:0.000530s ]
INFO: [ view_filter ] --END-- [ RunTime:0.000768s ]
INFO: [ app_end ] --START--
INFO: Run Behavior\ShowPageTraceBehavior [ RunTime:0.000872s ]
INFO: [ app_end ] --END-- [ RunTime:0.001112s ]

[ 2017-04-05T19:53:16+08:00 ] 14.17.44.217 /EasyTalk/admin.php/Home/teacher/tcclass.html?lan=21&nsukey=xSRq%2F%2F0nyxRMbZmlZdmNLoasxtP2qVP5CE0N0B68e0VcGmIFAbNp%2F4xJdWzW5esm5bGC7jTGdHTp07tPLdAfgThrRmQBA4k0rbTUdn67cvhi7I9Cxf0l9g2a4s%2BS%2Ft5IsuA69syJp%2FHMc5w2yVO98jLdd3EMIEHxAPTie2MxdXKLHC99tRL40xXBoN9a%2FZRn
INFO: [ app_init ] --START--
INFO: Run Behavior\BuildLiteBehavior [ RunTime:0.000053s ]
INFO: [ app_init ] --END-- [ RunTime:0.000863s ]
INFO: [ app_begin ] --START--
INFO: Run Behavior\ReadHtmlCacheBehavior [ RunTime:0.000828s ]
INFO: [ app_begin ] --END-- [ RunTime:0.001081s ]
INFO: [ view_parse ] --START--
INFO: [ template_filter ] --START--
INFO: Run Behavior\ContentReplaceBehavior [ RunTime:0.000217s ]
INFO: [ template_filter ] --END-- [ RunTime:0.000472s ]
INFO: Run Behavior\ParseTemplateBehavior [ RunTime:0.009631s ]
INFO: [ view_parse ] --END-- [ RunTime:0.009880s ]
INFO: [ view_filter ] --START--
INFO: Run Behavior\WriteHtmlCacheBehavior [ RunTime:0.000535s ]
INFO: [ view_filter ] --END-- [ RunTime:0.000775s ]
INFO: [ app_end ] --START--
INFO: Run Behavior\ShowPageTraceBehavior [ RunTime:0.000832s ]
INFO: [ app_end ] --END-- [ RunTime:0.001072s ]

[ 2017-04-05T19:53:16+08:00 ] 157.122.68.184 /EasyTalk/admin.php/Home/teacher/tcclass.html?lan=21&nsukey=xSRq%2F%2F0nyxRMbZmlZdmNLoasxtP2qVP5CE0N0B68e0VcGmIFAbNp%2F4xJdWzW5esm5bGC7jTGdHTp07tPLdAfgThrRmQBA4k0rbTUdn67cvhi7I9Cxf0l9g2a4s%2BS%2Ft5IsuA69syJp%2FHMc5w2yVO98jLdd3EMIEHxAPTie2MxdXKLHC99tRL40xXBoN9a%2FZRn
INFO: [ app_init ] --START--
INFO: Run Behavior\BuildLiteBehavior [ RunTime:0.000050s ]
INFO: [ app_init ] --END-- [ RunTime:0.000757s ]
INFO: [ app_begin ] --START--
INFO: Run Behavior\ReadHtmlCacheBehavior [ RunTime:0.000656s ]
INFO: [ app_begin ] --END-- [ RunTime:0.000906s ]
INFO: [ view_parse ] --START--
INFO: [ template_filter ] --START--
INFO: Run Behavior\ContentReplaceBehavior [ RunTime:0.000243s ]
INFO: [ template_filter ] --END-- [ RunTime:0.000545s ]
INFO: Run Behavior\ParseTemplateBehavior [ RunTime:0.009090s ]
INFO: [ view_parse ] --END-- [ RunTime:0.009342s ]
INFO: [ view_filter ] --START--
INFO: Run Behavior\WriteHtmlCacheBehavior [ RunTime:0.000382s ]
INFO: [ view_filter ] --END-- [ RunTime:0.000621s ]
INFO: [ app_end ] --START--
INFO: Run Behavior\ShowPageTraceBehavior [ RunTime:0.000660s ]
INFO: [ app_end ] --END-- [ RunTime:0.000903s ]

[ 2017-04-05T19:53:16+08:00 ] 157.122.68.184 /EasyTalk/admin.php/Home/teacher/checkLogin
INFO: [ app_init ] --START--
INFO: Run Behavior\BuildLiteBehavior [ RunTime:0.000050s ]
INFO: [ app_init ] --END-- [ RunTime:0.000622s ]
INFO: [ app_begin ] --START--
INFO: Run Behavior\ReadHtmlCacheBehavior [ RunTime:0.000624s ]
INFO: [ app_begin ] --END-- [ RunTime:0.000835s ]

[ 2017-04-05T19:53:16+08:00 ] 157.122.68.184 /EasyTalk/admin.php/Home/teacher/getClass
INFO: [ app_init ] --START--
INFO: Run Behavior\BuildLiteBehavior [ RunTime:0.000083s ]
INFO: [ app_init ] --END-- [ RunTime:0.000910s ]
INFO: [ app_begin ] --START--
INFO: Run Behavior\ReadHtmlCacheBehavior [ RunTime:0.001022s ]
INFO: [ app_begin ] --END-- [ RunTime:0.001232s ]
SQL: SHOW COLUMNS FROM `teacher` [ RunTime:0.0037s ]
SQL: SHOW COLUMNS FROM `course` [ RunTime:0.0018s ]
SQL: SELECT c.c_id,`c_title`,`c_language`,`level`,`username`,`buytime`,`finishtime` FROM `course` `c`,`takes` `t`,`user` `u` WHERE (  c.c_id=t.c_id ) AND (  t.user_id=u.id ) AND `t_name` = '玛拉娣' AND (  finished=c_credit )  [ RunTime:0.0004s ]

[ 2017-04-05T19:53:16+08:00 ] 157.122.68.184 /EasyTalk/admin.php/Home/teacher/getTeacherInfo
INFO: [ app_init ] --START--
INFO: Run Behavior\BuildLiteBehavior [ RunTime:0.000049s ]
INFO: [ app_init ] --END-- [ RunTime:0.000642s ]
INFO: [ app_begin ] --START--
INFO: Run Behavior\ReadHtmlCacheBehavior [ RunTime:0.000622s ]
INFO: [ app_begin ] --END-- [ RunTime:0.000879s ]
SQL: SHOW COLUMNS FROM `teacher` [ RunTime:0.0025s ]
SQL: SHOW COLUMNS FROM `teacher` [ RunTime:0.0017s ]
SQL: SELECT * FROM `teacher` WHERE `t_id` = 6  [ RunTime:0.0004s ]

[ 2017-04-05T19:53:31+08:00 ] 157.122.68.184 /EasyTalk/admin.php/Home/Teacher/tcacc-psw
INFO: [ app_init ] --START--
INFO: Run Behavior\BuildLiteBehavior [ RunTime:0.000050s ]
INFO: [ app_init ] --END-- [ RunTime:0.000732s ]
INFO: [ app_begin ] --START--
INFO: Run Behavior\ReadHtmlCacheBehavior [ RunTime:0.000725s ]
INFO: [ app_begin ] --END-- [ RunTime:0.001061s ]
INFO: [ view_parse ] --START--
INFO: [ template_filter ] --START--
INFO: Run Behavior\ContentReplaceBehavior [ RunTime:0.000150s ]
INFO: [ template_filter ] --END-- [ RunTime:0.000496s ]
INFO: Run Behavior\ParseTemplateBehavior [ RunTime:0.025828s ]
INFO: [ view_parse ] --END-- [ RunTime:0.026080s ]
INFO: [ view_filter ] --START--
INFO: Run Behavior\WriteHtmlCacheBehavior [ RunTime:0.000397s ]
INFO: [ view_filter ] --END-- [ RunTime:0.000641s ]
INFO: [ app_end ] --START--
INFO: Run Behavior\ShowPageTraceBehavior [ RunTime:0.000686s ]
INFO: [ app_end ] --END-- [ RunTime:0.000927s ]

[ 2017-04-05T19:53:31+08:00 ] 157.122.68.184 /EasyTalk/admin.php/Home/Teacher/checkLogin
INFO: [ app_init ] --START--
INFO: Run Behavior\BuildLiteBehavior [ RunTime:0.000050s ]
INFO: [ app_init ] --END-- [ RunTime:0.000625s ]
INFO: [ app_begin ] --START--
INFO: Run Behavior\ReadHtmlCacheBehavior [ RunTime:0.000627s ]
INFO: [ app_begin ] --END-- [ RunTime:0.000839s ]

[ 2017-04-05T19:53:31+08:00 ] 157.122.68.184 /EasyTalk/admin.php/Home/Teacher/getTeacherInfo
INFO: [ app_init ] --START--
INFO: Run Behavior\BuildLiteBehavior [ RunTime:0.000050s ]
INFO: [ app_init ] --END-- [ RunTime:0.000619s ]
INFO: [ app_begin ] --START--
INFO: Run Behavior\ReadHtmlCacheBehavior [ RunTime:0.000625s ]
INFO: [ app_begin ] --END-- [ RunTime:0.000833s ]
SQL: SHOW COLUMNS FROM `teacher` [ RunTime:0.0020s ]
SQL: SHOW COLUMNS FROM `teacher` [ RunTime:0.0018s ]
SQL: SELECT * FROM `teacher` WHERE `t_id` = 6  [ RunTime:0.0005s ]

[ 2017-04-05T19:53:36+08:00 ] 183.61.51.190 /EasyTalk/admin.php/Home/Teacher/tcacc-psw?nsukey=h7ek4q12wHmzP0Y3shmKOnhXGyWeK5TKNVhc86wXAXepskvSK8j%2BHu1eiCfmMq4%2B2DPj8IFF5MW3RkZ5%2Ba6nwnSzYYlGnjmrqKr7lsJBhxSC96hFrrd9otPbK2DiRlcJLleyqEAXPXwQOgCzR5pPnhxMrrajS4UfoD9R7TkJecmvicQMzhOsyJcfqdUB0mfM
INFO: [ app_init ] --START--
INFO: Run Behavior\BuildLiteBehavior [ RunTime:0.000051s ]
INFO: [ app_init ] --END-- [ RunTime:0.000637s ]
INFO: [ app_begin ] --START--
INFO: Run Behavior\ReadHtmlCacheBehavior [ RunTime:0.000650s ]
INFO: [ app_begin ] --END-- [ RunTime:0.000902s ]
INFO: [ view_parse ] --START--
INFO: [ template_filter ] --START--
INFO: Run Behavior\ContentReplaceBehavior [ RunTime:0.000165s ]
INFO: [ template_filter ] --END-- [ RunTime:0.000416s ]
INFO: Run Behavior\ParseTemplateBehavior [ RunTime:0.008417s ]
INFO: [ view_parse ] --END-- [ RunTime:0.008663s ]
INFO: [ view_filter ] --START--
INFO: Run Behavior\WriteHtmlCacheBehavior [ RunTime:0.000380s ]
INFO: [ view_filter ] --END-- [ RunTime:0.000613s ]
INFO: [ app_end ] --START--
INFO: Run Behavior\ShowPageTraceBehavior [ RunTime:0.000661s ]
INFO: [ app_end ] --END-- [ RunTime:0.000895s ]

[ 2017-04-05T19:53:36+08:00 ] 183.61.52.70 /EasyTalk/admin.php/Home/Teacher/tcacc-psw?nsukey=h7ek4q12wHmzP0Y3shmKOnhXGyWeK5TKNVhc86wXAXepskvSK8j%2BHu1eiCfmMq4%2B2DPj8IFF5MW3RkZ5%2Ba6nwnSzYYlGnjmrqKr7lsJBhxSC96hFrrd9otPbK2DiRlcJLleyqEAXPXwQOgCzR5pPnhxMrrajS4UfoD9R7TkJecmvicQMzhOsyJcfqdUB0mfM
INFO: [ app_init ] --START--
INFO: Run Behavior\BuildLiteBehavior [ RunTime:0.000053s ]
INFO: [ app_init ] --END-- [ RunTime:0.000633s ]
INFO: [ app_begin ] --START--
INFO: Run Behavior\ReadHtmlCacheBehavior [ RunTime:0.000673s ]
INFO: [ app_begin ] --END-- [ RunTime:0.000922s ]
INFO: [ view_parse ] --START--
INFO: [ template_filter ] --START--
INFO: Run Behavior\ContentReplaceBehavior [ RunTime:0.000168s ]
INFO: [ template_filter ] --END-- [ RunTime:0.000423s ]
INFO: Run Behavior\ParseTemplateBehavior [ RunTime:0.008400s ]
INFO: [ view_parse ] --END-- [ RunTime:0.008664s ]
INFO: [ view_filter ] --START--
INFO: Run Behavior\WriteHtmlCacheBehavior [ RunTime:0.000419s ]
INFO: [ view_filter ] --END-- [ RunTime:0.000654s ]
INFO: [ app_end ] --START--
INFO: Run Behavior\ShowPageTraceBehavior [ RunTime:0.000672s ]
INFO: [ app_end ] --END-- [ RunTime:0.000909s ]

[ 2017-04-05T19:53:37+08:00 ] 157.122.68.184 /EasyTalk/admin.php/Home/Teacher/tcacc-psw?nsukey=h7ek4q12wHmzP0Y3shmKOnhXGyWeK5TKNVhc86wXAXepskvSK8j%2BHu1eiCfmMq4%2B2DPj8IFF5MW3RkZ5%2Ba6nwnSzYYlGnjmrqKr7lsJBhxSC96hFrrd9otPbK2DiRlcJLleyqEAXPXwQOgCzR5pPnhxMrrajS4UfoD9R7TkJecmvicQMzhOsyJcfqdUB0mfM
INFO: [ app_init ] --START--
INFO: Run Behavior\BuildLiteBehavior [ RunTime:0.000054s ]
INFO: [ app_init ] --END-- [ RunTime:0.000685s ]
INFO: [ app_begin ] --START--
INFO: Run Behavior\ReadHtmlCacheBehavior [ RunTime:0.000786s ]
INFO: [ app_begin ] --END-- [ RunTime:0.001033s ]
INFO: [ view_parse ] --START--
INFO: [ template_filter ] --START--
INFO: Run Behavior\ContentReplaceBehavior [ RunTime:0.000173s ]
INFO: [ template_filter ] --END-- [ RunTime:0.000446s ]
INFO: Run Behavior\ParseTemplateBehavior [ RunTime:0.009381s ]
INFO: [ view_parse ] --END-- [ RunTime:0.009664s ]
INFO: [ view_filter ] --START--
INFO: Run Behavior\WriteHtmlCacheBehavior [ RunTime:0.000705s ]
INFO: [ view_filter ] --END-- [ RunTime:0.001308s ]
INFO: [ app_end ] --START--
INFO: Run Behavior\ShowPageTraceBehavior [ RunTime:0.000798s ]
INFO: [ app_end ] --END-- [ RunTime:0.001039s ]

[ 2017-04-05T19:53:37+08:00 ] 157.122.68.184 /EasyTalk/admin.php/Home/Teacher/checkLogin
INFO: [ app_init ] --START--
INFO: Run Behavior\BuildLiteBehavior [ RunTime:0.000057s ]
INFO: [ app_init ] --END-- [ RunTime:0.000763s ]
INFO: [ app_begin ] --START--
INFO: Run Behavior\ReadHtmlCacheBehavior [ RunTime:0.000803s ]
INFO: [ app_begin ] --END-- [ RunTime:0.001043s ]

[ 2017-04-05T19:53:37+08:00 ] 157.122.68.184 /EasyTalk/admin.php/Home/Teacher/getTeacherInfo
INFO: [ app_init ] --START--
INFO: Run Behavior\BuildLiteBehavior [ RunTime:0.000066s ]
INFO: [ app_init ] --END-- [ RunTime:0.000744s ]
INFO: [ app_begin ] --START--
INFO: Run Behavior\ReadHtmlCacheBehavior [ RunTime:0.000744s ]
INFO: [ app_begin ] --END-- [ RunTime:0.000991s ]
SQL: SHOW COLUMNS FROM `teacher` [ RunTime:0.0024s ]
SQL: SHOW COLUMNS FROM `teacher` [ RunTime:0.0018s ]
SQL: SELECT * FROM `teacher` WHERE `t_id` = 6  [ RunTime:0.0005s ]

[ 2017-04-05T19:53:41+08:00 ] 101.226.89.119 /EasyTalk/admin.php/Home/Teacher/tcacc-psw
INFO: [ app_init ] --START--
INFO: Run Behavior\BuildLiteBehavior [ RunTime:0.000050s ]
INFO: [ app_init ] --END-- [ RunTime:0.000620s ]
INFO: [ app_begin ] --START--
INFO: Run Behavior\ReadHtmlCacheBehavior [ RunTime:0.000658s ]
INFO: [ app_begin ] --END-- [ RunTime:0.000904s ]
INFO: [ view_parse ] --START--
INFO: [ template_filter ] --START--
INFO: Run Behavior\ContentReplaceBehavior [ RunTime:0.000144s ]
INFO: [ template_filter ] --END-- [ RunTime:0.000397s ]
INFO: Run Behavior\ParseTemplateBehavior [ RunTime:0.008549s ]
INFO: [ view_parse ] --END-- [ RunTime:0.008797s ]
INFO: [ view_filter ] --START--
INFO: Run Behavior\WriteHtmlCacheBehavior [ RunTime:0.000375s ]
INFO: [ view_filter ] --END-- [ RunTime:0.000609s ]
INFO: [ app_end ] --START--
INFO: Run Behavior\ShowPageTraceBehavior [ RunTime:0.000654s ]
INFO: [ app_end ] --END-- [ RunTime:0.000886s ]

[ 2017-04-05T19:54:07+08:00 ] 157.122.68.184 /EasyTalk/admin.php/Home/Teacher/updatePsw
INFO: [ app_init ] --START--
INFO: Run Behavior\BuildLiteBehavior [ RunTime:0.000058s ]
INFO: [ app_init ] --END-- [ RunTime:0.001125s ]
INFO: [ app_begin ] --START--
INFO: Run Behavior\ReadHtmlCacheBehavior [ RunTime:0.000698s ]
INFO: [ app_begin ] --END-- [ RunTime:0.000907s ]
SQL: SHOW COLUMNS FROM `teacher` [ RunTime:0.0027s ]
SQL: SHOW COLUMNS FROM `teacher` [ RunTime:0.0018s ]
SQL: SELECT COUNT(*) AS tp_count FROM `teacher` WHERE `t_name` = '玛拉娣' AND `t_password` = '8ddcff3a80f4189ca1c9d4d902c3c909' LIMIT 1   [ RunTime:0.0005s ]
SQL: UPDATE `teacher` SET `t_password`='f640c7f84d25100db13dceb3e4dac43a' WHERE `t_name` = '玛拉娣' [ RunTime:0.0148s ]

[ 2017-04-05T19:54:09+08:00 ] 157.122.68.184 /EasyTalk/admin.php/Home/Teacher/teacherlogin.html
INFO: [ app_init ] --START--
INFO: Run Behavior\BuildLiteBehavior [ RunTime:0.000052s ]
INFO: [ app_init ] --END-- [ RunTime:0.000681s ]
INFO: [ app_begin ] --START--
INFO: Run Behavior\ReadHtmlCacheBehavior [ RunTime:0.000952s ]
INFO: [ app_begin ] --END-- [ RunTime:0.001230s ]
INFO: [ view_parse ] --START--
INFO: [ template_filter ] --START--
INFO: Run Behavior\ContentReplaceBehavior [ RunTime:0.000140s ]
INFO: [ template_filter ] --END-- [ RunTime:0.000391s ]
INFO: Run Behavior\ParseTemplateBehavior [ RunTime:0.007964s ]
INFO: [ view_parse ] --END-- [ RunTime:0.008213s ]
INFO: [ view_filter ] --START--
INFO: Run Behavior\WriteHtmlCacheBehavior [ RunTime:0.000715s ]
INFO: [ view_filter ] --END-- [ RunTime:0.000950s ]
INFO: [ app_end ] --START--
INFO: Run Behavior\ShowPageTraceBehavior [ RunTime:0.000660s ]
INFO: [ app_end ] --END-- [ RunTime:0.000899s ]

[ 2017-04-05T19:54:14+08:00 ] 183.60.52.5 /EasyTalk/admin.php/Home/Teacher/teacherlogin.html?nsukey=XchfizbRbkwRHLxrrMOn82yT%2FovAcux73XkdRqVKEr%2FYusLVmrdC88304i3Wd8IZ%2B3tki2GKvp%2F9WSq7oKVjz%2F1HcLuKRFlca6fFr0Zsn%2B0XaqyjvhLqLU8M1jKGgwtzt0Bk3jDICEWn%2FY0MW1wu6kBiHTqwx4iZs4wEU2jlmN3UNAeBJlGFno5uDz%2BC8cxG
INFO: [ app_init ] --START--
INFO: Run Behavior\BuildLiteBehavior [ RunTime:0.000094s ]
INFO: [ app_init ] --END-- [ RunTime:0.001082s ]
INFO: [ app_begin ] --START--
INFO: Run Behavior\ReadHtmlCacheBehavior [ RunTime:0.000668s ]
INFO: [ app_begin ] --END-- [ RunTime:0.000919s ]
INFO: [ view_parse ] --START--
INFO: [ template_filter ] --START--
INFO: Run Behavior\ContentReplaceBehavior [ RunTime:0.000155s ]
INFO: [ template_filter ] --END-- [ RunTime:0.000407s ]
INFO: Run Behavior\ParseTemplateBehavior [ RunTime:0.008003s ]
INFO: [ view_parse ] --END-- [ RunTime:0.008250s ]
INFO: [ view_filter ] --START--
INFO: Run Behavior\WriteHtmlCacheBehavior [ RunTime:0.000375s ]
INFO: [ view_filter ] --END-- [ RunTime:0.000607s ]
INFO: [ app_end ] --START--
INFO: Run Behavior\ShowPageTraceBehavior [ RunTime:0.000664s ]
INFO: [ app_end ] --END-- [ RunTime:0.000926s ]

[ 2017-04-05T19:54:14+08:00 ] 219.133.40.14 /EasyTalk/admin.php/Home/Teacher/teacherlogin.html?nsukey=XchfizbRbkwRHLxrrMOn82yT%2FovAcux73XkdRqVKEr%2FYusLVmrdC88304i3Wd8IZ%2B3tki2GKvp%2F9WSq7oKVjz%2F1HcLuKRFlca6fFr0Zsn%2B0XaqyjvhLqLU8M1jKGgwtzt0Bk3jDICEWn%2FY0MW1wu6kBiHTqwx4iZs4wEU2jlmN3UNAeBJlGFno5uDz%2BC8cxG
INFO: [ app_init ] --START--
INFO: Run Behavior\BuildLiteBehavior [ RunTime:0.000059s ]
INFO: [ app_init ] --END-- [ RunTime:0.000647s ]
INFO: [ app_begin ] --START--
INFO: Run Behavior\ReadHtmlCacheBehavior [ RunTime:0.000697s ]
INFO: [ app_begin ] --END-- [ RunTime:0.000966s ]
INFO: [ view_parse ] --START--
INFO: [ template_filter ] --START--
INFO: Run Behavior\ContentReplaceBehavior [ RunTime:0.000164s ]
INFO: [ template_filter ] --END-- [ RunTime:0.000438s ]
INFO: Run Behavior\ParseTemplateBehavior [ RunTime:0.008182s ]
INFO: [ view_parse ] --END-- [ RunTime:0.008439s ]
INFO: [ view_filter ] --START--
INFO: Run Behavior\WriteHtmlCacheBehavior [ RunTime:0.000380s ]
INFO: [ view_filter ] --END-- [ RunTime:0.000617s ]
INFO: [ app_end ] --START--
INFO: Run Behavior\ShowPageTraceBehavior [ RunTime:0.000663s ]
INFO: [ app_end ] --END-- [ RunTime:0.000902s ]

[ 2017-04-05T19:54:15+08:00 ] 157.122.68.184 /EasyTalk/admin.php/Home/Teacher/teacherlogin.html?nsukey=XchfizbRbkwRHLxrrMOn82yT%2FovAcux73XkdRqVKEr%2FYusLVmrdC88304i3Wd8IZ%2B3tki2GKvp%2F9WSq7oKVjz%2F1HcLuKRFlca6fFr0Zsn%2B0XaqyjvhLqLU8M1jKGgwtzt0Bk3jDICEWn%2FY0MW1wu6kBiHTqwx4iZs4wEU2jlmN3UNAeBJlGFno5uDz%2BC8cxG
INFO: [ app_init ] --START--
INFO: Run Behavior\BuildLiteBehavior [ RunTime:0.000053s ]
INFO: [ app_init ] --END-- [ RunTime:0.000640s ]
INFO: [ app_begin ] --START--
INFO: Run Behavior\ReadHtmlCacheBehavior [ RunTime:0.000904s ]
INFO: [ app_begin ] --END-- [ RunTime:0.001185s ]
INFO: [ view_parse ] --START--
INFO: [ template_filter ] --START--
INFO: Run Behavior\ContentReplaceBehavior [ RunTime:0.000159s ]
INFO: [ template_filter ] --END-- [ RunTime:0.000421s ]
INFO: Run Behavior\ParseTemplateBehavior [ RunTime:0.008755s ]
INFO: [ view_parse ] --END-- [ RunTime:0.009005s ]
INFO: [ view_filter ] --START--
INFO: Run Behavior\WriteHtmlCacheBehavior [ RunTime:0.000376s ]
INFO: [ view_filter ] --END-- [ RunTime:0.000653s ]
INFO: [ app_end ] --START--
INFO: Run Behavior\ShowPageTraceBehavior [ RunTime:0.000666s ]
INFO: [ app_end ] --END-- [ RunTime:0.000914s ]

[ 2017-04-05T19:54:23+08:00 ] 157.122.68.184 /EasyTalk/admin.php/Home/Teacher/doLogin
INFO: [ app_init ] --START--
INFO: Run Behavior\BuildLiteBehavior [ RunTime:0.000054s ]
INFO: [ app_init ] --END-- [ RunTime:0.000635s ]
INFO: [ app_begin ] --START--
INFO: Run Behavior\ReadHtmlCacheBehavior [ RunTime:0.000651s ]
INFO: [ app_begin ] --END-- [ RunTime:0.000861s ]
SQL: SHOW COLUMNS FROM `teacher` [ RunTime:0.0223s ]
SQL: SHOW COLUMNS FROM `teacher` [ RunTime:0.0020s ]
SQL: SELECT * FROM `teacher` WHERE `t_name` = '玛拉娣' AND `t_password` = 'f640c7f84d25100db13dceb3e4dac43a'  [ RunTime:0.0005s ]

[ 2017-04-05T19:54:24+08:00 ] 157.122.68.184 /EasyTalk/admin.php/Home/Teacher/tcclass.html?lan=21
INFO: [ app_init ] --START--
INFO: Run Behavior\BuildLiteBehavior [ RunTime:0.000050s ]
INFO: [ app_init ] --END-- [ RunTime:0.000643s ]
INFO: [ app_begin ] --START--
INFO: Run Behavior\ReadHtmlCacheBehavior [ RunTime:0.000703s ]
INFO: [ app_begin ] --END-- [ RunTime:0.000989s ]
INFO: [ view_parse ] --START--
INFO: [ template_filter ] --START--
INFO: Run Behavior\ContentReplaceBehavior [ RunTime:0.000151s ]
INFO: [ template_filter ] --END-- [ RunTime:0.000434s ]
INFO: Run Behavior\ParseTemplateBehavior [ RunTime:0.008884s ]
INFO: [ view_parse ] --END-- [ RunTime:0.009142s ]
INFO: [ view_filter ] --START--
INFO: Run Behavior\WriteHtmlCacheBehavior [ RunTime:0.000376s ]
INFO: [ view_filter ] --END-- [ RunTime:0.000614s ]
INFO: [ app_end ] --START--
INFO: Run Behavior\ShowPageTraceBehavior [ RunTime:0.000657s ]
INFO: [ app_end ] --END-- [ RunTime:0.000895s ]

[ 2017-04-05T19:54:24+08:00 ] 157.122.68.184 /EasyTalk/admin.php/Home/Teacher/checkLogin
INFO: [ app_init ] --START--
INFO: Run Behavior\BuildLiteBehavior [ RunTime:0.000053s ]
INFO: [ app_init ] --END-- [ RunTime:0.000634s ]
INFO: [ app_begin ] --START--
INFO: Run Behavior\ReadHtmlCacheBehavior [ RunTime:0.000644s ]
INFO: [ app_begin ] --END-- [ RunTime:0.000854s ]

[ 2017-04-05T19:54:24+08:00 ] 157.122.68.184 /EasyTalk/admin.php/Home/Teacher/getClass
INFO: [ app_init ] --START--
INFO: Run Behavior\BuildLiteBehavior [ RunTime:0.000050s ]
INFO: [ app_init ] --END-- [ RunTime:0.000622s ]
INFO: [ app_begin ] --START--
INFO: Run Behavior\ReadHtmlCacheBehavior [ RunTime:0.000640s ]
INFO: [ app_begin ] --END-- [ RunTime:0.000846s ]
SQL: SHOW COLUMNS FROM `teacher` [ RunTime:0.0022s ]
SQL: SHOW COLUMNS FROM `course` [ RunTime:0.0018s ]
SQL: SELECT c.c_id,`c_title`,`c_language`,`level`,`username`,`buytime`,`finishtime` FROM `course` `c`,`takes` `t`,`user` `u` WHERE (  c.c_id=t.c_id ) AND (  t.user_id=u.id ) AND `t_name` = '玛拉娣' AND (  finished=c_credit )  [ RunTime:0.0006s ]

[ 2017-04-05T19:54:24+08:00 ] 157.122.68.184 /EasyTalk/admin.php/Home/Teacher/getTeacherInfo
INFO: [ app_init ] --START--
INFO: Run Behavior\BuildLiteBehavior [ RunTime:0.000049s ]
INFO: [ app_init ] --END-- [ RunTime:0.000611s ]
INFO: [ app_begin ] --START--
INFO: Run Behavior\ReadHtmlCacheBehavior [ RunTime:0.000629s ]
INFO: [ app_begin ] --END-- [ RunTime:0.000834s ]
SQL: SHOW COLUMNS FROM `teacher` [ RunTime:0.0021s ]
SQL: SHOW COLUMNS FROM `teacher` [ RunTime:0.0022s ]
SQL: SELECT * FROM `teacher` WHERE `t_id` = 6  [ RunTime:0.0004s ]

[ 2017-04-05T22:49:39+08:00 ] 101.226.61.206 /EasyTalk/admin.php/Home/Administration/adminlogin?nsukey%3DZE8UsCgUfw%252BtoM7DmDUesKkmM66MJh4pSLreVVq%252FwpX1qpj%252BnODHYrNZk0%252FXcE21nh%252BA6lU2xI5PeLtOIpHG83oBsF%252B%252BTy4LATpbQGyD2VrAcxEIG9emtJxiaxgfyBWuWjuhiTjzjCrJWaJSDdOFfbmRWn9WqhP9TiJz%252Bh5orQ%252Fp38eGcyEAMehNS0AcngN6
INFO: [ app_init ] --START--
INFO: Run Behavior\BuildLiteBehavior [ RunTime:0.000053s ]
INFO: [ app_init ] --END-- [ RunTime:0.000682s ]
INFO: [ app_begin ] --START--
INFO: Run Behavior\ReadHtmlCacheBehavior [ RunTime:0.000786s ]
INFO: [ app_begin ] --END-- [ RunTime:0.001038s ]
INFO: [ view_parse ] --START--
INFO: [ template_filter ] --START--
INFO: Run Behavior\ContentReplaceBehavior [ RunTime:0.000168s ]
INFO: [ template_filter ] --END-- [ RunTime:0.000449s ]
INFO: Run Behavior\ParseTemplateBehavior [ RunTime:0.009119s ]
INFO: [ view_parse ] --END-- [ RunTime:0.009388s ]
INFO: [ view_filter ] --START--
INFO: Run Behavior\WriteHtmlCacheBehavior [ RunTime:0.000475s ]
INFO: [ view_filter ] --END-- [ RunTime:0.000712s ]
INFO: [ app_end ] --START--
INFO: Run Behavior\ShowPageTraceBehavior [ RunTime:0.000754s ]
INFO: [ app_end ] --END-- [ RunTime:0.000993s ]

