[ 2017-04-02T18:56:13+08:00 ] 14.17.11.196 /EasyTalk/admin.php/Home/Administration/adminlogin?nsukey=MMCWZnlPIY9ViM3bpKnSSW0E5avKj8PXxmPKI8wTE4RDle3Tj3JePDQiA5XJfWOenYIReA%2FS6FuBRK0kWRkVUhuBL7snpEKSbRP%2F7GFfUcWj%2FCjtlllLTndxbChAv2r%2BsLj3ScarcHQS8WxpYuFX2FDHsjVIlHkQh6YJs4eIEUigN3Arac5mg6gJo%2B2RKmlT
INFO: [ app_init ] --START--
INFO: Run Behavior\BuildLiteBehavior [ RunTime:0.000050s ]
INFO: [ app_init ] --END-- [ RunTime:0.000672s ]
INFO: [ app_begin ] --START--
INFO: Run Behavior\ReadHtmlCacheBehavior [ RunTime:0.000841s ]
INFO: [ app_begin ] --END-- [ RunTime:0.001088s ]
INFO: [ view_parse ] --START--
INFO: [ template_filter ] --START--
INFO: Run Behavior\ContentReplaceBehavior [ RunTime:0.000158s ]
INFO: [ template_filter ] --END-- [ RunTime:0.000413s ]
INFO: Run Behavior\ParseTemplateBehavior [ RunTime:0.009234s ]
INFO: [ view_parse ] --END-- [ RunTime:0.009506s ]
INFO: [ view_filter ] --START--
INFO: Run Behavior\WriteHtmlCacheBehavior [ RunTime:0.000575s ]
INFO: [ view_filter ] --END-- [ RunTime:0.000814s ]
INFO: [ app_end ] --START--
INFO: Run Behavior\ShowPageTraceBehavior [ RunTime:0.000845s ]
INFO: [ app_end ] --END-- [ RunTime:0.001086s ]

[ 2017-04-02T18:56:13+08:00 ] 219.133.40.15 /EasyTalk/admin.php/Home/Administration/adminlogin?nsukey=MMCWZnlPIY9ViM3bpKnSSW0E5avKj8PXxmPKI8wTE4RDle3Tj3JePDQiA5XJfWOenYIReA%2FS6FuBRK0kWRkVUhuBL7snpEKSbRP%2F7GFfUcWj%2FCjtlllLTndxbChAv2r%2BsLj3ScarcHQS8WxpYuFX2FDHsjVIlHkQh6YJs4eIEUigN3Arac5mg6gJo%2B2RKmlT
INFO: [ app_init ] --START--
INFO: Run Behavior\BuildLiteBehavior [ RunTime:0.000099s ]
INFO: [ app_init ] --END-- [ RunTime:0.001170s ]
INFO: [ app_begin ] --START--
INFO: Run Behavior\ReadHtmlCacheBehavior [ RunTime:0.001356s ]
INFO: [ app_begin ] --END-- [ RunTime:0.001667s ]
INFO: [ view_parse ] --START--
INFO: [ template_filter ] --START--
INFO: Run Behavior\ContentReplaceBehavior [ RunTime:0.000158s ]
INFO: [ template_filter ] --END-- [ RunTime:0.000411s ]
INFO: Run Behavior\ParseTemplateBehavior [ RunTime:0.009890s ]
INFO: [ view_parse ] --END-- [ RunTime:0.010208s ]
INFO: [ view_filter ] --START--
INFO: Run Behavior\WriteHtmlCacheBehavior [ RunTime:0.000720s ]
INFO: [ view_filter ] --END-- [ RunTime:0.001042s ]
INFO: [ app_end ] --START--
INFO: Run Behavior\ShowPageTraceBehavior [ RunTime:0.000842s ]
INFO: [ app_end ] --END-- [ RunTime:0.001092s ]

[ 2017-04-02T18:56:16+08:00 ] 157.122.68.254 /EasyTalk/admin.php/Home/Administration/adminlogin?nsukey=MMCWZnlPIY9ViM3bpKnSSW0E5avKj8PXxmPKI8wTE4RDle3Tj3JePDQiA5XJfWOenYIReA%2FS6FuBRK0kWRkVUhuBL7snpEKSbRP%2F7GFfUcWj%2FCjtlllLTndxbChAv2r%2BsLj3ScarcHQS8WxpYuFX2FDHsjVIlHkQh6YJs4eIEUigN3Arac5mg6gJo%2B2RKmlT
INFO: [ app_init ] --START--
INFO: Run Behavior\BuildLiteBehavior [ RunTime:0.000074s ]
INFO: [ app_init ] --END-- [ RunTime:0.000995s ]
INFO: [ app_begin ] --START--
INFO: Run Behavior\ReadHtmlCacheBehavior [ RunTime:0.000820s ]
INFO: [ app_begin ] --END-- [ RunTime:0.001088s ]
INFO: [ view_parse ] --START--
INFO: [ template_filter ] --START--
INFO: Run Behavior\ContentReplaceBehavior [ RunTime:0.000164s ]
INFO: [ template_filter ] --END-- [ RunTime:0.000471s ]
INFO: Run Behavior\ParseTemplateBehavior [ RunTime:0.009039s ]
INFO: [ view_parse ] --END-- [ RunTime:0.009388s ]
INFO: [ view_filter ] --START--
INFO: Run Behavior\WriteHtmlCacheBehavior [ RunTime:0.000467s ]
INFO: [ view_filter ] --END-- [ RunTime:0.000727s ]
INFO: [ app_end ] --START--
INFO: Run Behavior\ShowPageTraceBehavior [ RunTime:0.000729s ]
INFO: [ app_end ] --END-- [ RunTime:0.000975s ]

