[ 2017-01-07T15:50:45+08:00 ] 58.63.114.75 /EasyTalk/admin.php/Administration/adminlogin
INFO: [ app_init ] --START--
INFO: Run Behavior\BuildLiteBehavior [ RunTime:0.000060s ]
INFO: [ app_init ] --END-- [ RunTime:0.000844s ]
ERR: 无法加载模块:Administration

[ 2017-01-07T15:50:55+08:00 ] 101.226.65.107 /easytalk/admin.php/administration/adminlogin
INFO: [ app_init ] --START--
INFO: Run Behavior\BuildLiteBehavior [ RunTime:0.000049s ]
INFO: [ app_init ] --END-- [ RunTime:0.000650s ]
ERR: 无法加载模块:Administration

[ 2017-01-07T19:44:39+08:00 ] 183.57.53.196 /easytalk/admin.php/administration/adminlogin
INFO: [ app_init ] --START--
INFO: Run Behavior\BuildLiteBehavior [ RunTime:0.000052s ]
INFO: [ app_init ] --END-- [ RunTime:0.000701s ]
ERR: 无法加载模块:Administration

[ 2017-01-07T19:44:49+08:00 ] 180.153.81.203 /easytalk/admin.php/administration/adminlogin
INFO: [ app_init ] --START--
INFO: Run Behavior\BuildLiteBehavior [ RunTime:0.000050s ]
INFO: [ app_init ] --END-- [ RunTime:0.000657s ]
ERR: 无法加载模块:Administration

[ 2017-01-07T19:45:02+08:00 ] 113.58.235.232 /easytalk/admin.php/administration/adminlogin
INFO: [ app_init ] --START--
INFO: Run Behavior\BuildLiteBehavior [ RunTime:0.000051s ]
INFO: [ app_init ] --END-- [ RunTime:0.000647s ]
ERR: 无法加载模块:Administration

